0.500
1.000
0.000

0.375
0.429
0.714

0.500
0.500
0.000
1.000

0.448
0.606
0.500
0.406
0.516
0.618
0.630
0.447
0.531
0.452
0.643
0.414
0.433
0.400
0.483
0.485

1.000
0.000

0.462
0.517
0.481
0.444
0.320
0.462
0.733
0.600
0.625
0.320

0.548
0.562
0.424
0.500
0.485
0.441
0.600
0.469
0.514
0.541
0.444
0.576
0.394

0.643
0.412
0.625
0.667
0.562
0.500
0.444
0.476
0.333
0.421

0.500
0.480
0.370
0.567
0.542
0.586
0.400
0.556

0.750
0.571
0.600
0.625
0.333
0.750
0.500
0.333
0.571
0.143

0.750
0.250

0.400
0.625
0.286
0.667

0.250
1.000
0.667
0.500
0.250

0.500
0.333
0.615
0.462
0.500
0.545

0.647
0.476
0.395
0.533
0.550
0.564
0.390
0.409
0.452
0.587
0.641
0.512
0.361
0.553
0.488
0.457

0.500
0.333
0.444
0.800

0.391
0.458
0.545
0.679
0.348
0.423
0.679
0.522
0.500
0.400

0.432
0.387
0.595
0.525
0.500
0.525
0.553
0.486
0.526
0.436
0.618
0.512
0.528
0.500
0.359

0.444
0.462
0.353
0.368
0.500
0.611
0.429
0.364
0.562
0.250
0.714
0.500
0.632
0.643

0.600
0.143
0.667
0.333
0.833
0.625
0.714
0.429
0.333
0.200

0.333
0.667

0.500
0.500
0.385
0.692
0.467
0.538
0.471
0.467

0.540
0.462
0.424
0.453
0.545
0.526
0.500
0.474
0.581
0.532
0.433
0.397
0.412
0.557
0.519
0.629

0.833
0.333
0.333

0.500
0.455
0.400
0.556
0.462
0.300
0.545
0.500
0.545
0.556
0.750
0.545
0.417
0.667
0.600
0.250

0.667
0.400
0.400

0.600
0.650
0.522
0.600
0.478
0.385
0.538
0.250

-
-

0.562
0.600
0.500
0.333
0.619
0.412
0.444
0.706
0.500
0.389
0.538
0.562
0.333

0.357
0.531
0.645
0.714
0.400
0.485
0.600
0.556
0.538
0.500
0.500
0.433
0.484
0.355
0.500
0.481

0.286
0.429
0.429
0.000
0.833
1.000
0.800
0.500
0.500
0.500
0.500

0.357
0.600
0.429
0.500
0.462
0.692
0.467

0.514
0.485
0.600
0.500
0.438
0.568
0.409
0.561
0.500
0.528
0.500
0.438
0.600
0.441
0.436

0.400
0.400
0.750
0.800
0.667
0.333
0.000

0.487
0.515
0.351
0.459
0.568
0.744
0.516
0.514
0.452
0.395

0.500
0.750
0.714
0.400
0.333
0.444
0.429
0.375
0.333
0.500
0.778
0.333

0.400
0.600
0.500

0.452
0.507
0.491
0.583
0.424
0.365
0.464
0.508
0.545
0.493
0.574
0.459
0.471
0.433
0.591
0.649

0.333
0.529
0.438
0.476
0.550
0.667
0.545
0.471

0.543
0.412
0.438
0.400
0.625
0.600
0.545
0.441

0.391
0.529
0.619
0.353
0.571
0.429
0.550
0.571
0.591
0.476
0.389

0.500
0.500
0.500
0.647
0.545
0.636
0.467
0.533
0.235

0.421
0.543
0.444
0.469
0.514
0.640
0.594
0.471
0.500
0.447
0.500

0.682
0.439
0.571
0.521
0.378
0.488
0.524
0.431
0.463
0.553
0.489
0.400
0.532
0.531

0.375
0.500
0.607
0.455
0.423
0.520
0.500
0.600
0.500

0.500
0.480
0.500
0.565
0.722
0.391
0.444
0.444
0.478

0.571
0.333
0.571
0.500

0.533
0.478
0.630
0.423
0.375
0.375
0.577
0.571
0.533

0.333
0.667

0.500
0.200
0.444
0.500
0.667
0.714
0.818
0.250
0.500
0.700
0.667
0.545
0.300
0.143
0.400

0.455
0.524
0.509
0.529
0.475
0.510
0.451
0.553
0.442
0.615
0.548
0.434
0.464

0.446
0.421
0.509
0.518
0.491
0.446
0.446
0.538
0.549
0.517
0.480
0.569
0.542
0.482
0.556

0.386
0.487
0.629
0.500
0.447
0.465
0.400
0.526
0.524
0.514
0.575
0.579

0.500
0.500
0.500

0.421
0.529
0.286
0.286
0.500
0.529
0.300
0.353
0.562
0.765
0.667
0.714
0.556
0.450

0.643
0.429
0.467
0.500
0.467

0.600
0.404
0.463
0.357
0.571
0.356
0.511
0.523
0.569
0.490
0.545
0.558
0.491
0.558

0.524
0.500
0.389
0.591
0.526
0.444

0.481
0.519
0.581
0.393
0.500
0.394
0.474
0.571
0.419
0.520
0.481
0.600
0.520
0.552
0.500

0.467
0.462
0.667
0.600
0.375
0.333
0.571
0.562

0.250
0.714
0.400

0.500
0.667
0.250
0.600
0.750
0.250

0.333
0.552
0.613
0.533
0.630
0.586
0.469
0.500
0.577
0.393
0.478
0.548
0.367
0.481
0.457

0.444
0.500
0.500
0.630
0.500
0.520
0.393
0.519
0.583
0.435
0.480

0.500
0.692
0.786
0.615
0.538
0.154
0.625
0.462
0.167
0.444

0.273
0.727
0.500
0.500

0.567
0.280
0.562
0.448
0.433
0.500
0.552
0.444
0.690
0.348
0.429
0.552
0.433
0.682
0.533

0.415
0.491
0.434
0.569
0.479
0.381
0.537
0.640
0.431
0.429
0.580
0.619
0.475

0.360
0.519
0.556
0.630
0.462
0.385
0.483
0.586

1.000
0.333
0.250
0.200
0.600
1.000

0.833
0.167
0.500

0.250
0.714
0.571
0.286
0.286
0.833

0.333
0.667
0.333
0.667

0.333
0.667

0.556
0.286
0.700
0.375

0.667
0.333
1.000
0.500
0.250
0.333
0.600

0.517
0.449
0.439
0.528
0.448
0.519
0.438
0.475
0.532
0.559
0.564
0.618
0.397
0.519

0.500
0.500

0.750
0.600
0.667
0.000
0.500
0.333

0.360
0.292
0.519
0.433
0.679
0.519
0.483
0.607
0.567
