f91(123) = 113
f91(99) = 91
f91(90) = 91
f91(88) = 91
f91(67) = 91
f91(100) = 91
f91(123123) = 123113
f91(123) = 113
f91(123) = 113
f91(123) = 113
f91(12) = 91
f91(312) = 302
f91(3) = 91
f91(123) = 113
f91(12) = 91
f91(32) = 91
f91(33) = 91
f91(123) = 113
f91(123) = 113
f91(12) = 91
f91(3412) = 3402
f91(3) = 91
f91(123) = 113
f91(12) = 91
f91(312) = 302
f91(3) = 91
f91(24) = 91
f91(21) = 91
f91(312) = 302
f91(312) = 302
f91(3) = 91
f91(123) = 113
f91(12) = 91
f91(312) = 302
f91(3) = 91
f91(123) = 113
f91(12) = 91
f91(3) = 91
f91(123) = 113
f91(12) = 91
f91(3) = 91
f91(123) = 113
f91(12) = 91
f91(31) = 91
f91(23) = 91
f91(12) = 91
f91(312) = 302
f91(3) = 91
f91(124) = 114
f91(312) = 302
f91(312) = 302
f91(3) = 91
f91(123) = 113
f91(12) = 91
f91(312) = 302
f91(312) = 302
f91(31) = 91
f91(23) = 91
f91(12) = 91
f91(312) = 302
f91(3) = 91
f91(12) = 91
f91(3) = 91
f91(123) = 113
f91(12) = 91
f91(3) = 91
f91(12) = 91
f91(312) = 302
f91(3) = 91
f91(12) = 91
f91(312) = 302
f91(3) = 91
f91(12) = 91
f91(312) = 302
f91(3) = 91
f91(12) = 91
f91(312) = 302
f91(3) = 91
f91(123) = 113
f91(12) = 91
f91(3) = 91
f91(123) = 113
