1890
1737
1647
1548
1728
1773
1611
1548
1962
1341
1467
1503
1359
1413
1656
1575
1674
1881
1458
1728
1791
1620
1683
1611
1719
1251
1791
1260
1602
1359
1404
1449
1665
1332
1377
1323
1620
1476
1674
1692
1602
1476
1566
1341
1809
1449
1638
1782
1701
1926
1638
1404
1494
1692
1512
1575
1809
1665
1710
1377
1836
1485
1683
1503
1692
1764
1368
1341
1386
1521
1494
1548
1314
1575
1638
1449
1341
1764
1719
1845
1719
1287
1485
1683
1773
1548
1530
1476
1341
1719
1593
1791
1512
1692
1665
1872
1548
1557
1692
1314
1503
1854
1674
1539
1665
1926
1449
1458
1557
1674
1827
1422
1251
1710
1683
1485
1557
1737
1602
1809
1665
1494
1314
1377
1602
1242
1674
1548
1530
1755
1629
1629
1728
1638
1575
1683
1710
1620
1296
1665
1512
1467
1854
1629
1350
1296
1647
1908
1368
1242
1665
1602
1215
1746
1953
1638
1422
1701
1575
1458
1467
1656
1701
1620
1170
1206
1656
1665
1494
1863
1170
1602
1728
1656
1296
1584
1503
1404
1665
1962
1863
1548
1665
2007
1647
1440
1386
1539
2043
1386
1530
1755
1260
1575
1422
1521
1575
1782
1665
1611
1431
1350
1584
1683
1278
1728
1521
1593
1521
1953
1755
1746
1737
1584
1611
1665
1863
1656
1683
1269
1872
1260
1422
1323
1539
1809
1503
1611
1674
1719
1521
1368
1899
1773
1458
1656
1701
1404
1530
1395
1773
1377
1908
1701
1458
1692
1314
1458
1431
1539
1377
1638
1656
1530
1728
2016
1701
2025
1746
1701
1818
1332
1701
1917
1818
1377
1485
1503
1593
1881
1872
1584
1503
1422
1323
1845
1404
1521
1251
1485
1611
1755
1584
1971
1602
1593
1773
1746
1440
1269
1701
1773
1332
1413
1863
1242
1719
1701
1548
1341
1503
1719
1782
1431
1719
1827
1854
1584
1674
1683
1557
1215
1485
1323
1665
1575
1719
1890
1809
1458
1503
1701
1557
1251
1179
1764
1665
1449
1800
1440
1836
1548
1197
1449
1287
1584
1521
1332
1971
1800
1395
1323
1458
1593
1449
1665
1494
1665
1233
1863
1530
2034
1863
1332
1809
1584
1611
1674
1503
1224
1467
1809
1809
1611
1791
1917
1773
1710
1512
1620
1404
1485
1818
1377
1449
1512
1602
1584
1494
1683
1692
1746
1656
1719
1737
1476
1611
1791
1665
1260
1503
1521
1701
1377
1746
1611
1935
1350
1152
1386
1584
1827
1458
1305
1503
1647
1485
1530
1503
1629
1431
1863
1710
1377
1980
1548
1773
1278
1899
1620
1818
1512
1611
1656
1602
1503
1764
1269
1575
1323
1908
1368
1656
1800
1638
1179
1737
1386
1836
1503
1584
1602
1566
1629
1314
1467
1845
1620
1701
1548
1629
2070
1827
1728
1476
1629
1692
1926
1701
1548
1494
1458
1548
1800
1899
1494
1449
1710
1458
1494
1611
1584
1944
1305
1674
1557
1755
1764
1512
1647
1854
1755
1341
1647
1575
1530
1215
1467
1467
1449
1845
1521
1584
1557
1278
1413
1926
1656
1611
1737
1818
1683
1809
1728
1512
1827
1755
1476
1764
1530
1458
1377
1566
1782
1359
1926
1341
1764
1620
1629
1620
1530
1611
1485
1836
1557
1692
1332
1431
1683
1323
1908
1368
1485
1467
1818
1395
1530
1530
1377
1719
1728
1557
1836
1485
1566
1719
1503
1629
1692
1791
1827
1602
1710
1791
1872
1332
1377
1548
1323
1368
1413
1755
1557
1962
1485
1872
1494
1845
1800
1620
1197
1854
1350
1512
1593
1611
1836
1566
1440
1377
1665
1674
1557
1458
1395
1863
1584
1485
1449
1206
1287
1503
1323
1845
1602
1773
1764
1449
1449
1827
1503
1611
1458
1350
1593
1467
1773
1872
1611
1269
1854
1593
1665
1710
1449
1512
1512
1710
1521
1764
1467
1548
1800
1584
1332
1611
1593
1395
1476
1791
1566
1773
1449
1206
2034
1431
1647
1395
1413
1584
1773
1476
1323
1746
1287
1548
1557
1629
1476
1917
2061
1485
1575
1503
1422
1773
1890
1620
1764
1926
1836
1269
1539
1431
1332
1539
1620
1926
1773
1764
1584
1881
1656
1584
1458
1764
1413
1377
1395
1665
2088
1755
1404
1701
1269
1638
1539
1728
1701
1656
1314
1566
1431
1701
1170
1719
1899
1224
1566
1359
1521
1818
1476
1782
1647
1575
1854
1782
1836
1341
1584
1557
1584
1404
1413
1620
1431
1773
1818
1341
1719
1485
1818
1629
1503
1548
1476
1584
1539
1728
1512
1791
1665
1989
1359
1710
1602
1800
1413
1368
1449
1449
1611
1494
1620
1845
1233
1332
1485
1242
1620
1602
1377
1566
1566
1557
1989
1629
1611
1773
1314
1791
1665
1683
1539
1440
1638
1656
1566
1467
1530
1746
1422
1647
1854
1530
1863
1449
1836
1620
1710
1881
1692
1368
1818
1512
1566
1890
1566
1422
1260
1152
1458
1818
1791
1287
1629
1944
1269
1575
1800
1638
1728
1395
1530
1341
1566
1539
1701
1962
1422
1521
1503
1935
1602
1683
1485
1791
1476
2061
1485
1719
1620
1755
1908
1845
1620
1701
1800
1638
1539
1773
1368
1728
1719
1413
1827
1746
1314
1548
1899
1566
1620
1881
1233
1863
1656
1692
1629
1476
1593
1809
1800
1620
1593
1665
1611
1665
1701
1764
1629
1629
1566
1512
1692
1683
1467
1701
1674
1746
1467
1629
1440
1548
1737
1899
1674
1422
1701
1467
1521
1755
1287
1692
1512
1575
1557
1584
1233
1314
1530
1206
1674
1719
1890
1332
1665
1269
1530
1737
1665
1521
1602
1350
1764
1935
1485
1620
1611
1395
1449
1665
1827
1440
1467
1773
1638
1530
1791
1593
1836
1539
1701
1476
1674
1737
1872
1305
1323
1872
1782
1755
1638
1548
1719
1872
1449
1854
1341
1458
1476
1350
1710
1629
1566
1629
1593
1656
1458
1566
1647
1656
1764
1485
1314
1584
1593
1377
1476
1566
1701
1854
1539
1332
1746
1827
1584
1539
1863
1764
1827
1179
1746
1575
1908
1692
1665
1620
1719
1593
1836
1170
1233
1530
1674
1593
1458
1251
1575
1512
2016
1629
1647
1557
1512
1782
1710
1674
1566
1548
1521
1494
1359
1674
1611
1458
1683
1512
1494
1323
1233
1908
1224
1710
1782
1611
1656
1791
1521
1440
1449
1710
1386
1467
1845
1404
1494
1476
1629
1647
1584
1458
1350
1647
1773
1566
1557
1692
1746
1449
1953
1845
1575
1836
1521
1809
1539
1881
1773
1638
1269
1503
1773
1647
1512
1539
1323
1683
1791
1800
1323
1593
1755
1269
1836
1620
1881
1611
1530
1413
1404
1260
1647
1422
1647
2016
1485
1854
1719
1422
1710
1800
1395
1494
1305
1584
1755
1485
1539
1899
1971
1809
1530
1404
1476
1755
1323
1557
1674
1755
1800
1539
1926
1890
1683
1611
1809
1782
1791
1620
1368
1710
1575
1737
1341
1440
1539
1476
1791
1809
1548
1872
1755
1386
1800
1440
1602
1746
1467
1584
1494
1800
1782
1755
1701
1368
1323
1359
1656
1854
1521
1539
1458
1503
1566
1215
1575
1575
1449
1719
1521
1521
1647
1422
1692
1989
1665
1854
1485
1449
1449
1728
1872
1800
1467
1485
1485
1494
1422
1449
1566
1548
1584
1467
1683
1494
1755
1737
1575
1773
1647
1674
1440
1494
1665
1989
1476
1665
1647
1611
1287
1872
1440
1530
1548
1710
1296
1584
1827
1836
1359
1629
1710
1431
1566
1602
1746
1836
1728
1287
1980
1755
1440
1467
1188
1764
1746
1575
1683
1683
1683
1566
1413
1368
1422
1557
1620
1881
1755
1278
1593
1746
1602
1584
1530
1575
1791
1422
1611
1845
1692
1377
1755
1539
1503
1701
1557
1836
1368
1323
1602
1638
1539
1296
1476
1566
1548
1737
1170
1386
1368
1584
1395
1386
1377
1809
1404
1656
1413
1773
1710
1647
1728
1395
1917
1845
1683
1800
1728
1350
1359
1485
1881
1836
1809
1647
1548
1638
1818
1548
1791
1845
1359
1575
1521
1782
1584
1332
1494
1584
1548
1296
1602
1575
1503
1305
1413
1683
1404
1773
1548
1314
1602
1503
1602
1431
1746
1341
1539
1917
1908
1503
1512
1449
1512
1314
1548
1503
1638
1620
1557
1584
1395
1773
1476
1575
1764
1467
1476
1692
1350
1521
1440
1656
1548
1701
1746
1395
1359
1485
1269
1692
1548
1773
1836
1521
1827
1386
1602
1962
1503
1638
1530
1971
1647
1692
1305
2025
1746
1395
1872
1674
1341
1683
1548
1377
1746
1566
1440
1710
1584
1575
1935
1548
1557
1485
1233
1251
1575
1494
1683
1719
1422
1494
1746
1620
1611
1998
1395
1440
1917
1530
1476
1674
1629
1611
1791
1917
2034
1809
1449
1395
1521
1188
1836
1620
1719
1521
1242
1215
1881
1422
1737
1566
1656
1341
1260
1818
1701
1539
1854
1431
1638
1629
1494
1350
1314
1485
1917
1539
1476
1521
1431
1683
1521
1800
1431
1314
1863
1791
1458
1575
1737
1413
1512
1692
1557
2016
1809
1701
1890
1755
1638
1629
1440
1341
1539
1629
1377
2007
1782
1845
1431
1413
1872
1512
1728
1665
1926
1206
1323
1530
1638
1341
1548
1494
1566
1782
1584
1521
1629
1701
1440
1638
1746
1854
1746
1539
1557
1674
1926
1710
1710
1584
1764
1485
1791
1593
1845
1872
1701
1566
1152
1530
1674
1683
1449
1764
1512
1692
1629
1521
1521
1737
1476
1710
1746
1548
1566
1530
1971
1539
2088
1710
1809
1602
1467
1386
1665
1674
1476
1602
1386
1665
1764
1296
1881
1458
1719
1368
1800
1701
1710
1647
1656
1224
1305
1485
1863
1971
1890
1575
1710
1674
1413
1818
1557
1350
1539
1485
1431
1602
1503
1629
1539
1647
1521
1845
1674
1656
1557
1413
1737
1629
1422
1692
1890
1413
1242
1836
1602
1377
1296
2007
1422
1521
1521
1719
1422
1467
1458
1350
1521
1737
1332
1260
1692
1620
1773
1485
1449
1746
1539
1809
1593
1494
1170
1656
1980
1404
1665
1314
1494
1593
1413
1494
1638
1683
1719
1566
1728
1557
1440
1620
1764
1404
1791
1692
1593
1890
1755
1674
1557
1431
1278
1737
1674
1584
1728
1404
1431
1755
1440
1782
1449
1521
1836
1278
1620
1737
1575
1629
1665
1917
1503
1620
1467
1593
1287
2007
1476
1890
1692
1809
1656
1656
1602
1944
1728
1494
1359
1287
1485
1449
1503
1638
1251
1413
1341
1431
1665
1512
1548
1467
1881
1449
1602
1773
1872
1773
1791
1512
1809
1539
1359
1935
1593
2043
1530
1683
1980
1836
1233
1593
1323
1440
1998
1566
1521
1692
1215
1449
1395
1683
1305
1674
1503
1314
1755
1881
1728
1656
1521
1728
1458
1251
1476
1638
1449
1854
1728
1413
1638
1422
1341
2016
1368
1647
1872
1485
1413
1692
1575
1458
1368
1800
1512
1629
1566
1566
1287
1782
1620
1404
1440
1314
1881
1494
1431
1584
1638
1674
1323
1755
1764
1323
1683
1665
1350
1764
1557
1656
1863
1710
1575
1647
1683
1854
1818
1377
1629
1881
1539
1413
1629
1782
1908
1521
1260
1413
1413
1440
1602
1530
1656
1395
1728
1323
1314
1728
1845
1377
1602
1575
1476
1557
1377
1575
1683
1917
1953
1818
1566
1764
1908
1377
1935
2061
1728
1584
1584
1413
1521
1629
1638
1809
1800
1440
1854
1521
1719
1611
1584
1512
1953
1746
1557
1179
1125
1602
1710
1773
1521
1665
1548
1809
1647
1719
1710
1755
1485
1134
1296
1593
1719
1764
1908
1584
1458
1764
1980
1755
1611
1170
1566
1521
1548
1764
1854
1476
1755
1638
1791
1440
1746
1494
1512
1692
1881
1575
1539
1503
1899
1773
1800
1611
1629
1845
1440
1773
1602
1764
1737
1764
1494
1665
1530
1539
1503
1512
1314
1413
1593
1620
1746
1575
1593
1314
1620
1701
1773
1431
1548
1809
1764
1512
1755
1566
1629
1683
1593
1521
1647
1602
1593
1494
1575
1575
1575
1638
1782
1467
1656
1656
1395
1521
1629
1467
1728
1674
1512
1341
1476
1494
1566
1431
1827
1863
1674
1656
1773
1701
1602
1440
1557
1710
1620
1620
1935
1557
1809
1431
1593
1836
1521
1557
1395
1728
1665
1737
1818
1620
1683
1665
1800
1566
1350
1422
1710
1629
1557
1386
1773
1647
1665
1251
1431
1224
1755
1575
1836
1647
1521
1503
1629
1260
1836
1413
1494
1377
1746
1512
1530
1575
1386
1395
1341
1989
1656
1764
2052
1557
1656
1899
1422
1440
1557
1368
1584
1854
1854
1539
1530
1323
1170
1719
1800
1296
1863
2025
1809
1521
1602
1188
1485
1485
1521
1809
1584
1701
1755
1719
1602
1665
1584
1431
1107
1701
1800
1638
1386
1323
1629
1638
1827
1710
1170
1548
1674
1719
1323
1620
1746
1971
1431
1539
1593
1701
1377
1746
1629
1548
1899
1629
1701
1629
1773
1629
1386
1278
1530
1431
1818
1125
1683
1485
1620
1746
1368
1449
1431
1368
1809
1350
1548
1458
1962
1872
1521
1845
1548
1539
1485
1593
1485
1593
1593
1719
1836
1323
1494
1674
1809
1710
1620
1845
1782
1332
1980
1575
1215
1395
1872
1593
2034
1809
1764
1620
1494
1422
1188
1638
1908
1647
1485
1584
1584
1548
1449
1620
1530
1611
1710
1530
1710
1683
1593
1800
1710
1503
1809
1692
1467
1458
1674
1206
1746
1692
1296
1116
1809
1773
1530
1737
1449
1404
1476
1620
1791
1350
1638
1827
1485
1656
1350
1548
1935
1521
1629
1359
1521
1548
1476
1728
1773
1782
1431
1575
1485
1872
1377
1863
1701
1521
1773
1494
1251
1665
1791
1764
1368
1737
1773
1386
1494
1800
1557
1890
1431
1296
1629
1764
1971
1269
1746
1368
1242
1332
1782
1656
1683
1404
1584
1755
1701
1656
1512
1575
1755
1512
1440
1692
1575
1683
1485
1746
1845
1539
1332
1566
1593
1773
1512
1476
1557
1899
1584
1413
1593
1332
1530
1818
1818
1557
1620
1395
1647
1710
1620
1764
1350
1521
1728
1467
1512
1440
1602
1602
1638
1575
1719
1539
1593
1629
1638
1782
1800
1530
1602
1629
1242
1773
1287
1557
1584
1728
1728
1359
1692
1935
1980
1368
2025
1629
1521
1629
1224
1620
1170
1305
1359
1746
1512
1962
1584
1629
1548
1251
1602
1629
1458
1548
1620
1665
1791
1854
1683
1710
1890
1755
1512
1467
1593
1530
1521
1449
1629
1494
1467
1485
1737
1521
1800
1494
1206
1611
1422
1467
1503
1827
1656
1809
1584
1665
1647
1692
1287
1440
1611
1512
1656
1656
1584
1620
1872
1494
1440
1404
1962
1728
1629
1422
1251
1764
1881
1620
1755
1449
1503
1611
1449
1440
1386
1296
1377
1674
1233
1422
1818
1800
1755
1926
1818
1548
1809
1521
1521
1476
1737
2016
1629
1629
1521
1665
1278
1719
1368
1512
1998
1476
1548
1683
1728
1440
1647
1674
1746
1458
1899
1350
1548
1440
1521
1539
1881
1548
1368
1620
1521
1638
1395
1413
1908
1737
1683
1647
1575
1413
1755
1764
1422
1431
1827
1377
1305
1593
1746
1449
1809
1251
1683
1593
1647
1602
1791
1719
1890
1746
1710
1548
1557
1647
1692
1413
1872
1233
1611
1557
1656
1620
1575
1575
2025
1791
1278
1800
1404
1845
1620
1458
1728
1296
1863
1548
1485
1386
1521
2007
1773
1566
1413
1242
1278
1539
1602
1143
1827
1332
1674
