58 13 10 sum:81
20 sum:20
7 17 12 28 sum:64
3 24 sum:27
19 17 32 sum:68
36 31 32 sum:99
34 3 44 sum:81
28 4 51 sum:83
37 39 12 sum:88
20 7 16 18 sum:61
2 21 27 3 sum:53
28 sum:28
25 sum:25
41 sum:41
51 14 sum:65
52 sum:52
37 sum:37
4 8 7 sum:19
39 sum:39
5 4 11 8 sum:28
28 16 6 12 3 sum:65
16 37 5 24 9 sum:91
34 13 22 11 sum:80
17 14 51 sum:82
12 20 10 17 sum:59
14 13 60 sum:87
22 sum:22
1 5 23 sum:29
53 26 3 sum:82
39 20 40 sum:99
24 42 8 sum:74
3 sum:3
40 43 sum:83
16 31 sum:47
7 10 21 17 sum:55
14 4 18 54 sum:90
17 56 9 10 sum:92
15 sum:15
15 sum:15
9 17 3 sum:29
39 sum:39
19 12 36 15 sum:82
20 6 sum:26
30 1 13 sum:44
41 1 sum:42
57 31 sum:88
9 16 19 23 21 7 sum:95
12 sum:12
8 33 13 40 sum:94
11 58 20 sum:89
8 19 58 sum:85
1 20 49 2 sum:72
20 30 44 sum:94
8 32 18 sum:58
29 31 22 sum:82
48 11 41 sum:100
55 34 3 sum:92
60 18 9 sum:87
38 9 sum:47
30 sum:30
32 6 11 24 sum:73
50 8 27 sum:85
22 1 36 19 sum:78
4 sum:4
11 48 14 sum:73
20 31 sum:51
4 14 sum:18
1 31 sum:32
37 13 12 10 27 sum:99
39 sum:39
2 5 3 sum:10
51 sum:51
55 38 sum:93
35 18 28 3 sum:84
17 7 41 13 6 sum:84
56 sum:56
36 49 3 sum:88
32 52 sum:84
11 31 37 20 sum:99
17 45 16 sum:78
6 8 42 sum:56
34 sum:34
3 53 2 sum:58
51 sum:51
29 21 28 sum:78
53 15 sum:68
33 39 sum:72
5 30 35 sum:70
32 14 45 sum:91
36 29 34 sum:99
44 15 sum:59
14 25 sum:39
23 12 28 sum:63
19 22 33 sum:74
3 sum:3
1 34 4 31 15 sum:85
14 22 28 12 16 sum:92
8 24 sum:32
60 11 7 22 sum:100
3 24 7 sum:34
