Case 1:
1713989
1403557
214146
887006
1614162
763720
542406
2501463
999560
2074883
1982988
1264548
1180976
1218928
1131380
27923
211460
1246920
564120
588962
2186888
1567999
464055
2546285
717210
1225176
187628
2542233
976830
444181
416331
598218
1487400
894227
1088976
2814412
1002063
103763
647664
22521
1981472
2238818
2101998
173684
469450
1180561
1567780
538171
454978
1403634
840733
2717719
2424694
2220367
1389969
366730
791672
92795
2340965
942193
1142071
323937
435882
1373736
1337147
1349554
492951
1197048
776793
43011
1352547
342007
639158
783732
878035
1399215
491010
148109
1908838
2660418
2196965
1145486
897902
936558
420212
330391
866611
634106
1044862
105968
24951
1625119
1083777
878099
1228866
2288059
2487672
1251870
1691290
1285880
259899
1601119
92534
1066592
218805
216093
342594
938514
1885360
203014
557188
2756702
1545237
1711432
565597
2627280
544608
414912
1521357
931556
1211403
919281
1279662
587342
819588
293675
1241694
1490845
2594314
2234923
584456
71474
2192973
2387985
950782
1388722
699406
788664
1580783
2504207
343234
499064
664826
2006674
1086398
704135
1150118
20510
155349
1051047
522083
449635
1817006
321685
1221798
2318648
645857
362647
2164885
485455
533661
262405
105261
1222568
1463150
2151819
1357558
913768
1314236
579125
1252171
1066961
613676
692850
1521225
909826
1239536
1159273
669943
1288869
402134
121373
48954
758132
738156
2519840
329133
678849
1932298
984860
1883249
1538152
996466
95529
1441413
349709
2060450
266443
685858
2552939
180031
1809137
2559738
1491395
1097988
515990
442117
762247
992566
6805
982729
829855
1134312
551238
2455970
793650
542944
1064148
1294397
1158133
2106113
613240
1325910
1074293
2142541
996400
1885256
899569
2272184
836593
23238
897363
938541
557454
445787
182051
1708468
1586256
1677571
1605108
2009254
766915
18031
82080
459956
1954695
1209427
1268757
308989
1528388
516088
54394
1184848
1140715
676631
414546
371637
557967
294526
1675197
1898176
2358192
967192
575432
555454
1223208
1418203
1886815
2683963
979372
1973856
1726735
71629
660647
1140683
1087141
675209
1124623
997344
81993
123764
132394
729206
1267571
2021018
1077602
443772
800515
280813
662414
2076968
21576
442194
356564
1464068
65692
1886385
2313658
2304968
1659716
882437
819938
1016305
724504
1241679
1882380
1486522
407140
810445
1223303
475141
330063
467633
325049
559299
1435274
2343835
1223244
1049656
950361
341749
464499
413557
1476197
1617194
539430
1323602
1892541
2042933
246136
1909138
580851
1419571
196128
2441899
947087
2899399
1311841
1930862
227368
918212
2077846
797506
364843
1003069
1293368
707311
530160
2433988
1455806
866620
948457
2142515
2163511
121608
2043048
688543
1723962
176622
583022
1303661
1600547
941130
1311001
1162054
1679143
544048
778526
205483
403250
1496222
1725454
145694
678780
1297423
280194
211818
344248
479661
1240528
98599
1265501
906883
1268836
1296210
607759
723369
383073
37677
1237683
247742
1357993
481987
1240260
175247
97552
141327
487046
496892
641458
712870
1128975
672449
350090
278812
1382543
1899237
9894
66121
2457321
108075
474481
1011518
166810
1124635
137734
857693
2061510
1564011
110914
602364
460474
360724
1625809
2140090
172927
1922099
1124758
672590
18190
1503822
2526756
787314
645990
1346303
692500
1138410
2079004
1533368
2417447
2115720
118868
1018272
1186577
653389
554015
832229
1512178
42460
1598480
1121435
54904
731192
1738246
448157
304983
2646799
1670956
329461
153044
477896
273843
248390
434764
72826
288063
794427
1516760
655978
67571
398840
1283472
169042
1467653
295897
1530527
1467268
307813
757289
689892
668731
283119
1528176
1580249
829141
93756
2062528
14582
1873256
78566
272612
1087277
325609
988904
226016
98003
142655
1517001
1778597
2837054
365562
1838581
147665
359849
166526
443844
1071981
328766
882120
2827077
772799
229356
1177962
478385
649363
1553837
76058
459178
681307
922501
828477
1018888
775072
988729
809117
608995
719389
1608877
796355
219427
2626758
685410
79724
1876673
568281
810622
1347892
649631
851397
208608
199496
1747942
1978273
2363411
1706676
266048
1090480
970234
633543
2196486
499189
2293955
1153203
839718
2193479
498579
896302
975785
1485299
655320
174832
1866181
2807549
2607734
1254369
743552
216897
217137
298354
2139642
1924325
1144998
138262
534669
553398
1385050
2378478
1556838
759922
1290731
132701
1034201
705315
501069
455806
1458575
2360152
1174155
1513038
927669
1561166
1446537
120691
153464
1361083
206285
91733
705487
501893
21100
509996
65919
1840534
554597
584187
1478123
1157106
1398031
414864
439232
1964288
1873946
16835
1111497
200844
761339
880550
2566414
1118178
1302192
151996
360544
1954358
191839
652653
1294364
1389387
2539266
190453
2077566
61953
1245901
1043365
248643
533778
743895
1196606
26308
1686559
305626
1069729
916530
1879044
1802726
826281
822168
1314839
1771031
98275
151408
146460
262742
639419
383460
1554106
192554
1795803
1121392
2117400
93845
645376
1131399
700973
591295
1578230
907576
936537
2315172
453577
1181769
1283242
2468844
660509
773930
1465746
1704086
281322
994181
376652
2036085
1529529
462502
710035
2097031
2057696
799599
451002
502618
558288
289814
156628
167310
1278206
789120
945687
582292
329844
4928
60557
717999
1409777
2285790
787227
702659
1471052
2061315
855738
1204812
1315446
2730783
1637008
818512
1898857
2026221
631185
126241
2633491
918201
388763
1960251
884459
1178030
1959072
482814
180608
676754
413956
328737
247054
851142
657790
1478353
1250397
2098938
1980520
1058472
645861
2550610
868168
973709
1111733
642505
1404423
278457
1494543
2233557
796630
118217
1306698
1764214
2645872
281574
704000
1331849
920530
1372206
1617
1423896
1631904
1777457
725645
1464109
1872230
634851
598760
982279
1630762
2171158
1091284
588688
2418049
45521
326436
592668
2670308
526168
884312
2598420
128220
82274
1226342
601622
114165
2691587
621134
907408
161257
1084888
1163586
1006994
53706
1375777
302499
1026832
429405
599904
184931
57386
659021
1317556
489133
681100
505370
2704381
68378
39152
879267
678290
1346082
2553619
591571
1802382
1436272
1862224
1273784
1746141
1174763
1786337
99129
1352983
1847775
307806
28998
839456
187668
2810436
136369
116721
194665
1228531
2369812
683194
227580
1592275
1571215
952468
845205
541064
129288
841467
269927
2166767
2318682
171287
481744
618586
1361251
1102647
329961
1025004
2862943
444348
1377838
980787
20891
34307
1159077
1677665
552553
78280
391083
572941
533318
86459
1008212
936807
195770
1080824
1079496
916767
91944
51729
1777769
866970
1821932
1145615
2260066
381838
1898895
409020
799586
1437603
1533463
312909
1456212
610739
248538
666443
2068558
1123521
699944
857563
391192
1560080
398011
530406
573598
1033862
2210938
298837
592202
402842
2283746
985590
625125
244149
2217041
2128941
1002509
174224
593832
289977
664492
317720
23996
1833993
463362
641153
447765
627558
1116217
390242
793449
344996
201080
424823
568914
105850
1768815
2277683
904997
732113
2431349
927101
242750
2561343
1571114
2112662
120501
521258
1162155
1183170
1475838
1608862
2054635
1005711
901017
2117723
1512536
1095944
1479359
889456
451844
1348593
332481
2224948
1456139
2758672
108028
12002
1224516
710983
890557
730942
2286605
404201
19873
2410720
2599015
194653
481630
1174140
2412537
180714
517401
946258
550502
1627206
1750986
994080
618938
1276302
1320801
2182218
1676680
1167291
1115247
446060
2743568
549903
177083
548177
332884
306938
1321974
2266453
2580395
445424
1004323
770260
1067161
2430594
119884
970249
230917
568685
1554930
1281839
1250363
1302857
659611
1795774
740680
2335153
51137
137127
365823
69237
1034366
899161
1024202
368297
1140475
413277
260048
1568608
846961
1018237
393294
108109
1995952
1368376
1647300
2107444
958936
169223
1092287
399825
850772
477660
509241
1874678
25089
823027
931539
188619
284766
157168
2327216
113573
1261554
108624
1128293
1278693
347245
1031569
2367606
1353734
1159417
928163
872323
1457046
1627065
537154
1842050
908097
1693442
1122548
2032741
1672219
186080
752792
1605762
1256462
25920
1958795
847393
2326513
2557414
961302
111968
1346555
241677
859625
437233
414975
24848
1694285
1030673
140045
199448
1244434
114299
2573381
1401758
1226873
310427
813372
1688661
838279
711804
1501066
1161503
907288
303873
1993528
876445
194282
1821297
411063
511054
857457
589338
1836454
1611702
229045
1416378
743920
1023759
171767
1546980
131657
286654
347822
602572
221311
1457857
990955
1084684
6575
789858
1435817
1355288
538088
59130
1535032
1585495
67420
2556140
724306
1782961
1117414
2369525
2581925
2486786
18784
1002391
683678
1081485
164050
715661
964370
110600
537550
569868
141751
557203
73429
1230775
622044
107974
1695025
2127901
110581
114656
2820792
705568
338763
862890
2144663
1679352
574844
1922340
433543
1584924
41780
1147528
1095771
1442849
253636
645301
1094338
345045
1892942
1090828
613268
2866808
206957
912791
1174402
501239
227406
664356
1577134
463272
165358
71395
1142590
327179
928770
862431
553078
943480
1690421
1954721
732174
2364432
243447
1527888
617239
475721
1802145
2133653
128933
2481351
2637513
362691
1453785
699708
883586
134589
1150312
1595258
994561
520633
258201
1284573
708517
185947
2445318
1133662
1035999
604317
873977
1363128
501942
1026813
903678
2092139
173903
62647
1044944
107720
1380460
2353833
1718383
688969
444505
1680003
309686
1370935
599873
946694
2537583
1423370
2472426
834133
1266073
2069106
1134437
355491
1309077
2486203
1756904
2185246
2721337
2624818
2584477
527741
1132355
1354858
311703
645309
1187850
2777789
521095
513952
893730
374092
1166465
185552
1352232
320736
1525035
248126
352844
1294452
1054841
1686660
946161
1163420
2425719
2130293
1574656
779851
526585
1065912
78195
1146417
2431951
2177289
1163084
49096
531105
2489605
591637
639523
1067721
695728
1242322
472434
1584746
1692538
1107154
509210
1093347
441052
149482
2062846
6153
394609
1053124
225580
397179
185480
698201
186615
285551
708000
1064483
1084939
61549
321271
807854
1002229
410155
2224824
112664
585553
1015627
468942
1529368
123271
2393694
271859
1070652
1283270
2844869
756996
402672
2243250
2747609
1392866
207025
1273044
57741
1552841
166828
971042
58184
606714
1562989
293609
1057311
1138204
1082505
987579
434058
1270500
1320335
639309
690799
770736
2618807
1780378
527287
2300108
1848448
265576
1848351
25697
628082
1743367
287458
2858507
599465
1362001
416472
921937
950484
5442
1596450
635939
1588763
417581
1177505
346029
539070
785419
1619262
118504
842005
2227991
103011
2291776
1140208
666934
1381862
588232
34628
1169960
107519
1874936
782026
1388186
1328910
917491
216648
1102960
930529
1683761
46155
823338
804993
1049987
56612
401430
1934912
18865
662
1839080
612635
913053
1163188
1689930
1725908
1271838
487696
2579166
717375
742425
1169764
554480
2395949
1206593
905405
727380
2114935
458486
1567752
643337
1572595
831001
1387637
774216
1078366
995204
30378
759089
174669
383255
76263
1644297
600806
1518037
943701
64612
228456
1500895
1360193
761381
2203277
207895
1614463
155063
211878
2402649
460221
11004
874262
286162
20851
1049382
69099
157871
339672
883069
1093233
1056573
683672
1423971
374708
1800152
1754889
177463
887632
745383
298635
1076898
1686060
134609
570323
1772352
1169140
17240
417162
768051
1667044
1598777
1740255
1094838
1316082
2383949
418416
711677
1169823
1147925
199020
235596
510038
1303719
957930
201465
1056366
672923
1753811
2047428
623635
2518
665576
448634
1829900
1290345
1760684
1185373
250814
479047
129282
2724878
698834
1038237
508543
1951193
679297
332686
574515
1693530
2163506
865539
1022588
729130
2329259
980913
369461
581076
101971
1416917
501010
188494
931894
1445523
2598339
345741
851103
2072554
2309093
269619
913963
1267903
1526618
2040677
795408
2788224
492292
71254
413700
1861164
28074
215502
1372098
636234
310475
321941
1039878
1010640
371830
1796055
38064
1657459
569371
1535896
220710
995270
121603
935496
358281
596832
291613
1990266
1836063
1923256
102119
1145124
1307337
1419856
526161
1624180
1063665
681922
1168374
792474
1308803
699951
549368
4816
1101130
2352169
872117
749421
352972
9862
380251
1602441
49074
1742303
1151779
125337
624832
64811
289440
2049272
2505747
1185141
556105
763111
2462122
738124
905413
609308
532522
598060
592314
194008
1036265
552541
331482
847823
340738
2217941
2255499
936328
466513
1267666
791362
715543
693566
645593
2400351
139280
150317
223938
2161212
18869
124058
920846
778653
2525217
848604
711029
2091677
1359067
692434
984720
482179
1447501
1522450
710778
437206
2148552
1906168
428060
1309209
599740
753884
1691001
432728
1547681
1050149
389253
1977812
228421
1100240
1101355
1239545
1844703
1830599
47560
1205711
2292479
1107641
497453
1007774
126386
1254555
403204
214456
894522
1571004
1508699
184275
79936
250189
211407
1290320
1218211
724335
96971
1135897
684099
46442
439252
1371710
96444
2426590
2116896
1771382
2257841
1581890
19376
1331728
1926103
1130386
2306587
510053
2279336
713821
862264
251947
584583
1864012
917525
453887
431115
1442626
1469208
577163
326572
664964
173003
1088521
550019
352667
250610
735301
172480
197759
883126
347459
1365931
436458
474295
252048
114048
355624
491051
970651
221492
676554
1502574
32153
1302516
1502041
585692
1679590
655856
398984
1665353
224853
493595
332573
1056849
144859
1430846
2385975
1802984
146589
224054
307019
1983610
1399381
1072142
625951
1961853
1754619
21234
213163
1077693
986845
472231
545000
812819
156765
25272
63815
1213850
1799974
277184
857819
452960
121130
2074014
1284100
1189618
979629
348822
2004845
392585
126568
183996
2231976
37879
269424
1999486
226988
571075
34683
1123423
790615
823471
293462
538547
550312
873814
231705
974844
892429
296167
844498
1499243
1154539
784945
1806949
428624
160502
1823360
841697
763140
1703539
372052
2153921
213513
76902
1612665
94733
972416
292451
1019628
1917015
204697
502738
333323
559389
1765863
130298
419150
1862406
325325
628021
187704
1370006
1764271
868679
1308552
1504653
355042
740829
130049
1109244
15750
859251
524452
1257569
962278
1257837
336529
1384566
2890678
948992
332590
2034987
716141
1423276
469766
1427352
951806
1051377
963826
923072
1109587
471761
132547
1613201
309481
4949
674049
1847943
564645
473700
1426236
1545823
1188552
174304
390711
7888
857804
1566623
432493
1698580
255063
61868
1639853
1797478
67543
908203
2161175
802538
1818692
356201
587558
1259602
1073959
1716184
1552140
399851
1471278
531008
837337
1157723
565769
918477
113583
915626
2121230
314851
418047
482686
217381
230257
1140838
234721
1977838
2471951
1148881
622366
1132189
653858
1515610
401348
2511167
391366
306846
1740075
649244
174866
785943
1780444
2103411
654058
17538
1856123
424993
179948
594170
1922790
1945178
975040
416730
665151
88197
540150
1684454
625401
360085
1446433
1605190
1569465
86235
1634843
842899
1021464
35985
100211
1666107
996735
633245
1378683
1411364
1785499
2153427
2252910
36561
1297153
647589
2322911
2046985
1340285
691348
72564
96549
856792
2425005
1133534
18044
510132
1458002
73386
110439
106357
1587872
1018848
2772066
856130
636204
1508996
1951776
1027074
247352
691877
387972
1927192
658758
451846
1266519
425280
1452056
1408390
1185738
832826
695351
569260
934636
1834831
353020
959487
1588513
686727
515977
493074
673403
82340
1069657
988546
1316518
829643
311547
1162067
1688789
2263862
2571179
970443
934693
248237
120690
473243
1472910
1360128
265064
2613397
2059547
465910
670112
1511224
384527
1314550
1463666
2052009
816989
131627
176556
568856
469942
715115
468062
324966
1827921
1173434
17023
2075181
1569906
35171
999250
1022757
1749868
562171
209002
540747
1360884
320368
1343550
225858
1183048
927681
781878
789268
451077
35125
1634833
780669
1144913
1478552
343894
1088701
369066
161511
1077010
1613330
1330646
931281
12091
1180331
1333690
1781688
954519
317989
1719071
67383
256641
2144476
600525
2254317
1280436
1940035
1441790
479573
571650
904134
761846
1908887
1793399
964340
1283586
96297
37945
793629
1016069
909521
1539206
1148939
1178872
1698986
1150774
2015728
412459
620464
143583
1073137
1139809
1107132
287961
1251860
906458
1324266
305452
1230369
701539
378536
690818
423507
2435214
257730
451547
1193076
327453
1915050
547493
676028
35372
2176078
580210
846898
1796784
86085
951974
1094338
947902
1149238
19672
1941832
791987
2130525
23631
592960
956717
310106
1252527
1335866
1803626
563702
681402
868283
1412932
1853013
667669
2180382
441911
504739
847893
371370
2685439
1053620
549646
448231
914748
254351
884127
1129804
2165103
936826
530708
2491370
169421
688230
2006418
25846
2467198
2051303
1646761
702676
812748
866694
2740585
550401
643352
544065
1996577
1213096
1693335
221977
497527
1805446
270151
664466
102822
1027113
646582
506764
1690890
897757
1196797
816782
162022
1762455
1637480
688638
104308
1820570
2348768
2687498
462443
1232998
1821613
165968
58766
1280813
2588281
2043647
1189755
804337
613122
817654
1369566
283250
833849
9869
859458
1544335
296387
2557708
718862
1301459
1582931
842966
685722
48432
1184742
1156650
817408
1782053
237125
350949
73214
1608897
181898
1709735
1376246
340035
2380958
419762
93993
643153
884987
1743759
826813
593196
425471
826469
146084
1146184
1534675
1078340
32601
1829870
193814
284914
1406293
1479024
2063778
2173318
113100
1269852
1536264
793060
1766418
356340
1293300
818472
2708284
582214
323134
1894313
56363
679905
1085056
1381496
987251
246664
189655
16293
533055
1985252
494416
878480
912289
581403
1048496
643361
1162615
738094
1549416
1516635
1897803
993901
1291186
866689
503475
838135
692797
2013143
1333019
713471
66216
2103107
132567
1449486
241143
1001734
850986
69819
1563504
1971851
459251
1379074
1542730
1172965
2279759
1605428
553019
1679338
688665
2254824
947962
174317
1294804
8644
2765872
97606
1923451
547120
139754
642901
999620
58790
649380
1324228
2683744
1547216
1231098
196805
501004
714150
599457
257322
81366
611152
199096
78054
525859
320124
681964
918941
219655
1768220
1838747
527905
943163
1376420
135404
1679610
871614
332094
653687
756210
82972
1616505
587408
1456746
985323
1868659
1575428
227172
1557503
1344107
1154259
1208718
244577
1463833
1311094
2185459
832857
589306
476533
1346885
2911651
968465
241545
986804
2116745
745944
286721
1335112
1048644
269585
2427524
1420217
1698123
2793874
842924
1201753
2682918
581751
1634261
479331
353705
90549
1235201
2032423
258076
1956402
1058741
795640
951320
1121385
323789
2550273
235125
621580
1536947
546249
1264048
1379318
1535630
1695141
586265
1583835
2282217
179121
444899
348015
611540
113065
1194054
291896
1611025
747762
2433210
798348
409786
203766
1683223
402299
393517
128019
467592
700542
1018542
590028
91426
159783
1117994
1499583
1766208
1225808
732319
1552355
315403
115962
270262
975616
303435
2344985
1648254
331779
110076
8324
1045938
2211334
1779209
138333
2400588
2695638
350152
676683
70781
651360
249178
1131182
679658
127114
1042396
745475
1812345
2487685
121234
1595695
858008
2774339
1256825
517001
437537
949212
981777
2108456
221351
1034680
83413
2239003
156971
1595146
119120
1210560
1746828
378383
1168513
983975
98986
149792
1257513
1906661
737320
196923
650971
482161
184172
2273762
1600393
1833332
1869761
125060
223689
769381
688274
330708
1890750
125660
277177
556044
839834
1660039
540587
184707
1010324
751009
312047
923009
1238826
1537003
198363
1961993
962061
1752805
142392
1392355
444093
147846
288246
1731601
282963
433983
1083093
1112240
1013431
983359
396828
1656114
798790
688970
1750724
1100476
233636
860644
423755
1025003
567268
1158647
129301
908137
988457
1093998
3266
2786398
5327
190438
190567
802111
1687559
1040834
911117
1058246
619193
589980
372253
1089750
1419027
664583
210115
327218
2070495
627866
925960
858170
1286996
1145543
850660
910381
2000712
1453298
269323
1528691
1452803
1004152
1025906
59655
701731
1206761
1723369
794927
1757354
1461482
511101
563716
2095882
35141
810043
478028
2043655
971790
976203
2366842
269182
500696
1284993
89224
664361
593772
962630
1398915
1212602
450975
1958276
1237110
2128833
1190846
1087716
294739
768307
946256
1293038
643679
688558
297610
1669984
1711790
44406
774507
829408
507579
533052
1255279
286307
1545627
826189
1757610
1474878
1522514
60886
2041580
2274290
858027
341726
628758
660459
524860
2001475
2051051
2397216
919519
631256
643944
2053002
2457909
1514184
562178
1325305
794075
1678903
1252997
461614
1168051
1457837
1811444
1768395
667152
319264
1085271
2197963
933765
1481792
853551
257377
183847
1030358
71169
1672576
646669
1753710
1013437
1066422
534385
570603
1289548
2488805
43982
1374272
252453
23240
1949287
66381
134740
1613271
1280088
917970
893042
547553
341056
130988
24286
558565
574406
1997568
661943
2181745
1931872
209090
923498
173361
1167849
1700241
941179
746845
2052184
1928503
596888
1491449
445012
1647919
1221705
1134960
2174757
37924
52357
636422
2805882
1061199
525317
1202358
230284
647534
2007004
631827
669134
1711882
1804155
1137075
1632101
66202
1306932
1103252
560392
692712
570326
1612492
481125
561329
1654650
1458656
332411
631022
540805
2158828
682448
1563509
762642
895365
738003
275762
394284
1181190
385703
13252
2060648
1261429
974473
325707
1193844
836086
2328164
382516
189319
296169
1216554
203121
316717
1335157
498996
708020
1091458
909524
1048014
1000965
2731626
434585
1722779
642690
1722677
794597
118474
1142228
959209
1193572
2686
337614
811958
2012204
359706
517962
874536
919005
938343
1865984
2030892
1998405
225751
69233
1953383
1931608
1758232
1212803
2169444
480939
1309018
700565
500372
1541937
1151203
2250847
783945
1194912
693730
1625047
1831948
522578
2511263
438968
34642
1152628
1825801
186701
1219438
1656995
648319
1187208
1625431
1296488
977868
233940
672653
886956
115622
900891
1049207
1684234
2215187
278063
336957
891247
115609
437799
1838054
744015
1871133
1486169
2205450
2467262
1181611
114947
1148988
126382
1780363
491816
1264769
1408022
747869
2076019
1771810
549122
1276407
2187778
1657040
238340
96366
909574
1573857
1060471
1393180
655174
900100
2205893
1882399
403244
355085
1677232
1105090
2406785
2785345
62667
537615
783396
1253152
858698
682040
592734
1357001
2233862
2124593
90985
1195577
728835
2084647
864627
848640
2236343
1249184
1508737
856947
694220
834568
525238
2069272
1617336
421660
452221
1878038
2046140
1913463
1123126
7531
1884722
297507
284610
641783
2218839
806948
701424
61682
450181
181270
522324
703559
704785
917717
37156
1264849
158091
2064966
2212122
1062601
635655
846977
1552703
1247336
122191
1686644
636368
398215
747333
1132700
460117
721781
2429910
313086
798894
378626
616835
249325
1350712
1350397
1821233
844851
1580308
968717
2212549
368282
888413
1085095
395208
1236533
449668
2087169
1076934
801516
1050361
1103198
528234
360687
2026035
945690
1351297
2018373
838444
1809376
876755
1902704
166501
178940
1460375
399940
1573398
764944
1770093
644559
143370
121163
633591
216411
383710
1770883
544225
239225
1244545
772775
2488369
323092
1496551
1086559
960642
577897
1136488
710865
882222
2410987
450877
1507190
229976
822791
1276577
843196
1274065
817917
1816926
758876
1663122
360890
1024139
177719
12153
1384117
2371243
439316
1058597
195442
82350
273399
1705225
1002269
2107404
436939
973589
225492
1430449
191242
329264
2367590
2377060
17032
512059
427607
1012060
1058789
1762474
408020
1790249
2451621
1585746
684083
1224059
1499135
704468
2608490
1025423
1090494
636984
291153
354606
409683
284508
806588
1116774
2233272
2177974
1664532
2099375
154257
2577280
27538
124043
192368
2640234
1317060
669740
140454
1535586
1997092
1505270
59562
1145288
1794025
595087
730810
72427
298802
1101407
134929
560260
445151
1233101
1544181
200377
1471199
139895
2427612
398733
1520641
529263
2075760
673765
1217262
552571
952950
246872
2037345
1828945
2938779
2269761
2507045
468601
875193
386365
924481
580469
682575
758934
1880929
603712
873151
787035
461730
2555688
1508565
21377
2037045
1075503
125985
533688
1894303
1313756
1394321
722508
613749
35837
103140
103104
1000388
888333
2605248
120312
1115493
2812095
276144
1156498
1502484
2373155
175422
2462595
1453081
274999
1831881
415780
1304354
1676885
1381578
324306
862525
1003310
2175667
377848
223082
3365
1759551
1105001
1389009
836375
625007
694566
2523625
1776396
689023
339407
259416
1287519
426220
1403625
1045537
1884439
1316665
1145704
1442006
282575
631130
430365
1165419
724000
1184264
963378
558236
718677
1192054
539178
651029
181686
572566
918920
469846
1790687
1758035
2596467
144328
1062961
1038477
1237741
999382
2270184
1956400
1310799
248318
434106
239716
626460
304952
2308986
1442026
835466
1810969
639170
1289047
767394
1841622
2476383
889850
934901
1430669
735880
1822544
1721676
235704
662919
113429
1116808
183837
1079434
1640620
303753
379143
45778
629640
390738
2056871
1407470
2479435
2896972
323914
523129
250513
1968641
1979610
1035556
1907468
2250772
377428
310821
595978
427551
303636
96356
1390119
538470
211820
410050
1984732
262281
151351
728634
826564
1759917
779724
1661605
1723230
2207250
1693033
636363
1304247
500253
1101533
202965
1950494
1949771
429289
2335346
534764
1097901
601763
179389
2227677
384574
1646318
252051
993617
365387
1285170
331484
1555005
96751
1307648
1363716
1547678
769243
327849
1236562
1362248
1725479
1202561
1861529
449656
741609
1254264
1836718
941939
528016
363150
782905
2083452
200595
2117851
550923
402227
624983
210569
649279
746331
808554
34761
162054
818075
848682
1494805
741443
915527
826559
1647119
976862
1362619
611478
606679
146632
2765
451699
96816
231686
33666
1132897
1911290
789338
1242760
166053
2251745
724327
333754
973204
2477918
1679217
462855
484116
512242
743416
1694082
538836
363627
821943
1902380
472467
230828
1114668
2464917
139288
910755
152526
438458
452576
72392
446314
166745
2322156
726289
34533
2313981
540694
1175145
674028
637472
433742
893629
1887796
52547
1925859
1303924
401339
60862
767020
465958
896767
871551
1228718
1588280
1304405
1727026
1871954
197887
95430
537190
2328419
1067708
708427
229208
1748565
1079097
237990
170499
41462
391653
605300
668093
1570834
661525
1005859
4279
830989
182934
499645
1230327
1110249
362540
771423
1602113
548991
789679
1581696
986597
1392774
1705214
988866
203166
87470
551219
237592
597308
85909
1209444
2175919
1157854
709136
623258
199031
1597137
25679
1528036
572797
55215
64771
521758
455749
1779374
2607404
900223
1441565
107227
1750276
1933001
2606477
459367
1033758
1050497
2436842
824125
2177538
1237521
1951847
250994
1941567
658806
935181
1938642
1874702
801811
73724
259272
170149
1124341
263055
496263
1146765
1337049
883108
517390
2067178
1725805
1475005
644207
2028381
1491402
409305
1538942
1172891
1258824
323323
796080
882650
2515730
1375652
1609595
353769
1466055
1098473
2111487
49828
738368
2074989
1647766
1345423
2345487
661497
2529584
187789
243601
1686135
1199676
1108485
1528749
1707350
1910780
1718316
2273648
2378391
1894531
351420
1727622
780938
55024
380642
756667
1901096
388150
1448641
40551
748231
895975
1260200
430630
891367
252988
675600
1389804
1081887
680467
1558228
1052526
820198
513318
153783
464442
1145012
890182
1919102
1694458
1005664
2307985
1075759
1516984
1414488
461219
331815
1349991
1451472
253692
176737
991701
924608
387064
2072072
2036800
1222757
438789
503216
1465946
18027
1161386
319426
1558598
167309
581603
38147
1399198
1897418
2538046
2214328
615507
824996
391038
1950890
1243327
121751
1126136
602700
178922
570298
254562
300536
2477501
2223027
474584
1184679
935131
952742
342364
2109399
235035
1876962
492957
2607225
1852820
1036867
1661419
2392844
433808
2642198
222792
2222933
2194373
357821
723665
113121
1218838
1544095
436852
1640578
2173746
1679244
1573925
755676
2578477
723482
1120145
473011
1508219
253496
83230
925487
1706701
1240221
1403173
81947
341400
981604
1760101
716923
342893
1450895
1263660
728920
837359
188661
1564298
1624261
913008
139267
654768
947198
191925
37109
63514
2225360
1331909
316815
821334
394651
1202919
2565182
378468
14497
1225684
363954
1233667
70381
301247
572404
1688083
2356174
2458873
233077
816481
675309
1899426
1587023
605641
1428621
1573609
1494003
1521756
106006
1393690
1222888
1621170
145438
1220860
1054065
2273275
132254
485767
241648
533863
939592
787862
1516662
491282
98313
723444
865958
1583210
904109
1328290
1514956
614369
767152
2593996
154644
48669
1564462
2512579
759478
341948
926284
1196693
1145181
1640192
1072179
1231495
269854
416335
430098
1435756
35130
296565
2646590
415212
1466826
80229
703030
150266
389743
387871
1180898
1283037
422864
1026617
578392
514157
2292050
114420
1147361
1603633
1857195
206004
1747037
801715
356067
2115489
952449
869923
397954
1948813
199758
1082296
465277
1299866
371673
1329904
790878
429927
2621037
1196843
644710
1659584
731573
2046545
2704673
1584493
1622644
730055
24007
1504847
285078
348599
847499
1180493
1802062
368197
882469
513123
1185371
770261
1708096
784760
1756841
1002794
789237
1419482
1423238
533560
1352576
597007
1195011
1282081
2019405
1223740
1728811
1053574
787325
1163065
1109118
2189263
572288
523697
1910395
1155491
1902839
208028
206596
1423533
113125
1242890
2172858
1966898
185620
749460
474510
2024128
811109
1962451
1952098
149461
1027933
93444
335702
966276
412260
222744
117001
2906662
1490497
992923
714789
279140
1741378
998526
94698
407984
1091708
816197
133536
472674
1662476
281100
1648223
7847
751841
1963286
413618
596855
109257
245930
1002824
1217701
149161
1658837
474411
2672339
1484670
765146
203178
7289
122034
1443829
709213
13098
103260
1505780
1879889
853347
481466
1345693
586999
92462
1567516
1317857
833189
101730
288726
425707
2010910
1059740
1951116
947144
281666
434983
408219
1830579
244144
387709
208808
398883
529370
1778243
2429328
807316
1496574
1153537
345222
1590218
656006
663156
305640
310064
2600274
2076486
1989015
76658
619232
2165530
523680
2711029
446910
813314
1950117
1504246
835469
1445243
549514
977307
1057643
267341
1362763
311263
558026
980102
268919
1082526
150618
643869
994600
1126530
1473058
921966
2198356
159900
768129
1048648
115723
390464
636304
564254
145415
1275001
173691
568328
937042
1270944
1978205
2677261
522134
2800121
1578933
1846971
230793
1756765
2000573
201255
1282370
1402771
1177317
872292
673005
562498
252335
210954
109038
616502
2565062
1214283
652846
552486
522615
292811
359454
2037443
1303577
220148
708249
136977
863172
217878
367085
1182081
823611
616284
625303
1548346
222997
1820749
262301
290694
1554384
1524583
989800
431883
658294
822903
281874
629728
949337
1403671
580118
2389869
1372159
797614
224398
401411
570528
746086
30308
939085
1909200
199343
365775
603736
2250971
772616
1420442
5328
2215875
642750
56637
84698
691323
201424
312591
992018
1829296
956674
1190477
1522845
1215789
571780
2442775
791365
1971082
1210822
1449466
178476
1915518
1786503
1083639
1776366
893460
1190068
1523572
100415
136259
1506960
246579
881405
1981306
510063
1859783
2420760
2131323
1225916
2565152
1033839
287195
689265
424100
795901
416930
324955
661086
2091483
978767
176377
1558210
597575
1384185
372406
812437
422123
781560
408255
103578
435237
220267
2158322
36343
1066819
646601
1131304
2089717
2086596
1535159
2054813
1295935
901496
2115085
1485729
1082858
193600
511557
423542
1081441
1574133
906015
178706
1627697
1328497
1110941
86864
346192
1966757
2822465
2063940
346068
1398443
369970
898709
436949
446951
626134
1092238
608206
985606
1033469
1213045
209946
148084
40917
1870579
1949110
1337892
784435
473619
1343263
484515
643278
886031
452066
1632618
2707915
1203797
527130
328029
461864
1349396
492483
225794
1194656
715282
440011
608329
767547
1003573
1987785
287420
239405
2028092
133793
181441
192525
2147939
832005
591764
878579
2463003
699905
24235
1770324
127878
495457
1492155
22142
195593
410972
1102823
25185
1957745
2547931
458480
797735
2629412
658896
1873417
965236
266052
1573044
642766
57928
1755499
1318894
110503
1711822
1388208
1713313
237307
598988
824295
992023
2568122
1886805
1348420
2136532
530873
989329
159135
298897
1238291
666759
1643040
546878
79763
77976
147882
800057
1107296
1936687
1045356
1139731
464015
2172818
436822
445364
775379
2545382
1744405
1188313
653770
1743615
773791
1722555
2084957
106896
863474
1227225
1595648
1198414
1133439
99060
782363
152270
272729
459981
1181375
1278393
239980
371799
1236788
54501
934494
1287805
1804735
1022782
1946693
1886412
1051003
1566491
1441235
1969281
1169317
422543
194485
862124
976765
439158
1763721
2117030
1225986
2144321
1048487
2050190
729511
1195081
693744
1609478
1521499
854613
545743
2307608
1378737
1073866
532780
383692
1020589
1729289
856043
1153168
999763
1437491
652443
1337993
279320
1889950
1853402
415436
2394659
1116153
1792411
145376
1241578
71367
878681
530769
659526
1768547
1409802
53677
399342
1562123
889851

Case 2:
2055157
3385953
503037
23097
4124978
3223660
3348901
5244
274956
2866584
2096887
260774
855501
3698817
1374612
107278
155929
2849629
3179594
1547799
408001
403718
476354
1907989
1217034
614378
2494393
554802
2061777
1506660
1608754
305014
3203599
2821165
2637622
2904499
22886
2986065
2477159
683895
3716846
4072569
1142273
985279
1984394
1908827
372261
1280401
363578
730549
628859
187493
133134
767997
496353
2926984
2533000
168885
97371
156838
812076
2133574
385659
1387320
356102
2684593
1187157
878655
1329661
1247227
1586566
3505423
29499
16342
2968756
1618640
1072854
2897543
2930686
3008417
32313
1713712
1003993
3301073
1628323
775981
3213166
2345777
206722
1919964
2348876
1350491
986017
611834
1514351
1962308
3282519
142032
1547066
261850
158149
1285947
629002
868034
351725
138973
288782
831327
426795
1886020
149115
709253
2557225
539293
2340411
681739
2104862
1716722
2868452
1471874
3613482
276192
1470825
797569
1918876
1368
1920017
2343437
1928826
485215
438461
2892346
3966158
1185437
254586
403098
2188018
3367208
2350777
1338413
1888611
3366010
2356216
727847
590415
2460707
1133656
2469898
1597407
634409
3222500
1519113
2832026
412620
313056
486968
1123968
1327792
2823450
2141846
1362809
920710
1958329
2244175
557458
3441925
129740
826542
85968
384306
2842440
1278221
2726522
2123950
395508
3564850
2850073
2355601
924279
3411149
3075679
1600682
3002922
221848
3620271
926411
4096598
146299
602454
448350
2200910
2037806
723287
2655014
205411
652120
1832726
3695842
3185566
499674
2724034
2049399
1738238
600737
242778
3499205
611715
402452
286519
3326924
2821304
137626
1802618
283936
1705407
1687698
806309
2560131
1944297
2317017
2001695
732491
3175087
2937815
1005494
514813
144776
1039547
2808230
136250
1917200
3434378
1400135
3582402
425886
1121929
1301174
1430749
1081367
2191560
878572
1760383
2192875
1282770
409547
2481472
2573037
1549162
3565336
3127226
427458
932357
1414751
3256256
490003
1004082
748544
444377
958311
4023652
3811819
2210258
1667118
2747770
715073
374711
1690302
1039905
2618466
267354
2759368
1908572
3013223
508941
1375565
1297672
2967774
3150764
3505463
3902500
729553
3171684
2169582
2509535
2154509
3174298
1998865
542717
607247
1092649
708657
21834
1529409
141267
2208025
827904
925080
337025
245278
2399963
1559239
2601671
162896
454823
177216
2980333
2598422
2172796
3666523
3376845
1041599
2390907
4205047
2429537
2423840
24402
75665
1650904
2765876
32202
1518683
1959156
1050876
1035700
545707
3083346
2599002
344987
337463
1665791
410631
303494
775402
491729
2597603
825920
186311
681513
33293
2224044
2679962
1774809
3028504
1719972
1498647
15548
2030530
468737
3582163
851325
865576
626156
3902517
1548519
1117708
1145453
441066
1960672
846536
305446
4348329
2151170
235550
192734
1116096
99808
2023785
480279
1533253
127987
2467281
2471040
729835
884843
3591646
2042298
390043
1007632
1315
1562843
2403063
390918
875564
1564709
1321859
427824
2742002
1735339
740891
1796865
1689835
3824300
1677573
251158
271501
1109301
2083880
1014883
1104292
692225
273278
187429
3319531
398304
239470
2876338
1387481
2618156
2193499
821329
2658355
699545
3016898
509417
1949239
696355
2535927
970351
31823
547389
266008
3104499
1019148
1659064
956441
4095840
126620
3547900
627744
2618931
1638239
2759553
3142795
2432110
1779797
2224982
1784321
1937135
3719731
743426
2919592
3628181
450782
458988
114008
546213
948635
3345536
205817
241969
39096
1855443
2110924
910191
546701
250123
915468
2404280
726289
1660315
400001
2849806
964149
3474679
476034
103924
2880422
1282206
1260267
200920
1606757
341536
1465162
1002863
2111645
2318381
513561
2555426
1594555
1405682
2689458
667349
2391899
2372757
1939455
2247698
2561232
1923633
1511050
1277196
1250892
2547619
488846
579810
283891
2144120
1424919
2188557
873894
1707137
782441
2731258
2105039
2183852
1852685
1652619
29248
146068
171835
3538225
1168501
1722335
1033095
864567
1596059
1264828
1272949
2075511
1889909
799401
55134
311121
3282872
2403146
176002
1176281
67005
2304654
1021666
2612263
3884342
1371362
987978
883945
2605009
265407
529322
2872359
1529991
2224222
3277262
269786
940586
1807549
550593
2111696
251211
1058740
484094
1583853
783326
82726
2192770
3580974
4219692
452609
1843158
1411618
2897095
1401203
1937025
1520099
1575106
3519343
202931
1761685
63754
311660
718586
1820403
1092489
544118
2458301
470990
1373854
1417379
1769860
1858620
1021271
1804108
1830900
2450609
1369117
34796
2306387
709019
771896
1735921
1164728
1478597
61374
1094214
416789
532034
910944
657273
2082467
1318828
4130129
1782905
1302068
845592
226238
637156
2754078
3995736
1934049
549041
251157
1270626
641095
1475984
1190319
2282021
8272
263528
615603
1223221
2153308
2808414
1476610
290919
1912210
2228307
4068948
1895088
106915
1912410
1172166
1613118
2074115
1667175
1356582
820853
1532975
972084
2316175
2854958
458115
751770
95310
2112048
739841
2700426
12416
3364631
1819005
1655401
2109600
851876
497493
445518
44245
80039
252799
4011796
1359408
1486913
1502806
1730863
1386804
4105701
1949209
2916946
1121231
3481735
3290560
348600
1054983
959757
1226146
384258
137077
1164903
401856
1123792
3146502
1776781
800802
3556496
2476034
3193976
1646660
724272
529257
136858
332138
164099
1184812
1468558
275230
4378485
1992774
1028291
194885
1138034
3657488
2044789
4085281
1192310
2421275
3758370
146716
2258499
2628257
1881110
562854
3951536
1317715
302966
1333123
1938030
3934654
465620
1469448
1579216
1438903
903184
386429
297733
2537433
4041756
210528
1509862
233742
228026
4185430
711298
2235220
3563706
4264860
9691
626849
3767860
1580023
1210355
1799175
559987
69243
1165993
2954417
3275323
1405469
2225035
548861
4247536
2784742
210429
1134356
910986
3708380
2209280
2272073
1827920
1961419
1525922
1533912
296695
1310157
4033607
1589742
866236
1704827
706043
1488536
2047146
218168
1509708
645906
3192066
1443644
327856
6706
1694845
2838232
2150275
1917513
2631809
480024
91083
734384
3394440
1961381
817376
160961
1021107
151213
640189
776243
1811813
1884424
3535165
907005
2473467
12392
846882
774154
257895
2381302
2257757
623241
179900
862599
1401178
4106629
1625153
2832750
159805
1815967
1834723
2685101
895690
2858847
91227
1133173
295618
2945155
396867
558158
3228163
2078196
1629361
1431197
475035
1536027
563180
200960
20435
751146
1407227
71167
626758
861058
3474634
2702020
1858351
359637
2615828
525680
2145512
1283182
74532
859580
2233774
1309284
1943210
1339161
2800870
2382753
51956
864690
768585
1595591
924010
1316137
356552
890794
2021939
1662907
399912
556022
560482
1391691
3522359
1675712
707076
347413
1378124
2746522
2256542
2607813
631644
1020480
134247
763735
880432
893710
1444639
3193921
2444602
2104324
738482
436502
2234563
783299
2095856
768732
2676802
2029621
666363
1859683
1436206
88033
2565460
2168608
1086378
2560333
892530
1200087
1197288
2189937
271705
1396201
548096
2263521
25088
2064561
1333902
772367
2668778
1804001
762352
2818982
3702494
931048
3209471
239575
710626
604534
2937109
69076
1647813
2702495
2351500
1673991
2792074
3259098
2915409
3879293
531103
815791
3395957
2585040
932981
1641901
4102813
2113630
569313
730915
1133394
1235496
402359
2284185
1646761
441468
2280884
840911
1352062
2253592
1044411
2924543
182113
478768
454421
2130136
2076510
280567
562119
1403604
144422
779776
1765000
3844625
268529
556420
676542
1669908
2676221
575452
547162
3086729
3014048
1173844
2948541
1190787
1003881
821807
407740
2638049
796977
2092277
413869
8456
427765
2387280
57894
2571785
2777467
1744633
9107
3451860
2531142
174417
3998917
492
466053
960201
1310673
2892157
1740762
3356840
2521700
1479716
3679892
414415
393463
3172262
305702
1795593
175913
2521126
2260124
1493347
1061932
800199
1337295
3322527
661430
2509287
1277516
1997351
399386
1647234
1376727
232034
379178
1505844
2443803
429412
618676
1260198
710865
1684037
59150
108881
391566
3081335
1815917
3804233
306984
3565915
22536
2576310
1127094
2548464
1248363
463021
650088
1443768
1339983
137609
1297327
1564087
1201059
300491
2369383
135766
860576
687284
2809200
2678835
1625819
673877
126580
30637
1370508
1397804
461654
1741254
251861
1091945
923498
2150515
2298284
275433
614690
40346
1316381
1602571
2478877
404434
2391814
848230
2481784
1995753
3127690
1645551
4045289
1953916
1231267
691455
931177
1710049
2582774
2722425
399809
341458
2048345
1919950
1108125
1811452
263999
270541
1575271
2083326
574826
126670
2186537
631703
2422374
642965
260447
3230149
3203974
2622463
3078061
3474059
2454703
427200
2564030
1460381
1359247
1961483
146971
119558
2556571
1309599
948472
426844
311631
1550958
1243358
1874381
1604235
604274
1952875
246439
524523
1013864
1284055
1343555
2617117
3707159
1332089
1776503
397168
106385
669113
2238187
2805374
178909
2204671
596770
915150
3259031
2935633
3065809
3000396
413670
853718
1185441
1354177
974991
1249267
2134175
1150862
4005256
339256
3370056
1090008
3335692
1149763
533074
2432069
801851
3240782
2360514
1615817
2894854
1049303
3009185
1258519
1073611
1597241
1017536
3778495
2623670
2637523
1722304
568531
2882616
350084
607526
252483
1020452
1626927
1000012
322266
503352
53411
3558440
950198
565000
1740717
1531671
2095393
1994822
264580
2275630
45092
2100309
2421727
736587
837497
2282454
1083452
2714545
1066363
1928414
148143
539251
1042107
647612
271586
2226840
2246250
1488724
2935816
2333176
178257
1083060
3373941
1344976
1385235
905539
1240291
1225924
425795
1435596
2246555
614562
2754826
696956
2696970
2452173
142596
644073
1687172
434978
464674
1380342
802269
374161
2601323
18754
1702532
1838021
1022138
1790448
2939393
1676635
82040
100472
2493859
2909672
1009062
608245
60120
3257667
159409
1439279
637234
2535940
1037401
2807588
1761278
293552
1262867
2115176
3126145
959388
179535
604794
495218
3478476
2359185
1359455
2354177
1636099
2942110
2351758
1517814
488940
2642391
1056206
1625759
450786
643551
2077879
2034821
31413
2245838
1468622
1985668
838033
1181224
2801276
1692559
1728102
3609447
200010
1991538
1806956
1899042
1991003
60035
1636232
1290097
3016012
4050058
3674341
2473554
931316
420336
785679
213614
2495454
290079
3585486
3988106
765773
1304310
127840
2887153
378043
824450
24277
530132
2887059
3049078
1499233
1296409
1210237
1591916
583637
385211
2480300
68539
2020176
653422
1290725
547597
821539
860322
1435090
946991
3212705
851479
191832
832782
2319801
1618028
519816
774017
2381582
3087636
926332
858804
462740
126351
1114567
201304
1976094
332075
916138
1883016
82780
2669542
1624196
982498
1741921
626954
2193925
2123957
1183436
445635
343411
2723474
294184
585123
812382
1140751
412059
2343564
2209503
1758526
916270
615793
1965455
741049
2560541
1665567
291161
3847417
2126228
38983
870403
3062664
2160148
1018801
1739817
1851718
2614205
380079
2871959
1696857
2472816
751577
1694398
247091
711207
85867
2140790
2038058
1776321
1805488
1820011
3370813
3307936
1099540
495537
381023
1050066
2996975
2079539
1625750
678404
616073
1441046
305240
879732
2928744
428333
1936454
1869906
3445782
870435
260253
461657
808151
3263215
3852724
1090606
2339332
69550
115233
411121
3606177
1291753
4240043
553143
2391325
722805
95092
1713692
2783553
357990
2674019
264168
2668590
213484
737433
1929505
2041575
2164281
381793
2128905
1937061
2945709
211846
1180396
3237666
1463162
2817345
755156
1585218
569607
2033934
1094590
3528314
303549
1246058
885537
327524
1198484
745559
1192204
1425415
1765269
398859
183474
1204850
49901
2184369
2119786
1124674
1384973
479345
1707105
2328512
128241
1503461
640729
97567
365953
2393470
3647614
1595746
192198
2936824
355614
698191
1524476
1064187
3225956
2068084
596247
853955
218588
1763083
1347416
716765
1092958
3475851
514863
3025728
1842738
1222145
1283116
1778292
3376400
785408
2809773
883251
244640
3267656
43758
2150319
3007970
1608742
2273095
2037743
1857183
236539
1009052
516342
3688903
316112
2525441
267416
1249371
545188
1007292
254823
869495
2356219
2982906
1689388
490921
901383
2506735
2979880
3648324
601114
2816268
3024718
612673
1927272
3093161
2088136
819991
1806250
34364
2312773
1356104
2458196
2629419
3880871
2758160
163880
3347499
190167
698739
1396392
1226934
201404
264337
2837059
2264984
1165299
2090947
487631
2088149
2526773
2195014
829980
192483
1310511
647504
1109497
1732093
3414668
899216
1837314
157151
934995
853859
1214004
1932039
8787
2706768
685616
247193
554040
816097
1296488
2604054
1559329
1831028
1352022
816235
1323086
3429889
1832920
841196
2071475
2128085
178271
1633632
679397
3520292
226767
571480
592390
2833094
922167
599663
1095063
3253549
2118816
1562356
1014312
1210091
1434577
71180
462309
3354347
3115127
1466509
1406934
309233
265808
1498307
2085159
1535138
75428
1518199
195671
1219549
2866290
2047233
2330779
2427480
3192809
1635500
3124241
2278429
3040562
1224621
2961482
426379
3918703
1617271
486749
2485140
4154095
2863020
1258785
878632
2062643
961169
215851
1578538
1256766
1415351
813845
1733433
142865
1778971
1013106
716264
2822048
725330
3348372
2135118
3401848
251304
2860033
1105184
1131707
47421
2089953
2356940
252668
1350255
1823926
3697180
3040731
490854
2786738
999636
3100481
133891
2287879
541405
3813316
112678
1181780
546501
1052396
1159174
4009926
1524640
484578
993856
2006917
659825
342626
1126442
2771295
2611781
2835725
300159
1399644
840674
847790
1896620
1582216
836710
1228321
1968260
1963521
3359536
1719391
28331
2094323
159965
1587579
847485
2657118
2698159
1025778
134779
1669936
2425614
104488
1066188
2328327
3493733
1010511
3851034
2735440
79151
3710547
1222534
494303
655342
2026879
3610520
757288
4257820
63206
3222508
1340531
605037
1077083
1574246
1994984
1898740
1274490
2510875
2725184
1393040
1588615
2700022
2056115
1522494
120129
2863941
2714444
2164721
1605987
1255934
880382
675328
532412
2251417
3339915
804266
1205423
2090697
2990539
1824977
1603338
632074
254872
605712
116744
735317
1229590
1625663
2276382
6540
1927817
154716
75920
692487
1357566
199984
786160
13423
1969476
898378
406288
2648304
1869563
1093394
1777283
157631
440813
1693996
3978624
679062
2392239
3084569
3434558
2601135
1288770
558932
775160
397045
1607707
1310557
224414
513835
1656128
75529
2394641
618453
1498951
897056
1436
91191
229805
2106196
17976
675279
1574157
664397
2273520
130550
307052
2863084
3569606
642912
908048
1554230
1392520
3419587
2129497
1201060
1731259
1178462
69655
661995
2257922
342091
460876
1123340
1762240
89108
762143
230830
1210329
4057004
1600617
691394
327388
2406910
999363
78014
2051930
1864614
738051
174711
2431990
1550263
3496413
463797
562355
3233159
2904033
1178185
846268
151678
2547598
4110116
408464
2743332
1999183
3538657
3173940
418706
195716
1909491
41638
1524737
3928913
3805404
323877
2241718
1103475
657726
576107
727427
36134
157196
1006330
695947
2788996
949872
245037
1962990
741654
2039541
75779
48676
4385972
427355
2964742
1111218
2095763
2468060
3262317
2021287
163798
273296
1595640
1128849
407090
586212
1656815
1883872
1620297
1356702
3403407
1526786
11506
1627511
471922
2035232
889589
2899822
891437
2481107
3296882
537973
1077155
333514
1159705
2242238
1603325
1712928
845640
24616
2142858
868504
2552999
4201655
3274523
1548134
1283158
798365
1505373
1956254
263342
580390
3438280
628114
789423
1814887
13849
3752165
420731
1769551
2982951
174690
983280
3318802
914028
1603216
1953208
3045720
664676
1719653
641751
393761
3370661
794003
2868134
713379
3614221
2287101
529219
2564598
1640260
3100977
173023
3178208
3449989
44256
1114411
1488832
573026
2882769
2117768
912469
443418
215108
182085
1438540
983852
2486518
3637988
164499
2225716
2667606
461196
1256093
1573312
2834876
1100189
102725
1262558
1761894
433640
1365174
696642
952160
1221985
886499
1058027
3651988
949761
187249
1839549
394062
617656
924229
227948
1379385
2627493
3312816
539576
47757
1379787
482588
748773
2555165
1317885
3656256
1013733
2691864
1696280
1132523
1482379
1850210
3817676
1506368
526285
1862694
1256749
1311882
1486380
1678021
2309159
1694353
368166
2836124
3426085
400439
153558
2306792
4250368
1303991
1696448
2489513
395166
3585368
1562986
83818
1190418
150505
8878
1562357
524558
1710634
570222
2215138
141375
164840
2575883
527360
1664820
353942
1252594
205924
2407186
148471
1908987
3206412
2524478
1746959
3495306
617050
2308709
180849
2428339
1893459
645463
3340641
1870949
1739773
3393858
1467611
776265
2072562
2624250
793213
3215262
44816
1921512
1331735
433684
601199
3466847
3861098
2507674
1833937
3873782
1778980
1520718
568829
1699236
1248319
2383947
610175
545170
1199221
693623
533808
787366
2491854
196719
256788
3972234
1468320
1494206
3431441
2533851
157878
3419620
3126239
1604799
113388
20794
4024827
2042026
417921
1017269
455842
192636
405343
21374
717072
786437
1551813
821738
556742
741174
1637691
2343362
865129
2074304
1861093
1314831
596304
1710707
1280788
324647
2762573
2659242
2579600
938523
1835466
1642927
700047
901459
1790889
961969
24591
2537719
318405
2978616
131053
1721317
1272305
825598
2785883
1351356
304983
247774
379472
466643
2459239
517065
3556121
334096
1859676
419772
318037
2160418
630624
408485
469823
2992104
46730
2776418
563085
960847
1281622
1649677
1803586
24115
1332845
52874
651870
484926
387661
2201512
1113320
3055582
956730
2748347
2068677
3654062
109220
2718677
897181
230015
2009164
3343512
22442
2161759
607967
594286
395823
1835006
296629
1597337
1918334
457909
266007
3682243
921484
812717
1633546
3057858
409837
763172
1364305
54312
2698912
881300
695436
971504
641932
2384966
1111613
2015753
919530
11603
4243134
111459
3579041
3864514
384664
55741
1441178
741179
499446
208756
3029437
2142663
266200
1195605
644407
4317034
221567
2512324
166636
1804824
1564214
2331849
2112107
771643
3446349
1592506
1238738
1141111
1176699
91619
719724
1147596
1336364
2708600
273407
2397668
1195319
948959
461852
471874
3238383
399713
1596680
1311207
336509
3477333
1792520
2937229
3349102
272425
1030934
2849980
1905651
957201
598269
1572329
541002
99046
1049031
548971
1143090
4012
2194198
682285
1394301
756456
1796844
249112
3034783
2709990
2163085
1170148
499724
732060
179914
1625246
928577
742135
1905901
1477469
2206376
575671
2739203
1575309
611449
1341969
170787
3590880
445505
1476790
991829
3906033
793505
194484
2705473
1420932
331832
4140830
752571
283835
1153891
1206392
418662
2162068
1331151
1101374
647546
699100
91019
465795
3659167
2908297
1865027
179124
1372912
1282122
2687698
2509416
1445611
1854657
3082332
1091869
1019662
1556912
2508233
2931273
2883851
57121
928310
942060
3991114
1223233
2182929
2152687
1233897
1707841
2128671
2110158
1128581
2029530
2111752
2279888
316684
761558
495612
3230533
1650927
2378171
1811486
1163556
205320
3198200
28688
2821277
1315206
760409
1757778
2254045
3623930
3072571
2303920
595839
1194669
2616491
1125136
1778779
2738472
1651240
71438
1314642
1415504
3941287
1410060
885910
1836754
770244
505348
2071852
932896
1669394
238011
3015567
4175811
1634244
43330
284906
2967783
49007
1277772
3596125
1836851
911838
3782832
1114581
595675
22689
1493030
2262856
1142672
1476640
658933
1489944
2302941
3313439
2013874
1463497
1817900
203798
1607721
1713960
1016943
3416770
655954
1166402
2592494
1898561
740215
712428
1249782
804968
1199027
386328
2712855
280746
2007007
3601569
1115812
2082429
565151
1661745
327244
1248898
143330
1318593
1840027
1070104
2102810
1064956
2327257
3289205
3345042
2887813
2060189
2863499
773336
848337
235160
1198969
2097856
1923132
3139715
477637
2556085
549323
982310
2055718
195386
159543
289692
735274
2419441
972913
1000593
160274
689011
960436
245990
28347
1587852
1144947
217127
533256
391203
21499
4066200
3953724
2327422
2911151
566895
982487
2699734
1756272
3756841
285582
2371608
2620507
2504393
1975129
657500
2649646
2625959
1156765
674585
1925905
241121
2732094
532504
1246137
1150083
624024
1729635
2298728
4216905
151709
2520643
424893
908922
3203693
2302601
309573
3076315
829034
559079
1336724
1745616
1778495
2001498
2823773
2289467
917880
436813
2129143
1264339
2196801
891615
1458209
2904769
1895607
480678
2099037
2907377
2151605
2501035
1950042
3353062
2884365
862772
2143567
3953021
8833
1936662
1231736
519798
343536
672006
471035
477114
1107416
53070
1610193
1689505
1281572
2884086
61402
1110474
4092725
475356
1401372
1916039
259016
488392
391560
2562305
3018457
1603205
2611708
1236862
1089829
408071
411483
445396
732277
193744
961674
3473571
610862
2569429
1423265
3116570
346069
3599759
2312756
1084874
750164
1608600
1093224
1637478
1661545
1784252
911431
2264054
732789
420996
2550468
2033440
2301127
1101280
2777874
1814846
328210
2076637
115472
224754
2647074
49827
579202
924531
2882898
783617
2090477
633836
550867
1824462
898233
1054333
1976120
2260536
2255354
1040081
2461405
2164493
2932118
3839093
144282
2124032
1707896
904891
596905
3582603
2710692
68728
3141893
2469618
139663
200355
657228
625971
4266815
1005958
2546783
3137005
504136
1253544
2619298
1332866
220827
1892701
572567
2671190
537172
1155932
586675
1409988
3127742
2461640
711283
3171281
137059
1660574
1679152
3221388
3490432
1736619
726436
212543
3307703
1011421
618409
4024552
746639
418220
1035261
2612281
860814
1794634
1453776
2680242
2529392
860580
348630
424595
880471
845150
1602697
1207408
479564
1562560
1751979
2225385
607775
2450352
352987
3535503
1369894
1970851
257233
417036
801174
3444076
2399872
1371782
88833
3187422
400788
229596
48024
59350
3131909
2980137
665375
196891
2163568
808324
1863902
2073632
3614024
1389259
28730
1771633
764285
248378
259135
563786
584028
791978
1327078
2674691
1912876
2157510
1762978
2574976
2804702
1523403
255549
2087831
2306843
1924294
2753603
748043
1694137
2226168
3600523
1644882
1221257
185738
834926
2276878
387093
2185414
312309
3652002
1453052
224867
1198624
312994
70680
546108
2854591
3205203
169441
3957384
437316
2076082
2993165
2471355
2039132
213398
8633
639392
425902
2121667
259914
1909037
1558225
1019952
2868578
106782
3559475
1111705
166318
2496895
781561
2782712
958617
4104000
2694231
3742661
55508
4315944
858470
207300
1495304
2383206
1978831
714090
254620
261428
1117247
1925542
1702476
1600338
1875474
2446499
15667
627253
2353016
2772971
1478996
1618453
3003037
289507
3408875
1900776
1303922
365500
2617946
466035
279128
2562466
2044319
2334828
879502
644378
234072
1974675
1732011
1233686
3050897
759915
496347
1705708
516363
817138
51635
2045552
658301
1475812
3137128
218049
3377776
599906
753639
1203404
2741050
2200366
159930
432822
381516
500886
89291
458984
81915
1452444
2631968
1728853
1438682
2003982
2507018
2200690
1584067
2306525
438482
410730
1734188
2401472
4348410
1704641
6155
3792882
3568870
25240
2239349
176899
492322
938342
912397
2471734
2623480
3953672
698616
254716
550824
2921087
2135678
2846390
1706973
3661298
4271887
2697361
1505786
1928491
188739
2232011
1551468
4048295
2121056
1266574
912429
1371145
2450730
3052907
419535
208110
2671730
2281747
1966098
3325808
816296
991964
644901
1752946
2163567
506763
944526
230313
524150
3609318
577363
724483
3690376
418322
292949
1700879
2252481
2446643
1719940
2214023
536209
177539
113301
552592
2282720
1662688
2242593
1215116
2543643
949542
475961
772725
2607392
3419010
40471
4100314
2495085
201182
285157
30101
856737
2578217
3458792
1551908
3300674
3055163
868761
764623
1438539
2653787
814112
27106
692689
3459942
1552348
1220545
435402
933047
325310
498438
135895
766930
3520969
442321
1461948
970489
1105282
366306
1769729
787849
40245
2108397
1387782
1558280
373136
1699642
223640
1409911
2269065
1945913
3878555
431113
1509340
331859
272259
945372
2025961
847580
1436751
2162343
2497449
3590233
1164334
394724
1076382
687062
868190
3091273
343487
494467
1335379
1683766
1649716
773065
278193
1569684
21703
195092
168430
3331328
184818
347249
1154641
103377
1820580
2322506
445124
243471
2308650
198254
1346236
2006325
1541111
1011300
1873320
944022
1341817
2017356
2352985
3445583
3804109
1392555
1797034
1627715
627151
108229
1402802
1295780
2196101
3957818
3192468
78496
939038
1246785
3499095
298744
1646736
882211
3069781
1920362
1610459
1139799
198925
775404
2926054
443516
1478523
1564650
937300
1921161
512827
115746
1809050
1547465
1852937
3718089
1692472
327770
1806812
1228211
2232105
2160307
3861843
688946
546677
2632263
3358094
1519194
1927738
1437645
716681
2570055
1109607
1917036
1330124
956529
827638
2787260
326837
956021
708687
2919941
340147
166272
1485418
233201
1978040
1249201
1005377
2344789
307554
365751
990463
1161553
3917443
828967
1195787
131136
1342364
3561313
782035
1442633
234156
1660433
3470530
256954
538951
4256867
580807
2240071
1574391
4079101
2308997
586948
63758
1459077
2484459
1054605
706528
583858
3488112
1212469
248147
1329083
381559
2120541
4128262
1985083
970165
198488
791288
2909754
2343399
33631
271468
63908
2466444
643053
2511762
332694
3458638
696068
995612
1375618
2991586
1650280
522329
2819359
451366
1914709
2854710
473840
1004226
1701675
65581
343683
1787696
154070
2355068
1688309
799123
2242335
1588147
1046334
1265380
1050852
2029773
759461
1109752
661719
836989
54848
3736527
1359883
1739479
815479
498250
1495921
206140
1826165
2150778
2258261
1937787
418033
1063939
1150124
1739139
3860994
679906
1044646
1920101
684278
1513710
533410
1275311
778849
4250990
1706147
2106252
2702327
184832
1889353
3066282
250327
1791492
468450
1342162
1491143
2407236
1185042
267346
892612
187967
1739212
1219061
2567983
88462
706676
2789824
2702362
3094081
1759469
1944673
3649934
896389
815454
273123
649217
845920
678198
1641989
2447822
2461007
1835229
1884400
1026000
639121
2604524
2206053
1414208
536377
3106150
679217
3032947
666157
1522281
2391440
321847
679148
574818
2083545
318653
1454299
2777265
1080996
2763484
1258228
1554984
240210
1579816
1812264
3514257
942094
2027816
1032646
922796
973792
17785
1397075
2292553
323020
259404
769386
723684
860759
1315457
924166
3626577
869553
2821310
1279415
2008986
1182169
109112
94931
161836
599099
172795
2300372
1723052
2260745
1601398
2009375
2545299
2103596
1551913
1220582
1757970
2545974
3221849
827338
545784
409692
1442143
1785588
315133
2203453
719824
1813846
254589
3756870
561971
3957908
200299
2742128
104171
88240
2022108
2129870
1233044
662482
118510
2460745
2445134
638345
463108
2732589
2429564
1150449
1948856
1063902
186118
1292664
286426
818934
1759377
905892
754392
658116
1423441
80682
1669674
622469
114196
714180
969573
746809
931312
284635
2165979
723394
945767
2941209
684814
2192864
895011
219413
2151275
2549993
1759006
689533
4322946
1722881
2498932
1313306
457166
1990730
2890073
1322533
1742511
86108
1345182
604731
2083122
436349
635144
81791
611656
1849275
3004573
1871372
2895160
1101879
1590484
2733511
2071239
2635700
864016
650303
2209448
954820
1064437
198476
925109
1335181
1066821
258775
450057
1810714
2121791
1924095
2631158
1631612
305141
646728
568228
721094
923940
3231613
844671
2649156
2021189
1471808
31932
246205
965016
605356
1477210
1055985
1157817
2444839
188235
1274319
559126
2522275
1166539
2368256
1298024
3285885
596769
341838
3744879
1776214
1219910
2224751
304451
1302768
533207
1994649
2569954
1686813
134552
359082
3097161
315825
815954
25867
2124610
2056762
1584497
2009019
853542
2429507
1993175
1681108
2083367
1229134
836126
115810
3049006
758554
2339905
766607
990268
2575764
3542887
1124690
1422736
2762891
2066928
643704
442140
998462
1022611
2023598
430976
510525
3274627
1547659
1039140
2577952
1043527
3047312
1694038
1013156
440531
5893
129729
1301229
1391447
1754474
1293377
2914230
855784
2072721
545048
1811504
3565700
274010
1129427
2201150
1355957
911573
1311226
1564978
1368351
2835663
1521087
771822
327387
150624
2142181
658599
315254
591017
2416745
467514
341459
2401020
1642249
1580202
912588
712774
3217861
1889244
761331
334087
3985645
1549332
1356571
888144
573008
347978
35069
2103088
791007
1884418
3164761
3241025
316942
283119
3075980
1576803
1316830
3258811
365173
2128353
1840841
3501916
1802536
2324255
1711897
734883
1895525
3354415
37727
2765333
2277439
1537167
3136536
38770
799433
273145
1958345
470120
751377
3894152
505934
434753
759812
215985
54802
596690
1538869
371664
922503
1305732
3804980
2839796
340729
428261
3251779
1564796
1808858
170850
736937
393475
2767536
217765
663972
714992
2651523
2749710
1011100
458731
1589970
2358487
1290278
1450547
2722328
2028961
75850
2818523
1167512
281457
3527869
475480
1090090
1802905
1807963
986364
2224031
3150375
60068
1234888
779314
456773
1620588
4386357
1600292
1471701
1998731
486997
2693294
213230
1706280
3443376
2027827
1053663
2427910
2628264
3392256
1498195
504180
784675
359963
2165277
2734412
385326
1071677
883003
1488751
2480367
2593876
89874
1454054
2842788
534217
1824726
684519
306266
572301
3329759
876718
1040325
2663686
1799375
576006
1527564
2531001
662160
1448320
1184512
2806412
1077726
1379794
621658
1733168
350664
49904
945186
1196474
1758613
1950056
1178429
1785844
1307268
1083903
3756714
2576790
848724
1706227
1157850
2175697
3343991
1357806
572669
955467
2227009
1534665
1181066
2064222
1738710
700388
57526
1929272
1975538
65793
1063865
478889
2167973
277714
154434
2119395
1340204
161615
796588
4362038
1223465
128663
837792
672437
906103
834636
1223562
2262424
2604363
809429
2860717
309171
1050420
4029404
534873
3651393
1008869
1685557
1405256
1338772
1836123
456426
2119390
264488
1382062
2684937
1939300
3987255
2291094
1436895
238516
929675
2723205
426641
250544
749494
2425479
212157
1333522
610132
1962297
2856516
2658564
874497
120868
143643
800721
821596
1914581
480752
553884
1789560
1909021
384634
2053651
550896
956798
644430
3339610
3640530
2620797
220351
423793
3038305
3119509
691727
348586
327100
145612
2497577
1962014
3356894
1123970
2440491
3231509
2905924
320912
646756
176025
469328
1000076
1226534
1788969
2692952
518683
165561
1833194
1605920
1348564
212348
120249
1711525
1426400
1093366
167361
656682
324498
163834
782127
2707713
3549441
1025103
252710
16048
407448
1611037
1079625
2012186
1736943
996698
2690388
150764
4191685
1676372
307513
1618177
573962
1949950
294653
1628477
222186
2914472
1317016
1408276
337283
972878
429729
1606046
1837964
459091
3421241
262026
287573
2752327
165861
3486518
1038704
2002103
1227357
1979394
2413253
187127
2500256
193278
302244
1406284
150462
2834132
2735624
1996768
415983
241113
2311185
60338
1747645
1575121
2794733
2310595
481111
2232289
1393066
666607
2562095
3014077
66092
3135447
1181112
1317251
3435966
3073559
1117051
2961217
3562133
2564367
1399320
1208148
1033228
1305013
2293408
525216
2582607
2960028
3403616
525329
1658016
608059
343726
1296937
1556539
1667123
2474922
1803596
475117
3280831
512435
2381509
1385083
1116743
3433234
981476
2875595
3605330
1817115
2339611
475897
2277348
2343262
1480403
875793
1387449
626135
1177719
1073817
1421087
2666119
1850511
1673251
129040
1062484
1105255
1322187
204221
262247
507608
407454
1306807
2652769
2658065
2273531
3004338
342299
1139970
281315
200037
666537
153225
183257
1659236
4201936
1922471
2041637
1171423
29836
2894071
2585498
683564
1099549
1774705
1869764
10722
475978
449645
1464172
948943
2113216
1875297
712788
100048
73775
2470227
112312
216880
850063
1597960
1833124
2218318
308038
2573101
595439
941729
1207736
2568320
2049798
154218
3638493
686103
3081578
165042
1641074
164890
613138
600251
2274073
822116
101890
2236960
1349150
2706212
955786
211137
584037
2237918
694307
2579117
1325785
982316
3303877
831969
991367
485454
382399
948893
1550542
335510
483405
1743106
716281
1377232
1275135
1286682
1054867
1281302
2511423
407615
257448
433060
130534
645812
1917695
2195166
107587
684706
2229607
354836
995443
1134932
197994
1960375
381565
3116567
2928913
1580313
560593
2067214
3446418
1654435
1982635
720535
455732
3172516
353466
796998
1695638
156157
2538334
922177
1572227
3665319
1999605
618354
4114079
42886
1186449
4263849
1041643
367751
451259
2271339
1244879
1306738
1437853
1757077
17705
2451471
2679328
2245092
1945049
3050539
1964984
1054969
3040689
470783
3130344
938419
474059
700947
1840732
1713691
687602
3940330
1533651
170943
177265
1610767
417455
1267589
1827261
1014774
697665
956814
787456
2557203
2475292
1098848
3262594
291342
424845
2076793
1018088
1024553
1976286
61732
1069258
1937645
2416100
2237167
693039
2389496
3073477
232710
3847191
3528506
993754
928223
1301537
1843566
3956777
486789
504936
1592579
667810
1351665
2826994
305389
432881
2398502
298933
2220297
2564103
1372814
444903
557730
1325182
1632766
244635
3053481
3641462
2837973
1027070
604675
500803
2026467
842908
408000
3318496
1430491
182438
1708219
788369
217691
1262521
277214
804752
1165094
1713820
1256668
1632726
2241542
2875532
189571
2813512
307815
343236
861056
2502735
1394711
1556205
2609367
2319072
28125
3033738
2426349
831824
3272423
2198511
2974191
2041404
464142
19128
1107785
2341167
739575
1515795
1897731
711302
2144295
563338
2439581
4014040
2471602
1844383
635234
3233243
984446
1370838
707610
376062
1093697
2065317
485434
1001462
1001890
1638709
3181200
4420
713170
2625808
153347
2210665
2662124
2066920
952444
3612203
1138593
1441901
3249425
416110
372589
1248875
1804400
2455502
2628015
247079
3210301
3458251
2101606
2291401
97892
472967
373707
1887780
660902
15688
256126
692389
1407122
1347403
452346
3671054
378090
736597
3620
2687718
725213
1771582
3053913
223507
4218641
1186111
456171
2833009
9419
787593
1420570
2239412
858046
1864148
1161234
2077708
674638
395470
2325717
132729
119815
690211
1845273
886418
135277
1386930
984679
1387767
55943
2054248
1679553
186420
2891421
313818
889360
182567
834449
2378879
268350
411233
1444558
2136623
464912
417878
126841
3333950
3547442
3690461
903168
162331
1670946
841339
883335
256565
1482529
3316940
1565773
1650414
822789
1547150
366895
1277617
2165753
566579
1206570
845858
2757729
1032671
1733574
861980
2724407
1615752
614523
43849
27311
39763
750942
974105
210913
669531
3785295
2804010
645525
531471
947016
152958
3066940
767299
273286
812169
2373160
1004281
2577689
2570064
2667910
4145814
3581063
342644
835145
1304161
3307188
2659140
2592821
347165
1082432
2070577
1611637
3279343
184553
49311
134659
2335045
2534741
2943884
73753
617745
1095758
947327
2448728
1267735
1949060
1883965
3692022
2082950
318087
1502550
1315474
1207352
583832
1335527
2068647
3875485
2374654
1242263
2037687
2337084
2431754
2416445
3133563
945447
656569
848935
346197
1751864
1686534
2150945
1020526
2297176
377437
1948391
1035818
601791
1343031
928750
3138429
2506276
457721
264448
1066664
290891
1485985
704108
2164449
1092194
628909
823105
1265953
4015483
2962082
911846
1881873
1053712
838013
520328
1431824
1999308
1185511
595907
322738
775630
2231188
609339
1675675
97199
837943
140758
903203
244350
2708232
1657349
111943
440124
1547248
689135
138544
1067545
3089132
2388279
1221637
959785
570831
2455575
18585
3980614
1180886
2696951
1893675
2413145
1061137
309992
2713067
2887651
281132
3223494
2738520
570152
854288
1683437
842796
3994882
1825803
1810341
2236627
1079257
3799650
466210
3798814
3338208
168954
2700983
702878
745613
1800053
2148951
3385486
2326850
3513639
688500
2682724
529673
2176356
1111062
2596059
96655
1862623
1633032
981521
556976
2767082
1939702
566772
3435775
3047988
824255
173264
1092501
750677
51257
708587
1304397
1898019
2715847
1305334
640163
124898
2861961
107441
2415252
2522453
476700
257239
2052429
1544146
1168586
874544
1179630
644155
2125056
168623
2660608
2875459
3617553
178981
846587
639572
1155566
1807639
114846
244950
127275
158187
2831969
1851430
1548102
3453404
2812482
2535925
1852220
1269375
1456066
1525572
2319950
2177219
2861300
1477212
1074864
505258
3410369
905306
2395935
979429
1025871
695557
533908
688776
776766
2499249
1327396
1097668
2550465
1327990
897967
1585403
51860
2149502

Case 3:
479884
2310074
2449
528276
2533237
946461
1461328
917365
1279331
1438754
2955273
421227
357424
91339
2289574
2274092
1078804
1742172
2798100
781817
719486
1506659
119790
1579941
48154
1244108
1341390
34849
2931144
1238709
630446
1630991
232272
601320
2147026
2099661
1213752
403755
1872899
1514594
1897295
2547687
330668
68196
2196023
1521878
2362364
1185056
788677
397287
102444
2236414
1559626
2444856
1072673
819825
3010702
3473263
1323346
2187804
2314
406611
2733626
2524043
2310087
1041878
646740
2938852
3047122
1831489
1857018
1254814
2116545
2672917
854859
1980254
917512
906583
688770
2543709
508735
488485
1031050
1147087
2794873
2750609
1176977
3865812
886418
1061948
763711
2023532
323873
330004
1465383
2751484
530170
404268
2136736
88419
1053878
714195
1023522
698038
793698
2303808
1576560
1710189
2083987
2259063
470893
2660555
1317977
1592672
2554063
1494699
2017844
2808339
29827
100176
122508
2653929
2271399
236186
1289078
83376
1042758
317978
431602
274479
635333
2206950
831816
488525
365958
1900513
606419
859863
1321035
436716
2119046
1337235
3568406
1247556
661509
1048177
243407
2169477
1063666
305953
36924
1037135
1561582
1001469
319069
1080840
32944
917832
1465924
2379545
857323
2263743
1504042
375162
1504678
2030
325046
2135017
1310957
484760
243818
2065554
367591
839510
1903664
1111622
344634
2433431
993825
1238778
65843
600008
1353249
993969
3186236
16502
834309
1131855
545637
490019
806469
1996170
260741
1573870
211265
1805805
254241
457531
481155
895491
3272791
572299
1882278
1023493
642845
3734586
362380
661300
2879649
1494336
2650328
448402
535049
1610661
1847114
1995866
1178896
1025632
834316
1725253
1292842
3548630
1667985
677184
2807757
53639
3154545
1138707
2361716
58251
2468061
19386
494080
471278
682102
140031
2931517
1100447
963190
2469986
248899
998327
2086826
2915203
1293540
731582
360524
1100414
587235
2043200
1006548
277793
364123
350243
607276
1524800
991561
446416
2772969
1796575
1028694
835386
564091
745261
3760258
2043441
185946
519436
455176
3023144
119475
2987222
6553
1156252
1637830
1947329
238321
770654
875027
228583
1389334
201922
2631675
1145573
617227
58054
437197
1908317
2068949
244672
649128
1924268
1952460
2465966
1891170
2931340
733848
106475
870609
2594496
1282220
164222
1387303
3046056
91418
318472
1085465
711398
3552479
2307236
810294
748227
911833
2313597
2631801
3733786
896526
910606
964825
290581
853251
390920
941007
337202
1708387
2876851
212720
1762439
491079
1832146
147055
1171892
1356312
2097589
1760552
541173
2608692
1062467
2891360
1301445
58238
435523
1037126
331484
634402
403391
2248936
281592
1655661
1948339
1333045
1647765
469092
170312
807607
541213
1144364
633389
992410
1412679
2116244
619998
3724607
806379
926890
1578989
1889379
1767750
184002
3154340
3320629
2154367
1810568
1759387
412163
178494
3479401
1730455
1576841
2143730
2292538
883796
2128551
652456
698631
702907
1113175
858399
158161
243310
733682
760675
453750
2912358
2102881
172794
2132369
2576362
1714314
1649124
1360169
1792179
209326
1849590
3493085
1188782
3073851
74252
1798357
116736
2298430
3255435
2538144
396400
1805999
282727
1661339
1439563
1707010
3273858
1249737
932309
1810309
1224136
2245513
791967
970028
1889617
1847492
116643
574303
1131162
2019820
1441980
2738335
1394172
149867
311883
1118275
2955071
1670836
2673739
488983
292654
1254445
2501359
138812
2507981
1299586
90223
1308332
1681937
1166288
1347216
498923
1433906
1279482
2791278
696720
1218415
1673437
152300
1121222
2443046
1497865
524093
892266
529338
1757673
605743
793597
2230898
254223
129967
529617
450094
77254
1074995
501985
2730697
513765
2420770
989472
45839
3378058
1747963
1581871
453778
2020794
2007330
367918
1247078
1395145
2520101
215569
2041381
329808
475668
2456421
340392
2623101
1483988
1195798
2753404
2479701
777533
3328917
574426
2047653
269761
1984410
1546751
481762
483538
58126
527606
149943
573440
336251
1517053
1597963
529942
107274
3791437
392986
1954007
1761973
295338
728129
3042877
836086
960995
851636
786138
3336901
945535
102481
114144
850410
630504
1274208
735229
326067
3000460
1633929
2562225
2514788
2283037
3028243
393929
2402891
742103
865517
663342
2044798
327417
1203700
1839183
1308647
2464371
1562414
3518965
1229445
655076
1446980
664050
1027171
1861552
1994577
1893356
2188028
333712
538767
1610102
216191
339211
648138
298279
894328
113540
1822201
1844748
66789
435941
608340
5204
825608
793501
98104
1554351
2498546
2212707
945946
5947
139262
770891
1110404
1790045
424248
2335146
1517106
1046932
2083780
860117
86794
1340341
1698046
1919927
1360581
2113133
548387
792153
2745088
365046
46880
806363
332806
3330922
1727782
2089580
323619
2384562
2105856
2311751
2030957
1315406
2705364
908461
257335
679897
960658
1606668
741869
2225968
593553
1741341
469697
2491101
215703
1964520
59075
1120409
30777
1524376
2908016
146241
2839235
1742228
1240473
180853
1590857
698716
2177220
392624
2957550
142176
1083510
2194338
65457
1986979
934564
3657177
2060
1038017
1703980
888354
972656
397399
1615911
3108560
3016873
180186
1437523
779548
2671704
386914
3433422
1435164
2281951
1120836
680095
562257
753140
600292
1348491
484530
1515917
211321
467676
321067
2207550
741475
2840400
1610797
2251035
2021320
12195
3099637
2859491
159667
40779
673291
2114217
2259357
478578
358071
1221071
1181724
1214195
1032359
2818977
1641543
2109123
2319995
809265
1945918
2020837
2727923
2867362
484013
994477
1101676
512375
537064
1310067
1791077
469349
2615346
231086
1445685
1723258
382198
2474089
132052
1183566
2244352
659517
2179409
1955671
1010262
1703598
62451
169612
2910440
2203383
1053494
899266
400585
209325
1380989
1166870
800493
114934
1051789
2125723
1060957
2843840
1938
122269
1784185
1186157
659399
265685
730872
2244501
307371
225627
867636
2359948
1599265
1288955
545145
149816
9673
1817244
1297018
388761
852605
1068804
3727205
1467263
1737859
164232
396654
291131
2814480
975936
1281631
982648
2378198
2523873
3336852
537642
1677430
1203380
1570365
2755330
1579704
2639000
1348896
1839169
1190112
3300275
89327
1229135
331059
1815068
1056239
3620474
1118107
418292
1298701
283204
2035237
408595
3948186
121416
903705
735882
1246829
2270849
1819279
9000
1458322
1285939
1219742
1191116
981533
1914250
2246638
601387
1358161
3019402
1596114
517143
834909
990708
1829082
2427329
3244742
1173290
2630436
421535
1153178
3434255
2200901
2567872
1758738
1497755
625984
1971566
630614
1528808
289128
118208
2655529
2151041
216054
628281
1145349
469367
314678
719140
142271
750855
2745244
1353528
2418650
2037206
2342767
2039179
924686
637217
1820665
1561914
2917290
224689
1101220
1118569
1066020
3583244
562408
1698932
2307804
748317
1227684
102018
1119222
3632660
3262492
3361259
998957
1764603
213141
995290
373804
2869545
1241639
1890255
1813002
1354844
852945
237673
1565254
2555025
1705314
3559003
428380
1854353
2559586
511743
2868360
338781
3298523
899033
180689
11212
1998018
222036
1541138
1058490
1601386
2701372
1539927
2867277
1173700
1126103
3037747
1705542
259165
286756
1454414
2488071
1376761
2063573
235147
472098
359720
271695
1226906
1050646
2623109
2242018
496663
1405464
2052210
1930894
866762
1817386
428757
1039727
571527
834773
1132561
2001761
174001
2721617
3429506
2534534
331127
2651659
3684504
795704
3357947
2583659
25094
1777446
612126
270676
1005205
1101984
2762558
477241
472358
2882135
3521976
83066
542974
457420
2390455
1803297
2364349
238293
423323
1674186
2932151
396912
1963670
1013486
2161912
34510
65343
1387890
1076148
355105
1189693
665761
339063
416432
458473
2804328
464065
573871
562099
1219906
770936
9567
847348
2663456
2285973
930324
2672818
2040950
1835303
64604
1278919
779952
1870929
805782
1552329
1350101
1255408
1028788
2285506
540214
344458
317597
1472767
1516373
149267
835908
3411391
2574295
907898
478825
347557
1390779
2128008
1047642
3292334
1292231
1324654
1821512
1840594
1624794
1708556
229863
2338400
2453502
1626971
2770856
685519
1279174
2262316
1033218
477308
1398632
532284
88053
3015687
447826
2546416
2991341
26547
1841450
1523283
312210
2319823
1313371
305743
97358
1430048
1947098
367849
1448628
3161711
3586662
963136
1314950
1503806
1691340
2428252
1743494
2756875
2892801
2494849
1970748
1261942
1669178
2630402
16711
1803954
2178292
1458249
2348331
1023339
636191
2341422
1068473
600318
1254600
972658
913884
992536
2495343
3845770
1953107
3057775
1379882
1976563
76502
3072543
2554246
2444722
1407289
1668031
825588
435615
2883657
382950
1384801
494241
2084995
2136418
2213172
955923
275693
1126736
156333
1302203
1393311
2058717
876366
425656
782369
540156
1386135
1694294
1366404
710694
731261
414295
927237
1540534
1549320
1467080
1245250
604296
1204130
1004520
244723
2090378
556387
1998510
385575
1939669
1624005
2063213
458146
1644621
525491
508759
1535717
792376
469255
491345
343063
2608963
2889750
985124
1805716
1328381
1724802
470214
409873
2692373
122033
1581531
2381985
779480
175044
1376496
1274456
676935
1005278
1504773
2065354
795344
661669
135929
286186
1562864
552174
309617
569108
151907
2238183
298992
222534
1266389
1106973
338175
2364550
935141
1947176
56212
1344158
471280
3362143
217323
3604459
1478561
168606
1757714
1114796
1121328
416413
1718255
943750
1779353
1885356
241645
3859934
2163433
2312737
680741
971155
417320
532918
606836
1064367
562682
2439657
2561897
932208
151748
2531972
145801
657025
336070
217501
2065595
1836059
3013433
1632066
762164
1329399
160987
549733
1764395
1961634
393209
570037
133448
362492
3048460
2352118
1948877
1303163
53817
1343900
652975
1231788
3221716
1582698
2654536
2335146
2763968
3096396
273997
1474645
947445
149052
521337
419203
1412436
1258638
483481
75298
133091
207520
523841
630938
194086
2092789
1086851
881691
1684985
2062282
351887
506397
1714306
2050002
2136932
77975
685217
184159
1511783
36303
44223
1216911
821925
238731
3364069
1170613
1818681
2677196
766244
1496630
1845548
236714
97729
3161736
1751996
657386
973063
1046739
621667
1265957
2473605
1298853
669610
3970925
1375270
3512713
3286023
200852
594075
808087
3196185
2342767
3460210
2434911
1275971
58715
2310863
97857
2731364
593941
626546
1910979
3579187
1264847
2126089
1774550
1358905
1107425
60685
2764816
1518494
3165704
465266
467531
933354
2616035
249909
1564408
1584635
2833868
520402
529237
1523850
1565829
2547002
169094
606645
3728
211945
361158
123498
79915
1072728
450968
583016
1116232
46669
1633946
1202898
5628
411485
1236960
2307324
311662
457870
75796
1171997
2653815
1918839
2871659
1222610
1021653
3091849
89050
3044020
178420
1338402
2981221
552091
2404681
1650826
1961630
2787463
366596
3578980
177612
1458728
2247913
1493257
1887994
95504
482204
624044
1056338
946566
1322427
1455570
1033062
908014
286878
132043
213432
772600
70459
1883353
286398
489927
1913501
3201485
1516029
3243590
566107
630833
1526137
147340
2548509
436749
341983
544342
60442
1381280
547559
564183
1602592
1712151
2495686
1135369
660478
2442167
3070939
170364
701034
1045073
3421973
327740
395432
1855485
2224552
748008
1815868
3092683
1137748
1370629
714269
1159467
1836937
1609559
70863
302473
435474
2363150
683737
620565
2688196
2900913
536996
1403558
1078098
1390868
1380452
971328
107038
905176
1950518
862898
2604750
1299868
188930
145203
1195198
799634
1904847
471791
1130277
2011471
20536
887593
783146
1426788
1385925
2099926
1600994
3372425
517610
96758
526003
530505
1165786
2319652
280513
419648
151563
228066
1873906
2923846
603530
2276146
1027264
1778906
3464501
153028
1772115
743806
417383
1286855
723037
290410
131331
1293409
1107174
900448
548913
3486356
2637408
2450709
2225988
3637649
3111743
282260
3149912
87982
662540
613522
3617969
1130745
147045
1269071
2830726
2628089
3625245
3078552
218591
2166303
465174
595935
1213191
2718541
49909
767878
462959
2130671
1485124
1329146
2671192
2633294
1528394
57673
800120
529198
3395504
3490784
882137
1732974
1306497
2217496
1411417
2958490
2413741
669739
1418049
3058070
535253
2874382
1734869
2000006
746030
340359
2548243
1573621
999977
252156
1042384
1745416
154120
194188
3557420
2940283
1685323
609542
132760
503197
231648
1925341
2308371
369646
414497
730371
613967
2404629
1131835
3729230
1978738
141841
654986
1154171
472009
699868
995275
1647560
2582887
1185692
2745561
2864389
1125595
1333594
2245514
154899
678690
34603
1178858
1105813
1028576
2226213
1816204
522855
2532333
2274956
1201141
2056595
762761
1513322
3160327
697532
1932627
1653244
286214
1897244
1279592
3078329
1262115
56777
1058061
1368477
2086587
1056646
409475
790686
460836
3415593
1979899
1113014
1477081
756990
642383
1863133
618407
1459009
2647976
1127968
578868
1420642
270720
1874013
645068
3246391
588019
102257
112133
2006063
3622165
1150559
1324264
2468783
1476827
929985
2089972
44181
503195
1045012
2376358
3507246
222137
535477
375723
1143226
1706953
2716783
894721
975138
1330849
3202041
3202446
1990194
2466399
1090790
2160348
1253028
217249
507886
1746896
533793
1013537
1396700
1976403
898527
454238
626443
368719
1435376
2149391
3382456
307810
1199384
99257
1931774
2823788
3829683
193235
60974
453338
490977
319624
473879
869265
3586237
1623919
3858738
2455548
475310
1286271
2228475
1944314
2144405
618699
468157
1454641
83737
1668397
2324177
3169840
561846
2617643
3052481
1347582
604381
523101
1414197
1763534
1225218
1684605
1229383
1935803
200660
538716
1428354
2974007
3324960
236510
1591608
1853962
1807889
555646
1891209
703913
1106372
2490048
70320
3197463
305690
789444
2086739
1138624
2829812
124425
2434980
1011853
2885665
2933866
582372
1272898
685821
1279286
106146
2134098
851133
3458256
681566
2369721
3509705
569860
1913233
2059201
2325302
888381
121294
1750009
2877120
1123306
1559540
1704193
1389438
1112941
353575
2742813
7305
2735177
1186469
1691419
598238
1545915
164516
2271640
1139833
208711
1096671
246356
120285
92322
37922
536940
1981797
989875
402810
1192635
1613445
1409522
2215611
1636599
1552097
3713000
229900
1366539
1602998
3007457
3372197
887156
2474429
2295518
659977
2342631
1040915
1138660
2003257
1552883
793776
935139
44627
1046420
2538373
205164
1095523
3191433
594377
1213579
278269
730906
833936
1749927
497444
1486012
1027452
2114062
8939
318434
3411082
1329646
1335809
1145416
835579
1437270
425865
579485
273032
181495
261361
1621305
368001
1601352
488258
667942
1475721
1173315
3766834
321813
206916
31017
30890
1256843
1133119
100699
2273665
848838
63736
445740
393899
1411555
3076673
136642
3133300
2290447
331082
1290236
1920241
408673
1660294
1133437
168300
1211306
418762
479303
512416
120930
1896154
685538
830268
1111095
256003
573596
3873010
1690912
158997
2151650
2858387
55824
1913849
2557005
3280003
325942
835449
1020027
1188576
2991649
2635078
1306228
323132
2849459
1231682
1419996
2451103
160169
1578169
1956046
96399
2669371
2788797
748912
2525532
1170104
1940485
217892
510882
1298001
1936860
34122
541657
1212593
2358214
963507
1063991
2418382
75968
248348
228868
599325
439867
245662
2514575
1985828
841147
1680499
1010270
921266
106987
1378507
3638113
463104
1213508
449262
3087225
1384451
509603
1981795
2451731
294757
1195836
796663
98729
2138695
18456
3434450
1784803
1187479
504397
15513
15405
363042
398037
1725231
2385170
1315810
131611
2307452
2621651
1713418
599261
2252255
798713
1565866
3130624
2609389
2211202
1408714
181797
440001
2071391
861840
62637
1120986
2712069
826121
3001773
1025529
3067332
1836601
796107
1062662
775473
2568558
2532038
11769
733339
331279
169704
2832529
2639318
1705151
245957
1412006
2612001
279542
816229
2446960
1201020
1484000
977362
2825100
1487022
3390498
1463366
3236809
2244435
491536
1116063
415467
1732304
2656983
3325914
969285
729524
2753340
2156737
39625
481202
864838
343729
1018268
942372
2408935
836516
2799170
3329977
677648
1345122
2360783
2401824
1132065
492493
169291
56755
834752
876650
1633999
2134055
2246787
1461831
1135974
3688602
3222992
437647
7125
1291277
2640644
1021530
1534087
3339246
2293364
2615222
1088997
9856
229959
1803484
1004121
2304333
1503656
892196
212493
637775
221351
398443
1688402
744904
711212
562734
1973843
19988
2532649
2952051
3533229
233136
2714684
3689416
800102
2407606
1243550
2453554
1752087
715547
827270
560164
961213
3973512
1689488
611329
2598546
1000744
1489081
961207
2232550
483680
1074889
1330067
1297877
90310
608902
1601453
2413059
2082752
1845007
2990966
1180651
353025
614751
801398
572943
1240428
1763195
574071
2751444
474286
1677859
37206
743006
1021446
3679826
325967
117863
2278123
3163946
1475484
1545811
531137
1616195
2826583
711080
3128374
1171764
3522959
744332
1297419
1079762
1742275
1819517
2199406
1227872
2689335
1015933
1288208
3157070
1910936
594910
2715214
1182937
489041
1186748
2950079
3103661
988795
1104816
1223517
662593
339977
1020585
1039691
76855
815543
312005
1619658
3234272
1654959
189403
1222358
541494
38714
1120146
50867
2538726
1818886
211312
531758
1384090
808373
57792
364353
1855245
1589882
323688
1845414
1329903
305450
824589
230813
1846252
321563
133398
2740706
2632124
1671776
457892
2376975
2192539
348369
3022269
3296384
1444879
39001
222927
507788
587909
1756763
70757
3479172
2380470
1166190
2977099
2145792
49706
1919802
2306153
13988
383031
1636398
725182
1158864
920702
562760
1774533
3404218
2641354
103656
1868401
2819488
469405
130696
1155882
3544235
214498
2265256
2375982
2712525
240607
1901891
656710
1221525
1249420
2802987
1231197
663975
420300
459610
1531690
3825808
1529481
1660769
1992419
669296
3185087
742232
2593370
2366327
3549733
1560954
693375
71346
257080
875586
639447
1692131
458261
835908
2184035
1591863
324818
74872
959942
497511
1741679
449438
108234
3210459
1544312
2465941
3197644
1369264
3212252
1504488
282206
325499
1330610
2285597
2050573
2112153
769426
519164
3501799
8562
736798
1545221
3633315
300802
631551
1300025
348660
3405709
2406557
1200480
2587409
1983700
2754386
2337987
233358
3530843
2375252
576450
383904
1656980
262006
510390
2083968
708887
403926
417055
2221662
3108206
1271729
151374
1696897
2795178
1126984
1014438
1587534
1590561
1509736
1654433
2296297
319259
3447719
1687600
1202264
2673827
494736
825073
1936245
898118
2204606
585991
5992
1712173
534475
2116944
454166
81188
165940
543767
365979
2467948
519240
1159747
416404
2387615
3280865
1803164
1280914
399721
287910
2111443
398538
461039
1887662
3031087
425740
359055
3480806
338832
1192085
1749501
290120
289121
903297
2423058
2016231
1718387
2584557
862366
335563
1609047
2800385
866612
2837331
950498
1766207
838824
287958
3793475
675674
615014
663039
990801
588931
24541
3582461
704128
543888
614659
575089
1120142
2526586
3224915
2028008
1776508
1743755
2415312
3034417
1370941
3408355
918858
2391790
1663892
276150
47543
1149523
2360859
684218
884952
2799604
1338755
1534753
2700116
1176003
1863609
943114
1539132
1055640
2377363
308611
2032169
3200036
790334
2304605
107412
2356184
1212509
711875
746918
3352387
89793
729007
1122534
938093
2566800
47245
135925
2511436
718494
2212343
1020941
1842063
1509847
1480907
1754702
2284576
1276428
1235998
606495
1218278
991459
1619967
173095
1202717
499626
789005
1871149
647794
2830252
216388
483203
244822
471682
507297
755421
560608
2995411
2594750
1334631
2262410
1205311
1232441
3220501
955510
1624217
72735
794079
2234908
2127576
969288
1444074
2652770
525771
17183
1845607
1845515
1904614
345591
512000
898932
2960296
1684532
275576
1526181
329189
1496996
2936279
633688
1852513
367755
733766
2884690
2684381
1663558
433345
956111
1547083
1438693
3379473
70238
990068
138331
1994463
3368720
305195
823290
343722
2340487
1578233
714540
383929
2040319
208716
1642119
1642578
2329377
2987588
2177544
2808531
1185923
1360283
809136
1004426
1289615
70232
1351139
361298
218946
3359449
59176
3767999
2204211
1868797
2832376
987045
894575
662167
832440
2320926
1166808
28959
2974504
3088694
1074777
1957579
328691
1334873
1288500
238520
105480
1503164
145604
2057024
43656
427412
748198
551557
1793899
1343408
782763
1415900
1327348
568682
1352833
761301
2503741
2004136
2207068
85151
1551185
1614857
668852
959514
88011
715507
277423
1973042
2009306
13703
3395188
1201176
892544
1136791
1418757
641610
2051294
340986
3373232
1243226
99239
1654801
2226038
2581170
379831
347746
1209709
293830
308578
462993
1432576
1451018
964005
282081
352952
1524027
3220385
160409
879384
1591379
424605
3875543
1042178
2524874
462991
779805
1316462
1010079
1193724
91702
2378172
2822227
1585041
1084235
624224
1098322
96088
370825
805930
563106
651658
430790
2583580
3588823
14479
882619
526684
1760831
345578
2278661
1847695
626006
2558277
111756
1920940
3260906
2906821
763364
1666309
18555
3741403
1161069
1448132
405306
299352
768518
1073046
1506966
1647294
206917
3553592
386759
746572
1471218
180920
1681588
1124307
1252594
1641668
1099883
1404386
1499809
1647006
2655934
1539932
2853429
2893896
2377225
870704
690410
1274102
2586311
312073
526019
670890
1594655
889012
746967
655423
3432308
934277
408902
1238411
870932
1873900
96887
2304228
123631
1090420
1299671
335892
1865668
591027
896414
142625
3087060
438814
290254
2688122
1343908
982915
268140
1000191
214313
621144
656731
3234058
2730161
175978
1688339
1663558
2910185
663205
109866
3272701
1200741
949441
1447215
2640617
2885732
1518841
1686400
3939817
13470
2296763
1477320
2980047
454195
535213
127193
2848169
123895
2381981
701785
874550
1361487
2364255
1154993
1924095
1481292
2072530
1031418
535119
1255030
817219
343328
1327616
1763278
2255995
3304138
2928646
1842611
300752
741171
1671638
901364
784041
548942
1384125
2298396
1524916
669681
1578380
3119071
1076940
348182
3691130
271043
2606051
1140627
2421566
840969
603090
2248959
1271189
2862624
281654
1297324
681048
777407
962199
1768299
2690395
1283282
401165
2849852
961005
2185661
2969098
2361643
2317771
3263747
1125346
408884
629113
1028401
2006221
446700
720769
1748438
3552941
929902
1661006
1374040
626898
521020
2178474
1684599
325499
265430
991872
155172
326451
613507
447131
2046784
1338668
738455
346845
638343
1592203
57861
628538
78455
507495
1126419
240622
2234275
1624667
2305215
3139781
852027
1948087
159546
245434
175745
1018454
525881
590095
505445
1880522
2701540
706322
274782
3388823
348299
2722291
554945
763685
1863599
519403
485864
902527
3182701
2727129
2961997
387361
158190
3247982
751566
1322699
428040
1354919
3161594
400437
1556573
1600749
1745378
5515
3205672
1220239
81388
2461738
3014519
1077133
480151
183702
2134296
3481416
1817504
253807
1594432
2681856
827638
196512
740982
806359
2820335
328463
1101161
2463182
359988
742001
1553146
984074
44013
1298924
1228323
3005793
1774027
2615953
2172889
876935
759225
175715
1622087
3690736
1422507
1009420
1485377
642374
857932
2999570
560406
2616092
1652912
644246
1729174
2391428
1189627
1744075
301109
983070
699243
692949
1640916
1027068
1252228
43543
1222103
3015023
2682565
495058
1801137
2344486
345101
1903548
799101
725113
2872593
2278996
179827
1493529
538980
255820
704568
1478235
172387
85295
2584521
2911584
2742500
2037627
1237053
452074
546380
1258299
138776
672668
872830
587873
331339
981870
1127307
2203404
2558155
109170
2012698
716269
1163699
2187835
1319968
2637542
1706165
1397151
249330
585750
1995986
870025
886167
912267
2384242
502792
73362
986505
387258
2265506
342327
1069632
1238838
184173
21056
560759
3111166
1328786
1285980
1265395
2969866
1130497
240500
3374163
696027
236452
1280808
2053976
32023
2444508
3107563
638444
2224170
454765
3140871
2348651
414867
301407
198048
2405382
3147352
1445156
533296
1672168
456407
1381674
3706024
1317134
474139
2468417
1238564
1971896
2411040
769306
97378
873516
3651758
720255
448464
2198474
1491972
210077
1179188
826940
940765
1607006
2393241
1302053
2597421
1315026
1261602
2841615
560692
2054880
2929059
1555585
737343
496790
1378925
442066
964132
2937768
797696
3938655
1705098
2222621
2987516
3330178
128871
211490
1980656
2800805
844496
745496
795047
1045192
3136022
460166
108789
851618
3042897
1567933
2268076
1250595
192939
2195988
2253310
1701689
1262610
1312785
304039
1750747
274150
3512308
1179340
390416
316805
1768579
1550514
1360210
303799
2892509
1190362
108330
2803722
1998059
1736775
872624
841748
447790
530782
4756
432208
62054
988111
1984349
1827105
3489981
1909067
689247
1196044
1935109
749368
2726256
802509
722346
2222418
2834538
2474780
749638
735960
2079732
3210359
1953903
2967800
2678737
8631
878677
943930
513033
145806
1100025
2970326
469335
1280047
2642993
2119918
1345781
2456465
1190577
3572982
1414027
32801
2422562
581468
1032080
647041
3073036
85053
1433838
2004558
1467387
367751
3577693
634654
381456
1880790
1250039
1582183
724470
953910
1715148
1115229
1184614
81339
310407
1889408
2700511
131886
1088941
3751842
1036470
294834
904094
2220732
268689
1581226
3573438
3459829
1997177
668028
555701
368617
1954778
189816
1520330
171371
630967
2770664
445825
243504
2481679
1630418
1538506
2428078
430830
1017403
2302158
1962088
489493
892346
1314344
265868
2705447
2019996
872072
216613
2742414
1274179
1888038
1168581
3054307
542455
693906
2644930
2842022
478383
9061
1497094
3574325
1321364
2240897
1259659
3077388
2547216
1630383
1421976
1032465
1383802
2205256
501033
2866150
1076021
450053
3565947
1413204
947875
2170991
1103618
2764144
167820
895430
1737992
94700
399383
495865
2288641
488348
1861866
3472926
222482
1831108
3604307
778934
1581410
37022
932644
1443821
2641449
1947129
1462906
1178888
372763
754184
194214
2312146
2515749
1179394
2322564
2518544
1655842
191706
752200
276929
2717448
834742
2250352
141374
1294870
1702090
1356075
1505227
859091
1391517
3032442
1585069
800499
738802
425474
1439024
362815
469302
460184
2837342
1116739
682592
2698229
2088037
918795
650388
250643
2315728
2625202
2459829
899026
1129968
113520
83929
116707
1509572
348824
2725526
886052
1494635
1123937
944873
28258
2336631
667504
278171
1993231
750271
1211761
1352505
1687208
1900740
1813630
307316
3676584
504758
2071244
490080
620263
964145
825990
2570464
106037
1912390
2461892
1289
835929
2179839
102283
2271018
1563348
3934
1548387
294260
109768
1015463
3438219
1778321
1602570
855609
2456087
1123200
2224907
1898567
1889687
1305395
1019593
1529179
3336943
1917364
3115492
1224293
1305736
1431713
2687244
273375
10491
1715173
3559901
1527024
3239101
1341321
169356
740436
1326972
955745
1107100
1379903
571096
1036926
1621296
550995
483389
2750129
575241
896143
153723
1022907
420203
2608840
2523221
433151
208172
2753912
1009942
2589661
50615
495062
2225004
225284
1712905
1776900
659277
988812
859363
1067269
2140530
1189744
1519193
1390455
1259680
1834389
