106 1
105 1
98 1
91 1
79 1
76 1
75 1
74 1
73 1
71 1
70 1
67 1
57 1
46 1
42 1
39 1
33 1
92 2

96 1
72 1

114 1
95 1
93 1
90 1
85 1
84 1
83 1
80 1
79 1
73 1
69 1
54 1
41 1
37 1
33 1
118 2
110 2
105 2
43 2
106 3

126 1
119 1
118 1
108 1
103 1
101 1
98 1
94 1
93 1
90 1
89 1
88 1
83 1
81 1
80 1
73 1
70 1
69 1
67 1
66 1
65 1
57 1
56 1
52 1
50 1
47 1
46 1
39 1
35 1
116 2
87 2
82 2
78 2
71 2
62 2
41 2
34 2
51 3

119 1
116 1
112 1
107 1
104 1
94 1
93 1
91 1
89 1
86 1
84 1
81 1
74 1
73 1
71 1
68 1
65 1
61 1
60 1
53 1
52 1
46 1
45 1
41 1
39 1
32 1
109 2
98 2
82 2

122 1
119 1
118 1
116 1
114 1
110 1
109 1
104 1
101 1
100 1
87 1
86 1
85 1
77 1
75 1
69 1
68 1
67 1
57 1
47 1
45 1
41 1
34 1
124 2
121 2
102 2
99 2
98 2
83 2
59 2
46 2
111 3
72 3

108 1
96 1
82 1
70 1
63 1
60 1
59 1
49 1
33 1
120 2

123 1
120 1
118 1
117 1
114 1
113 1
108 1
107 1
106 1
100 1
99 1
98 1
95 1
93 1
87 1
83 1
81 1
75 1
72 1
71 1
69 1
52 1
49 1
48 1
39 1
34 1
32 1
125 2
111 2
109 2
105 2
103 2
102 2
92 2
80 2
79 2
74 2
59 2
56 2
51 2
50 2
46 2
41 2
33 2
82 3
67 3
60 3
58 3
96 4
88 4
73 4
65 4

124 1
123 1
122 1
118 1
107 1
97 1
90 1
82 1
77 1
68 1
65 1
58 1
54 1
53 1
49 1
45 1
92 2
51 2
47 2
36 2
33 2

121 1
116 1
113 1
112 1
109 1
106 1
105 1
103 1
100 1
99 1
97 1
82 1
81 1
78 1
77 1
74 1
73 1
72 1
71 1
70 1
69 1
67 1
60 1
59 1
57 1
56 1
55 1
54 1
46 1
41 1
37 1
36 1
33 1
123 2
118 2
110 2
98 2
95 2
94 2
89 2
87 2
84 2
83 2
75 2
68 2
62 2
48 2
40 2
125 3
117 3
102 3
101 3
88 3
66 3
53 3
34 3
32 3
52 4

122 1
120 1
118 1
117 1
110 1
109 1
104 1
100 1
99 1
98 1
94 1
93 1
88 1
83 1
82 1
81 1
80 1
75 1
71 1
55 1
54 1
42 1
40 1
39 1
37 1
36 1
107 2
89 2
63 2
50 2
102 3
73 3

121 1
120 1
119 1
114 1
110 1
107 1
104 1
102 1
99 1
97 1
89 1
82 1
74 1
70 1
69 1
66 1
63 1
59 1
56 1
54 1
53 1
51 1
49 1
47 1
42 1
37 1
36 1
33 1
125 2
115 2
111 2
108 2
105 2
100 2
90 2
67 2
61 2
39 2
79 3
32 3
113 4

122 1
118 1
117 1
115 1
113 1
107 1
105 1
98 1
94 1
93 1
91 1
89 1
88 1
86 1
84 1
82 1
79 1
78 1
74 1
68 1
67 1
65 1
57 1
53 1
52 1
51 1
48 1
43 1
34 1
125 2
124 2
120 2
119 2
114 2
111 2
102 2
95 2
90 2
80 2
63 2
61 2
50 2
46 2
36 2
35 2
32 2
96 3
92 3
83 3
75 3
70 3
62 3
42 3
126 4
108 4

124 1
121 1
120 1
119 1
118 1
115 1
112 1
110 1
108 1
105 1
103 1
100 1
99 1
96 1
90 1
89 1
88 1
87 1
85 1
84 1
79 1
78 1
75 1
74 1
73 1
71 1
67 1
65 1
63 1
61 1
58 1
56 1
53 1
51 1
50 1
49 1
48 1
42 1
41 1
35 1
34 1
33 1
126 2
122 2
117 2
113 2
111 2
104 2
101 2
93 2
92 2
54 2
47 2
46 2
81 3
80 3

126 1
124 1
121 1
118 1
109 1
108 1
105 1
104 1
92 1
91 1
87 1
85 1
80 1
73 1
65 1
58 1
55 1
52 1
51 1
50 1
42 1
40 1
35 1
32 1
112 2
96 2
95 2
94 2
57 2

125 1
124 1
121 1
117 1
116 1
115 1
113 1
112 1
110 1
108 1
107 1
105 1
104 1
103 1
102 1
97 1
96 1
94 1
92 1
88 1
86 1
85 1
84 1
83 1
80 1
73 1
71 1
65 1
62 1
60 1
57 1
54 1
52 1
49 1
41 1
39 1
36 1
33 1
120 2
118 2
111 2
109 2
101 2
91 2
82 2
81 2
74 2
70 2
63 2
59 2
55 2
50 2
37 2
32 2
106 3
95 3
89 3
68 3
67 3
47 3

126 1
123 1
122 1
121 1
119 1
117 1
113 1
107 1
102 1
98 1
97 1
96 1
93 1
92 1
91 1
90 1
88 1
85 1
83 1
82 1
80 1
78 1
77 1
76 1
72 1
69 1
67 1
65 1
61 1
56 1
53 1
52 1
47 1
43 1
42 1
35 1
33 1
120 2
112 2
105 2
104 2
94 2
89 2
84 2
75 2
74 2
71 2
68 2
66 2
55 2
51 2
48 2
40 2
34 2
125 3
73 3
36 3
50 4

118 1
116 1

126 1
122 1
117 1
113 1
112 1
109 1
108 1
102 1
90 1
89 1
86 1
83 1
80 1
76 1
68 1
66 1
65 1
55 1
54 1
47 1
43 1
35 1
116 2
87 2
57 2
37 2
56 3

125 1
124 1
122 1
121 1
116 1
112 1
111 1
110 1
109 1
105 1
104 1
103 1
102 1
100 1
99 1
98 1
97 1
95 1
91 1
82 1
81 1
80 1
79 1
78 1
73 1
68 1
65 1
62 1
57 1
55 1
54 1
43 1
40 1
39 1
36 1
34 1
33 1
32 1
119 2
115 2
108 2
94 2
93 2
87 2
84 2
83 2
76 2
75 2
74 2
41 2
114 3
71 3
60 3
37 3

123 1
122 1
120 1
116 1
113 1
112 1
107 1
101 1
100 1
99 1
97 1
94 1
93 1
88 1
86 1
85 1
83 1
81 1
79 1
78 1
77 1
76 1
75 1
72 1
71 1
70 1
69 1
67 1
65 1
60 1
57 1
53 1
50 1
48 1
46 1
45 1
42 1
41 1
39 1
33 1
32 1
119 2
115 2
106 2
104 2
90 2
74 2
56 2
49 2
43 2
37 2
35 2

124 1
123 1
113 1
109 1
103 1
101 1
91 1
89 1
81 1
80 1
62 1
57 1
55 1
52 1
47 1
45 1
42 1
39 1
37 1
34 1
102 2
92 2
41 2
32 2

126 1
125 1
123 1
122 1
120 1
119 1
118 1
116 1
113 1
112 1
110 1
109 1
108 1
103 1
99 1
96 1
93 1
91 1
90 1
89 1
87 1
85 1
84 1
83 1
82 1
78 1
71 1
62 1
59 1
57 1
56 1
51 1
49 1
43 1
37 1
33 1
32 1
124 2
107 2
73 2
55 2
48 3
35 3

123 1
120 1
117 1
114 1
113 1
110 1
108 1
105 1
103 1
102 1
100 1
97 1
94 1
93 1
92 1
88 1
83 1
82 1
81 1
79 1
76 1
73 1
72 1
70 1
66 1
65 1
63 1
59 1
56 1
55 1
53 1
52 1
48 1
39 1
36 1
33 1
124 2
121 2
116 2
112 2
111 2
109 2
101 2
96 2
91 2
89 2
87 2
78 2
77 2
71 2
67 2
57 2
54 2
51 2
49 2
47 2
43 2
40 2
118 3
90 3
45 3

34 1

101 1
97 1
87 1
72 1
71 1
69 1
67 1
55 1
52 1
43 1
40 1
37 1
32 1
116 2
45 2

125 1
121 1
120 1
115 1
112 1
107 1
105 1
98 1
94 1
91 1
90 1
89 1
88 1
86 1
85 1
80 1
71 1
70 1
68 1
67 1
66 1
63 1
55 1
52 1
47 1
43 1
41 1
33 1
126 2
102 2
101 2
99 2
82 2
54 2
49 2
73 3

124 1
123 1
122 1
120 1
118 1
117 1
116 1
112 1
111 1
107 1
105 1
103 1
101 1
100 1
96 1
92 1
90 1
89 1
87 1
85 1
80 1
78 1
72 1
66 1
62 1
58 1
57 1
53 1
50 1
49 1
48 1
46 1
42 1
36 1
108 2
81 2
68 2
35 2

126 1
124 1
122 1
121 1
120 1
118 1
114 1
107 1
104 1
103 1
102 1
101 1
98 1
94 1
93 1
91 1
87 1
82 1
81 1
80 1
77 1
76 1
75 1
71 1
67 1
63 1
62 1
61 1
58 1
57 1
55 1
54 1
53 1
51 1
49 1
45 1
41 1
37 1
36 1
32 1
125 2
123 2
112 2
111 2
106 2
100 2
99 2
88 2
83 2
74 2
70 2
52 2
46 2
39 2
33 2
105 3
86 3
85 3
59 3
40 3
90 4

126 1
124 1
123 1
122 1
120 1
119 1
118 1
116 1
112 1
108 1
102 1
99 1
97 1
91 1
89 1
87 1
85 1
83 1
80 1
79 1
77 1
75 1
74 1
73 1
69 1
65 1
63 1
62 1
61 1
60 1
57 1
55 1
52 1
51 1
50 1
49 1
43 1
40 1
35 1
33 1
113 2
106 2
100 2
98 2
96 2
95 2
93 2
90 2
81 2
76 2
68 2
67 2
58 2
53 2
48 2
42 2
37 2
94 3
92 3
86 3
82 3
54 3
41 3
45 5

126 1
125 1
120 1
86 1
84 1
82 1
81 1
79 1
77 1
76 1
71 1
59 1
58 1
55 1
51 1
50 1
49 1
46 1
35 1
100 3

123 1
122 1
121 1
120 1
119 1
117 1
114 1
112 1
111 1
109 1
103 1
99 1
94 1
90 1
85 1
83 1
82 1
81 1
80 1
79 1
78 1
75 1
73 1
72 1
67 1
66 1
56 1
54 1
53 1
52 1
49 1
45 1
43 1
40 1
39 1
32 1
113 2
95 2
88 2
77 2
74 2
69 2
68 2
62 2
61 2
104 3
86 3
50 3
46 3

120 1
117 1
116 1
114 1
113 1
112 1
111 1
109 1
108 1
104 1
103 1
101 1
100 1
97 1
92 1
91 1
90 1
89 1
82 1
79 1
78 1
76 1
72 1
68 1
66 1
56 1
54 1
48 1
46 1
45 1
43 1
41 1
32 1
115 2
99 2
98 2
96 2
93 2
87 2
58 2
57 2
52 2
50 2
121 3
73 3

126 1
116 1
115 1
113 1
112 1
107 1
106 1
103 1
102 1
91 1
79 1
75 1
73 1
65 1
61 1
60 1
56 1
51 1
45 1
34 1
125 2
117 2
101 2
100 2
86 2
82 2
76 2
46 2
109 3

126 1
124 1
122 1
116 1
115 1
113 1
111 1
101 1
98 1
97 1
94 1
92 1
91 1
85 1
84 1
82 1
81 1
73 1
70 1
68 1
66 1
61 1
56 1
53 1
48 1
45 1
42 1
41 1
40 1
37 1
123 2
112 2
106 2
105 2
100 2
90 2
89 2
88 2
79 2
67 2
65 2
63 2
54 2
34 2
33 2
109 3
102 3
59 3
32 3
114 4
103 4

126 1
124 1
111 1
109 1
96 1
94 1
91 1
84 1
74 1
69 1
63 1
59 1
56 1
51 1
50 1
46 1
40 1
39 1
92 2
79 2
65 2
57 2
32 3

124 1
122 1
121 1
120 1
118 1
113 1
105 1
104 1
102 1
101 1
97 1
86 1
84 1
83 1
77 1
76 1
72 1
66 1
65 1
63 1
59 1
56 1
52 1
49 1
46 1
45 1
41 1
40 1
112 2
98 2
87 2
79 2
53 2
50 2
47 2
36 2
62 3
35 3

119 1
115 1
112 1
111 1
110 1
108 1
104 1
95 1
89 1
69 1
60 1
56 1
52 1
41 1
39 1

123 1
120 1
116 1
113 1
111 1
109 1
105 1
102 1
101 1
99 1
95 1
89 1
76 1
74 1
68 1
56 1
53 1
50 1
33 1
32 1
118 2
77 2
75 2
40 2

124 1
122 1
119 1
118 1
117 1
116 1
110 1
108 1
103 1
101 1
98 1
97 1
94 1
93 1
89 1
84 1
82 1
73 1
72 1
70 1
68 1
65 1
60 1
56 1
55 1
54 1
48 1
47 1
40 1
39 1
36 1
34 1
32 1
88 2
49 2
42 2
80 3

122 1
111 1
99 1
91 1
90 1
84 1
83 1
79 1
78 1
74 1
70 1
60 1
59 1
57 1
85 2

126 1
125 1
124 1
120 1
116 1
114 1
112 1
110 1
105 1
104 1
103 1
102 1
98 1
97 1
95 1
94 1
92 1
84 1
82 1
81 1
79 1
78 1
77 1
76 1
74 1
72 1
71 1
67 1
66 1
63 1
53 1
50 1
46 1
36 1
118 2
113 2
106 2
93 2
90 2
89 2
88 2
75 2
69 2
68 2
65 2
61 2
57 2
51 2
49 2
45 2
35 2
34 2
111 3
101 3
60 3
52 3
47 3
119 4

125 1
124 1
123 1
111 1
104 1
97 1
96 1
95 1
92 1
88 1
87 1
85 1
82 1
80 1
76 1
72 1
68 1
67 1
66 1
63 1
60 1
59 1
55 1
53 1
49 1
48 1
46 1
36 1
35 1
33 1
32 1
121 2
112 2
103 2
70 2
57 2
45 2

122 1
119 1
112 1
111 1
105 1
101 1
94 1
93 1
92 1
87 1
84 1
80 1
65 1
62 1
61 1
60 1
59 1
57 1
55 1
47 1
45 1
43 1
41 1
36 1
34 1
32 1
126 2
103 2
95 2
90 2
70 2
33 2

126 1
125 1
123 1
120 1
118 1
116 1
115 1
110 1
109 1
107 1
102 1
101 1
99 1
93 1
90 1
87 1
84 1
80 1
78 1
77 1
72 1
71 1
65 1
54 1
53 1
50 1
48 1
47 1
46 1
43 1
42 1
40 1
37 1
108 2
104 2
79 2
67 2
58 2
52 3

117 1
113 1
109 1
107 1
105 1
102 1
98 1
95 1
93 1
91 1
85 1
84 1
82 1
81 1
79 1
72 1
71 1
63 1
62 1
61 1
60 1
59 1
55 1
51 1
50 1
49 1
48 1
47 1
43 1
41 1
32 1
125 2
114 2
90 2

125 1
123 1
121 1
118 1
116 1
115 1
114 1
107 1
97 1
96 1
92 1
91 1
86 1
84 1
77 1
75 1
69 1
68 1
61 1
59 1
58 1
56 1
51 1
49 1
48 1
43 1
40 1
37 1
36 1
124 2
113 2
110 2
85 2
81 2
76 2
71 2
47 2
103 3
88 3
70 3
67 3
55 3
34 4

125 1
124 1
119 1
116 1
115 1
114 1
113 1
103 1
102 1
101 1
98 1
95 1
93 1
90 1
89 1
88 1
87 1
86 1
84 1
83 1
82 1
79 1
77 1
76 1
68 1
67 1
66 1
59 1
53 1
48 1
45 1
42 1
41 1
40 1
36 1
35 1
33 1
126 2
123 2
117 2
107 2
99 2
85 2
81 2
71 2
60 2
54 2
52 2
51 2
49 2
47 2
43 2
37 2
32 2
91 3
58 3

118 1
116 1
115 1
108 1
107 1
105 1
104 1
101 1
98 1
90 1
88 1
85 1
83 1
81 1
76 1
74 1
72 1
67 1
51 1
50 1
49 1
48 1
45 1
42 1
36 1
32 1
126 2
125 2
124 2
120 2
106 2
99 2
97 2
96 2
95 2
92 2
91 2
84 2
79 2
73 2
70 2
62 2
52 2
43 2
39 2
33 2
119 3
103 3
93 3
109 4

123 1
104 1
99 1
96 1
94 1
87 1
83 1
77 1
73 1
69 1
67 1
62 1
60 1
59 1
56 1
51 1
47 1
46 1
37 1
32 1
91 2
80 2
79 2

126 1
125 1
123 1
122 1
120 1
119 1
114 1
109 1
104 1
103 1
100 1
98 1
96 1
95 1
94 1
93 1
92 1
87 1
85 1
84 1
80 1
77 1
72 1
71 1
70 1
68 1
67 1
66 1
65 1
59 1
52 1
51 1
49 1
48 1
43 1
37 1
36 1
35 1
121 2
118 2
117 2
113 2
112 2
111 2
110 2
97 2
91 2
88 2
81 2
76 2
57 2
55 2
54 2
47 2
41 2
33 2
108 3
102 3
79 3
62 3
40 3
116 4
89 4

124 1
118 1
111 1
105 1
97 1
95 1
93 1
92 1
89 1
87 1
86 1
81 1
80 1
79 1
78 1
74 1
73 1
71 1
68 1
60 1
56 1
45 1
41 1
36 1
35 1
33 1
119 2
117 2
112 2
104 2
99 2
88 2
85 2
84 2
83 2
69 2
42 2
40 2
39 2
34 2
107 3
100 3
98 3
90 3
82 3
62 3
55 3
32 3
101 4
91 4
67 4
58 5

126 1
124 1
122 1
121 1
119 1
115 1
114 1
113 1
108 1
104 1
95 1
90 1
84 1
81 1
78 1
76 1
69 1
68 1
61 1
60 1
56 1
40 1
37 1
117 2
105 2
92 2
83 2
45 2

118 1
117 1
115 1
111 1
105 1
97 1
94 1
90 1
88 1
85 1
78 1
71 1
67 1
62 1
61 1
56 1
54 1
42 1
36 1
32 1
126 2
92 2
89 2
41 2

126 1
121 1
120 1
117 1
112 1
105 1
102 1
100 1
99 1
97 1
96 1
95 1
93 1
92 1
89 1
87 1
85 1
83 1
82 1
77 1
74 1
72 1
69 1
68 1
63 1
61 1
60 1
59 1
46 1
42 1
37 1
36 1
125 2
122 2
119 2
115 2
114 2
113 2
110 2
107 2
106 2
103 2
98 2
88 2
84 2
78 2
65 2
57 2
56 2
54 2
53 2
52 2
43 2
32 2
118 3
94 3
48 3
116 4
45 5

126 1
125 1
124 1
119 1
118 1
117 1
115 1
113 1
110 1
109 1
104 1
103 1
102 1
100 1
97 1
93 1
91 1
87 1
82 1
81 1
80 1
76 1
69 1
68 1
66 1
65 1
60 1
59 1
53 1
52 1
50 1
49 1
43 1
41 1
39 1
37 1
36 1
123 2
112 2
111 2
108 2
94 2
88 2
86 2
85 2
84 2
75 2
73 2
72 2
61 2
57 2
51 2
47 2
99 3
77 3
63 3
58 3
54 3
45 3
32 3

126 1
120 1
118 1
105 1
102 1
101 1
100 1
98 1
96 1
92 1
88 1
82 1
78 1
72 1
65 1
62 1
55 1
49 1
85 2

126 1
124 1
122 1
121 1
116 1
112 1
111 1
107 1
101 1
99 1
97 1
92 1
88 1
85 1
83 1
79 1
78 1
73 1
72 1
71 1
69 1
68 1
66 1
62 1
60 1
58 1
54 1
53 1
52 1
51 1
47 1
46 1
45 1
42 1
40 1
39 1
35 1
32 1
118 2
105 2
104 2
102 2
100 2
86 2
82 2
80 2
77 2
67 2
61 2
125 3
96 3
89 3
84 4
34 4

123 1
116 1
113 1
111 1
110 1
108 1
107 1
106 1
97 1
95 1
93 1
88 1
84 1
83 1
80 1
79 1
77 1
68 1
65 1
63 1
59 1
53 1
52 1
51 1
49 1
41 1
40 1
37 1
117 2
114 2
96 2
99 3

123 1
121 1
119 1
116 1
115 1
102 1
100 1
94 1
82 1
78 1
77 1
76 1
75 1
73 1
69 1
58 1
57 1
56 1
47 1
41 1
39 1
37 1
36 1
95 2

124 1
123 1
122 1
121 1
117 1
116 1
115 1
111 1
108 1
107 1
97 1
96 1
94 1
90 1
86 1
85 1
81 1
80 1
75 1
73 1
68 1
67 1
65 1
61 1
60 1
54 1
50 1
49 1
45 1
40 1
37 1
35 1
126 2
120 2
114 2
112 2
106 2
104 2
101 2
77 2
74 2
71 2
70 2
62 2
55 2
46 2
42 2
103 3
102 3
98 3
89 3
78 3
53 3
47 3
41 3
39 3
82 4
113 5

125 1
117 1
111 1
108 1
93 1
85 1
52 1
40 1

124 1
123 1
122 1
119 1
116 1
115 1
112 1
109 1
105 1
104 1
101 1
98 1
96 1
95 1
89 1
85 1
82 1
79 1
77 1
70 1
66 1
65 1
60 1
55 1
53 1
52 1
50 1
48 1
47 1
46 1
45 1
40 1
37 1
35 1
33 1
120 2
118 2
107 2
99 2
97 2
94 2
93 2
91 2
81 2
74 2
73 2
69 2
68 2
67 2
63 2
62 2
49 2
39 2
125 3
83 3

103 1
32 1

126 1
124 1
121 1
113 1
112 1
111 1
110 1
108 1
106 1
105 1
104 1
103 1
102 1
97 1
95 1
94 1
93 1
92 1
90 1
89 1
86 1
83 1
82 1
78 1
77 1
76 1
75 1
74 1
72 1
71 1
66 1
63 1
62 1
60 1
59 1
57 1
53 1
45 1
43 1
40 1
33 1
123 2
122 2
117 2
115 2
101 2
87 2
81 2
79 2
73 2
65 2
56 2
52 2
50 2
49 2
48 2
47 2
41 2
37 2
34 2
125 3
120 3
118 3
61 3
46 3
109 5

126 1
122 1
119 1
116 1
114 1
112 1
102 1
100 1
99 1
98 1
96 1
91 1
84 1
75 1
72 1
69 1
66 1
61 1
59 1
55 1
49 1
45 1
39 1
37 1
32 1
107 2
97 2
74 2
73 2
70 2
53 2
50 2
48 2
46 2
123 3
110 3
103 3
54 3

69 1

96 1
92 1
91 1
82 1

123 1
121 1
120 1
119 1
116 1
115 1
114 1
112 1
111 1
110 1
109 1
103 1
102 1
101 1
100 1
97 1
91 1
84 1
81 1
80 1
79 1
78 1
71 1
69 1
68 1
67 1
66 1
65 1
63 1
61 1
55 1
54 1
52 1
50 1
48 1
43 1
42 1
41 1
40 1
37 1
34 1
124 2
90 2
60 2
56 2
51 2
39 2
36 2
117 3
33 3
57 5

126 1
125 1
123 1
121 1
119 1
117 1
113 1
107 1
104 1
100 1
97 1
96 1
90 1
89 1
87 1
85 1
83 1
78 1
76 1
68 1
67 1
65 1
63 1
54 1
53 1
48 1
45 1
40 1
39 1
32 1
124 2
120 2
118 2
115 2
111 2
93 2
92 2
79 2
77 2
73 2
59 2
57 2
46 2
41 2
114 3
98 3
95 3
84 3
82 3
60 3
58 3
43 3
86 4

125 1
124 1
123 1
121 1
120 1
118 1
116 1
113 1
112 1
108 1
106 1
105 1
102 1
99 1
98 1
86 1
85 1
76 1
75 1
72 1
70 1
69 1
68 1
63 1
58 1
57 1
54 1
49 1
46 1
39 1
35 1
97 2
91 2
87 2
82 2
80 2
56 2
52 2
42 2
41 2
34 2
122 3
83 3
60 3
33 3

120 1
116 1
115 1
111 1
109 1
108 1
107 1
106 1
105 1
103 1
101 1
99 1
98 1
97 1
96 1
94 1
81 1
79 1
77 1
76 1
74 1
61 1
60 1
59 1
57 1
54 1
52 1
51 1
49 1
46 1
45 1
42 1
35 1
124 2
122 2
87 2
86 2
85 2
84 2
83 2
80 2
69 2
65 2
56 2
50 2
36 2
125 3
117 3
113 3
92 3
89 3
68 3
63 3
41 3
34 3
32 3

126 1
123 1
120 1
119 1
117 1
115 1
113 1
109 1
105 1
104 1
103 1
101 1
100 1
97 1
96 1
93 1
92 1
91 1
90 1
81 1
80 1
79 1
76 1
74 1
73 1
72 1
69 1
68 1
67 1
63 1
58 1
57 1
49 1
43 1
34 1
33 1
125 2
124 2
116 2
114 2
98 2
88 2
87 2
86 2
84 2
82 2
78 2
55 2
53 2
50 2
45 2
39 2
37 2
107 3
42 3
41 3

126 1
125 1
123 1
120 1
116 1
114 1
111 1
105 1
103 1
101 1
100 1
99 1
95 1
92 1
90 1
89 1
84 1
82 1
80 1
78 1
77 1
72 1
66 1
62 1
61 1
60 1
57 1
53 1
51 1
48 1
43 1
33 1
110 2
109 2
94 2
93 2
83 2
81 2
79 2
76 2
73 2
71 2
65 2
63 2
59 2
56 2
47 2
42 2
36 2
32 2
113 3
104 3
98 3
87 3
58 3
55 3
34 3

124 1
121 1
120 1
117 1
116 1
114 1
106 1
105 1
98 1
97 1
96 1
93 1
88 1
87 1
70 1
65 1
63 1
61 1
60 1
58 1
57 1
56 1
51 1
48 1
47 1
46 1
45 1
41 1
40 1
37 1
34 1
33 1
123 2
115 2
110 2
109 2
103 2
95 2
94 2
92 2
90 2
86 2
84 2
81 2
80 2
78 2
75 2
69 2
67 2
66 2
55 2
54 2
50 2
49 2
107 3
76 3
72 3
68 3
53 3
42 3
36 4

124 1
121 1
117 1
116 1
114 1
104 1
98 1
97 1
95 1
94 1
87 1
86 1
81 1
76 1
75 1
74 1
73 1
71 1
70 1
65 1
62 1
58 1
55 1
54 1
50 1
42 1
39 1
35 1
33 1
106 2
90 2
84 2
67 2
57 2
122 3
52 3

119 1
118 1
117 1
109 1
107 1
101 1
100 1
94 1
89 1
88 1
86 1
85 1
83 1
81 1
80 1
77 1
75 1
74 1
72 1
69 1
66 1
61 1
57 1
56 1
53 1
52 1
49 1
46 1
45 1
39 1
36 1
123 2
115 2
106 2
105 2
104 2
87 2
62 2
40 2
35 2
98 3
76 3
41 3
32 3

123 1
118 1
115 1
114 1
111 1
106 1
99 1
93 1
91 1
86 1
85 1
82 1
79 1
76 1
74 1
71 1
69 1
67 1
62 1
61 1
60 1
58 1
56 1
54 1
52 1
51 1
48 1
47 1
46 1
43 1
41 1
124 2
102 2
95 2
90 2
83 2
78 2
75 2
63 2
53 2
49 2
42 2
37 2
34 2
122 4
100 4

126 1
123 1
121 1
116 1
115 1
112 1
111 1
105 1
102 1
95 1
94 1
91 1
88 1
85 1
84 1
83 1
82 1
80 1
75 1
74 1
73 1
70 1
68 1
67 1
65 1
59 1
56 1
54 1
49 1
48 1
45 1
42 1
41 1
34 1
32 1
117 2
113 2
78 2
71 2
43 2
118 3

118 1
108 1
104 1
96 1
90 1
89 1
84 1
80 1
78 1
74 1
62 1
60 1
55 1
53 1
51 1
43 1
36 1
34 1
106 2

118 1
114 1
103 1
98 1
88 1
82 1
80 1
79 1
76 1
67 1
63 1
58 1
56 1
55 1
54 1
47 1
46 1
45 1
41 1
37 1
32 1
125 2
94 2
90 2
87 2

125 1
115 1
111 1
107 1
105 1
103 1
98 1
97 1
94 1
91 1
88 1
84 1
80 1
77 1
76 1
66 1
60 1
54 1
53 1
48 1
45 1
124 2
121 2
110 2

98 1
79 1
78 1
76 1
73 1
71 1
67 1
65 1
61 1
56 1
53 1
46 1
33 1
32 1
125 2
122 2
42 2

126 1
122 1
121 1
120 1
115 1
112 1
110 1
101 1
99 1
94 1
91 1
90 1
89 1
88 1
87 1
83 1
82 1
74 1
73 1
72 1
71 1
70 1
65 1
56 1
50 1
49 1
47 1
41 1
108 2
106 2
95 2
69 2
45 2
36 2
77 3
61 3
35 3

126 1
124 1
123 1
122 1
121 1
119 1
106 1
103 1
90 1
88 1
77 1
59 1
55 1
54 1
65 2

126 1
124 1
123 1
122 1
115 1
109 1
107 1
103 1
101 1
95 1
91 1
90 1
89 1
88 1
80 1
77 1
75 1
71 1
56 1
53 1
48 1
37 1
36 1
35 1
33 1
110 2
99 2
94 2
84 2
83 2
62 2
58 2
34 2
105 3
42 3
32 5

121 1
119 1
117 1
104 1
103 1
102 1
94 1
92 1
86 1
85 1
83 1
80 1
76 1
75 1
74 1
73 1
71 1
69 1
66 1
65 1
60 1
45 1
43 1
42 1
124 2
116 2
114 2
111 2
109 2
97 2
81 2
62 2
39 2
32 2
84 3

123 1
118 1
116 1
111 1
108 1
105 1
102 1
100 1
89 1
87 1
84 1
81 1
79 1
71 1
59 1
58 1
56 1
47 1
42 1
39 1
35 1
121 2
115 2
104 2
98 2
72 2
66 2
46 2
43 2

122 1
120 1
119 1
118 1
117 1
114 1
107 1
101 1
97 1
95 1
93 1
86 1
84 1
83 1
78 1
77 1
75 1
72 1
68 1
63 1
60 1
59 1
54 1
52 1
51 1
48 1
45 1
43 1
40 1
36 1
35 1
34 1
103 2
87 2
80 2
32 2

124 1
113 1
106 1
103 1
102 1
87 1
83 1
76 1
60 1
46 1
42 1
33 1
32 1
108 2
71 2
119 3

123 1
120 1
119 1
118 1
117 1
115 1
113 1
109 1
104 1
103 1
101 1
100 1
98 1
97 1
90 1
86 1
83 1
82 1
81 1
80 1
74 1
70 1
66 1
62 1
60 1
58 1
34 1
114 2
111 2
108 2
106 2
92 2
91 2
88 2
84 2
71 2
68 2
61 2
53 2
47 2
37 2
36 2

118 1
116 1
115 1
110 1
108 1
105 1
100 1
97 1
91 1
89 1
84 1
82 1
79 1
73 1
69 1
65 1
59 1
57 1
56 1
55 1
46 1
45 1
42 1
41 1
39 1
34 1
32 1
126 2
125 2
123 2
120 2
119 2
111 2
109 2
103 2
101 2
98 2
95 2
88 2
87 2
85 2
77 2
75 2
74 2
66 2
61 2
53 2
37 2
36 2
122 3
81 3
76 3
60 3
49 3
112 4
80 4

122 1
116 1
115 1
113 1
111 1
107 1
106 1
104 1
101 1
100 1
99 1
98 1
95 1
94 1
93 1
92 1
89 1
88 1
87 1
84 1
83 1
82 1
80 1
77 1
76 1
72 1
70 1
69 1
66 1
65 1
63 1
61 1
60 1
55 1
52 1
48 1
46 1
45 1
42 1
41 1
40 1
32 1
121 2
114 2
97 2
96 2
81 2
79 2
75 2
74 2
59 2
50 2
36 2
34 2
120 3
91 3
58 4

126 1
125 1
124 1
121 1
115 1
111 1
108 1
107 1
102 1
99 1
98 1
97 1
94 1
93 1
90 1
88 1
84 1
82 1
78 1
75 1
70 1
69 1
68 1
66 1
65 1
54 1
48 1
37 1
35 1
34 1
32 1
123 2
113 2
110 2
105 2
96 2
79 2
74 2
56 2
40 2
92 3
81 3
76 3
39 3

110 1
106 1
95 1
87 1
86 1
82 1
68 1
57 1
53 1
48 1
45 1

126 1
121 1
120 1
119 1
118 1
116 1
109 1
108 1
103 1
102 1
101 1
97 1
96 1
93 1
90 1
87 1
81 1
80 1
76 1
72 1
70 1
69 1
65 1
63 1
60 1
59 1
55 1
52 1
49 1
48 1
40 1
36 1
125 2
117 2
115 2
92 2
86 2
82 2
56 2
47 2
42 2
78 3
68 3
67 3
51 3

123 1
122 1
117 1
105 1
104 1
94 1
91 1
88 1
86 1
83 1
82 1
81 1
72 1
62 1
56 1
51 1
50 1
49 1
48 1
43 1
41 1
32 1
77 2
55 2
103 3

126 1
122 1
121 1
120 1
118 1
117 1
111 1
110 1
107 1
99 1
93 1
92 1
91 1
89 1
88 1
82 1
81 1
80 1
74 1
70 1
67 1
66 1
59 1
57 1
54 1
53 1
52 1
50 1
49 1
42 1
37 1
32 1
104 2
102 2
86 2
79 2
78 2
77 2
56 2
40 2
34 2
119 3
69 3

56 1

124 1
119 1
113 1
112 1
109 1
107 1
105 1
101 1
99 1
96 1
93 1
89 1
88 1
87 1
81 1
80 1
79 1
78 1
77 1
75 1
73 1
72 1
68 1
60 1
59 1
55 1
54 1
51 1
48 1
47 1
46 1
41 1
35 1
125 2
123 2
122 2
118 2
117 2
111 2
110 2
94 2
90 2
71 2
70 2
69 2
67 2
65 2
63 2
62 2
50 2
45 2
40 2
34 2
126 3
100 3
97 3
91 3
66 3
57 3
37 3

126 1
117 1
116 1
104 1
103 1
102 1
101 1
97 1
87 1
79 1
74 1
66 1
47 1
36 1
35 1
124 2
115 2
109 2
99 2
86 2
59 2
57 2
54 2
43 2

123 1
120 1
117 1
116 1
112 1
111 1
88 1
86 1
80 1
79 1
74 1
72 1
67 1
65 1
52 1
51 1
50 1
36 1
34 1
98 2
39 2

119 1
118 1
117 1
109 1
101 1
99 1
98 1
97 1
94 1
89 1
88 1
85 1
81 1
79 1
78 1
76 1
74 1
72 1
71 1
69 1
68 1
65 1
62 1
60 1
57 1
56 1
50 1
49 1
126 2
122 2
114 2
110 2
108 2
106 2
92 2
91 2
86 2
82 2
73 2
70 2
61 2
55 2
43 2
40 2
36 2
111 3
87 3
67 3
46 3
45 3
42 3
41 3
120 4
116 4
100 4
34 5

123 1
121 1
119 1
116 1
115 1
113 1
112 1
111 1
109 1
107 1
102 1
97 1
95 1
94 1
92 1
91 1
89 1
82 1
76 1
74 1
71 1
70 1
69 1
68 1
62 1
60 1
59 1
53 1
48 1
46 1
40 1
39 1
36 1
126 2
106 2
105 2
100 2
98 2
81 2
77 2
73 2
72 2
65 2
61 2
58 2
47 2
45 2
42 2
37 2
33 2
88 4
57 4
52 4

124 1
122 1
121 1
118 1
114 1
113 1
110 1
104 1
97 1
93 1
92 1
91 1
89 1
87 1
85 1
80 1
76 1
69 1
66 1
63 1
62 1
60 1
53 1
47 1
46 1
45 1
35 1
34 1
120 2
116 2
107 2
105 2
103 2
101 2
98 2
96 2
95 2
94 2
90 2
82 2
81 2
78 2
77 2
71 2
70 2
61 2
58 2
50 2
49 2
42 2
36 2
32 2
106 3
73 3
48 3
33 3

121 1
106 1
103 1
95 1
94 1
93 1
92 1
90 1
84 1
82 1
76 1
75 1
74 1
73 1
71 1
70 1
69 1
63 1
61 1
60 1
57 1
56 1
54 1
49 1
48 1
47 1
45 1
41 1
35 1
123 2
119 2
43 3

125 1
123 1
115 1
113 1
112 1
111 1
105 1
103 1
100 1
97 1
95 1
92 1
91 1
89 1
86 1
84 1
83 1
82 1
78 1
66 1
60 1
56 1
53 1
51 1
50 1
49 1
47 1
45 1
34 1
32 1
121 2
120 2
114 2
110 2
107 2
94 2
81 2
79 2
77 2
76 2
75 2
72 2
62 2
52 2
48 2
43 2
41 2
116 3
42 3
35 3
58 4

121 1
72 1

124 1
118 1
115 1
113 1
107 1
102 1
96 1
95 1
90 1
84 1
82 1
79 1
76 1
75 1
73 1
68 1
57 1
55 1
47 1
45 1
40 1
37 1
36 1
34 1
33 1
61 2
103 3
112 4

124 1
122 1
121 1
118 1
114 1
113 1
109 1
107 1
101 1
100 1
99 1
96 1
84 1
72 1
70 1
66 1
57 1
79 2
39 2
35 2

117 1
115 1
114 1
113 1
110 1
102 1
99 1
98 1
95 1
93 1
89 1
88 1
84 1
83 1
79 1
76 1
75 1
74 1
70 1
69 1
67 1
65 1
60 1
50 1
46 1
42 1
39 1
37 1
36 1
33 1
120 2
116 2
106 2
94 2
91 2
87 2
86 2
72 2
51 2
48 2
45 2
43 2
66 3
53 3

125 1
124 1
117 1
114 1
113 1
111 1
110 1
109 1
106 1
104 1
103 1
102 1
100 1
97 1
96 1
93 1
88 1
85 1
83 1
81 1
78 1
73 1
68 1
65 1
59 1
49 1
47 1
46 1
43 1
42 1
40 1
37 1
35 1
34 1
90 2
89 2
87 2
84 2
67 2
58 2
53 2
50 2
45 2
36 2
118 3

124 1
123 1
122 1
121 1
119 1
118 1
117 1
115 1
114 1
113 1
111 1
107 1
104 1
101 1
99 1
94 1
92 1
91 1
90 1
86 1
81 1
80 1
77 1
75 1
70 1
68 1
67 1
63 1
62 1
60 1
58 1
56 1
55 1
37 1
35 1
32 1
125 2
110 2
109 2
105 2
98 2
93 2
89 2
87 2
79 2
71 2
69 2
66 2
57 2
53 2
51 2
47 2
41 2
34 2
33 2
78 3
72 3
50 3
45 3
43 3
96 4

118 1
116 1
115 1
112 1
111 1
110 1
109 1
107 1
102 1
99 1
98 1
96 1
95 1
94 1
91 1
85 1
82 1
80 1
77 1
75 1
72 1
70 1
66 1
57 1
56 1
54 1
53 1
47 1
43 1
41 1
40 1
39 1
37 1
122 2
113 2
106 2
97 2
35 2
32 2
125 3
59 3
93 4

126 1
123 1
116 1
114 1
112 1
109 1
105 1
102 1
100 1
99 1
94 1
93 1
87 1
83 1
82 1
80 1
79 1
78 1
77 1
76 1
75 1
73 1
71 1
70 1
68 1
67 1
63 1
62 1
60 1
54 1
52 1
50 1
48 1
47 1
43 1
36 1
34 1
120 2
118 2
111 2
97 2
84 2
72 2
61 2
59 2
58 2
56 2
46 2
39 2
32 2
124 3
95 3
90 3
85 3
53 3
108 4
42 4

122 1
114 1
110 1
102 1
97 1
96 1
95 1
94 1
93 1
91 1
87 1
85 1
73 1
69 1
66 1
65 1
59 1
54 1
52 1
47 1
46 1
43 1
42 1
40 1
35 1
33 1
123 2
121 2
116 2
109 2
108 2
101 2
98 2
89 2
88 2
67 2
56 2
49 2
119 3
92 3
90 3
82 3
81 3
80 4
55 4
53 4
104 5

116 1
115 1
113 1
104 1
93 1
89 1
88 1
84 1
82 1
80 1
67 1
65 1
62 1
60 1
53 1
50 1
49 1
46 1
33 1
108 2
102 2
87 2

126 1
125 1
124 1
123 1
122 1
120 1
119 1
118 1
117 1
113 1
112 1
106 1
101 1
98 1
96 1
90 1
89 1
84 1
81 1
80 1
76 1
73 1
69 1
61 1
57 1
55 1
52 1
51 1
50 1
48 1
46 1
37 1
34 1
33 1
121 2
114 2
103 2
97 2
95 2
86 2
74 2
68 2
39 2
35 2
32 2
116 3
115 3
104 3
102 3
82 3
71 3
66 3
99 4

124 1
118 1
116 1
115 1
100 1
77 1
76 1
75 1
74 1
70 1
68 1
63 1
56 1
55 1
39 1
36 1

125 1
123 1
121 1
120 1
113 1
111 1
104 1
101 1
95 1
93 1
90 1
89 1
87 1
86 1
85 1
80 1
76 1
73 1
72 1
70 1
69 1
68 1
62 1
60 1
58 1
57 1
55 1
50 1
48 1
47 1
45 1
43 1
41 1
40 1
36 1
32 1
100 2
94 2
92 2
91 2
84 2
82 2
81 2
71 2
61 2
56 2
46 2
109 3
107 3
97 3
83 3
77 3
51 3
96 4
34 4
103 5

126 1
122 1
118 1
115 1
111 1
109 1
106 1
104 1
103 1
101 1
95 1
90 1
88 1
85 1
82 1
79 1
77 1
76 1
74 1
71 1
67 1
66 1
65 1
62 1
58 1
56 1
52 1
51 1
49 1
43 1
42 1
37 1
34 1
125 2
124 2
123 2
116 2
114 2
113 2
112 2
110 2
105 2
100 2
98 2
94 2
89 2
83 2
81 2
73 2
72 2
70 2
55 2
48 2
45 2
35 2
108 3
39 3
33 3

126 1
121 1
115 1
112 1
108 1
105 1
94 1
92 1
91 1
89 1
86 1
85 1
76 1
74 1
71 1
70 1
69 1
57 1
54 1
53 1
51 1
43 1
42 1
36 1
34 1
33 1
123 2
97 2
68 2
65 2
55 2
118 3
56 4

118 1
117 1
113 1
111 1
107 1
100 1
97 1
94 1
93 1
89 1
88 1
87 1
83 1
81 1
78 1
76 1
74 1
70 1
69 1
63 1
61 1
60 1
51 1
50 1
49 1
43 1
124 2
102 2
46 2
37 2
36 2
126 3

125 1
117 1
111 1
87 1
86 1
61 1
56 1
47 1
42 1

124 1
121 1
119 1
118 1
117 1
115 1
114 1
113 1
112 1
110 1
105 1
92 1
90 1
87 1
85 1
84 1
83 1
79 1
74 1
72 1
71 1
70 1
69 1
66 1
61 1
59 1
58 1
55 1
54 1
53 1
51 1
49 1
47 1
43 1
37 1
126 2
125 2
122 2
106 2
100 2
93 2
88 2
82 2
80 2
52 2
46 2
39 2
35 2
33 2
123 3
75 3
65 3
50 3
45 3
102 4
42 4

126 1
125 1
121 1
120 1
111 1
103 1
101 1
100 1
93 1
90 1
88 1
87 1
79 1
78 1
73 1
72 1
68 1
58 1
42 1
35 1
34 1
32 1
95 2
84 2
75 2
59 2
49 2
45 2
33 2

122 1
121 1
118 1
113 1
110 1
109 1
108 1
107 1
106 1
105 1
101 1
99 1
85 1
84 1
83 1
80 1
78 1
74 1
70 1
65 1
61 1
59 1
51 1
49 1
47 1
46 1
43 1
37 1
36 1
35 1
125 2
123 2
120 2
117 2
116 2
95 2
72 2
63 2
42 2
68 3
48 3

126 1
124 1
123 1
118 1
108 1
106 1
105 1
76 1
72 1
66 1
54 1
53 1
41 1
37 1
33 1
114 2

121 1
116 1
114 1
113 1
107 1
106 1
103 1
89 1
79 1
77 1
72 1
70 1
69 1
67 1
63 1
62 1
61 1
60 1
59 1
57 1
54 1
53 1
50 1
49 1
48 1
45 1
42 1
35 1
33 1
32 1
118 2
108 2
105 2
96 2
94 2
92 2
88 2
84 2
83 2
81 2
78 2
74 2
55 2
51 2
43 2
41 2
39 2
125 3
122 4

124 1
119 1
114 1
113 1
112 1
106 1
104 1
103 1
98 1
96 1
85 1
83 1
82 1
80 1
78 1
70 1
62 1
61 1
60 1
59 1
58 1
57 1
56 1
45 1
35 1
34 1
122 2
120 2
117 2
91 2
88 2
63 2
55 2
54 2
46 2
40 2
36 2
84 3

125 1
123 1
121 1
119 1
117 1
116 1
115 1
108 1
107 1
105 1
103 1
98 1
97 1
96 1
88 1
85 1
84 1
75 1
73 1
72 1
71 1
68 1
67 1
65 1
61 1
59 1
58 1
57 1
56 1
55 1
51 1
49 1
48 1
45 1
43 1
36 1
34 1
32 1
122 2
114 2
113 2
100 2
93 2
87 2
63 2
52 2
74 3
102 4

121 1
116 1
115 1
108 1
104 1
101 1
96 1
87 1
73 1
71 1
70 1
68 1
56 1
54 1
51 1
48 1
43 1
33 1
126 2
120 2
112 2
100 2
94 2
81 2
80 2
53 2
122 3
102 3
50 3

126 1
125 1
123 1
120 1
115 1
114 1
110 1
108 1
106 1
105 1
97 1
94 1
89 1
87 1
85 1
84 1
83 1
80 1
72 1
67 1
52 1
42 1
33 1
32 1
122 2
109 2
96 2
93 2
90 2
73 2
63 2
59 2
51 2
48 2
47 2
46 2
45 2
39 2
98 3
82 3
68 3
65 3
50 3
49 3

126 1
125 1
121 1
119 1
117 1
114 1
107 1
105 1
104 1
100 1
99 1
98 1
93 1
91 1
89 1
88 1
84 1
82 1
81 1
77 1
66 1
56 1
53 1
52 1
42 1
40 1
35 1
34 1
33 1
123 2
122 2
120 2
115 2
101 2
92 2
90 2
80 2
79 2
78 2
75 2
65 2
55 2
54 2
50 2
36 2
87 3
86 3
47 3
37 3

125 1
122 1
120 1
119 1
117 1
115 1
113 1
111 1
110 1
109 1
104 1
103 1
102 1
100 1
99 1
96 1
94 1
90 1
87 1
85 1
79 1
74 1
70 1
69 1
67 1
66 1
65 1
62 1
60 1
52 1
51 1
50 1
48 1
45 1
40 1
35 1
34 1
32 1
118 2
116 2
106 2
98 2
81 2
73 2
68 2
56 2
53 2
47 2
39 2
33 2
123 3
112 3
97 3
84 3
83 3
55 3
77 4
54 5

122 1
114 1
90 1
71 1
70 1
63 1
53 1
78 2

121 1
117 1
116 1
115 1
112 1
109 1
108 1
104 1
103 1
97 1
95 1
94 1
91 1
79 1
70 1
65 1
63 1
62 1
56 1
54 1
50 1
41 1
37 1
34 1
126 2
114 2
98 2
93 2
81 2
58 2
47 2
33 2
78 3
57 3
46 3
36 3
83 4

126 1
125 1
122 1
117 1
113 1
108 1
107 1
99 1
95 1
61 1
35 1
101 2
92 2
78 2
71 2
70 2

126 1
124 1
121 1
120 1
119 1
116 1
114 1
98 1
97 1
96 1
89 1
87 1
86 1
85 1
83 1
81 1
79 1
75 1
68 1
67 1
60 1
58 1
55 1
53 1
50 1
48 1
47 1
46 1
43 1
36 1
117 2
112 2
102 2
101 2
95 2
82 2
70 2
62 2
32 2
91 3
123 4
109 4

119 1
117 1
113 1
109 1
107 1
105 1
99 1
94 1
92 1
91 1
89 1
84 1
77 1
75 1
70 1
69 1
68 1
67 1
66 1
63 1
61 1
60 1
58 1
56 1
52 1
50 1
46 1
42 1
40 1
32 1
124 2
122 2
121 2
114 2
111 2
106 2
100 2
93 2
74 2
73 2
54 2
43 2
41 2
110 3
103 3
78 3
55 3
37 3
112 4
45 5

126 1
125 1
119 1
115 1
113 1
105 1
99 1
94 1
93 1
92 1
88 1
87 1
86 1
75 1
74 1
71 1
70 1
67 1
65 1
63 1
56 1
52 1
43 1
42 1
37 1
36 1
33 1
110 2

126 1
123 1
120 1
119 1
115 1
114 1
113 1
110 1
109 1
108 1
107 1
105 1
104 1
103 1
102 1
98 1
95 1
89 1
88 1
87 1
83 1
81 1
79 1
77 1
75 1
73 1
70 1
69 1
66 1
59 1
58 1
55 1
54 1
50 1
49 1
48 1
45 1
41 1
40 1
39 1
32 1
125 2
122 2
121 2
118 2
112 2
101 2
99 2
92 2
82 2
72 2
71 2
67 2
65 2
60 2
57 2
56 2
53 2
47 2
37 2
124 3
116 3
34 3
74 4
91 5

117 1
112 1
111 1
107 1
101 1
100 1
99 1
97 1
83 1
82 1
80 1
77 1
72 1
69 1
62 1
49 1
47 1
43 1
34 1
33 1
118 2
105 2
104 2
78 2
76 2
66 2
63 2
53 2
45 2
42 2
103 3

123 1
120 1
115 1
110 1
109 1
106 1
105 1
101 1
99 1
98 1
96 1
92 1
89 1
88 1
84 1
79 1
77 1
74 1
70 1
69 1
63 1
59 1
58 1
57 1
55 1
52 1
50 1
48 1
41 1
40 1
39 1
126 2
114 2
108 2
61 2
47 2
33 2
121 3

126 1
122 1
120 1
118 1
115 1
108 1
107 1
96 1
95 1
91 1
89 1
81 1
80 1
75 1
74 1
73 1
72 1
70 1
62 1
52 1
51 1
49 1
43 1
35 1
32 1
71 2
33 2
65 3

126 1
124 1
122 1
116 1
113 1
105 1
103 1
101 1
93 1
91 1
90 1
89 1
83 1
82 1
81 1
79 1
78 1
77 1
75 1
70 1
68 1
66 1
63 1
59 1
54 1
53 1
50 1
48 1
46 1
45 1
43 1
40 1
37 1
35 1
34 1
32 1
125 2
120 2
115 2
109 2
104 2
102 2
92 2
76 2
71 2
65 2
61 2
60 2
58 2
55 2
47 2
41 2
39 2
123 3
118 3
112 3
107 3
94 3
85 3
49 4

125 1
124 1
119 1
114 1
111 1
109 1
108 1
107 1
104 1
103 1
91 1
89 1
82 1
81 1
77 1
75 1
71 1
70 1
69 1
68 1
61 1
53 1
51 1
48 1
43 1
33 1
118 2
106 2
98 2
85 2
50 2
32 2
117 3
55 3

125 1
124 1
123 1
121 1
120 1
117 1
115 1
113 1
110 1
109 1
108 1
107 1
105 1
100 1
92 1
90 1
89 1
86 1
83 1
78 1
76 1
75 1
74 1
73 1
70 1
63 1
61 1
58 1
55 1
52 1
48 1
45 1
40 1
39 1
35 1
33 1
32 1
126 2
112 2
104 2
103 2
99 2
95 2
93 2
80 2
79 2
71 2
69 2
68 2
67 2
60 2
57 2
56 2
49 2
47 2
43 2
34 2
84 3
50 3
36 3
111 4

122 1
99 1
98 1
94 1
84 1
74 1
71 1
68 1
63 1
62 1
60 1
56 1
52 1
48 1
34 1

126 1
125 1
122 1
121 1
119 1
115 1
111 1
109 1
106 1
100 1
95 1
94 1
93 1
91 1
86 1
85 1
82 1
81 1
69 1
68 1
67 1
66 1
65 1
63 1
56 1
55 1
52 1
47 1
46 1
41 1
36 1
117 2
107 2
103 2
101 2
96 2
92 2
88 2
87 2
83 2
77 2
75 2
73 2
59 2
58 2
48 2
45 2
40 2
33 2
116 3
114 3
78 3
74 4

124 1
122 1
120 1
119 1
117 1
115 1
114 1
110 1
109 1
106 1
105 1
104 1
103 1
102 1
96 1
93 1
88 1
87 1
84 1
79 1
78 1
75 1
73 1
72 1
71 1
69 1
67 1
62 1
60 1
56 1
55 1
52 1
48 1
43 1
40 1
113 2
83 2
66 2
49 2
41 2
39 2
46 3

124 1
123 1
118 1
113 1
112 1
108 1
107 1
106 1
104 1
102 1
99 1
98 1
97 1
94 1
92 1
90 1
89 1
88 1
86 1
84 1
83 1
82 1
77 1
74 1
71 1
70 1
69 1
66 1
60 1
57 1
55 1
53 1
52 1
49 1
41 1
39 1
34 1
32 1
120 2
119 2
111 2
110 2
101 2
100 2
79 2
76 2
75 2
56 2
50 2
46 2
37 2
36 2
126 3
81 3

122 1
121 1
120 1
119 1
118 1
116 1
109 1
107 1
101 1
99 1
95 1
92 1
89 1
87 1
82 1
78 1
75 1
74 1
71 1
65 1
58 1
41 1
36 1
113 2
84 2
79 2
45 2
42 2
43 3

119 1
117 1
116 1
112 1
107 1
102 1
99 1
98 1
97 1
89 1
88 1
87 1
76 1
74 1
59 1
45 1
42 1
39 1
32 1
109 2
96 2
94 2
93 2
90 2
85 2
81 2
80 2
61 2
50 2
47 2
34 3

122 1
119 1
117 1
114 1
112 1
111 1
93 1
87 1
86 1
79 1
70 1
68 1
47 1
46 1
41 1
40 1
105 2
102 2
99 2
74 2
62 2
49 2

125 1
122 1
120 1
114 1
113 1
111 1
107 1
102 1
100 1
99 1
97 1
94 1
92 1
84 1
82 1
81 1
80 1
78 1
75 1
72 1
59 1
56 1
53 1
52 1
49 1
46 1
43 1
40 1
39 1
36 1
35 1
124 2
116 2
104 2
103 2
96 2
91 2
85 2
71 2
66 2
51 2
47 2
37 2
77 3
76 3
73 3
70 3
88 4

119 1
115 1
112 1
108 1
106 1
105 1
98 1
96 1
94 1
93 1
91 1
90 1
87 1
86 1
85 1
84 1
83 1
75 1
72 1
71 1
69 1
68 1
67 1
66 1
65 1
63 1
61 1
56 1
55 1
52 1
51 1
50 1
46 1
43 1
42 1
41 1
121 2
118 2
113 2
110 2
104 2
103 2
102 2
100 2
92 2
82 2
79 2
78 2
74 2
70 2
60 2
57 2
48 2
35 2
32 2
125 3
120 3
54 3
34 3

126 1
125 1
123 1
120 1
119 1
117 1
112 1
110 1
109 1
107 1
106 1
105 1
101 1
100 1
98 1
97 1
91 1
90 1
87 1
85 1
80 1
78 1
76 1
75 1
74 1
71 1
68 1
67 1
66 1
62 1
58 1
57 1
54 1
53 1
51 1
50 1
49 1
48 1
47 1
45 1
40 1
36 1
122 2
118 2
102 2
94 2
93 2
89 2
70 2
65 2
52 2
46 2
41 2
34 2
33 2
121 3
116 3
82 3
79 3
59 3
55 4

126 1
125 1
120 1
115 1
114 1
112 1
106 1
103 1
101 1
99 1
94 1
90 1
87 1
84 1
83 1
82 1
81 1
79 1
77 1
74 1
72 1
70 1
65 1
61 1
60 1
58 1
55 1
53 1
46 1
43 1
42 1
41 1
37 1
36 1
122 2
113 2
110 2
107 2
98 2
89 2
85 2
71 2
67 2
59 2
51 2
49 2
121 3
111 3
108 3
102 3
40 3
39 3

124 1
121 1
119 1
117 1
116 1
115 1
113 1
111 1
110 1
109 1
107 1
103 1
102 1
97 1
96 1
92 1
85 1
84 1
81 1
79 1
78 1
76 1
71 1
70 1
67 1
66 1
62 1
56 1
54 1
47 1
46 1
36 1
35 1
33 1
112 2
98 2
90 2
89 2
88 2
86 2
82 2
77 2
72 2
63 2
61 2
58 2
39 2
120 3
59 3
51 3
45 3
42 3
37 3
75 4

126 1
125 1
123 1
122 1
120 1
117 1
108 1
107 1
106 1
103 1
101 1
99 1
91 1
85 1
82 1
79 1
78 1
77 1
76 1
75 1
70 1
68 1
67 1
66 1
65 1
63 1
62 1
50 1
49 1
45 1
39 1
37 1
35 1
32 1
111 2
100 2
96 2
88 2
87 2
86 2
84 2
81 2
80 2
74 2
58 2
47 2
43 2
34 2
72 4
92 5

123 1
107 1
100 1
95 1
87 1
86 1
84 1
82 1
78 1
67 1
63 1
62 1
61 1
55 1
53 1
50 1
37 1
35 1
34 1
32 1
115 2
102 2
77 2
70 2
59 2

126 1
122 1
119 1
115 1
109 1
108 1
104 1
103 1
100 1
87 1
84 1
82 1
73 1
46 1
45 1
40 1
69 2
62 2
47 2

125 1
123 1
122 1
114 1
106 1
104 1
103 1
101 1
99 1
95 1
90 1
87 1
86 1
83 1
82 1
79 1
76 1
66 1
59 1
53 1
52 1
50 1
48 1
47 1
46 1
41 1
40 1
37 1
34 1
118 2
108 2
105 2
97 2
91 2
89 2
85 2
81 2
74 2
71 2
70 2
65 2
63 2
57 2
56 2
51 2
49 2
42 2
36 2
33 2
117 3
115 3
109 3
78 3
39 3

125 1
124 1
123 1
122 1
121 1
120 1
119 1
118 1
117 1
116 1
115 1
108 1
104 1
100 1
98 1
92 1
91 1
90 1
88 1
85 1
79 1
78 1
77 1
74 1
71 1
69 1
65 1
63 1
61 1
59 1
57 1
48 1
43 1
35 1
34 1
33 1
32 1
111 2
106 2
105 2
103 2
102 2
96 2
94 2
62 2
58 2
54 2
53 2
50 2
46 2
42 2
40 2
37 2
93 3
47 3
45 3
82 4

110 1
74 1
47 1

126 1
124 1
123 1
121 1
118 1
117 1
115 1
114 1
113 1
109 1
99 1
98 1
95 1
89 1
88 1
87 1
80 1
75 1
74 1
72 1
70 1
59 1
57 1
55 1
53 1
52 1
49 1
41 1
39 1
35 1
34 1
33 1
110 2
105 2
102 2
90 2
77 2
76 2
71 2
69 2
60 2
58 2
51 2
47 2
36 2
32 2
108 3
68 3
48 3
37 3
94 4

126 1
124 1
123 1
122 1
121 1
120 1
110 1
107 1
101 1
100 1
99 1
92 1
91 1
90 1
87 1
85 1
81 1
79 1
77 1
76 1
74 1
66 1
62 1
61 1
56 1
55 1
53 1
49 1
48 1
47 1
46 1
45 1
43 1
40 1
36 1
35 1
116 2
114 2
105 2
104 2
103 2
102 2
96 2
93 2
88 2
86 2
80 2
71 2
59 2
57 2
50 2
42 2
39 2
32 2
125 3
118 3
111 3
95 3
72 3
65 3
34 5

125 1
122 1
118 1
114 1
110 1
109 1
106 1
104 1
101 1
98 1
96 1
95 1
93 1
89 1
87 1
86 1
78 1
77 1
73 1
69 1
58 1
54 1
52 1
51 1
50 1
49 1
46 1
45 1
40 1
35 1
32 1
124 2
117 2
107 2
102 2
100 2
94 2
88 2
83 2
61 2
41 2
39 2
37 2
92 3
34 3
85 4
90 5

125 1
123 1
122 1
117 1
115 1
110 1
104 1
93 1
89 1
86 1
85 1
84 1
83 1
81 1
80 1
79 1
74 1
71 1
66 1
65 1
61 1
60 1
59 1
58 1
54 1
53 1
50 1
48 1
47 1
43 1
42 1
40 1
39 1
36 1
35 1
32 1
108 2
107 2
105 2
101 2
96 2
92 2
77 2
76 2
75 2
46 2
45 2
37 2
34 2
126 3
119 3
106 3
102 3
100 3
99 3
69 3
52 3
63 4

126 1
124 1
119 1
115 1
114 1
113 1
105 1
104 1
103 1
100 1
98 1
96 1
95 1
93 1
92 1
88 1
87 1
86 1
85 1
82 1
80 1
75 1
68 1
63 1
62 1
60 1
52 1
51 1
48 1
47 1
43 1
42 1
41 1
40 1
37 1
36 1
35 1
33 1
122 2
111 2
106 2
102 2
84 2
79 2
73 2
39 2
118 3
112 3
90 3
53 3

126 1
115 1
110 1
105 1
103 1
101 1
96 1
84 1
83 1
69 1
58 1
53 1
49 1
42 1
33 1

110 1
107 1
106 1
105 1
104 1
101 1
100 1
99 1
88 1
86 1
79 1
71 1
65 1
60 1
59 1
53 1
45 1
42 1
41 1
36 1
33 1
32 1
121 2
108 2
95 2
82 2
72 2
47 2
37 2
109 3

125 1
119 1
117 1
112 1
110 1
108 1
106 1
105 1
103 1
102 1
98 1
94 1
91 1
89 1
86 1
79 1
78 1
74 1
71 1
69 1
65 1
59 1
58 1
54 1
52 1
46 1
43 1
40 1
37 1
34 1
32 1
116 2
115 2
109 2
97 2
82 2
72 2
56 2
53 2
51 2
49 2
48 2
47 2
41 2
35 2
126 3
113 3
111 3
88 3
63 3
39 3
87 4
33 4

122 1
121 1
120 1
113 1
112 1
105 1
101 1
94 1
91 1
82 1
81 1
68 1
63 1
60 1
58 1
55 1
52 1
47 1
41 1
37 1
35 1
110 2
61 2
43 2

126 1
122 1
117 1
115 1
111 1
107 1
106 1
105 1
102 1
100 1
99 1
96 1
94 1
93 1
90 1
83 1
82 1
76 1
71 1
69 1
67 1
63 1
57 1
54 1
51 1
46 1
45 1
40 1
35 1
120 2
114 2
91 2
89 2
88 2
85 2
81 2
79 2
61 2
58 2
42 2
104 3
32 3

71 1

124 1
122 1
121 1
120 1
119 1
118 1
104 1
100 1
98 1
97 1
96 1
88 1
86 1
85 1
84 1
81 1
79 1
78 1
77 1
76 1
75 1
73 1
72 1
71 1
69 1
68 1
67 1
62 1
58 1
56 1
55 1
53 1
47 1
46 1
45 1
41 1
37 1
32 1
125 2
117 2
115 2
108 2
103 2
101 2
95 2
91 2
82 2
59 2
50 2
49 2
114 3
66 3
65 3
54 3
39 3
113 4
94 4
92 4

125 1
124 1
117 1
115 1
112 1
107 1
99 1
95 1
91 1
85 1
81 1
80 1
78 1
77 1
68 1
63 1
62 1
60 1
52 1
50 1
47 1
43 1
42 1
41 1
36 1
123 2
122 2
120 2
119 2
105 2
103 2
101 2
97 2
92 2
84 2
70 2
61 2
55 2
54 2
46 2
35 2
32 2
121 3
109 3
89 3
71 3
59 3
39 3
93 4

126 1
125 1
123 1
120 1
119 1
116 1
115 1
114 1
111 1
108 1
107 1
105 1
100 1
99 1
98 1
97 1
93 1
91 1
88 1
87 1
82 1
79 1
77 1
76 1
75 1
67 1
62 1
60 1
59 1
58 1
57 1
56 1
55 1
54 1
52 1
50 1
46 1
35 1
34 1
122 2
118 2
113 2
110 2
109 2
90 2
81 2
80 2
78 2
70 2
69 2
63 2
53 2
49 2
41 2
74 3
66 3
65 3

91 1
74 1
52 1
32 1

126 1
125 1
124 1
123 1
121 1
120 1
118 1
115 1
110 1
108 1
103 1
102 1
101 1
98 1
96 1
94 1
92 1
91 1
83 1
82 1
78 1
77 1
70 1
69 1
61 1
57 1
46 1
45 1
41 1
39 1
37 1
35 1
34 1
122 2
119 2
72 2
62 2
36 2
93 3
42 3
100 4
79 4
66 4
67 5

126 1
125 1
123 1
115 1
114 1
113 1
110 1
104 1
101 1
98 1
97 1
93 1
92 1
91 1
87 1
85 1
81 1
80 1
77 1
76 1
74 1
70 1
69 1
67 1
66 1
65 1
61 1
59 1
58 1
56 1
53 1
50 1
47 1
46 1
43 1
33 1
32 1
124 2
118 2
116 2
112 2
107 2
106 2
100 2
96 2
90 2
78 2
75 2
57 2
55 2
49 2
37 2
103 3
83 3

123 1
119 1
118 1
113 1
110 1
109 1
101 1
97 1
95 1
86 1
84 1
72 1
71 1
70 1
68 1
67 1
66 1
65 1
63 1
60 1
58 1
54 1
52 1
51 1
49 1
45 1
42 1
41 1
39 1
37 1
33 1
32 1
120 2
117 2
115 2
112 2
111 2
93 2
89 2
87 2
78 2
75 2
56 2
53 2
47 2
46 2
125 3
79 3

125 1
122 1
121 1
115 1
113 1
112 1
101 1
98 1
96 1
92 1
90 1
87 1
85 1
83 1
82 1
80 1
78 1
71 1
66 1
60 1
59 1
56 1
53 1
51 1
50 1
47 1
42 1
39 1
35 1
34 1
32 1
124 2
120 2
117 2
108 2
104 2
103 2
102 2
88 2
54 2
46 2
43 2
33 2
97 3

106 1
61 1
59 1
50 1
33 1

120 1
97 1
92 1
90 1
85 1
84 1
79 1
76 1
74 1
41 1
34 1

125 1
122 1
117 1
115 1
105 1
104 1
99 1
88 1
87 1
86 1
85 1
84 1
83 1
79 1
77 1
76 1
75 1
70 1
66 1
63 1
60 1
59 1
56 1
48 1
47 1
40 1
36 1
35 1
34 1
32 1
124 2
118 2
114 2
103 2
100 2
91 2
90 2
72 2
62 2
61 2
58 2
57 2
55 2
37 2
120 3
82 3
69 3
52 3
43 3
54 4

123 1
117 1
116 1
115 1
113 1
110 1
109 1
108 1
94 1
92 1
82 1
81 1
78 1
67 1
66 1
65 1
63 1
61 1
60 1
59 1
58 1
55 1
54 1
50 1
49 1
32 1
124 2
121 2
114 2
112 2
105 2
104 2
77 2
69 2
53 2
52 2
47 2
43 2
42 2
41 2
37 2
34 2
101 3
97 3
91 3

126 1
124 1
121 1
110 1
107 1
103 1
101 1
99 1
96 1
95 1
92 1
83 1
70 1
65 1
63 1
59 1
56 1
55 1
54 1
53 1
49 1
48 1
47 1
45 1
42 1
34 1
32 1
125 2
118 2
114 2
105 2
93 2
85 2
81 2
80 2
79 2
76 2
75 2
72 2
61 2
50 2
108 3
87 5

123 1
119 1
116 1
113 1
112 1
110 1
108 1
103 1
102 1
96 1
95 1
92 1
89 1
87 1
79 1
78 1
73 1
72 1
71 1
69 1
68 1
66 1
65 1
61 1
60 1
57 1
54 1
53 1
50 1
47 1
42 1
40 1
39 1
36 1
33 1
126 2
122 2
121 2
120 2
111 2
109 2
104 2
93 2
90 2
88 2
84 2
75 2
74 2
70 2
67 2
59 2
51 2
49 2
106 3
82 3
52 3
124 4
118 4
105 4
46 4

126 1
122 1
118 1
114 1
111 1
105 1
100 1
99 1
97 1
95 1
92 1
91 1
86 1
84 1
83 1
78 1
76 1
68 1
63 1
61 1
60 1
58 1
55 1
54 1
53 1
51 1
50 1
40 1
34 1
33 1
124 2
110 2
109 2
107 2
101 2
87 2
80 2
72 2
71 2
66 2
65 2
48 2
41 2
39 2
115 3
74 3
56 3

125 1
122 1
120 1
118 1
116 1
114 1
109 1
108 1
102 1
101 1
99 1
97 1
93 1
89 1
87 1
82 1
80 1
79 1
76 1
71 1
70 1
69 1
66 1
63 1
61 1
60 1
58 1
54 1
53 1
40 1
35 1
34 1
33 1
123 2
117 2
115 2
112 2
104 2
100 2
91 2
84 2
75 2
72 2
67 2
57 2
50 2
48 2
46 2
39 2
106 3
94 3
83 3
81 3
65 3
56 3
52 3
42 3

123 1
121 1
116 1
112 1
107 1
104 1
101 1
93 1
91 1
85 1
84 1
83 1
82 1
81 1
77 1
76 1
72 1
71 1
67 1
65 1
61 1
60 1
56 1
53 1
48 1
47 1
46 1
43 1
41 1
34 1
33 1
125 2
117 2
106 2
105 2
103 2
98 2
97 2
94 2
88 2
87 2
54 2
40 2
39 2
109 3
75 3
62 3

126 1
123 1
117 1
115 1
114 1
113 1
111 1
110 1
106 1
104 1
102 1
101 1
99 1
95 1
92 1
90 1
86 1
78 1
75 1
71 1
68 1
62 1
61 1
58 1
57 1
53 1
51 1
49 1
48 1
43 1
41 1
37 1
34 1
124 2
122 2
120 2
116 2
98 2
96 2
93 2
88 2
87 2
85 2
81 2
80 2
73 2
69 2
45 2
33 2
125 3
108 3
107 3
100 3
63 3
40 3
60 4

121 1
116 1
115 1
114 1
108 1
106 1
105 1
103 1
96 1
95 1
91 1
89 1
81 1
79 1
66 1
62 1
61 1
56 1
50 1
46 1
45 1
42 1
41 1
122 2
101 2
67 2
54 2
52 2
48 2
47 2
43 2
39 2
36 2
35 2
33 2
32 2
111 3
99 3
97 3

124 1
122 1
119 1
113 1
112 1
105 1
103 1
100 1
98 1
96 1
94 1
90 1
85 1
84 1
80 1
79 1
75 1
74 1
73 1
69 1
58 1
48 1
46 1
37 1
115 2
101 2
97 2
93 2
87 2
66 2
55 2
126 3
92 3

124 1
122 1
121 1
120 1
117 1
113 1
112 1
109 1
98 1
95 1
94 1
88 1
86 1
83 1
81 1
79 1
77 1
75 1
70 1
66 1
59 1
56 1
50 1
45 1
40 1
39 1
37 1
35 1
33 1
123 2
118 2
107 2
105 2
102 2
100 2
96 2
92 2
82 2
78 2
73 2
72 2
67 2
60 2
54 2
53 2
52 2
51 2
46 2
114 3
47 3
43 3
34 3
48 4

124 1
122 1
121 1
113 1
111 1
106 1
97 1
92 1
87 1
83 1
77 1
76 1
71 1
69 1
63 1
57 1
55 1
53 1
52 1
51 1
49 1
48 1
46 1
42 1
40 1
103 2
94 2
74 2
34 2
115 3

123 1
121 1
120 1
118 1
110 1
103 1
102 1
100 1
99 1
98 1
96 1
95 1
92 1
91 1
87 1
80 1
79 1
75 1
73 1
70 1
69 1
66 1
65 1
61 1
59 1
54 1
46 1
43 1
42 1
40 1
35 1
107 2
104 2
90 2
84 2
72 2
53 2
34 2
60 3
