15
45
87
141
207
285
375
477
591
717
855
1005
1167
1341
1527
1725
1935
2157
2391
2637
2895
3165
3447
3741
4047
4365
4695
5037
5391
5757
6135
6525
6927
7341
7767
8205
8655
9117
9591
10077
10575
11085
11607
12141
12687
13245
13815
14397
14991
15597
16215
16845
17487
18141
18807
19485
20175
20877
21591
22317
23055
23805
24567
25341
26127
26925
27735
28557
29391
30237
31095
31965
32847
33741
34647
35565
36495
37437
38391
39357
40335
41325
42327
43341
44367
45405
46455
47517
48591
49677
50775
51885
53007
54141
55287
56445
57615
58797
59991
61197
62415
63645
64887
66141
67407
68685
69975
71277
72591
73917
75255
76605
77967
79341
80727
82125
83535
84957
86391
87837
89295
90765
92247
93741
95247
96765
98295
99837
101391
102957
104535
106125
107727
109341
110967
112605
114255
115917
117591
119277
120975
122685
124407
126141
127887
129645
131415
133197
134991
136797
138615
140445
142287
144141
146007
147885
149775
151677
153591
155517
157455
159405
161367
163341
165327
167325
169335
171357
173391
175437
177495
179565
181647
183741
185847
187965
190095
192237
194391
196557
198735
200925
203127
205341
207567
209805
212055
214317
216591
218877
221175
223485
225807
228141
230487
232845
235215
237597
239991
242397
244815
247245
249687
252141
254607
257085
259575
262077
264591
267117
269655
272205
274767
277341
279927
282525
285135
287757
290391
293037
295695
298365
301047
303741
306447
309165
311895
314637
317391
320157
322935
325725
328527
331341
334167
337005
339855
342717
345591
348477
351375
354285
357207
360141
363087
366045
369015
371997
374991
377997
381015
384045
387087
390141
393207
396285
399375
402477
405591
408717
411855
415005
418167
421341
424527
427725
430935
434157
437391
440637
443895
447165
450447
453741
457047
460365
463695
467037
470391
473757
477135
480525
483927
487341
490767
494205
497655
501117
504591
508077
511575
515085
518607
522141
525687
529245
532815
536397
539991
543597
547215
550845
554487
558141
561807
565485
569175
572877
576591
580317
584055
587805
591567
595341
599127
602925
606735
610557
614391
618237
622095
625965
629847
633741
637647
641565
645495
649437
653391
657357
661335
665325
669327
673341
677367
681405
685455
689517
693591
697677
701775
705885
710007
714141
718287
722445
726615
730797
734991
739197
743415
747645
751887
756141
760407
764685
768975
773277
777591
781917
786255
790605
794967
799341
803727
808125
812535
816957
821391
825837
830295
834765
839247
843741
848247
852765
857295
861837
866391
870957
875535
880125
884727
889341
893967
898605
903255
907917
912591
917277
921975
926685
931407
936141
940887
945645
950415
955197
959991
964797
969615
974445
979287
984141
989007
993885
998775
1003677
1008591
1013517
1018455
1023405
1028367
1033341
1038327
1043325
1048335
1053357
1058391
1063437
1068495
1073565
1078647
1083741
1088847
1093965
1099095
1104237
1109391
1114557
1119735
1124925
1130127
1135341
1140567
1145805
1151055
1156317
1161591
1166877
1172175
1177485
1182807
1188141
1193487
1198845
1204215
1209597
1214991
1220397
1225815
1231245
1236687
1242141
1247607
1253085
1258575
1264077
1269591
1275117
1280655
1286205
1291767
1297341
1302927
1308525
1314135
1319757
1325391
1331037
1336695
1342365
1348047
1353741
1359447
1365165
1370895
1376637
1382391
1388157
1393935
1399725
1405527
1411341
1417167
1423005
1428855
1434717
1440591
1446477
1452375
1458285
1464207
1470141
1476087
1482045
1488015
1493997
1499991
1505997
1512015
1518045
1524087
1530141
1536207
1542285
1548375
1554477
1560591
1566717
1572855
1579005
1585167
1591341
1597527
1603725
1609935
1616157
1622391
1628637
1634895
1641165
1647447
1653741
1660047
1666365
1672695
1679037
1685391
1691757
1698135
1704525
1710927
1717341
1723767
1730205
1736655
1743117
1749591
1756077
1762575
1769085
1775607
1782141
1788687
1795245
1801815
1808397
1814991
1821597
1828215
1834845
1841487
1848141
1854807
1861485
1868175
1874877
1881591
1888317
1895055
1901805
1908567
1915341
1922127
1928925
1935735
1942557
1949391
1956237
1963095
1969965
1976847
1983741
1990647
1997565
2004495
2011437
2018391
2025357
2032335
2039325
2046327
2053341
2060367
2067405
2074455
2081517
2088591
2095677
2102775
2109885
2117007
2124141
2131287
2138445
2145615
2152797
2159991
2167197
2174415
2181645
2188887
2196141
2203407
2210685
2217975
2225277
2232591
2239917
2247255
2254605
2261967
2269341
2276727
2284125
2291535
2298957
2306391
2313837
2321295
2328765
2336247
2343741
2351247
2358765
2366295
2373837
2381391
2388957
2396535
2404125
2411727
2419341
2426967
2434605
2442255
2449917
2457591
2465277
2472975
2480685
2488407
2496141
2503887
2511645
2519415
2527197
2534991
2542797
2550615
2558445
2566287
2574141
2582007
2589885
2597775
2605677
2613591
2621517
2629455
2637405
2645367
2653341
2661327
2669325
1499999999999999991
1499999993999999997
1499999988000000015
1499999982000000045
1499999976000000087
1499999970000000141
1499999964000000207
1499999958000000285
1499999952000000375
1499999946000000477
1499999940000000591
1499999934000000717
1499999928000000855
1499999922000001005
1499999916000001167
1499999910000001341
1499999904000001527
1499999898000001725
1499999892000001935
1499999886000002157
120117598756219341
115122384047969295
4914192301426167
63089059838688591
657465875761324407
188901853992318141
834727903805391
1333175897595616317
549626839735268877
1292822723121470397
7846787185956855
187056327070356495
448287713580374991
402340533881933175
1398054394457615247
654398237615617527
1243890465546054141
48019552272914127
224686132250920845
517425715617334647
1484335296109370967
251948794934311485
193352107397374077
1031598738773213175
338552951944416207
1413500476287560685
28556468859156855
281580692094950445
75586968903373245
816178590318152535
490382884809584925
1381233529371168141
89577058481370765
48602929004129655
311279806203741
687995581719064335
1031796007958177367
3509269429641207
1064092218629251407
463876140228883287
1233698427673208397
21382910937426447
719130150472284141
1384571375511527565
453436310034392847
711155210803747917
28228610960575341
435154375059409167
42269806342209807
680328452881612077
1390657983572165085
2548654858848591
437396753526024015
540900879420117591
794011580560187277
600960903422299341
2616087471567
482476732839204855
19632461560134237
1080412237098486135
732886116488725335
1522253168124477
230941500400918095
15918661954535415
588647466179321847
7856699399326095
219370572075211215
1496924645918422095
79446875189710095
198544805800382637
3151837933631055
458923088815113591
297512231299850157
143312503209311565
104443807505038935
245965611271988367
24212071978796535
61570315046524407
28991171870803287
861352512606146895
663828444594998637
658775997040694607
69269689677307437
260737076828914575
323644800771130455
322690304947372407
93995399879766285
493735706293595517
329486093166117975
1432107386267117085
68610129055893591
4117260213979917
753253929266348157
3650035720597341
921659922883259991
480443881177592655
693188531842489341
694938852832512375
712623702861608535
955246119073245837
127731617141692407
599181171155374455
86786529101655
1223519515264827735
619578191492717775
724513693665556077
497612703913887885
252646300513915197
402694539617603517
937436830515192591
862003472596512765
450096331743288591
1035195654430324215
16854484635483855
1491980892425876877
1244507752044587535
741250075290668205
89943024376138767
22197587420774391
1151508984421798287
1374419924255275341
696969478444931415
658812280890231357
80892632743655757
672310664551001277
832826756470422141
173532066176730447
34946724399649917
7170882760859991
380879016018639597
267757075759935885
946071072244358205
1018724229228764535
25914454092633741
369857375924397
848643814620164175
39984569612114775
772803415611080655
1052917158039367695
500325253748736855
843475738290877815
7053639998811837
36067733198280015
24129237550032591
1343298518432551887
265689916305431055
262873101381523197
891369489157623837
868158894906406365
254402614718537517
230435056652901405
367183593906106317
176132691147150735
617767462249935
1042258109583645
25462354517359341
884097547799172495
1116712729988744535
560972050939238391
770146645086477
614295502683610767
1033195292130950925
2793923071273167
1305454359454306125
451695579303207375
1487161346039111247
207988285284128247
26186695135106895
16243948544266077
1329815295969199245
146276533776891255
232610455878578397
59383929201540525
1371045005977648335
246043259133701391
632495429901362007
893384711835901647
437497603964370765
99045456088820055
923875238338779885
40840476984252285
372994228277059005
649683691344239991
1205315849554251597
617216519680301391
174369819822708717
227277680794190685
12532686714865341
18424701272710797
46583188913625687
673929205502414991
148011535959095247
443136166243614141
672317718239419341
485566080840338775
332844561322632591
484059776249546925
1324775781913656591
9391697731281885
578172037198942845
370799406671687277
3437994425311197
20510670289205391
912191594022601047
1401601218297350397
870369451611065997
29789036821528125
145065900659337591
1234379811393110007
1278077755901357391
11515358269011447
1454584734286215255
754947386392782327
747772307687839095
839103509175434637
96121025739735567
418235871006806415
295553623003002141
163832461958436855
258856738895883741
532783366686706605
125398076182330767
380786090684919567
147345194078890557
6783556057550205
606810239935800975
118829957106152205
37709707082423127
747735892594357335
1226425340402325645
246971587512678927
941796476993541597
403382466649231695
1286032061376591
1219575177557032077
89873712184703037
287562208413321591
221213948405688015
5036281216196877
373530684098877
775414257329275341
780582349459987215
58397758622542167
209947036425865047
69610326790642767
540457502060887485
174252129445341
427541483695011885
1324982385261303597
16966749764017527
9942745000104591
312222212256649047
105564523138302141
568136629307520591
452397705452690775
1081209523064883741
1236345141000797007
950267716601161047
13324647472554141
39905298007673487
779353801849161207
677561658095747085
812814087336338007
766728679430908125
855426403942063677
154724370776098575
126554886537030285
34427485094750637
4772562200375127
450688554079061757
155763133197433485
111924255525112845
794646874696064685
679439275539029367
893893825576458477
303279976969334991
182013965415216141
1110280930048408317
982952092865084175
243108267233958141
886742630258690391
162981662555195727
489141603159746391
654344848847844855
22786384327706157
1397339526519259215
1205202781333156695
767913538944259005
1358804144751419727
36098678092320141
7186458901184847
211229254814288247
766376698835940237
453951484061882397
375346694094176655
775239932822475165
404078246035439991
181849414872338685
810746504126455725
1158716224512522477
659077014232674717
269811198113817645
1369539441321781245
584373171751856925
559971242578972815
168117621566923095
196141399374077007
57209469668306295
1199638844061851085
636138402552403341
812434182206802957
1057525952206066575
1203975711487433805
497611435628064591
1353661982030732175
902362776748992591
1086251160529199277
436470073709315325
54578261346031095
1215155489673591
29816862408313935
351134062332664335
1230982263918600477
24322598351688141
1219342611384245391
1219797058207355757
214938595259687517
22398051702695415
240153113212688205
228480820336533741
901070294943013485
764039981668075215
773093465925858141
79375131789624591
115671084742643517
815292860977741815
1054936698762306447
1030030412694566391
975864944276834445
249110857498863357
1791584593924695
1211774520329119575
1021901205213048975
922615864830163215
415708900994930775
152141273176634127
50245741249667415
441969632939427927
508409868246230157
144982484547823095
1299948186898281975
21701791563279117
323787932808226317
662086407514962141
20349635642100087
1353191446226352015
1118920227339912567
472929297720543375
143057556934537815
675017892407928975
665293924719485037
765814573402191447
214527767920076175
1427222022102622365
163828561574360637
265435477710477
1271171643685421391
402990583337792397
683777762591040141
167968451419571085
161234596733194125
1399138420039570935
214039692639830391
390852371628749391
1292081406145160445
1417264618625328141
696392746288490877
1100720549051548125
541026757606533741
1130397519223469655
147012200872875087
57497106622760655
191146117652583927
808993951107034767
927349786173713757
80353977317425725
248356358859603741
1311046244974118391
1377915324401551695
559136494406653341
615272346547383885
1021515845832876237
196902982406560335
394377799492343517
206798961370592655
669727266018758685
865473947425406967
1405303283073629391
208260702952993167
1393579782178348047
198360255688963575
505822271469181341
259807926991158141
25980307558593741
293485757724276477
64304438216151885
271802708485840365
226272518495999991
495340933011725391
20090623614338925
462870674970048591
983988547702207695
751241627588482647
1313565424752030927
52386754392498285
65007986382081807
312591467338647837
3144687514892397
766477877152861455
844141720954725117
679970333585028237
1262238075380733837
365771143827069597
138596515506448557
292412684270472567
79232401363329015
193777270384290135
1442409567542210445
55014460272285687
1382890876208554767
176373929965047
1321839082454369085
477386230383307095
34447302071584557
165361763539574925
319838563644788445
519013473575969277
549198741916686327
1153955615106216591
580751410241597757
693776038688428407
24324840832421391
953768996528742717
1131077844213197175
17540594580003741
381839564224918845
1465790834817101517
781979691729667407
55546461662247357
525695460096138615
1008136613836188141
1222008981342387885
103686933282482877
178981691577961815
834201062916867447
774535242550309341
142022226793674525
1091280482115192477
711199970124138141
899455257706472685
522478121031933741
69062713826845047
204458015703490935
90909256374657645
1825714857384591
829573073795538447
151061263247170935
453265092320486157
52200003882926607
90032100770945565
76880014219095
1093177398936438285
352188685212611805
1226468352797555757
1480729608111773967
266274717008666895
1444750189907785485
25589267677182525
907816197955989165
688737603010197591
613234406783831127
316639576440082557
83663558808211287
495873497665060215
1157318229843936591
303144950804601687
47591977826391
254588979284920557
670195350369813591
1144493815435961847
500915202452544591
1077209615722368957
25365066377951805
36637795341317805
1163193025477075407
751550600811702735
720432644605933047
261981003066078957
194915352056050557
976129823234939535
401544836167092045
479263195510788687
186914438275177485
1428275263280988687
899883662651899215
698617764663038295
535909905120361245
773979484930101591
73349487938789367
9047251776461391
398371535304764157
125147055718668141
114555699889927341
786432356387235087
606471198118926045
37078950025984605
1371345850997103741
4513173741925341
279362288072587245
357670845529358607
212646704921021967
675971681436772047
63178120594827855
584864494189336527
1111807205990325591
1416806141198861565
519749745511408557
932822713585662327
231014957169068637
954329561425885677
272270626012532445
537829642757629527
990794806272738807
1057255418172719517
957712474726979415
205329219105769917
440963341746746127
1174586127427589775
162077048908093455
306484012888129437
82900784422055247
1016470645815908727
620541117695667165
466941752445823917
12035698834107357
883231828348195341
149588705547740205
6162255844920207
566092760520151005
55713530429103375
55891104144422397
728842227644450391
115379781129340407
302695548808974765
120386030082232407
956751343437600765
7002961865147895
1212266088648595341
10763459124073965
92478663101420397
658213325700729207
77791971285591
1409016220191259677
324297093688543725
13660630246499037
749067864552591
1029940744724244141
529188673309341
436953094652669757
272303339529014991
1187633752849095567
947392071480125325
811575233056748175
173152200033913167
5283472081836687
1433830436541480975
1354791163445007
11405683612927887
245735558273990607
124999414052390637
348138904762574397
686863697158421325
1346448942368994957
1222898458196729175
1175152260709731165
528697993325391
76124181892123215
466991389020488055
1344435439910388687
4768228786074477
40252388530006287
912823090512285327
323945294420531535
107827994013667215
702312493564919997
1021364640567501135
149107151142249975
269107799816250141
22217918101801335
77498584170159447
35749261590174807
854415358821562605
273417836563897341
8858293551830391
1391772821073141165
6109901777665437
1050264722861817207
1149363119683023165
1017628699611637005
195055448435971485
161293266046692141
116345161305856557
714790895664374637
65569912085296797
15199792489901967
1445062966694479437
683844759803369085
373368623130169341
735423962919978237
721447212648776535
142325401350577677
856773959631581391
531067327768836141
944809502840505807
1021912778854358637
98144825830057437
175076744207051607
846491391123357687
599246193002204175
8736821449482255
27645939138227037
170199474607325175
856585720688948727
261785803171637391
465316928343343095
137479675459357437
41508672391114317
877682309779508055
728785147785032535
300494521110350157
34455689502491085
7096940937746397
137367902589042525
21545043560676765
8663235760853847
5387601884536077
102266197427984847
25555508024661591
777344354775054735
1074302839294564317
1177101153791694141
151080003653648847
556449989366197455
732088152691081341
52529746269724557
344726691276742647
27347244358181037
1471656419238232077
51461271801904317
263667173683716087
56889520904601591
748329934492668525
50487178570299087
151904978089707165
98651359365569487
1235520083703906141
