29495239.396 47853552.730 16243288.364
1224667.712 1986920.673 674435.305
19017018.953 30853518.666 10472839.991
6567989.369 10656012.022 3617049.649
3474.493 5637.073 1913.434
88057.660 142866.170 48494.130
102570.889 166412.667 56486.693
3365299.809 5459916.758 1853300.273
3388821.038 5498077.980 1866253.621
3077604.918 4993155.921 1694864.161
10263922.147 16652353.050 5652432.413
2188633.024 3550873.564 1205299.501
3916561.820 6354293.147 2156885.123
3404133.048 5522920.432 1874686.080
28833737.100 46780320.722 15878993.218
434507.199 704951.496 239286.945
8460388.413 13726270.792 4659210.485
5636489.897 9144732.236 3104064.677
20572759.305 33377576.937 11329599.918
1111.951 1804.048 612.361
223215.464 362148.373 122926.724
6283680.695 10194745.039 3460478.356
8372768.060 13584114.116 4610957.184
1526003.641 2475812.951 840383.658
10029313.701 16271720.516 5523231.473
852898.653 1383756.549 469698.808
3218838.502 5222295.568 1772642.740
102211.622 165829.786 56288.841
4373562.416 7095738.295 2408559.380
16914936.230 27443065.707 9315204.503
1570.805 2548.499 865.056
550860.249 893724.565 303363.596
12411077.622 20135932.766 6834889.862
7816079.190 12680933.104 4304383.716
885767.904 1437084.152 487800.194
12497058.348 20275429.286 6882240.206
16863719.076 27359970.169 9286998.765
3586528.225 5818841.313 1975132.712
1218463.102 1976854.215 671018.372
5156948.818 8366717.045 2839977.178
1176689.645 1909080.283 648013.361
9004108.994 14608411.844 4958642.203
23904481.328 38783016.553 13164408.609
17880496.475 29009606.243 9846947.043
5967751.906 9682177.068 3286493.586
26274259.459 42627782.864 14469466.317
31103184.187 50462308.327 17128797.736
9950533.040 16143905.501 5479846.269
5151595.915 8358032.408 2837029.287
3919228.642 6358619.843 2158353.765
24376130.118 39548227.167 13424149.755
199882.755 324293.010 110077.195
22080314.177 35823458.307 12159823.676
16723846.261 27133038.256 9209969.573
10778473.464 17487169.416 5935800.360
49795.155 80788.464 27422.631
6896276.903 11188631.019 3797840.488
9054377.726 14689968.647 4986325.637
3016068.092 4893317.580 1660975.288
14455612.618 23453019.363 7960833.309
29048159.619 47128203.281 15997077.590
4243986.050 6885511.507 2337200.533
1262604.720 2048470.289 695327.551
2683571.464 4353869.682 1477866.464
1947511.957 3159674.850 1072512.004
19029261.380 30873380.977 10479582.003
1873490.425 3039581.121 1031747.694
19421119.783 31509138.377 10695381.880
10522720.322 17072231.388 5794954.849
3097530.705 5025483.839 1705837.467
632868.996 1026776.879 348526.535
18289682.329 29673475.981 10072289.300
22512385.861 36524458.386 12397769.362
16853116.225 27342767.933 9281159.682
15972136.415 25913452.062 8795996.333
6878597.549 11159947.749 3788104.312
11389572.514 18478626.383 6272337.993
22021791.530 35728510.221 12127594.739
2767536.626 4490096.116 1524106.818
6391936.397 10370380.838 3520095.725
6552460.513 10630817.756 3608497.771
15799849.330 25633930.713 8701116.317
15203107.310 24665766.824 8372485.226
1138278.602 1846761.587 626860.061
2642347.670 4286987.533 1455164.157
14877413.639 24137356.151 8193122.850
2604884.803 4226207.172 1434533.025
23383116.406 37937145.684 12877288.350
5860990.806 9508966.136 3227699.307
30454141.939 49409291.702 16771364.449
2338272.615 3793651.252 1287707.343
2220807.953 3603074.688 1223018.518
7669245.893 12442708.392 4223521.325
16071905.848 26075319.602 8850940.240
8429718.306 13676511.116 4642320.187
3183082.835 5164284.996 1752951.779
29934060.912 48565503.845 16484951.242
26833722.963 43535465.487 14777567.801
31207841.644 50632106.275 17186433.521
10485603.814 17012012.965 5774514.461
20959040.924 34004286.474 11542328.611
3667997.538 5951018.441 2019998.581
2777070.662 4505564.291 1529357.296
13967610.870 22661277.446 7692086.444
16319966.911 26477777.876 8987549.654
7391351.007 11991847.241 4070482.162
24652410.825 39996469.448 13576299.976
9031081.521 14652172.508 4973496.211
74743.038 121264.312 41161.650
6770952.696 10985303.002 3728823.342
4053953.027 6577198.861 2232547.672
31388112.694 50924580.939 17285710.377
11474987.602 18617205.202 6319376.836
27302782.519 44296475.287 15035883.034
416781.568 676193.147 229525.284
1092744.990 1772887.120 601784.300
15056370.146 24427698.078 8291675.776
4043109.357 6559605.916 2226575.967
8517307.696 13818617.557 4690556.437
24330696.206 39474514.454 13399128.899
257599.943 417934.308 141862.560
2004167.913 3251594.389 1103712.938
24929687.822 40446328.125 13728998.863
17936562.303 29100568.348 9877822.989
5139371.146 8338198.746 2830296.999
747304.955 1212439.628 411547.427
5377509.183 8724557.742 2961441.715
17463269.365 28332690.241 9617176.395
1245254.720 2020321.368 685772.752
6986794.561 11335488.329 3847689.360
27580390.294 44746870.623 15188764.083
24698143.988 40070667.670 13601485.632
3850186.243 6246604.340 2120331.507
3389441.124 5499084.018 1866595.108
2028400.731 3290910.104 1117058.165
30547773.004 49561200.254 16822927.901
1549673.052 2514214.586 853418.612
8341284.500 13533034.680 4593618.910
14872217.348 24128925.605 8190261.207
26198921.944 42505554.063 14427977.283
105686.607 171467.657 58202.546
1996069.792 3238455.866 1099253.232
13496236.447 21896511.969 7432496.394
4573501.015 7420121.906 2518667.329
1363713.086 2212510.135 751008.819
2387979.475 3874296.465 1315081.349
276098.802 447947.154 152050.044
27727405.938 44985391.178 15269726.894
18157875.592 29459630.601 9999702.167
19512268.389 31657019.349 10745578.222
28906732.728 46898750.008 15919192.554
19840469.863 32189498.720 10926321.667
8057095.125 13071961.249 4437113.316
14874382.359 24132438.154 8191453.497
9920805.147 16095674.487 5463474.856
3957776.191 6421160.009 2179582.240
12640752.988 20508561.791 6961374.111
2975840.697 4828052.006 1638821.707
3527.639 5723.299 1942.702
4852806.296 7873271.305 2672483.209
6748183.886 10948362.516 3716284.358
11994956.635 19460811.358 6605728.366
24818814.685 40266445.757 13667940.049
7123377.975 11557083.465 3922907.050
1115.698 1810.127 614.425
4238667.845 6876883.165 2334271.750
9187296.689 14905618.519 5059525.282
348641.561 565641.698 191999.981
27205483.042 44138615.044 14982299.354
1913815.105 3105004.534 1053954.851
21090318.562 34217273.434 11614624.364
443807.573 720040.574 244408.743
6269897.460 10172382.894 3452887.806
216111.757 350623.204 119014.650
1101093.930 1786432.575 606382.135
23530479.771 38176230.386 12958442.653
14339734.724 23265017.196 7897018.331
64471.236 104599.175 35504.878
157525.785 255572.377 86750.838
20993.693 34060.506 11561.412
6113171.936 9918108.875 3366577.679
271223.888 440038.016 149365.386
1521153.138 2467943.418 837712.444
14103474.202 22881704.310 7766907.579
19604624.626 31806859.599 10796439.615
14282819.272 23172676.648 7865674.490
28663973.209 46504893.044 15785502.747
438364.191 711209.144 241411.025
21879763.339 35498081.389 12049378.562
1557509.920 2526929.247 857734.444
7120681.286 11552708.314 3921421.960
16743.825 27165.453 9220.972
488014.616 791762.793 268753.951
1406924.234 2282616.598 774805.579
23037475.928 37376372.990 12686941.091
22634543.493 36722648.900 12465042.647
5995211.272 9726727.587 3301615.701
13684562.894 22202055.838 7536209.428
10697899.408 17356444.766 5891427.516
4831312.138 7838398.836 2660646.187
6570579.299 10660213.966 3618475.946
22936275.124 37212183.171 12631208.916
19569344.632 31749620.767 10777010.611
4006843.925 6500768.292 2206604.273
17288699.779 28049465.726 9521039.385
5176089.019 8397770.416 2850517.855
9890062.428 16045797.003 5446544.569
8410821.982 13645853.414 4631913.815
22387371.229 36321632.628 12328922.702
19716637.312 31988590.789 10858125.989
8449614.904 13708791.677 4653277.419
20056601.127 32540153.574 11045347.059
10100553.252 16387300.716 5562463.722
16574041.228 26889992.151 9127470.620
13148727.814 21332708.351 7241120.326
7235891.791 11739627.698 3984869.401
4046948.163 6565834.056 2228690.031
599.081 971.959 329.919
141511.606 229590.715 77931.689
19633468.482 31853656.337 10812324.181
20783106.041 33718846.879 11445439.720
141765.135 230002.045 78071.310
18181326.256 29497677.338 10012616.655
71915.633 116677.084 39604.573
27748102.113 45018968.987 15281124.460
6757520.297 10963510.061 3721426.002
25712718.590 41716729.889 14160220.810
721805.660 1171069.160 397504.740
29276739.987 47499055.760 16122958.813
25705.688 41705.323 14156.349
7051640.995 11440696.232 3883400.863
550526.975 893183.856 303180.059
685920.067 1112847.795 377742.228
22451696.994 36425995.788 12364347.468
10368862.354 16822609.736 5710223.910
11003379.819 17852061.119 6059658.272
4356907.273 7068716.722 2399387.246
6859176.467 11128438.672 3777408.951
8184435.058 13278559.612 4507240.540
14151160.603 22959071.497 7793168.900
42771.262 69392.787 23554.511
4952243.918 8034600.508 2727244.384
62294.792 101068.077 34306.291
16896932.164 27413855.620 9305289.505
22.237 36.077 12.246
6439428.737 10447433.177 3546250.175
3547722.564 5755882.383 1953762.093
9042557.060 14670790.608 4979815.892
12243934.932 19864757.768 6742842.909
3573357.310 5797472.607 1967879.373
22527304.429 36548662.512 12405985.149
4009990.955 6505874.085 2208337.371
18762.577 30440.707 10332.716
22377278.872 36305258.625 12323364.752
21699.038 35204.870 11949.852
5151086.260 8357205.535 2836748.615
1871339.548 3036091.505 1030563.187
6166587.343 10004770.893 3395994.014
13779007.056 22355283.573 7588220.661
10301365.262 16713101.363 5673052.666
18716124.201 30365342.161 10307134.598
48229.251 78247.915 26560.274
14500042.107 23525102.483 7985301.020
179118.445 290604.658 98642.107
24949873.122 40479077.082 13740115.086
2496406.645 4050210.457 1374793.148
276866.275 449192.316 152472.699
8167420.105 13250954.279 4497870.256
667540.416 1083028.352 367620.392
12506983.028 20291531.247 6887705.815
5902106.587 9575673.043 3250342.130
1844405.343 2992393.015 1015730.283
8009997.251 12995548.897 4411176.102
67820.591 110033.222 37349.397
11760083.859 19079749.973 6476381.858
23291452.563 37788428.784 12826808.263
3585465.156 5817116.573 1974547.271
908525.331 1474006.169 500332.909
5657300.549 9178495.774 3115525.287
25459992.947 41306703.723 14021042.570
3191902.733 5178594.542 1757808.975
4351987.192 7060734.304 2396677.714
972209.098 1577327.741 535404.121
6330204.911 10270226.678 3486099.651
1842728.438 2989672.376 1014806.796
3481839.300 5648992.311 1917479.599
27903272.995 45270720.732 15366578.433
17600541.689 28555403.077 9692773.474
11051476.264 17930093.567 6086145.408
1609928.413 2611973.857 886601.770
3963585.770 6430585.563 2182781.626
258284.215 419044.481 142239.394
29459883.637 47796190.976 16223817.636
222049.988 360257.486 122284.886
1420407.027 2304491.300 782230.672
26308225.424 42682889.793 14488171.673
6925201.979 11235559.529 3813769.782
2404316.405 3900801.764 1324078.241
7663339.359 12433125.536 4220268.545
6370381.318 10335409.529 3508225.153
3399991.263 5516200.734 1872405.163
1903887.327 3088897.547 1048487.536
16922787.156 27455803.177 9319528.077
3145933.538 5104013.378 1732493.334
25895225.364 42012831.827 14260728.899
219254.778 355722.493 120745.539
24100303.909 39100722.271 13272249.830
347780.268 564244.323 191525.659
574440.033 931980.787 316349.190
30135268.774 48891946.730 16595758.185
15356275.211 24914268.899 8456836.139
29227552.995 47419253.991 16095871.104
24723259.466 40111415.427 13615316.947
4563182.099 7403380.330 2512984.611
23480400.457 38094980.899 12930863.534
4257875.324 6908045.688 2344849.478
22089283.962 35838011.032 12164763.416
28247723.372 45829562.586 15556270.292
20215807.867 32798453.159 11133023.614
4916081.254 7975929.619 2707329.287
1218463.102 1976854.215 671018.372
61095.637 99122.548 33645.906
8393247.912 13617340.959 4622235.620
11005614.538 17855686.761 6060888.951
7016800.852 11384171.020 3864214.089
13015529.706 21116605.590 7167766.954
1009874.507 1638436.709 556146.794
585.420 949.794 322.396
11320714.640 18366910.255 6234417.355
13381813.245 21710869.918 7369482.527
13718225.964 22256671.348 7554747.978
27546201.801 44691402.661 15169936.178
455552.588 739095.876 250876.826
1304580.565 2116572.577 718444.018
5081754.906 8244721.227 2798567.227
13724048.464 22266117.866 7557954.480
25708733.468 41710264.363 14158026.168
15019361.912 24367655.322 8271295.015
29980764.702 48641276.828 16510671.431
27229498.690 44177578.418 14995524.983
13633523.974 22119249.471 7508101.845
1083492.670 1757876.005 596688.965
7371218.576 11959184.060 4059395.054
113263.818 183761.048 62375.383
6899225.668 11193415.143 3799464.399
1092627.627 1772696.707 601719.667
1831467.261 2971402.062 1008605.167
62912.820 102070.775 34646.645
2957276.184 4797932.640 1628598.066
18608931.931 30191431.690 10248102.870
2275011.012 3691014.607 1252868.621
31332782.759 50834812.757 17255239.694
71.857 116.581 39.572
18427266.977 29896695.535 10148058.378
54119.318 87804.056 29803.986
13928614.250 22598008.699 7670610.661
16559874.503 26867007.827 9119668.880
14584817.463 23662643.390 8031987.556
8747225.168 14191639.376 4817174.015
29650934.351 48106154.740 16329030.949
7262796.332 11783278.060 3999685.969
3072485.914 4984850.766 1692045.080
3463845.329 5619798.601 1907570.160
16706403.116 27104738.215 9200363.479
10775156.246 17481787.507 5933973.538
2880168.197 4672831.396 1586134.017
25587619.578 41513767.231 14091327.681
11078740.104 17974326.861 6101159.845
2075685.336 3367625.410 1143098.214
722950.777 1172927.016 398135.367
6489956.817 10529410.749 3574076.434
12916883.153 20956559.829 7113441.427
22311468.845 36198487.374 12287122.590
9797769.069 15896058.767 5395717.803
26261599.800 42607243.628 14462494.531
27960831.500 45364104.581 15398276.409
2962878.091 4807021.264 1631683.085
23948416.818 38854298.202 13188604.270
2502086.548 4059425.622 1377921.120
97108.060 157549.685 53478.265
2916101.859 4731130.749 1605923.002
4118864.269 6682511.907 2268294.864
20701.892 33587.084 11400.714
6117058.956 9924415.239 3368718.295
19071405.412 30941756.135 10502791.093
9612043.529 15594734.651 5293437.111
19861479.890 32223585.727 10937892.073
18392581.725 29840421.621 10128956.904
21590824.551 35029302.434 11890257.424
29629540.189 48071444.506 16317248.995
5276963.303 8561430.484 2906070.213
1160547.107 1882890.369 639123.523
4083847.999 6625700.945 2249011.096
15200918.506 24662215.672 8371279.832
5551778.777 9007295.546 3057413.517
13166240.036 21361120.463 7250764.461
27989335.994 45410350.731 15413974.085
8423525.796 13666464.287 4638909.917
1689380.074 2740877.515 930356.500
13318637.390 21608372.392 7334691.028
12370765.260 20070529.341 6812689.489
9994143.409 16214659.668 5503862.883
10373924.481 16830822.612 5713011.668
687781.072 1115867.118 378767.100
5512431.272 8943457.519 3035744.499
26136318.973 42403985.991 14393501.275
13689547.406 22210142.791 7538954.443
11751.069 19065.124 6471.417
28635727.958 46459067.493 15769947.838
10870082.135 17635796.803 5986250.062
897748.709 1456522.003 494398.128
19604624.626 31806859.599 10796439.615
131271.590 212977.148 72292.422
351165.294 569736.243 193389.823
18688933.239 30321227.105 10292160.296
18070428.336 29317754.761 9951544.193
145809.587 236563.828 80298.625
8460714.990 13726800.636 4659390.334
815674.601 1323363.645 449199.194
25173013.868 40841104.231 13863000.661
85478.083 138681.023 47073.534
4081579.383 6622020.307 2247761.749
8013810.854 13001736.149 4413276.287
17186147.625 27883083.455 9464563.010
28398299.553 46073859.814 15639193.922
861213.989 1397247.484 474278.136
5940902.878 9638616.772 3271707.590
424939.281 689428.351 234017.808
25994734.310 42174276.747 14315529.353
1389400.083 2254185.133 765154.875
10728033.286 17405334.456 5908022.508
20643096.087 33491692.469 11368335.004
19201068.985 31152124.409 10574197.966
7963671.108 12920388.615 4385663.887
10910468.257 17701319.898 6008491.055
7560497.699 12266273.565 4163632.736
4837.884 7849.061 2664.265
19125869.529 31030119.598 10532784.963
26426990.491 42875576.156 14553576.643
94294.742 152985.312 51928.946
4470124.119 7252401.561 2461736.761
1430192.047 2320366.674 787619.369
10403236.749 16878379.309 5729154.192
12486740.860 20258690.026 6876558.274
15067699.407 24446078.854 8297914.900
27568598.763 44727739.854 15182270.383
19346477.897 31388038.177 10654275.936
6717303.123 10898261.068 3699278.049
16932025.872 27470792.219 9324615.920
5153634.788 8361340.309 2838152.112
214808.861 348509.365 118297.134
29553195.496 47947581.644 16275205.300
30137117.838 48894946.681 16596776.481
16094869.731 26112576.576 8863586.653
19745064.516 32034711.544 10873781.101
16958370.044 27513533.429 9339123.887
8718027.957 14144269.349 4801094.854
13747350.818 22303923.980 7570787.292
851136.841 1380898.157 468728.562
26572639.643 43111879.692 14633786.915
667173.535 1082433.118 367418.347
3692983.531 5991556.121 2033758.588
8875202.378 14399271.669 4887652.193
1201543.211 1949403.110 661700.439
19935603.841 32343845.622 10978712.787
12740745.899 20670791.903 7016441.088
8848129.839 14355348.744 4872743.107
1305093.573 2117404.890 718726.537
15935363.202 25853790.607 8775745.001
30514272.540 49506848.560 16804478.900
397440.698 644814.206 218874.096
22272241.295 36134843.963 12265519.632
3539691.025 5742851.883 1949339.053
5193473.446 8425975.191 2860091.612
1312286.281 2129074.455 722687.624
4143510.307 6722498.038 2281867.655
1118955.770 1815411.912 616218.807
10015806.688 16249806.521 5515793.042
25610342.162 41550632.719 14103841.209
11144610.211 18081195.586 6137435.093
7825498.800 12696215.631 4309571.179
6599967.514 10707893.881 3634660.295
16929253.992 27466295.077 9323089.421
1432072.465 2323417.494 788654.931
1543389.893 2504020.687 849958.420
1635960.328 2654208.456 900937.775
5166897.298 8382857.619 2845455.893
806876.514 1309089.487 444354.010
23843587.650 38684221.667 13130873.923
5324785.640 8639018.215 2932406.395
19301564.441 31315169.860 10629541.699
9658395.535 15669936.895 5318963.569
292378.728 474359.969 161015.543
28019043.617 45458548.858 15430334.335
7629808.603 12378724.695 4201802.862
20047048.629 32524655.447 11040086.414
467297.477 758150.973 257344.840
3806251.005 6175323.100 2096135.984
1379492.106 2238110.270 759698.464
5529051.062 8970421.734 3044897.164
6058054.306 9828685.140 3336223.914
134587.277 218356.572 74118.400
5154654.376 8362994.505 2838713.608
6836259.676 11091258.101 3764788.472
27337406.699 44352650.116 15054950.875
9068572.717 14712998.829 4994142.944
3057743.428 4960932.319 1683926.263
5445940.260 8835581.427 2999127.312
24914554.207 40421775.105 13720664.648
94778.038 153769.420 52195.101
24193544.243 39251996.894 13323598.104
5680825.270 9216662.661 3128480.558
790121.911 1281906.548 435127.102
118692.990 192569.424 65365.276
14424040.839 23401796.799 7943446.452
117496.904 190628.875 64706.581
25704748.655 41703799.338 14155831.697
5503208.865 8928494.937 3030665.638
3173675.058 5149021.668 1747770.834
946913.718 1536288.109 521473.733
507660.006 823635.793 279572.841
168678.689 273667.030 92892.841
52.444 85.085 28.881
92544.609 150145.869 50965.132
3476185.010 5639818.699 1914365.731
22008621.469 35707142.901 12120341.870
16435832.644 26665760.312 9051357.935
6475949.051 10506684.324 3566362.234
1244127.367 2018492.333 685151.909
12976268.722 21052907.935 7146145.583
23688687.596 38432909.317 13045569.098
5102276.735 8278016.175 2809868.780
7304915.659 11851613.137 4022881.454
23913265.199 38797267.647 13169245.964
575035.859 932947.464 316677.317
22962630.464 37254942.501 12645723.034
6376333.687 10345066.748 3511503.175
5505316.163 8931913.851 3031826.146
2191125.252 3554916.995 1206671.993
226997.581 368284.541 125009.569
24128974.069 39147237.201 13288038.740
1531139.710 2484145.793 843212.137
2184316.522 3543870.402 1202922.366
151742.278 246189.122 83565.810
7306129.529 11853582.539 4023549.942
991343.548 1608371.781 545941.631
775123.866 1257573.478 426867.546
419831.445 681141.317 231204.878
6303397.284 10226733.551 3471336.455
29375846.556 47659847.859 16177537.675
324416.205 526338.091 178658.864
784045.796 1272048.562 431780.932
18304090.082 29696851.352 10080223.776
203.320 329.870 111.970
27751650.804 45024726.441 15283078.755
151305.232 245480.052 83325.125
4698237.029 7622495.630 2587360.551
13805276.009 22397902.746 7602687.205
60238.359 97731.686 33173.795
24921279.691 40432686.638 13724368.431
307130.621 498293.679 169139.540
1187921.147 1927302.454 654198.649
101852.985 165247.928 56091.337
544545.289 883479.070 299885.891
20939513.071 33972604.169 11531574.450
24476011.719 39710276.688 13479155.433
2704949.280 4388553.395 1489639.415
108404.886 175877.838 59699.526
3015678.129 4892684.899 1660760.532
98125.351 159200.154 54038.496
13436494.504 21799585.677 7399595.979
2607966.273 4231206.599 1436230.018
368949.856 598590.205 203183.939
413959.496 671614.571 227971.144
21978082.098 35657595.332 12103523.570
9344.996 15161.472 5146.372
5489258.204 8905861.160 3022982.886
26088125.573 42325796.241 14366960.745
27505556.900 44625459.717 15147552.673
22858373.480 37085794.286 12588307.794
14803452.181 24017359.887 8152391.623
2473751.578 4013454.510 1362316.802
15391053.013 24970692.966 8475988.581
24827764.953 40280966.817 13672869.040
5507687.356 8935760.912 3033131.982
7598517.661 12327957.765 4184570.664
24330696.206 39474514.454 13399128.899
28538478.690 46301288.711 15716391.809
21815738.353 35394206.219 12014119.438
281612.637 456892.891 155086.562
3928792.208 6374135.927 2163620.505
14986310.759 24314032.597 8253093.454
25961543.458 42120427.373 14297250.858
6223875.900 10097716.773 3427543.328
173181.232 280972.027 95372.431
28221473.337 45786974.106 15541814.166
9389867.268 15234272.297 5171082.685
144996.146 235244.088 79850.656
9008152.301 14614971.771 4960868.888
25096460.841 40716903.364 13820842.235
26797094.462 43476038.816 14757396.162
24972.937 40516.496 13752.817
17756325.090 28808148.583 9778564.766
5071635.922 8228304.024 2792994.614
613547.248 995428.964 337885.878
3019969.104 4899646.646 1663123.610
26313408.601 42691299.064 14491026.095
21753378.134 35293031.991 11979777.115
12545925.762 20354712.567 6909151.921
85872.445 139320.842 47290.713
725817.541 1177578.100 399714.119
16639011.389 26995400.790 9163250.261
7635702.203 12388286.567 4205048.519
7370608.931 11958194.962 4059059.317
1325179.565 2149992.727 729788.069
31262433.433 50720676.876 17216497.700
18528135.639 30060346.481 10203607.640
1272970.994 2065288.698 701036.349
25958683.171 42115786.797 14295675.673
18803657.596 30507357.754 10355340.010
19682252.832 31932804.855 10839190.153
477173.218 774173.535 262783.498
7049256.015 11436826.801 3882087.434
2349101.318 3811219.916 1293670.806
18660307.001 30274783.434 10276395.574
0.028 0.046 0.016
28308622.656 45928366.569 15589808.065
12924954.818 20969655.428 7117886.564
5330746.196 8648688.718 2935688.926
946585.982 1535756.383 521293.245
6244901.309 10131828.736 3439122.206
11908011.632 19319750.381 6557846.987
4614893.220 7487277.289 2541462.381
2478168.281 4020620.240 1364749.120
1046647.011 1698097.013 576397.736
274625.884 445557.470 151238.896
51589.888 83700.267 28411.006
4173962.461 6771904.104 2298637.925
19722620.285 31998297.661 10861420.865
177506.482 287989.383 97754.385
2198943.416 3567601.310 1210977.525
4193712.682 6803947.182 2309514.546
14235334.978 23095637.362 7839524.470
1633663.438 2650481.945 899672.858
4929034.693 7996945.487 2714462.860
13629793.163 22113196.542 7506047.255
12870117.217 20880686.019 7087687.014
22182254.672 35988848.213 12215963.206
528182.526 856931.860 290874.774
204425.973 331664.001 112579.186
28759629.514 46660087.378 15838181.517
260342.476 422383.837 143372.897
7957018.811 12909595.821 4382000.408
26008474.657 42196569.309 14323096.284
5599.808 9085.219 3083.864
6171328.029 10012462.259 3398604.752
219307.354 355807.793 120774.493
13830317.317 22438530.169 7616477.674
5607472.581 9097654.073 3088084.586
1531695.478 2485047.479 843518.203
1357819.354 2202948.048 747763.089
22224049.329 36056656.539 12238979.892
26651410.244 43239678.387 14677166.579
24975116.235 40520031.915 13754016.690
632065.381 1025473.082 348083.978
29500117.716 47861467.396 16245974.898
