38 482
-950
-418
-890
-836
-335
-801
-314
-301
-242
-212
-664
-663
-156
-627
-135
-615
-121
-603
-597
-577
-551
-24
996
44
559
607
184
205
216
740
749
360
395
890
436
451
942
961
16 656
-432
-414
-984
-979
-199
-848
-825
-100
-60
694
180
937
318
357
495
603
10 733
-491
-389
-360
-990
-234
-961
-808
-738
267
490
40 299
-278
-532
-508
-493
-757
-753
-154
-103
-999
-391
-690
-677
-676
-349
-47
-918
-611
-1
303
603
604
906
908
71
71
969
73
982
985
428
134
739
148
766
170
476
812
837
572
576
40 852
-798
-793
-791
-786
-783
-721
-692
-629
-559
-556
-553
-466
-402
-227
-158
-999
-133
-950
-922
-912
-52
-24
36
41
992
182
191
360
374
411
496
554
581
717
743
748
758
763
774
836
34 480
-478
-476
-458
-435
-908
-902
-386
-758
-278
-744
-233
-698
-693
-682
-621
-612
-579
-975
490
14
975
15
983
510
990
525
58
119
120
672
243
252
880
424
50 380
-378
-374
-751
-649
-268
-626
-992
-210
-562
-924
-525
-129
-879
-102
-92
-67
-826
-419
-26
-776
34
804
804
813
53
461
469
479
868
112
503
123
885
127
176
182
943
183
952
964
598
231
649
287
698
332
720
732
742
747
1 631
102
32 228
-197
-641
-178
-403
-619
-613
-586
-809
-99
-323
-320
-998
-76
-59
-970
-722
-488
-22
4
689
724
987
541
89
549
812
600
155
167
891
908
453
7 767
-428
-931
-838
803
816
92
219
47 568
-567
-528
-439
-437
-985
-393
-940
-339
-337
-892
-300
-799
-778
-775
-751
-121
-119
-616
-30
-590
-586
20
635
79
650
97
102
689
124
139
724
170
763
231
251
316
342
912
416
987
997
440
505
531
562
564
566
46 854
-766
-726
-662
-612
-592
-548
-426
-390
-384
-372
-353
-332
-329
-322
-272
-216
-168
-152
-958
-86
-896
-890
-14
868
871
922
961
992
159
263
284
287
298
321
327
357
385
405
487
514
521
530
531
533
575
726
46 171
-853
-334
-821
-650
-649
-478
-814
-626
-281
-964
-430
-941
-427
-78
-415
-406
-576
-737
-394
-888
-203
-708
-179
517
352
188
191
23
29
722
563
926
931
932
762
607
270
273
802
639
305
648
159
675
849
508
13 635
-626
-372
-966
-273
-881
-239
-230
-836
-657
695
516
533
554
50 739
-705
-687
-686
-667
-641
-609
-594
-538
-537
-429
-413
-314
-297
-266
-998
-255
-987
-978
-925
-178
-170
-904
-148
-133
-851
-97
-813
-57
-54
-779
-762
-4
9
22
25
809
101
849
870
885
177
940
245
306
337
370
408
523
634
711
26 281
-835
-822
-236
-217
-162
-963
-622
-616
-314
-23
585
888
896
72
78
370
934
935
949
108
684
691
417
704
743
489
28 153
-917
-286
-274
-416
-256
-379
-679
-366
-508
-656
-651
-320
-314
-922
-613
312
622
324
26
654
75
391
246
864
410
567
142
759
18 84
-816
-55
-976
-803
-380
-622
-865
-611
-262
-176
-168
187
702
210
211
61
323
333
48 909
-853
-797
-797
-794
-635
-555
-536
-528
-496
-453
-288
-230
-200
-174
-979
-67
-65
-28
-20
-11
-911
910
10
952
45
70
146
189
205
207
218
255
378
406
410
416
444
509
526
534
537
593
628
658
673
758
844
887
40 203
-596
-785
-972
-358
-538
-130
-725
-316
-515
-503
-292
-688
-669
-466
-464
-619
-821
-618
-816
409
431
33
245
249
254
53
278
88
906
913
926
333
740
135
746
166
988
997
200
607
34 337
-656
-318
-647
-247
-232
-219
-533
-514
-172
-494
-816
-141
-440
-66
-64
-53
-720
-709
-351
-675
350
372
396
404
467
809
176
190
535
218
578
607
945
647
37 918
-911
-866
-766
-677
-655
-612
-565
-563
-361
-145
-106
-987
-956
-19
944
965
71
996
173
182
209
272
315
367
404
431
464
495
500
581
598
637
639
652
664
847
852
17 355
-883
-872
-120
-828
-114
-104
-47
-727
434
823
824
826
532
289
290
316
678
16 914
-790
-760
-680
-382
-167
-78
-72
-979
8
50
72
151
217
222
269
858
12 859
-798
-439
-397
-356
-202
-950
53
154
241
327
483
797
3 795
-375
-169
232
5 694
-459
-362
-841
977
421
11 14
-68
-389
-373
-891
-189
-958
-533
-392
95
979
965
45 212
-632
-597
-354
-774
-765
-542
-943
-705
-911
-694
-259
-256
-461
-459
-669
-663
-237
-24
-642
222
227
228
229
884
894
693
57
706
287
713
304
98
524
962
969
334
977
131
769
573
152
576
370
600
621
1 633
-66
29 521
-486
-974
-435
-418
-854
-299
-241
-748
-742
-661
-129
-100
-598
-51
6
47
47
598
630
154
679
693
715
202
847
362
370
405
473
12 489
-413
-382
-833
-690
-127
-590
-10
14
214
292
310
806
44 806
-798
-770
-697
-625
-620
-556
-519
-486
-426
-361
-344
-215
-168
-913
-69
-29
-830
-12
12
43
101
911
941
944
145
171
188
191
192
201
212
241
268
331
385
507
563
583
652
685
689
721
735
748
30 928
-836
-782
-707
-639
-572
-303
-271
-237
-131
-126
-101
-75
-38
-37
933
938
76
78
123
166
186
237
244
280
349
458
619
669
778
873
47 566
-538
-536
-496
-490
-414
-407
-404
-396
-926
-358
-923
-355
-354
-312
-824
-253
-790
-203
-192
-162
-135
-690
-656
-599
-23
-580
0
68
641
653
680
681
130
140
718
162
736
225
811
819
269
837
409
431
432
553
559
48 454
-433
-415
-858
-359
-341
-700
-225
-679
-647
-628
-596
-132
-518
-961
-51
-33
-912
2
471
473
20
485
501
59
516
589
135
628
639
208
693
722
738
752
299
757
304
765
318
777
337
343
363
371
373
374
832
898
40 444
-834
-810
-778
-727
-260
-629
-181
-608
-577
-543
-985
-61
-500
-37
-915
-451
22
470
951
66
531
537
551
111
127
573
146
596
621
636
264
724
293
742
755
787
787
814
818
427
10 520
-327
-248
-614
-81
-37
215
872
424
990
474
13 731
-598
-342
-926
-912
-172
-133
-856
-820
-64
-49
-769
496
593
12 550
-520
-421
-880
-837
-265
-751
-64
101
331
899
961
487
29 59
-993
-813
-853
-793
-497
-201
-664
945
119
650
834
777
430
550
792
912
678
680
801
388
925
45
694
164
519
401
993
641
293
49 415
-342
-336
-329
-689
-667
-250
-650
-221
-620
-592
-584
-984
-143
-116
-943
-513
-899
-68
-64
-476
-885
-468
-437
-10
417
835
838
24
25
32
451
79
495
86
89
95
578
210
627
631
240
255
696
292
310
319
745
330
358
29 422
-394
-368
-704
-683
-235
-120
-951
-78
-62
-482
-898
29
50
51
926
114
972
564
990
600
647
718
383
385
819
820
406
834
419
8 763
-440
-303
53
102
418
502
659
735
22 110
-964
-632
-632
-949
-920
-238
-674
-341
-774
786
347
355
25
709
387
192
855
749
534
430
987
879
35 531
-471
-925
-389
-359
-355
-853
-844
-815
-806
-229
-757
-219
-197
-718
-186
-711
-82
-604
-596
-44
-15
-8
31
103
685
774
789
912
927
442
979
987
463
473
520
4 481
-259
19
93
786
23 155
-618
-446
-136
-270
-885
-251
-71
-676
-348
-946
-634
-785
7
341
192
812
845
85
262
128
295
300
769
35 261
-505
-499
-751
-478
-990
-204
-191
-706
-703
-964
-680
-659
-887
-92
-82
-859
-850
-54
-550
-285
-271
2
788
279
326
69
353
368
125
909
657
921
734
490
778
4 833
-295
49
381
703
5 627
-373
180
818
948
467
15 70
-686
-400
-395
-666
-97
-782
-425
-492
-771
574
521
248
950
195
336
17 734
-438
-247
-237
-160
-818
-795
-766
750
25
858
859
949
245
363
415
672
675
42 266
-506
-224
-745
-471
-467
-729
-173
-423
-678
-933
-366
-99
-353
-870
-332
-582
-821
-20
-285
281
284
24
824
43
861
609
353
398
412
681
176
725
194
196
732
493
493
761
778
249
783
786
29 431
-859
-851
-369
-790
-337
-270
-268
-259
-640
-145
-520
24
887
31
474
492
494
498
161
213
658
683
708
710
712
742
318
344
817
5 670
-605
-821
823
266
497
36 500
-475
-955
-949
-443
-939
-879
-860
-338
-304
-774
-266
-213
-205
-185
-681
-167
-626
-120
-117
-573
-525
540
111
138
649
735
361
373
907
429
931
431
932
937
977
999
35 445
-874
-839
-373
-765
-309
-695
-211
-130
-118
-545
-544
-91
-87
-943
-51
-924
-457
920
43
512
979
981
102
135
143
159
168
660
216
666
252
762
339
851
419
39 209
-379
-366
-574
-149
-567
-560
-551
-128
-125
-530
-98
-92
-80
-908
-267
-887
-883
-882
-245
-869
-242
-638
419
632
451
287
313
111
338
759
978
986
569
570
570
363
155
997
201
46 178
-707
-527
-161
-689
-332
-323
-308
-297
-826
-998
-277
-233
-932
-575
-914
-191
-186
-183
-714
538
186
195
913
744
923
406
584
595
418
962
964
613
435
797
448
462
997
107
288
117
660
485
864
169
526
886
5 733
-405
-401
-271
-970
699
29 407
-402
-792
-694
-599
-563
-559
-145
-529
-528
-115
-114
-520
-887
-464
-50
-827
-11
-820
847
450
872
68
482
500
914
538
247
657
694
19 931
-874
-774
-760
-668
-401
-323
-227
-977
-954
-939
67
118
120
222
275
280
583
718
751
43 989
-957
-955
-936
-915
-890
-724
-581
-544
-480
-425
-384
-365
-358
-333
-136
-118
-32
34
37
113
115
145
179
197
217
217
231
236
241
244
277
278
281
294
302
420
452
504
549
639
772
780
943
19 770
-735
-580
-528
-473
-456
-410
-186
-846
-52
801
40
63
838
898
922
414
581
589
627
6 849
-411
-260
-861
258
346
404
34 209
-174
-591
-161
-357
-352
-977
-557
-344
-751
-953
-507
-707
-265
-889
-885
-447
-637
420
212
8
218
25
49
697
701
302
725
520
111
759
551
151
805
398
21 290
-553
-244
-530
-116
-973
-99
-950
-58
-315
-307
896
322
333
337
76
369
668
728
784
802
558
2 38
-696
-118
25 936
-868
-837
-804
-776
-475
-438
-421
-367
-276
-218
-125
-100
32
1000
99
114
123
140
376
448
581
665
669
808
919
15 828
-782
-557
-373
-239
-196
40
71
929
973
167
249
367
381
699
742
30 919
-816
-575
-532
-485
-457
-389
-319
-302
-224
-936
-1
69
112
143
347
483
487
504
518
551
674
680
681
702
702
765
771
781
872
912
20 839
-820
-812
-740
-740
-692
-627
-416
-407
-389
-303
-302
-913
-852
930
192
238
376
439
611
810
10 348
-648
-269
-52
-52
-36
417
92
800
122
480
30 369
-721
-687
-311
-628
-613
-981
-594
-946
-937
-154
-888
-139
-876
-73
-59
375
375
420
67
820
121
899
900
925
925
288
690
696
333
358
17 765
-654
-652
-555
-499
-236
-196
-135
-874
-108
-821
160
415
491
533
567
604
731
41 953
-924
-885
-871
-805
-804
-799
-715
-709
-514
-364
-304
-302
-300
-222
-186
-176
-115
-114
-92
-979
-966
66
124
146
155
186
226
238
308
351
352
354
365
384
388
401
449
589
835
846
906
34 320
-629
-619
-932
-280
-919
-592
-884
-242
-208
-842
-521
-158
-149
-139
-455
-443
-760
-119
-986
46
55
67
72
716
149
471
473
196
881
265
600
608
303
626
32 394
-353
-345
-682
-647
-240
-905
-115
-501
-76
-399
788
396
20
27
42
834
844
864
84
91
893
905
132
135
952
169
572
577
976
601
782
389
25 995
-961
-953
-937
-548
-520
-513
-507
-482
-470
-315
-49
-28
185
197
197
361
401
416
449
553
733
839
869
911
945
14 681
-430
-331
-308
-935
-860
91
207
897
904
955
312
576
611
624
28 464
-460
-896
-426
-417
-878
-854
-385
-800
-310
-627
-565
-961
84
91
566
139
631
171
642
214
238
718
757
784
360
393
897
454
45 842
-702
-680
-645
-610
-599
-580
-467
-421
-412
-368
-342
-267
-172
-967
-111
-948
-100
-55
-41
-882
-36
-867
844
862
863
21
33
72
80
923
962
966
988
195
203
210
229
299
375
447
542
589
600
604
833
27 633
-559
-541
-418
-330
-961
-939
-925
-911
-789
-767
-128
675
54
706
82
97
730
124
175
176
944
349
372
464
501
540
580
15 114
-641
-43
-947
-941
-255
-936
-4
228
117
690
350
827
976
188
765
39 781
-743
-709
-631
-612
-532
-506
-485
-429
-378
-372
-198
-919
-130
-811
-809
800
804
35
830
55
75
866
95
120
905
150
948
183
236
269
272
296
301
327
429
434
477
509
656
17 115
-988
-847
-613
-29
-369
-709
-8
-117
3
696
144
615
68
418
768
656
903
45 716
-650
-650
-629
-609
-593
-523
-463
-371
-321
-291
-959
-910
-176
-142
-817
-91
-77
-44
-721
723
88
91
814
102
855
156
920
933
219
226
951
956
264
985
325
368
401
416
416
457
509
524
571
585
656
37 906
-896
-870
-867
-861
-789
-774
-551
-481
-381
-284
-282
-210
-151
-120
-115
-113
-99
-72
-916
925
949
951
71
102
116
128
164
169
303
455
483
507
693
698
724
735
901
1 381
832
48 964
-934
-933
-913
-846
-751
-718
-685
-575
-543
-472
-407
-395
-342
-335
-266
-252
-160
-155
-112
-103
-38
-33
-991
2
28
993
54
60
73
81
113
199
236
254
274
277
353
456
465
507
525
548
550
622
729
764
858
958
20 329
-968
-297
-226
-216
-204
-522
-775
-432
-723
-679
684
691
62
855
548
241
927
622
317
324
44 441
-398
-366
-343
-773
-304
-278
-696
-246
-232
-635
-619
-156
-588
-586
-583
-552
-110
-79
-512
-498
-489
-33
-468
-466
-450
1
890
901
470
525
966
85
971
596
176
176
217
662
257
262
716
781
398
845
44 290
-851
-851
-244
-823
-208
-785
-768
-468
-464
-454
-448
-698
-385
-93
-373
-373
-927
-897
-313
-887
-293
298
592
304
888
890
619
348
358
375
678
683
407
999
769
780
501
803
224
823
826
539
255
270
12 424
-418
-416
-682
-602
-589
-558
-525
-510
39
236
697
714
19 203
-367
-335
-240
-236
-233
-8
-208
817
878
72
702
94
300
913
722
529
132
352
573
18 39
-67
-105
-143
-489
-644
-720
-873
-80
744
832
990
410
959
68
616
71
72
268
47 712
-696
-661
-652
-632
-561
-525
-506
-501
-465
-438
-391
-998
-985
-264
-943
-927
-187
-185
-866
-116
-809
-93
-805
-782
-61
-729
-3
-1
764
72
72
74
805
101
109
132
140
883
193
929
930
263
336
368
374
526
581
26 279
-237
-502
-769
-993
-431
-987
-960
-957
-674
-650
-331
-28
-583
-23
-577
289
299
349
381
941
671
195
233
514
242
250
41 393
-773
-351
-738
-718
-712
-699
-676
-630
-617
-213
-596
-170
-127
-506
-102
-819
-816
-401
13
811
431
431
831
469
80
494
550
953
200
207
212
612
655
678
289
687
705
333
338
366
379
45 629
-537
-447
-418
-398
-332
-321
-942
-919
-898
-887
-242
-240
-849
-189
-769
-753
-96
-715
-705
-695
-52
662
56
60
66
93
751
138
769
814
841
225
233
287
292
293
933
933
314
944
973
391
423
591
605
43 673
-664
-641
-563
-549
-528
-479
-460
-443
-438
-409
-408
-380
-348
-347
-264
-244
-212
-832
-97
-77
-42
-701
-21
697
699
39
47
721
76
98
103
776
776
786
118
883
884
236
931
942
310
339
473
29 871
-787
-649
-635
-631
-606
-550
-318
-196
-16
-881
13
13
18
32
42
919
77
989
183
190
249
253
262
462
606
663
674
699
805
23 358
-300
-982
-610
-196
-160
-871
-866
-835
-118
-61
-752
-745
792
799
477
495
863
922
569
614
650
652
680
28 198
-776
-378
-574
-174
-754
-339
-729
-917
-892
-688
-874
-467
-854
-51
-619
-199
-990
629
56
74
78
873
482
489
128
949
952
564
10 485
-804
-271
-637
-143
158
220
294
304
811
437
9 468
-347
-616
-571
-567
-946
228
275
815
858
3 202
-15
-822
765
34 694
-589
-538
-516
-437
-427
-413
-397
-393
-317
-969
-261
-949
-826
-131
-123
-767
-23
-714
-710
783
797
122
839
206
240
323
336
548
569
618
635
637
651
684
4 999
-720
102
484
833
8 667
-487
-884
691
152
207
970
406
515
27 527
-462
-985
-445
-435
-434
-922
-326
-695
-681
-139
-644
-91
562
568
611
678
195
733
842
318
319
328
913
915
400
975
461
18 328
-873
-861
-516
-455
-448
-438
-438
-423
-404
-723
-988
12
682
373
48
438
801
318
42 870
-869
-805
-614
-493
-435
-422
-415
-394
-388
-289
-246
-204
-182
-110
-929
-926
-50
-912
-38
-8
910
942
80
83
90
90
98
971
165
192
209
230
256
313
389
511
516
594
646
746
835
868
27 886
-854
-822
-770
-635
-536
-499
-468
-467
-252
-186
-181
-1000
1
23
982
186
210
284
354
379
548
598
622
627
657
659
859
38 268
-801
-524
-997
-187
-712
-171
-975
-416
-397
-120
-902
-72
-865
-56
-844
-839
-274
48
317
64
342
878
886
98
915
379
918
138
944
693
699
721
191
227
769
777
782
525
4 722
-551
-467
-202
-159
27 570
-482
-976
-392
-923
-334
-320
-314
-311
-855
-810
-239
-790
-746
-701
-700
-691
-37
588
31
37
646
730
745
303
506
549
553
48 847
-794
-783
-780
-744
-640
-604
-567
-557
-538
-522
-475
-464
-445
-330
-317
-267
-227
-193
-186
-168
-996
-127
-97
-26
857
861
893
913
976
986
988
247
265
278
293
327
362
387
500
506
525
583
602
633
693
826
843
843
5 353
-807
-744
727
383
563
23 35
-734
-594
-310
-310
-763
-228
-401
-993
-501
-528
-71
215
185
80
961
227
267
410
902
274
414
975
67
10 928
-781
-725
-507
-260
-234
-217
-6
205
407
606
24 404
-806
-803
-777
-753
-268
-267
-244
-192
-169
-976
-68
-448
-445
-415
903
523
534
947
961
970
971
648
308
325
41 990
-930
-911
-878
-860
-847
-763
-710
-679
-659
-635
-566
-464
-419
-383
-371
-336
-218
-178
-130
-67
8
19
33
49
55
61
193
202
283
354
384
436
507
546
590
626
648
656
694
810
949
23 46
-181
-863
-724
-493
-534
-396
-484
-752
-196
-56
-55
-193
875
783
743
378
378
526
25
948
37
822
965
10 338
-296
-957
-605
-590
-795
11
700
512
895
236
11 635
-533
-430
-1000
-322
-294
743
139
880
978
378
402
15 236
-468
-698
-454
-686
-206
-198
-606
-348
-47
-983
-486
522
522
826
127
22 206
-603
-395
-183
-586
-160
-138
-526
-684
-38
-243
-30
-646
-11
-11
-629
-825
13
450
884
539
540
129
38 230
-682
-445
-602
-365
-817
-117
-342
-571
-322
-530
-59
-56
-511
-970
-969
-273
-257
-716
-940
-696
-6
30
490
32
276
747
978
303
77
312
124
145
856
857
193
885
908
459
4 722
-305
-861
237
466
29 818
-781
-778
-677
-588
-402
-296
-273
-264
-230
-980
-159
-975
-103
-91
-898
11
843
69
91
114
265
282
301
409
497
543
636
718
769
14 83
-480
-48
-207
-437
-667
251
773
280
620
45
463
473
972
243
47 65
-321
-775
-967
-381
-510
-310
-630
-492
-816
-487
-806
-26
-220
-413
-803
-868
-736
-83
-727
-70
-782
-2
976
527
333
8
141
597
406
862
474
994
735
801
152
352
28
162
427
37
560
175
309
960
638
445
707
19 900
-797
-750
-600
-551
-488
-484
-430
-187
-950
-919
43
90
183
220
249
484
486
494
851
35 173
-513
-483
-994
-301
-119
-465
-972
-416
-240
-412
-757
-64
-579
-576
-51
-397
-50
-45
-557
-377
-188
-354
-176
880
198
212
401
923
588
100
626
644
844
334
854
21 859
-776
-597
-569
-548
-541
-283
-283
-277
-101
-90
-80
-34
896
40
80
960
459
498
705
828
857
5 507
-608
-92
-91
531
464
12 211
-824
-356
-985
-931
-711
-647
454
895
907
299
774
209
47 47
-751
-373
-512
-934
-557
-979
-177
-219
-689
-264
-403
-261
-495
-815
-344
-858
-103
-432
-759
-333
-192
-379
-143
-801
-612
987
329
800
708
802
333
475
194
951
669
254
536
491
775
873
828
265
363
935
91
751
93
9 207
-751
-525
-666
-621
834
634
918
768
191
36 677
-667
-621
-615
-584
-490
-486
-417
-399
-372
-352
-300
-943
-928
-891
-868
-856
-81
-18
7
687
743
776
104
815
847
851
884
956
968
985
310
992
324
542
563
608
9 45
-672
-884
-876
-66
320
368
819
746
884
18 442
-406
-842
-398
-831
-384
-341
-264
-224
-652
-149
-940
956
966
142
682
327
823
437
31 667
-628
-581
-529
-912
-902
-886
-846
-105
-768
-100
-743
-56
668
766
777
807
148
171
841
217
936
270
319
330
999
363
421
447
497
535
608
46 191
-178
-175
-550
-548
-535
-915
-525
-896
-319
-121
-119
-78
-259
-449
-633
-628
-432
-607
-988
-21
-783
-776
-197
5
197
10
590
594
40
816
252
649
81
83
88
665
867
301
302
879
121
512
534
168
558
177
16 651
-624
-569
-470
-444
-872
-118
-750
707
123
255
954
363
375
415
483
496
14 17
-591
-743
-725
-334
-417
-449
-857
-459
340
38
279
418
796
730
16 169
-479
-227
-522
-515
339
701
892
224
229
403
444
115
144
491
156
842
19 50
-240
-82
-730
-623
-659
-759
351
202
605
305
714
118
770
721
576
627
579
934
436
18 535
-987
-452
-909
-865
-308
-823
-781
552
77
640
106
655
162
172
230
834
335
499
14 896
-895
-756
-670
-604
-347
-255
-958
-946
-34
244
284
464
493
805
17 680
-582
-577
-396
-311
-298
-974
-963
-796
764
853
214
900
984
363
418
495
545
16 825
-734
-680
-440
-364
-334
-214
21
68
983
991
223
323
502
640
738
746
1 637
-524
20 391
-762
-703
-278
-910
-58
423
432
42
832
838
476
608
620
628
655
283
283
285
300
305
24 462
-915
-367
-362
-292
-270
-729
-252
-707
-192
-99
-14
-12
-464
15
495
586
213
688
705
250
713
277
893
440
42 30
-928
-177
-656
-445
-745
-323
-381
-560
-167
-703
-492
-312
-401
-818
-635
-303
-573
-633
-931
-750
840
92
303
635
126
337
248
969
279
163
825
496
496
978
320
320
413
323
264
117
958
239
44 770
-737
-648
-627
-561
-509
-447
-443
-407
-325
-272
-258
-939
-902
-117
-95
-852
-51
-47
-794
-789
772
15
851
852
853
114
115
180
212
345
384
405
480
550
552
555
558
576
583
622
679
703
738
738
38 260
-512
-509
-226
-475
-472
-443
-443
-160
-934
-670
-375
-883
-69
-326
-326
-574
-41
-820
-288
-534
781
789
292
68
330
590
76
339
371
896
898
119
665
938
939
446
968
450
41 523
-983
-445
-966
-358
-304
-811
-288
-807
-273
-254
-752
-211
-163
-670
-8
36
40
582
68
594
599
669
177
718
735
225
755
243
783
797
802
831
345
900
399
937
416
952
437
438
472
28 95
-754
-74
-449
-625
-908
-1000
-141
-425
-611
-801
-877
-579
-956
956
867
680
398
880
508
36
516
331
427
254
921
67
934
842
22 990
-915
-749
-664
-640
-605
-596
-536
-515
-329
-264
-216
-197
-994
35
273
528
556
603
803
847
847
862
2 622
-55
224
47 24
-959
-693
-717
-164
-92
-595
-739
-450
-497
-664
-615
-735
-975
-830
-782
-758
-827
-178
-200
-199
-943
-414
-414
-222
-557
-819
-122
-2
-673
-792
-264
-72
577
553
173
558
799
128
682
443
155
11
158
736
904
356
213
50 542
-520
-498
-493
-473
-464
-999
-884
-332
-310
-850
-840
-293
-827
-784
-233
-747
-176
-164
-698
-151
-680
-126
-114
-639
-634
-80
-76
-568
-8
6
10
18
64
81
125
158
708
229
798
267
867
364
373
376
393
422
444
988
477
525
13 918
-914
-783
-618
-417
-325
-276
-217
-192
-111
971
411
606
651
23 533
-499
-487
-394
-260
-221
-742
-187
-141
-117
-643
-103
-11
564
95
712
214
220
231
827
889
902
917
931
18 798
-666
-297
-981
-955
-932
-818
915
938
188
999
210
299
329
408
507
558
615
737
12 37
-620
-133
-503
-167
-425
-307
-266
-75
609
359
365
369
34 120
-589
-706
-100
-216
-815
-92
-87
-920
-558
-641
-881
-505
-975
-127
486
729
852
497
762
767
895
550
74
560
561
563
323
204
938
938
579
106
949
709
36 632
-620
-425
-416
-396
-390
-382
-974
-306
-931
-261
-853
-205
-824
-142
-142
-771
-67
-654
683
66
97
103
128
797
852
230
899
272
931
394
429
481
500
500
536
567
49 427
-407
-392
-804
-354
-340
-289
-280
-598
-169
-132
-552
-92
-508
-495
-894
-883
-876
-5
860
18
874
449
57
493
516
518
526
101
125
553
983
564
570
579
595
602
198
220
649
246
276
285
301
732
739
766
768
785
369
28 884
-777
-686
-650
-627
-582
-574
-379
-320
-280
-269
-251
-241
-235
-102
-75
-945
892
912
926
942
109
168
428
434
524
584
624
643
22 353
-345
-665
-304
-596
-209
-884
-875
-487
-125
-67
-65
-764
-376
-727
394
760
789
88
197
228
262
321
22 934
-846
-808
-713
-665
-623
-597
-493
-322
-257
-164
-157
-968
-941
20
90
232
287
351
500
529
796
881
12 787
-704
-369
-266
-182
-175
49
892
893
241
733
748
754
19 236
-223
-894
-626
-616
-374
-49
-993
-953
716
30
509
308
581
597
613
643
438
203
939
44 607
-539
-539
-396
-349
-333
-316
-299
-283
-875
-251
-248
-233
-838
-230
-823
-821
-810
-201
-161
-758
-143
-138
-86
-629
24
24
63
76
77
83
109
125
777
192
869
308
939
980
412
473
477
485
519
547
23 551
-509
-413
-410
-347
-830
-703
-655
-103
-654
-55
-48
-589
7
13
567
620
73
129
221
235
409
984
547
22 816
-528
-255
-245
-993
-175
-950
-113
-909
-28
859
869
936
964
187
285
300
318
372
421
569
573
711
21 983
-767
-738
-717
-688
-674
-579
-562
-79
-72
-60
-10
33
157
308
513
533
738
831
961
963
977
30 363
-354
-707
-344
-292
-269
-901
-531
-136
-478
-462
365
8
405
51
422
429
93
103
832
538
176
212
602
603
978
253
626
628
641
316
24 653
-582
-413
-316
-268
-262
-876
-752
660
677
33
687
71
90
105
112
777
779
874
875
896
931
954
375
399
1 848
713
27 668
-552
-523
-516
-506
-455
-361
-256
-912
-211
-865
-862
-192
-845
676
20
46
106
789
161
267
289
345
428
508
578
590
607
38 713
-689
-655
-558
-539
-497
-384
-359
-263
-972
-212
-206
-914
-836
-761
-755
-748
-745
-30
-739
-727
-726
80
95
182
232
977
1000
374
397
397
416
449
452
491
506
518
587
709
36 177
-527
-512
-856
-498
-667
-308
-661
-837
-647
-805
-429
-929
-926
-394
-747
-898
552
208
409
947
773
598
955
604
433
81
258
621
280
468
487
848
851
517
877
702
29 515
-468
-974
-953
-907
-369
-254
-765
-761
-746
-737
-218
-206
-702
-679
-657
-594
-583
-61
-576
6
16
56
767
260
270
821
378
424
498
48 369
-713
-707
-684
-287
-956
-585
-200
-925
-184
-535
-515
-868
-824
-806
-791
-405
-20
-379
0
739
27
783
816
459
464
834
108
121
876
512
154
892
893
167
921
955
979
985
632
312
319
693
325
330
343
718
360
736
46 496
-989
-468
-943
-934
-430
-403
-861
-350
-844
-315
-313
-800
-293
-293
-783
-277
-268
-268
-259
-247
-718
-699
-190
-136
-132
-570
-61
-524
-12
36
43
666
221
243
788
294
826
851
377
388
889
396
419
943
489
492
26 694
-608
-367
-233
-914
-856
-775
-770
-760
-28
-700
59
755
99
100
801
108
823
901
234
301
315
348
443
598
613
671
22 95
-660
-734
-354
-250
-435
-815
-336
-47
-901
-893
-25
-683
-680
285
5
107
788
416
809
918
166
262
4 62
-85
-692
-876
-67
31 262
-250
-505
-745
-676
-655
-125
-638
-899
-110
-73
-313
-817
-541
2
790
5
538
282
808
28
322
590
853
592
611
368
372
907
389
931
194
22 620
-592
-586
-399
-365
-313
-280
-264
-211
-183
-116
-36
640
44
664
53
690
114
747
144
886
398
607
35 355
-703
-338
-334
-306
-997
-985
-628
-626
-973
-260
-947
-220
-189
-890
-496
-452
-787
57
72
78
797
471
154
524
543
904
558
918
220
947
961
252
630
305
350
41 515
-498
-479
-463
-444
-902
-369
-368
-275
-250
-248
-749
-716
-174
-166
-649
-107
-564
-42
-37
-549
-541
-24
-1
7
71
87
608
621
629
124
230
257
799
807
823
314
835
347
960
477
502
4 985
-274
-206
117
886
26 925
-840
-820
-788
-710
-701
-665
-516
-476
-394
-320
-89
928
928
105
232
250
251
284
330
468
535
613
698
745
750
876
27 741
-634
-610
-555
-498
-416
-361
-289
-274
-964
-917
-854
-834
-833
-793
-3
781
801
61
857
140
931
216
962
388
391
428
731
22 81
-723
-211
-202
-363
-845
-258
-487
827
263
25
758
846
530
533
371
299
463
630
793
67
148
971
10 293
-840
-251
-728
-22
-7
611
910
664
689
570
27 850
-712
-706
-631
-626
-602
-544
-538
-413
-198
-171
-991
-986
-93
-908
-57
-10
74
321
505
528
556
660
667
683
737
818
822
7 154
-607
-52
-45
-961
255
410
898
25 634
-582
-548
-416
-370
-799
-790
-769
-734
-719
-697
-687
-680
-35
-666
645
19
39
133
821
259
916
927
421
464
537
37 463
-458
-401
-399
-852
-376
-781
-267
-266
-240
-665
-200
-622
-157
-108
-82
-532
-46
-42
5
62
66
74
564
117
586
135
602
617
619
185
220
684
289
298
818
429
912
21 396
-683
-282
-660
-253
-977
-963
-555
-951
-109
-83
-76
-864
-864
-449
-839
-23
450
851
594
279
754
17 374
-369
-345
-339
-663
-199
-905
-887
-58
778
782
48
75
884
534
189
642
703
43 691
-607
-592
-539
-397
-381
-275
-934
-234
-211
-199
-181
-863
-166
-852
-837
-809
-105
-98
-771
-71
-757
-66
-721
-700
13
704
738
55
746
75
94
98
858
876
213
218
919
950
985
462
498
499
534
7 796
-547
-531
-254
-924
837
884
383
48 351
-298
-973
-232
-563
-552
-892
-190
-170
-169
-837
-484
-469
-455
-100
-448
-447
-784
-426
-743
-743
-30
-375
-13
-2
16
372
729
390
747
85
451
106
111
133
133
846
164
538
932
949
950
956
988
640
301
314
329
345
46 163
-814
-804
-637
-469
-138
-789
-285
-427
-747
-569
-240
-556
-39
-853
-839
-179
-11
-825
331
332
831
33
528
695
209
54
223
232
733
906
584
425
918
431
922
599
120
122
784
624
957
306
644
971
157
813
14 917
-908
-855
-716
-506
-207
-938
-937
928
27
266
706
717
796
826
32 992
-836
-714
-681
-663
-586
-512
-439
-408
-256
-228
-212
-84
-60
121
183
189
357
403
420
423
427
534
570
572
581
634
655
918
921
943
957
973
30 639
-543
-472
-392
-380
-923
-817
-809
-169
-89
-83
-58
-46
713
715
719
733
760
146
193
898
295
934
940
958
321
966
353
440
467
485
20 739
-731
-730
-449
-300
-253
-215
-838
-2
744
22
180
275
434
465
533
568
664
677
699
725
28 571
-524
-517
-460
-440
-996
-400
-385
-935
-913
-318
-287
-803
-802
-211
-773
-184
-62
-11
637
109
117
280
897
352
936
366
515
523
8 906
-494
-1000
947
133
308
497
680
786
7 342
-940
-506
-505
-407
-403
-742
176
10 477
-892
-207
-178
-171
-56
-56
-532
116
393
870
43 444
-885
-867
-394
-389
-368
-345
-770
-768
-713
-711
-705
-672
-629
-579
-564
-555
-513
-498
-37
-477
-25
-454
-453
450
936
940
944
71
82
987
578
595
204
293
297
747
755
791
358
377
859
441
443
34 750
-712
-670
-649
-606
-603
-584
-429
-296
-279
-277
-276
-233
-899
-891
-849
-837
-833
-811
-773
853
956
224
976
233
987
302
383
397
422
533
634
661
664
741
12 242
-425
-89
-530
-10
-2
566
360
857
146
406
191
205
20 460
-853
-804
-202
-639
-105
-986
-515
-35
-472
-467
64
593
595
623
204
734
283
340
363
907
32 629
-539
-483
-425
-413
-395
-287
-281
-239
-193
-184
-142
-762
-756
-33
681
93
103
735
779
235
864
876
250
254
945
954
428
441
526
544
576
619
11 443
-383
-345
-700
-654
-141
-963
-945
830
406
416
419
37 329
-306
-293
-593
-569
-552
-879
-818
-441
-762
-67
-670
991
12
60
725
435
108
783
125
156
818
830
522
199
201
861
205
228
566
897
898
245
578
618
309
319
981
23 506
-477
-467
-298
-195
-684
-93
-77
-567
512
78
89
606
125
642
706
709
800
329
363
384
904
955
978
25 954
-953
-882
-776
-722
-713
-631
-630
-378
-346
-171
-148
-144
-74
-68
-989
77
304
376
393
464
502
568
763
809
882
2 578
-534
-202
3 138
166
873
85
6 253
-494
-127
-613
-351
-325
616
22 229
-440
-597
-815
-348
-763
-990
-971
-481
-15
708
72
542
109
799
577
834
156
621
859
173
649
212
45 895
-886
-866
-805
-761
-747
-716
-650
-541
-541
-444
-396
-356
-340
-330
-293
-209
-172
-117
-953
-944
-934
-17
2
972
84
998
178
180
189
323
388
392
397
449
463
464
525
679
706
732
763
788
850
856
865
50 591
-557
-554
-496
-490
-467
-463
-431
-417
-415
-415
-372
-951
-920
-871
-274
-831
-831
-805
-213
-802
-198
-113
-110
-683
-44
-605
-14
611
619
681
104
710
136
755
182
218
225
239
882
895
906
933
344
961
968
971
390
412
478
519
6 764
-364
-875
75
858
948
444
24 939
-934
-670
-579
-545
-527
-495
-455
-450
-439
-305
-183
-145
-132
-132
-132
-14
11
12
58
120
168
442
548
774
25 812
-783
-761
-702
-524
-471
-409
-350
-324
-288
-222
-995
-945
-893
-25
2
34
41
910
142
992
234
331
346
567
644
19 821
-575
-542
-393
-339
-172
-931
-83
-900
920
941
126
141
336
369
386
392
660
715
803
30 905
-878
-838
-818
-810
-745
-569
-497
-460
-379
-349
-296
-227
-66
-50
38
379
380
388
400
442
458
526
584
595
615
633
705
722
733
791
25 793
-726
-708
-574
-233
-212
-129
-915
-908
-906
-96
-834
-31
807
20
815
68
865
925
155
955
257
312
384
444
621
44 177
-706
-174
-521
-334
-323
-145
-495
-835
-822
-455
-628
-274
-83
-779
-225
-47
-220
-42
-394
-909
-9
355
538
734
29
44
409
766
415
416
606
971
98
630
462
131
666
136
494
859
876
877
877
350
50 867
-865
-854
-762
-748
-709
-707
-660
-605
-459
-380
-369
-367
-357
-321
-222
-213
-210
-115
-964
-71
-907
-894
-887
906
53
70
961
109
120
990
132
135
160
160
325
332
406
438
626
639
646
668
716
718
733
742
793
798
811
841
46 820
-769
-757
-679
-617
-501
-454
-395
-338
-332
-319
-317
-974
-967
-945
-124
-925
-894
-872
-869
-47
-33
-23
-829
17
58
58
67
927
116
943
141
976
267
272
292
300
307
356
395
401
434
457
627
674
689
775
7 208
-575
-114
-51
433
856
448
797
36 876
-792
-775
-756
-703
-623
-575
-498
-331
-313
-305
-246
-238
-212
-121
-110
-97
-72
-70
-43
-25
-9
-885
24
906
49
971
165
195
239
322
490
564
576
597
615
782
46 83
-572
-239
-156
-483
-979
-397
-724
-718
-800
-216
-960
-959
-625
-782
-615
-944
-114
-112
-523
-101
-764
-760
-593
-92
-919
-171
-833
747
-332
915
666
89
926
189
441
691
204
714
218
307
810
647
899
736
656
742
27 488
-971
-446
-901
-883
-357
-356
-764
-275
-719
-625
-101
-59
-546
-46
-502
12
507
155
644
166
711
781
321
373
395
944
485
33 74
-591
-739
-514
-729
-722
-864
-777
-403
-983
-538
-20
-975
-748
-224
-76
-1
298
822
86
753
457
462
95
98
692
473
30
771
481
345
942
811
961
8 5
-189
-344
-24
-528
-488
155
-370
926
21 440
-842
-389
-303
-188
-619
-583
-121
-116
-549
-456
890
49
527
630
196
268
718
283
301
770
785
24 43
-255
-939
-75
-461
-30
-888
-668
-152
-877
-662
-346
129
258
732
606
266
11
656
443
30
897
683
339
513
17 629
-581
-476
-690
-35
686
101
798
813
203
865
310
956
338
344
391
417
582
49 339
-645
-645
-291
-950
-603
-940
-937
-587
-239
-226
-897
-547
-843
-501
-158
-831
-135
-445
-432
-85
-417
-65
-737
-396
-726
-720
-377
-14
682
345
345
706
714
395
65
95
794
467
182
554
583
926
591
948
306
314
654
994
662
47 770
-752
-709
-690
-603
-470
-415
-407
-393
-365
-342
-327
-316
-283
-234
-944
-141
-133
-881
-96
-86
-46
-36
-19
-10
781
48
846
113
900
915
925
176
971
288
294
323
339
348
430
439
443
444
582
610
613
623
685
49 569
-534
-479
-433
-433
-424
-989
-393
-933
-920
-865
-247
-789
-785
-171
-139
-700
-693
-118
-97
-662
-654
-75
-595
-17
4
615
625
58
81
110
691
709
143
150
732
194
771
205
207
219
801
812
838
905
342
349
920
391
962
12 646
-560
-463
-997
-323
-260
-169
-690
21
704
158
244
927
3 373
-324
-205
568
21 906
-898
-889
-815
-765
-602
-588
-481
-468
-450
-211
-199
-170
-143
-937
-933
30
165
629
636
702
796
28 14
-139
-96
-668
-80
-400
-204
-190
-958
-776
-733
-536
-548
-29
140
365
927
411
692
706
889
581
248
515
53
334
573
307
279
26 934
-906
-897
-721
-600
-592
-549
-454
-441
-398
-340
-331
-254
-215
-43
-953
992
74
231
312
382
398
412
456
479
530
862
23 668
-616
-544
-449
-440
-439
-371
-328
-290
-953
-236
-189
-842
-823
-823
-788
-107
-57
-685
301
309
979
389
633
19 973
-960
-923
-923
-917
-901
-893
-616
-212
-30
-16
137
314
527
569
682
756
800
828
884
12 553
-436
-906
-294
-804
-187
-676
-38
112
283
888
432
996
11 956
-813
-169
101
149
189
249
593
652
716
757
795
23 599
-475
-419
-944
-333
-925
-853
-208
-771
-152
-727
-657
-49
727
158
766
197
799
876
880
337
378
993
584
23 446
-832
-813
-363
-781
-307
-238
-213
-200
-190
-115
-102
-94
-983
-510
-462
-902
954
112
710
309
326
351
358
22 399
-792
-378
-745
-620
-573
-958
-554
-939
-122
-511
-112
-50
419
475
875
128
957
160
980
637
738
770
22 53
-101
-92
-828
-233
-338
-919
-915
-327
-853
-107
479
850
759
131
300
513
939
623
96
578
738
50
37 107
-850
-309
-628
-730
-729
-393
-593
-261
-689
-898
-144
-246
-29
-349
-979
-977
-442
-113
-434
551
658
766
237
344
987
780
246
469
43
587
706
74
934
408
524
954
100
15 202
-923
-296
-668
-856
-446
-628
-22
16
221
834
481
730
330
357
385
17 682
-524
-385
-231
-213
689
89
806
852
207
233
964
297
982
508
532
574
632
10 529
-884
-820
-819
-287
-268
-247
-176
-653
370
512
5 104
-196
-81
-673
-868
866
19 210
-198
-579
-362
-345
-525
-693
-62
-57
-17
842
647
708
82
535
571
790
809
814
827
9 719
-401
-144
-12
-1
870
177
293
465
509
40 230
-229
-683
-681
-204
-634
-167
-392
-121
-542
-539
-992
-524
-268
-258
-945
-705
-695
-234
-230
1
938
19
20
28
499
278
974
521
298
304
75
88
371
852
628
421
194
660
442
682
35 209
-828
-191
-818
-398
-598
-377
-363
-983
-770
-756
-336
-532
-320
-523
-70
-905
-485
-693
-50
-47
-28
-18
-643
-213
225
243
249
467
737
740
955
339
389
394
827
46 48
-430
-715
-87
-565
-276
-369
-895
-606
-365
-217
-359
-982
-260
-731
-728
-488
-727
-53
-725
-913
483
148
679
583
876
302
255
160
402
931
116
554
171
75
988
365
942
705
663
423
952
713
283
91
429
574
44 580
-517
-517
-482
-449
-408
-395
-973
-352
-349
-910
-296
-859
-847
-257
-778
-180
-136
-690
-83
-628
-624
-617
-23
1
633
656
660
673
685
690
729
165
211
270
296
896
969
438
482
492
514
525
565
575
43 1000
-915
-854
-841
-757
-725
-682
-651
-631
-590
-584
-488
-437
-334
-310
-300
-293
-278
-268
-150
-57
-34
-30
24
50
88
163
268
279
282
286
305
326
368
385
437
634
676
701
765
858
868
897
973
1 55
-795
23 889
-661
-621
-581
-541
-398
-346
-304
-296
-260
-146
-934
-15
37
224
373
413
418
444
473
572
728
822
828
24 291
-551
-538
-536
-536
-512
-217
-740
-729
-110
-101
-955
-644
-25
80
680
973
392
121
704
420
435
747
214
814
24 605
-602
-600
-583
-568
-547
-545
-297
-878
-871
-865
-779
-682
-68
-641
69
753
156
192
809
854
933
952
439
557
6 963
-52
84
95
322
574
682
4 151
-135
-185
797
875
32 120
-354
-700
-579
-333
-566
-800
-918
-552
-428
-277
-755
-875
-874
-152
-968
-5
-240
853
630
155
159
531
774
79
321
565
806
808
932
343
348
359
25 927
-869
-834
-673
-646
-621
-589
-519
-319
-237
-93
-16
-938
80
104
227
230
252
253
329
610
642
719
820
868
905
44 190
-940
-368
-336
-132
-319
-312
-307
-867
-670
-854
-90
-269
-458
-451
-639
-255
-633
-60
-435
-606
-225
-786
-975
-10
-764
767
974
222
792
227
233
426
58
829
832
268
81
282
483
119
713
148
742
756
14 967
-945
-883
-738
-401
-241
972
17
42
423
430
787
836
899
962
40 529
-526
-497
-456
-429
-428
-928
-389
-915
-904
-373
-807
-272
-263
-783
-241
-237
-236
-217
-739
-167
-661
-128
558
86
89
150
713
200
214
767
276
847
869
873
348
380
383
441
488
508
44 398
-771
-357
-728
-688
-284
-272
-260
-634
-182
-153
-129
-125
-912
-910
-509
-494
-479
-858
-50
-837
-823
-405
-405
0
833
435
435
848
68
83
516
535
567
977
990
993
602
650
688
721
324
339
371
780
14 647
-473
-796
-786
-132
-87
-79
-43
77
225
894
254
957
510
600
3 630
149
307
343
47 675
-605
-490
-380
-370
-351
-318
-982
-956
-230
-227
-901
-215
-174
-152
-823
-801
-89
-89
-85
-69
-739
-684
713
51
52
728
87
96
772
809
145
165
885
250
295
336
368
405
426
464
470
491
541
553
566
659
666
47 346
-343
-678
-324
-318
-654
-646
-291
-255
-579
-921
-912
-840
-828
-128
-126
-803
-443
-94
-428
-58
-400
4
391
83
97
447
101
105
111
115
118
831
855
510
871
203
909
567
922
578
947
260
962
295
989
644
312
14 750
-694
-688
-640
-623
-432
-202
-158
-893
-809
-37
-3
862
260
551
18 253
-487
-390
-356
-100
-286
258
19
536
316
332
342
598
610
893
450
453
974
217
42 410
-776
-354
-333
-318
-725
-292
-681
-998
-974
-549
-946
-938
-505
-84
-75
-61
-464
-865
-22
837
23
864
467
879
479
72
907
96
117
152
197
609
632
247
679
708
313
763
773
774
777
781
50 392
-389
-780
-759
-355
-323
-307
-685
-678
-673
-663
-209
-989
-986
-588
-580
-967
-172
-559
-916
-87
-841
-829
-435
-37
-22
-411
1
9
447
450
61
852
856
856
884
500
112
896
902
138
142
940
624
630
263
662
668
315
358
767
19 488
-964
-434
-770
-269
-134
-40
-29
977
514
532
536
560
653
675
211
342
854
909
924
43 550
-531
-485
-485
-477
-399
-381
-930
-916
-906
-870
-298
-846
-278
-235
-234
-762
-207
-739
-186
-147
-90
-82
-592
-13
-10
557
591
114
702
182
738
189
785
825
327
914
917
368
935
394
948
410
994
23 721
-600
-594
-507
-489
-375
-250
-239
-227
-929
-192
-139
-856
-830
-748
39
57
836
148
875
284
370
658
695
30 440
-420
-407
-786
-657
-648
-155
-137
-110
-956
-55
-474
-900
-1
455
34
923
49
947
95
137
594
617
630
193
218
682
271
753
783
406
14 252
-739
-944
-690
-923
-122
-512
1
766
530
557
105
898
676
205
38 386
-744
-720
-324
-680
-282
-273
-651
-243
-618
-957
-947
-940
-910
-517
-100
-96
-789
-780
-3
414
823
53
440
463
476
489
911
145
922
566
602
218
662
675
679
322
724
735
3 448
-563
-106
643
39 555
-994
-422
-407
-957
-363
-296
-280
-260
-255
-212
-203
-166
-717
-651
-44
-24
-24
-557
21
29
612
64
74
653
654
136
143
724
725
837
865
358
957
968
418
982
444
470
498
49 914
-904
-878
-858
-786
-777
-769
-750
-744
-725
-710
-666
-454
-397
-337
-273
-218
-181
-153
-138
-87
-959
-37
-945
983
72
121
127
183
184
196
225
239
260
293
341
360
378
437
467
572
705
731
756
773
840
842
847
848
904
37 26
-76
-725
-827
-540
-227
-643
-745
-484
-509
-561
-351
-88
-33
-810
-289
-781
494
780
703
625
913
341
576
57
971
867
815
815
686
998
999
533
196
127
466
596
129
32 903
-739
-670
-640
-554
-540
-494
-403
-401
-352
-315
-73
-40
-39
5
912
11
947
66
147
230
260
332
345
466
522
523
574
669
778
805
842
895
34 277
-790
-198
-191
-465
-432
-981
-697
-137
-690
-953
-384
-658
-646
-352
-863
-862
-24
-7
-837
554
7
289
35
330
889
617
618
642
932
398
133
134
972
823
3 81
-394
-36
-87
45 645
-630
-579
-572
-564
-543
-507
-479
-463
-362
-998
-981
-280
-270
-259
-254
-885
-855
-184
-165
-155
-150
-793
-774
-752
-51
-696
-15
5
42
79
130
130
142
150
803
242
895
968
364
366
416
436
501
539
549
40 284
-834
-505
-179
-432
-994
-134
-408
-975
-400
-98
-376
-936
-75
-631
-343
-328
-30
-25
-300
-865
590
596
35
607
609
917
356
377
960
117
416
724
760
222
507
512
796
236
807
538
10 640
-620
-523
-415
-202
-138
-661
803
808
893
602
15 37
-912
-928
-446
-519
-740
562
489
50
649
428
577
100
545
955
108
40 29
-723
-142
-691
-807
-140
-167
-137
-367
-947
-567
-973
-275
-333
-448
-476
-649
-996
-211
-733
-356
-644
-5
-324
-4
-147
-727
-785
-958
-552
116
120
701
92
672
997
188
247
278
336
82
1 669
-885
6 382
-684
-419
-411
780
872
932
39 188
-555
-551
-546
-326
-321
-319
-113
-672
-669
-278
-841
-998
-986
-779
-956
-11
-194
-940
190
794
796
422
423
801
246
81
647
655
94
471
96
667
892
521
339
719
345
356
934
13 199
-394
-957
-359
-712
-66
-262
-50
400
839
444
284
684
390
32 436
-863
-838
-801
-795
-329
-654
-645
-611
-575
-134
-556
-979
-496
-496
-888
20
916
926
114
593
601
609
626
630
215
266
300
745
327
799
807
823
35 736
-723
-662
-567
-467
-439
-366
-341
-264
-996
-973
-965
-906
-157
-884
-122
-857
-116
-93
-787
-775
-769
-18
-752
804
834
104
160
232
396
477
534
553
554
696
715
18 454
-895
-369
-802
-800
-798
-334
-683
-681
-564
-510
-470
565
641
650
706
259
754
368
40 639
-625
-609
-608
-553
-422
-363
-963
-958
-251
-886
-884
-847
-205
-798
-148
-760
-117
-106
-740
-726
654
664
689
710
141
816
836
241
910
293
952
980
983
985
349
360
469
548
572
607
49 470
-931
-930
-447
-413
-840
-366
-351
-815
-295
-238
-697
-197
-185
-146
-582
-53
-515
-983
-960
-19
25
517
85
561
564
588
134
144
614
623
160
172
208
211
214
721
734
784
320
854
858
864
868
401
892
431
908
443
444
28 442
-441
-875
-345
-329
-320
-668
-182
-971
-83
-71
-68
-59
-46
-916
-452
470
531
604
168
175
655
704
282
748
815
414
425
430
50 599
-559
-555
-510
-501
-480
-473
-407
-390
-980
-927
-903
-292
-881
-879
-278
-273
-798
-184
-156
-736
-133
-103
-701
-73
-61
-660
-56
-621
2
12
21
621
623
24
38
46
131
807
849
267
870
300
347
950
966
389
524
536
557
592
11 370
-348
-670
-652
-976
-568
-404
434
128
603
987
699
17 155
-415
-993
-57
-57
-334
-794
-161
313
956
806
966
53
1000
700
554
105
759
19 102
-600
-390
-82
-560
-758
-953
-748
-14
-314
954
244
453
866
783
177
790
384
803
91
48 832
-831
-820
-796
-792
-789
-758
-746
-742
-657
-605
-588
-547
-537
-524
-489
-479
-472
-439
-392
-346
-304
-304
-293
-257
-244
-187
-964
-129
-117
-906
-885
-3
833
38
84
939
993
217
251
288
291
352
364
404
499
626
657
729
40 737
-591
-590
-442
-410
-402
-322
-298
-296
-279
-223
-956
-925
-918
-894
-144
-877
-852
-847
-109
-837
-87
-821
-76
-56
-34
-753
6
760
783
50
59
146
190
945
320
370
403
436
442
488
27 609
-534
-493
-386
-362
-953
-327
-306
-904
-272
-247
-847
-772
-761
-725
-83
673
94
96
755
755
759
231
387
430
440
540
595
4 278
23
404
217
254
49 441
-867
-834
-378
-362
-339
-768
-763
-280
-279
-714
-704
-255
-696
-251
-654
-641
-194
-634
-629
-572
-997
-112
-100
-74
-63
-939
-476
-469
4
448
468
30
473
90
105
124
598
171
177
182
193
639
651
236
238
281
291
369
821
17 426
-409
-240
-209
-176
-168
-133
-960
863
48
915
65
493
497
930
953
678
750
20 331
-954
-593
-251
-565
-188
-438
-75
-397
-45
-40
-352
-996
341
69
478
195
213
264
976
659
24 314
-295
-605
-275
-236
-541
-213
-381
-690
-57
-996
-656
-633
336
340
345
371
686
713
410
774
496
828
884
921
39 315
-299
-270
-261
-253
-857
-856
-533
-518
-515
-498
-472
-464
-434
-413
-405
-90
-402
-706
-48
-667
-35
-964
-18
-7
640
966
664
681
997
376
394
754
757
158
164
192
527
909
621
44 574
-568
-519
-494
-455
-419
-397
-952
-931
-889
-884
-878
-285
-240
-239
-231
-209
-757
-175
-159
-726
-124
-665
-650
-637
-39
-19
637
73
655
89
712
205
808
239
250
845
280
282
874
308
904
400
413
512
45 888
-804
-779
-776
-692
-647
-638
-510
-487
-344
-324
-289
-286
-258
-243
-205
-175
-154
-115
-997
-52
-918
29
925
65
69
980
995
139
199
209
261
264
276
321
373
404
424
451
457
678
679
689
776
830
870
13 707
-632
-364
-300
-279
-886
-760
722
85
918
980
362
439
519
8 779
-550
-353
-994
87
934
196
205
740
33 927
-760
-736
-723
-627
-542
-534
-479
-345
-309
-302
-300
-298
-24
-4
23
26
977
998
77
169
169
191
217
301
325
451
477
539
559
570
768
774
866
21 776
-762
-736
-678
-646
-597
-339
-278
-994
-928
-134
-75
-47
-23
-1
790
873
236
308
427
491
500
11 777
-462
-397
-308
-264
-228
-146
-16
21
32
864
310
20 877
-834
-738
-701
-484
-446
-419
-380
-342
-208
-135
-971
-890
86
185
242
507
515
607
674
845
17 223
-202
-189
-331
-988
-82
-299
-739
-285
-495
274
98
114
569
849
855
196
432
12 870
-793
-634
-478
-314
-212
-189
-135
-52
-23
74
450
822
39 13
-597
-584
-908
-867
-672
-268
-86
-175
-877
-240
-188
-265
-993
-394
-419
-744
-42
-16
-521
-338
795
184
835
731
875
615
706
629
577
395
902
773
735
749
243
984
869
401
415
30 512
-494
-461
-438
-261
-756
-78
-577
-575
9
563
88
101
616
120
124
664
159
722
724
232
749
773
264
798
847
855
885
892
387
431
12 651
-595
-526
-454
-393
-255
-143
-56
861
913
489
528
538
49 601
-464
-424
-389
-984
-375
-968
-321
-875
-271
-258
-825
-809
-198
-180
-177
-142
-741
-135
-121
-716
-700
-677
-64
-615
-1
630
39
679
688
98
100
709
109
182
794
809
810
253
883
891
936
357
367
417
448
487
505
531
580
11 817
-794
-514
-221
56
62
117
936
181
205
741
784
44 796
-749
-732
-708
-683
-675
-661
-644
-590
-550
-525
-476
-456
-449
-431
-319
-308
-251
-208
-987
-163
-943
-145
-142
-930
-113
-827
13
855
86
890
117
927
152
965
214
382
424
443
494
502
554
593
666
693
47 314
-613
-896
-267
-252
-563
-547
-842
-163
-159
-468
-751
-750
-391
-698
-379
-54
-345
-341
-963
-334
-333
-8
-944
-315
8
953
971
344
42
45
54
385
700
408
414
733
427
442
765
163
496
829
559
562
592
615
934
1 747
255
39 580
-568
-487
-444
-439
-951
-901
-259
-839
-215
-769
-187
-166
-159
-159
-658
-622
-621
-30
-21
-18
32
59
641
83
667
156
191
198
784
844
283
305
401
446
496
514
542
547
551
43 273
-265
-241
-221
-481
-999
-169
-983
-979
-158
-148
-691
-686
-400
-646
-619
-612
-878
-306
-298
-297
-559
-554
-273
860
601
603
88
91
367
102
928
933
675
676
683
966
993
196
482
486
489
527
528
34 871
-816
-799
-762
-748
-594
-574
-465
-398
-376
-273
-154
-108
-960
-47
-19
-890
2
885
892
915
83
141
195
206
240
282
383
501
540
567
583
741
775
856
15 62
-355
-223
-278
-759
-634
-1000
-874
-500
3
260
972
111
425
306
742
25 383
-755
-364
-306
-262
-643
-590
-206
-204
-910
-116
-67
-44
-4
-4
774
853
92
100
104
897
912
954
204
245
714
26 489
-467
-917
-914
-381
-377
-829
-273
-204
-636
-629
-562
-53
-541
21
511
38
41
534
538
128
670
687
730
256
328
434
43 366
-359
-980
-232
-582
-946
-209
-201
-930
-562
-184
-521
-867
-130
-838
-467
-97
-457
-429
-421
-410
-21
-744
-742
-10
-10
384
389
772
778
426
428
800
440
441
813
459
160
563
564
975
265
644
346
7 11
-856
-745
-596
23
809
262
846
3 57
635
864
212
41 901
-862
-831
-820
-800
-756
-742
-663
-663
-541
-504
-483
-480
-455
-441
-439
-304
-284
-284
-192
-107
-41
61
971
75
121
148
205
246
265
293
300
330
398
430
529
630
673
703
729
747
803
30 421
-826
-401
-790
-767
-766
-313
-310
-720
-612
-601
-587
-155
-107
-518
-513
-511
-84
-37
29
520
150
178
207
632
640
656
736
762
778
412
4 125
-476
-182
-260
110
15 451
-795
-736
-246
-674
-218
-131
-511
-960
-930
-473
473
499
51
68
838
20 398
-749
-297
-689
-682
-668
-668
-526
-526
-502
802
815
443
515
935
190
200
606
636
653
356
15 556
-464
-399
-937
-752
-686
-681
-587
-565
558
566
769
939
939
961
979
25 205
-186
-172
-987
-549
-959
-945
-699
-899
-681
-852
-622
414
7
829
714
953
544
961
143
353
977
988
794
816
818
23 417
-401
-216
-626
-992
-571
-544
-536
-526
-520
-928
-891
-52
-866
49
67
97
950
580
631
250
273
374
405
24 459
-427
-343
-777
-768
-631
-598
-135
-101
-68
-518
-974
-496
470
480
47
51
547
120
153
642
288
803
831
881
43 480
-947
-466
-943
-922
-425
-864
-775
-277
-270
-724
-703
-694
-212
-688
-196
-193
-660
-151
-630
-618
-590
-578
-548
-50
-498
-961
483
979
505
549
70
72
137
645
177
719
258
276
297
397
888
428
930
36 304
-584
-268
-836
-832
-224
-811
-781
-768
-736
-425
-107
-373
-365
-663
-963
-611
621
926
38
665
58
63
675
678
383
998
92
144
150
508
223
834
253
274
887
896
4 270
-224
-276
280
945
29 29
-695
-461
-459
-836
-863
-572
-890
-653
-503
-124
-613
-728
-670
816
238
645
123
646
937
821
387
155
68
825
886
948
485
79
750
1 349
483
33 873
-851
-818
-795
-790
-755
-751
-646
-619
-591
-418
-387
-264
-258
-975
-947
892
914
125
151
208
322
328
334
356
365
397
421
430
431
529
623
675
704
39 298
-893
-591
-568
-237
-831
-213
-466
-452
-141
-689
-683
-51
-945
-646
-345
-932
-29
-303
-300
599
602
930
641
652
658
676
996
434
446
205
822
525
824
531
534
538
276
579
296
46 458
-844
-359
-776
-764
-730
-257
-708
-693
-686
-660
-184
-641
-604
-119
-994
-59
-496
-947
-935
-927
461
924
947
498
514
515
71
549
559
564
129
136
621
638
671
220
686
233
723
272
734
283
815
384
385
911
29 206
-403
-586
-573
-551
-725
-517
-303
-919
-910
-492
-54
-463
-874
-251
-457
-230
217
235
67
921
109
732
129
136
356
976
163
580
992
39 214
-629
-194
-617
-823
-173
-359
-132
-758
-751
-108
-746
-102
-73
-711
-711
-707
-915
-698
-890
-29
-883
-23
-445
9
225
887
479
479
932
947
520
748
755
568
997
802
810
188
834
34 999
-977
-958
-841
-835
-823
-696
-595
-593
-585
-542
-453
-414
-386
-329
-303
-238
-189
-163
-159
-109
-89
21
99
133
143
195
366
399
444
471
714
789
877
884
38 639
-548
-547
-474
-392
-368
-940
-299
-921
-281
-904
-836
-189
-189
-775
-758
-687
40
75
718
87
124
126
767
803
167
199
842
212
856
925
965
338
357
364
488
498
526
563
17 51
-151
-903
-587
-518
-518
-311
971
211
776
785
74
892
238
443
139
93
558
17 432
-818
-337
-270
-146
-943
-941
-69
-914
-904
30
925
608
612
198
206
708
781
34 35
-174
-694
-414
-937
-972
-865
-825
-579
-751
-644
-114
-777
-917
-598
-665
-700
-490
634
984
110
252
397
922
53
614
1000
131
446
516
764
870
592
803
418
28 992
-963
-874
-840
-761
-612
-473
-449
-369
-240
-168
-142
-93
-26
35
41
52
90
132
169
233
290
354
556
596
713
799
880
952
30 511
-482
-410
-917
-879
-363
-315
-822
-779
-254
-235
-232
-742
-115
-621
-564
517
34
35
35
89
652
188
759
252
351
882
906
399
454
492
2 484
-379
608
24 423
-415
-404
-815
-344
-341
-260
-629
-582
-474
-436
65
493
82
151
158
186
623
625
249
679
273
712
330
361
21 310
-309
-607
-566
-863
-232
-469
-749
-688
-52
-650
364
57
65
379
388
83
90
798
548
873
886
49 100
-593
-589
-881
-677
-777
-975
-471
-550
-150
-347
-646
-944
-240
-638
-237
-928
-627
-627
-726
-523
-21
-221
-220
-319
-319
-18
-617
-312
-603
-101
901
7
919
320
27
928
430
731
834
336
838
241
151
54
361
770
878
788
392
25 226
-900
-674
-448
-203
-407
-383
-372
-120
-747
-970
-966
-57
-956
-276
931
35
41
752
306
987
763
780
122
852
414
11 864
-813
-777
-764
-592
-300
-865
877
596
737
768
863
30 547
-486
-460
-429
-396
-334
-805
-258
-145
-117
-554
6
8
569
42
72
112
131
684
685
761
819
285
309
348
358
923
966
977
978
985
18 694
-684
-680
-587
-394
-390
-353
-997
-904
-206
-826
-121
698
741
755
87
240
965
627
21 950
-941
-895
-510
-458
-284
-188
-152
-101
-91
9
964
246
265
509
515
612
629
837
838
865
896
11 261
-229
-997
-193
-617
-556
-553
286
873
623
383
181
37 398
-385
-764
-352
-307
-301
-298
-679
-663
-620
-200
-195
-984
-949
-548
-50
-40
-406
417
854
88
889
95
892
517
927
134
151
950
168
242
258
267
702
706
316
734
784
37 911
-806
-717
-643
-627
-495
-431
-422
-251
-122
-120
-104
-998
-48
-43
-39
-7
-3
8
941
67
984
162
188
276
320
330
333
371
372
430
519
539
671
686
840
877
888
39 500
-977
-474
-962
-446
-411
-867
-358
-333
-322
-296
-781
-773
-259
-238
-647
-121
-604
-86
-561
-21
-508
11
516
45
47
548
578
582
593
163
712
220
740
756
782
382
926
457
461
36 423
-805
-766
-327
-715
-257
-248
-240
-210
-616
-191
-554
-522
-86
-86
-923
-74
-491
-912
-448
-12
853
433
436
456
470
60
497
83
131
182
238
240
255
321
339
795
23 227
-669
-439
-437
-389
-840
-586
-349
-323
-322
-318
-80
-79
-286
-38
-908
695
475
286
311
580
153
175
422
6 563
-116
-23
-586
644
158
387
37 297
-270
-861
-859
-561
-263
-854
-257
-234
-827
-523
-175
-748
-441
-432
-431
-124
-391
-389
-382
-676
-360
-306
905
913
931
981
691
108
411
411
129
745
171
203
823
251
254
48 30
-479
-719
-779
-28
-597
-956
-236
-953
-591
-710
-290
-649
-467
-676
-45
-973
-71
-610
-729
-878
-814
-572
-151
240
901
211
154
514
754
607
217
579
279
99
69
220
341
552
193
704
406
468
948
52
24
658
809
779
23 685
-492
-485
-463
-344
-299
-291
-226
-192
-182
-164
-68
-721
-685
708
729
826
866
964
366
388
478
674
676
40 357
-350
-692
-657
-650
-981
-609
-250
-944
-569
-565
-537
-893
-520
-135
-460
-814
-799
-78
-785
-38
-385
-25
-729
-5
359
728
39
401
780
485
147
169
180
556
617
635
994
684
704
709
41 31
-619
-774
-832
-892
-458
-797
-859
-574
-789
-694
-693
-910
-600
-506
-969
-410
-220
342
95
469
408
130
7
100
348
783
721
40
445
477
43
570
46
140
48
826
829
956
741
772
495
23 696
-668
-633
-631
-465
-460
-993
-224
-841
-104
-699
-696
21
59
781
785
187
942
951
268
332
493
602
676
19 997
-719
-527
-261
30
106
125
175
222
334
393
523
523
589
616
700
730
856
913
920
36 906
-875
-820
-750
-677
-654
-648
-306
-242
-161
-147
-990
-986
-62
-963
-19
929
28
33
941
985
172
185
224
235
264
279
478
482
494
602
671
701
769
773
780
876
15 452
-447
-872
-342
-748
-228
-138
-117
-478
-468
34
495
591
741
811
385
10 900
-898
-766
-663
-156
900
38
720
745
760
815
30 966
-893
-767
-765
-744
-666
-661
-593
-581
-553
-400
-383
-338
-252
-243
-177
-174
-164
-155
-133
-85
-39
57
252
317
558
589
698
875
912
916
42 762
-724
-655
-531
-527
-504
-400
-370
-370
-272
-215
-975
-188
-166
-889
-884
-121
-880
-106
-85
-845
-57
-812
-803
-801
-14
768
776
783
783
50
55
127
129
908
169
955
326
499
628
664
706
717
29 858
-701
-691
-685
-655
-553
-361
-349
-298
-275
-85
-919
-55
-902
-887
-4
894
116
137
195
262
306
326
351
463
572
576
590
679
772
22 867
-815
-765
-760
-621
-619
-551
-192
-185
-121
-51
-873
942
120
132
271
296
358
462
467
529
567
844
49 852
-839
-834
-712
-679
-673
-589
-523
-523
-483
-426
-384
-347
-310
-286
-217
-182
-984
-970
-924
-51
11
865
41
921
922
90
944
950
955
164
187
212
290
320
346
373
435
462
467
490
597
632
642
674
739
814
820
822
841
15 881
-872
-783
-767
-270
-234
-210
166
268
288
442
456
604
762
786
854
36 363
-308
-984
-619
-940
-212
-891
-476
-834
-87
-447
-800
-426
-785
-37
-25
-369
727
728
19
30
61
791
795
823
503
140
508
185
556
195
567
208
938
581
975
980
19 659
-580
-564
-476
-928
-164
-785
-773
-676
-8
663
677
691
808
170
193
232
900
944
420
28 625
-593
-589
-470
-460
-396
-1000
-936
-931
-817
-103
-687
-52
-10
658
664
46
700
741
236
868
877
895
900
905
293
968
576
595
8 400
-359
-561
-540
-407
867
74
590
612
24 78
-770
-299
-835
-755
-986
-119
-500
-497
-650
-791
-471
324
31
971
428
898
200
983
758
836
526
610
70
72
27 993
-864
-764
-736
-716
-713
-710
-699
-646
-605
-207
-100
-30
-994
34
43
143
199
208
433
472
486
579
631
765
820
900
980
43 686
-640
-585
-550
-389
-345
-984
-286
-254
-183
-834
-114
-108
-101
-777
-762
-27
693
45
61
766
798
121
125
129
851
854
177
186
884
220
254
956
957
274
279
966
990
336
365
390
427
504
682
1 432
0
48 189
-933
-361
-728
-532
-720
-495
-115
-288
-663
-466
-83
-81
-454
-449
-823
-821
-627
-437
-248
-804
-232
-223
-212
-777
-15
-958
951
198
769
15
775
986
803
804
810
246
634
68
458
653
292
681
685
532
164
738
552
559
12 87
-692
-920
-467
-271
-352
200
395
317
668
64
762
344
28 698
-676
-650
-625
-624
-599
-534
-426
-402
-375
-295
-279
-958
-878
-120
-767
-743
28
40
749
53
765
81
924
948
286
419
574
674
23 559
-976
-358
-344
-813
-254
-187
-646
-32
-23
25
31
650
682
145
178
213
786
228
254
292
903
972
550
34 195
-189
-551
-548
-158
-934
-523
-516
-262
-40
-219
-19
-197
-587
-782
225
812
622
236
243
646
649
665
472
472
864
102
708
354
554
758
174
960
576
777
46 284
-827
-507
-507
-219
-502
-770
-768
-185
-450
-448
-991
-966
-377
-659
-942
-361
-56
-890
-315
298
882
886
343
62
67
922
83
674
683
984
133
134
712
715
431
165
190
495
784
789
506
249
819
537
827
267
43 781
-699
-619
-585
-504
-370
-316
-232
-973
-969
-940
-877
-871
-72
-56
-46
-45
-814
-30
10
27
74
97
124
142
953
182
274
330
335
406
408
424
452
486
569
603
615
630
630
658
692
742
758
33 879
-837
-831
-824
-697
-669
-668
-479
-430
-309
-123
-80
-34
-18
-894
34
922
929
933
940
88
89
92
329
345
346
479
508
512
610
630
795
812
841
18 717
-696
-661
-628
-557
-489
-420
-339
-923
-922
-116
-113
-34
-2
790
275
423
540
695
34 590
-574
-450
-415
-382
-365
-871
-264
-186
-155
-148
-145
-106
-87
-50
-10
24
621
51
61
80
670
670
700
701
128
147
197
203
803
281
941
369
464
587
1 64
-277
26 199
-975
-756
-943
-519
-497
-496
-466
-239
-605
-801
-799
-797
644
53
654
458
659
475
479
301
132
149
159
761
372
194
7 425
-780
-755
-959
36
949
235
415
1 395
965
13 82
-491
-146
-794
-453
-347
579
664
752
443
36
52
464
309
15 176
-524
-631
-583
-54
-218
-32
531
891
585
417
626
453
104
839
166
3 879
-657
-910
70
34 631
-533
-492
-479
-466
-425
-392
-312
-296
-266
-212
-835
-148
-99
-703
-682
7
11
20
740
755
163
798
832
205
867
888
919
924
359
372
388
401
489
502
41 545
-500
-498
-476
-999
-398
-379
-922
-376
-878
-856
-844
-277
-269
-779
-760
-760
-757
-204
-197
-713
-152
-685
-139
-89
-628
-591
104
138
164
194
202
787
842
303
307
307
310
872
956
477
541
35 530
-519
-423
-379
-360
-884
-871
-829
-812
-796
-257
-207
-201
-684
-668
-91
-58
-567
-545
596
114
705
736
210
234
235
296
316
884
892
937
945
953
983
484
517
27 139
-410
-824
-545
-539
-950
-950
-938
-237
-226
-353
-39
-856
-989
-569
-429
-140
321
337
341
760
917
378
934
663
117
824
273
1 353
-557
41 939
-898
-887
-820
-707
-665
-653
-637
-513
-446
-327
-318
-296
-265
-215
-120
-989
-49
-984
-943
-941
8
955
25
986
96
120
172
183
192
193
206
284
290
302
372
434
440
466
469
635
647
45 458
-418
-391
-364
-358
-299
-738
-689
-659
-196
-625
-612
-592
-70
-22
-21
-473
-4
21
947
42
601
614
632
660
216
217
699
714
273
283
287
290
291
757
765
790
790
792
356
825
367
843
388
393
436
42 569
-567
-566
-558
-540
-989
-988
-411
-973
-955
-864
-290
-832
-825
-797
-769
-736
-734
-723
-630
-44
-591
-577
16
16
588
33
612
47
624
119
723
155
726
749
761
762
200
277
365
969
520
533
15 931
-895
-671
-661
-567
-421
-294
-179
-128
-119
-70
-68
948
389
736
899
29 90
-172
-78
-518
-61
-330
-866
-596
-768
-226
-309
-751
-570
-206
-741
-105
-193
-275
-903
542
723
994
192
655
386
660
483
590
438
806
9 179
-175
-655
-104
-562
-203
719
632
645
170
16 284
-554
-543
-826
-530
-785
-440
-980
-891
285
897
926
116
123
989
712
738
43 570
-511
-483
-462
-980
-960
-366
-913
-338
-862
-825
-813
-808
-798
-786
-783
-752
-159
-147
-130
-694
-111
-670
-86
-44
-9
53
632
639
73
696
129
132
148
752
224
804
251
299
910
915
390
403
512
43 977
-964
-920
-915
-834
-813
-748
-720
-531
-510
-447
-443
-421
-419
-411
-309
-205
-97
-991
991
41
83
94
96
104
129
295
326
405
426
446
464
486
486
573
575
621
657
741
784
800
879
911
970
17 913
-839
-737
-428
-292
-961
-3
33
965
171
206
237
263
328
450
770
804
881
39 796
-724
-610
-459
-268
-211
-193
-183
-977
-161
-955
-955
-114
-902
-900
-890
-92
-82
-866
-28
-14
798
830
866
92
95
932
996
283
346
446
509
539
549
626
638
645
685
688
791
41 312
-620
-919
-604
-270
-265
-572
-259
-862
-537
-828
-514
-794
-720
-320
-3
944
646
26
963
653
366
63
387
700
78
745
762
489
185
198
533
853
244
253
566
570
269
290
610
302
935
13 85
-333
-412
-392
-472
-299
-172
263
200
631
472
993
320
590
29 590
-421
-385
-957
-322
-875
-275
-860
-806
-773
-752
-744
-71
-68
-44
-615
-607
1
23
673
108
115
189
859
296
316
910
339
466
525
45 917
-878
-861
-825
-810
-801
-662
-622
-618
-573
-566
-562
-533
-456
-410
-395
-310
-298
-188
-125
-55
-958
-28
-929
967
54
60
100
172
189
247
267
287
301
366
367
423
560
563
565
570
589
629
649
689
827
4 460
-934
-9
552
294
38 974
-937
-930
-883
-871
-838
-763
-711
-606
-567
-554
-314
-298
-220
-182
-129
-76
29
44
61
124
243
285
407
503
548
551
554
557
622
658
692
693
746
749
797
814
852
931
41 58
-753
-748
-919
-683
-156
-326
-267
-208
-495
-256
-138
-775
-17
-187
-418
-65
-176
-59
-290
406
874
65
706
997
187
129
768
716
137
725
668
495
38
388
392
859
337
802
977
923
519
10 298
-991
-391
-42
-330
-12
923
373
674
197
500
4 864
-949
-911
871
653
49 29
-724
-259
-693
-925
-518
-227
-368
-251
-367
-218
-218
-563
-186
-765
-881
-852
-211
-7
-65
-992
-933
-816
-89
-843
-494
-146
841
609
319
-609
697
528
992
879
503
823
334
538
655
800
279
224
631
399
23
633
24
953
810
4 699
-554
-404
-989
397
27 928
-724
-588
-553
-540
-534
-464
-384
-373
-332
-326
-215
-73
-24
-18
153
231
278
301
374
479
605
657
667
700
816
847
855
50 450
-448
-417
-859
-394
-837
-827
-369
-790
-746
-728
-273
-262
-649
-198
-160
-154
-572
-562
-111
-556
-542
-87
-534
-53
-33
452
944
500
519
71
73
982
88
557
156
627
221
689
705
263
730
285
771
784
335
797
393
852
889
890
24 826
-673
-442
-377
-157
-130
-953
-935
20
852
869
49
87
114
956
157
189
290
372
379
561
709
717
753
795
16 302
-248
-514
-794
-771
-642
-919
-916
73
696
104
122
449
752
773
523
830
28 578
-463
-401
-378
-328
-820
-196
-766
-173
-172
-130
-117
-688
-683
-667
-649
-38
-19
8
641
157
737
159
354
356
975
435
498
567
17 112
-671
-765
-307
-857
-380
-705
-704
-579
-463
793
122
258
148
614
623
408
654
15 212
-386
-534
-955
-729
-929
-672
242
669
490
75
337
763
984
359
404
34 898
-719
-698
-681
-658
-546
-420
-419
-399
-387
-374
-348
-304
-265
-191
-161
-153
-130
-938
-40
-16
16
51
134
190
194
245
331
334
360
377
402
452
489
732
46 586
-474
-996
-985
-954
-945
-355
-930
-321
-308
-295
-839
-838
-835
-243
-236
-810
-799
-193
-769
-180
-173
-752
-113
-104
-28
-12
57
99
700
703
139
749
754
216
806
225
261
851
859
296
304
377
998
467
486
575
40 809
-760
-742
-720
-591
-549
-516
-478
-384
-324
-309
-309
-227
-127
-62
-861
-15
-815
869
879
116
927
929
120
937
137
948
183
208
357
400
443
453
456
607
612
696
705
714
751
765
42 666
-656
-614
-571
-530
-487
-470
-966
-226
-213
-866
-857
-844
-115
-755
-81
-64
-56
-720
-51
-686
8
692
56
97
768
774
790
129
800
159
193
873
981
347
486
504
545
559
580
613
633
657
13 227
-448
-663
-164
-370
-351
473
281
65
752
106
364
401
636
26 538
-500
-473
-992
-873
-835
-251
-196
-184
-125
-638
-631
22
576
597
62
711
190
260
279
847
860
377
933
466
478
524
44 893
-881
-838
-830
-816
-814
-813
-755
-735
-726
-720
-715
-608
-473
-439
-342
-258
-126
-119
-978
-952
-44
-906
898
16
32
930
49
58
967
155
274
308
313
358
415
439
450
471
482
483
549
739
757
784
40 731
-341
-323
-312
-993
-975
-938
-189
-149
-125
-854
-70
-50
-41
-757
-12
-738
737
740
67
83
85
109
113
133
154
164
955
250
998
295
412
437
523
539
590
602
602
637
641
693
10 397
-791
-379
-740
-339
-668
-959
458
179
996
780
16 38
-111
-788
-481
-898
-173
-591
-628
-91
-354
-576
-800
-229
152
760
495
419
26 151
-744
-438
-714
-104
-856
-402
-238
-74
-374
-373
-212
-641
-488
-169
-762
-154
0
9
323
33
195
655
374
75
447
299
37 924
-866
-835
-821
-703
-593
-592
-582
-567
-467
-453
-384
-188
-152
-989
-987
17
39
49
977
980
61
986
118
188
224
309
349
361
375
458
566
592
627
736
758
828
917
28 605
-490
-382
-342
-927
-252
-230
-811
-731
-715
-85
37
48
51
728
125
801
816
217
253
893
902
905
324
930
977
992
460
470
45 286
-284
-568
-550
-830
-822
-245
-241
-807
-233
-790
-779
-196
-715
-692
-118
-384
-951
-946
-83
-360
-74
-645
-903
-19
-303
-302
306
52
356
358
363
959
978
704
431
437
153
478
774
211
523
249
258
835
278
12 167
-983
-790
-611
-105
-260
-874
-851
-674
688
584
120
666
24 421
-373
-766
-755
-751
-224
-162
-134
-541
-534
-954
-919
-48
-33
4
847
438
949
625
264
730
329
366
404
415
35 543
-535
-382
-359
-345
-286
-278
-230
-760
-202
-707
-703
-658
-653
-93
-606
-52
-580
10
18
579
607
91
709
167
717
719
732
260
883
901
947
424
984
483
504
1 474
-803
13 677
-651
-610
-524
-491
-391
-988
-891
-887
-165
-792
45
971
473
7 63
-743
-9
-126
73
854
797
753
10 512
-842
-675
-68
-66
-559
-529
55
119
129
668
41 568
-966
-396
-388
-911
-337
-321
-290
-819
-228
-779
-209
-165
-686
-612
-599
-586
-9
12
604
636
86
656
100
731
199
221
790
801
258
842
855
307
386
406
975
414
990
447
483
488
522
22 61
-485
-462
-333
-876
-875
-263
-138
-990
-919
-736
-917
493
196
14
84
515
97
282
228
961
293
359
36 478
-885
-835
-337
-804
-291
-751
-741
-734
-704
-667
-656
-176
-166
-166
-155
-136
-570
-87
-525
-515
-498
-15
-485
-961
963
25
995
524
54
584
143
631
697
751
358
848
31 883
-838
-821
-799
-627
-599
-534
-417
-370
-363
-332
-196
-150
-104
-980
-91
-964
-3
51
68
967
967
85
107
996
216
248
263
320
482
544
640
3 251
-960
-933
926
33 443
-880
-849
-395
-791
-772
-320
-730
-204
-137
-127
-127
-62
-45
-478
-11
53
951
71
525
976
561
126
646
228
705
730
745
314
317
320
786
807
870
48 904
-866
-817
-788
-786
-745
-731
-703
-679
-659
-657
-644
-569
-533
-518
-516
-510
-420
-399
-352
-149
-140
-106
-106
-80
-60
-34
-22
-20
-922
904
922
29
943
60
972
131
229
290
362
416
572
608
636
661
774
792
887
895
28 984
-950
-830
-789
-720
-616
-614
-424
-411
-349
-188
-164
-164
-122
129
152
249
266
273
446
460
558
570
695
696
762
767
849
951
33 353
-680
-671
-290
-642
-987
-605
-908
-889
-845
-490
-472
-814
-809
-451
-450
-95
-88
-407
388
752
438
807
479
832
842
882
194
904
201
922
596
305
693
33 930
-774
-711
-678
-661
-636
-605
-592
-503
-492
-440
-397
-366
-252
-172
-156
-135
-68
940
959
968
52
74
104
114
119
153
238
267
394
407
654
701
895
34 148
-562
-115
-404
-106
-251
-842
-94
-389
-981
-388
-238
-72
-64
-354
-797
-204
-492
-185
-465
-754
-457
-896
889
898
315
28
494
356
357
380
690
696
1000
283
32 587
-448
-995
-386
-914
-913
-892
-887
-292
-878
-281
-269
-801
-109
-101
-73
-644
-8
-589
-589
625
633
137
767
202
791
815
306
955
971
384
384
474
40 351
-691
-970
-263
-570
-551
-551
-179
-861
-859
-148
-847
-116
-417
-388
-718
-3
13
14
373
758
773
781
80
799
803
108
110
813
468
469
529
563
232
955
294
294
999
651
673
344
47 56
-726
-442
-552
-214
-324
-547
-206
-372
-819
-648
-982
-814
-196
-863
-183
-515
-290
-510
-504
616
116
396
676
341
790
735
119
349
13
20
526
977
137
477
422
982
312
593
145
89
598
152
266
997
106
330
221
7 604
-535
-465
-268
-113
686
734
505
28 226
-664
-882
-419
-186
-159
-791
-780
-780
-547
-940
-939
-475
-466
473
957
333
787
346
802
352
357
813
410
862
645
434
892
677
47 162
-961
-462
-779
-285
-768
-444
-927
-434
-433
-426
-100
-411
-247
-409
-723
-397
-223
-547
-221
-193
-983
-326
-163
-649
512
675
358
682
525
47
858
862
62
557
398
78
890
419
591
443
616
940
294
297
635
798
319
9 795
-752
-401
-883
67
154
386
484
545
687
33 280
-831
-267
-499
-771
-190
-184
-992
-705
-983
-416
-398
-660
-637
-58
-47
-23
-281
11
892
614
908
917
642
965
134
419
151
449
172
461
497
508
545
18 829
-825
-785
-699
-682
-555
-552
-407
-377
-315
-273
-166
919
946
361
454
569
613
824
27 967
-917
-830
-698
-672
-651
-596
-526
-471
-446
-436
-401
-396
-117
-64
9
168
251
259
290
437
462
544
615
680
719
766
943
37 926
-910
-638
-468
-442
-272
-176
-143
-109
-74
-987
-16
-929
942
977
51
983
992
208
286
321
344
369
397
420
454
462
493
540
632
654
671
704
709
710
768
782
811
16 555
-840
-831
-718
-143
-692
-85
-632
-563
-558
98
701
908
921
428
514
516
25 454
-451
-445
-843
-760
-743
-224
-541
-518
-64
-963
-952
-932
963
998
566
585
188
193
740
308
792
347
828
870
426
14 438
-766
-734
-699
-535
-455
951
557
563
690
296
755
766
331
861
27 846
-740
-739
-716
-692
-662
-629
-611
-589
-519
-480
-428
-97
-902
-55
-43
-8
94
148
242
290
426
429
615
688
701
718
734
36 174
-516
-340
-334
-853
-497
-315
-139
-477
-997
-637
-114
-800
-445
-442
-441
-439
-599
-245
-748
-400
-213
-525
-1
4
5
397
405
605
959
264
270
272
107
126
129
852
43 265
-763
-224
-469
-467
-996
-174
-434
-165
-686
-148
-662
-132
-392
-391
-920
-911
-350
-348
-874
-575
-835
-268
-530
555
28
606
616
91
623
98
643
381
383
384
914
670
947
949
691
976
987
230
264
7 275
-724
-962
-399
-653
-639
69
476
23 53
-97
-678
-833
-725
-778
-28
-394
-340
-286
-602
-752
-115
-61
-108
641
387
814
820
397
781
944
735
471
26 54
-429
-427
-905
-900
-953
-31
-135
-243
-239
-400
-125
-232
-15
-387
-61
-5
-919
571
33
575
469
146
525
420
746
807
20 476
-294
-700
-214
-191
-184
-149
-623
-616
-109
-84
-515
-982
-2
955
681
239
247
791
825
949
45 198
-395
-785
-181
-577
-180
-766
-765
-566
-556
-148
-740
-134
-520
-504
-495
-477
-65
-645
-437
-40
-617
-206
-6
400
803
407
409
608
615
45
649
661
473
474
287
884
499
728
339
939
744
349
550
761
583
7 328
-814
-740
-663
668
442
794
231
17 662
-603
-486
-409
-350
-269
-812
-142
-787
-68
5
25
770
115
167
434
440
483
15 693
-515
-442
-385
-924
-903
-182
77
771
97
870
891
347
434
483
643
8 119
-567
-663
-394
-982
120
976
747
83
41 633
-538
-448
-993
-355
-323
-949
-873
-184
-803
-166
-155
-142
-131
-81
-694
-25
-651
8
653
32
51
101
201
229
253
262
267
279
913
297
965
343
345
994
998
446
490
500
576
590
602
44 475
-430
-846
-835
-789
-785
-303
-302
-288
-722
-243
-232
-689
-676
-648
-613
-561
-545
-543
-63
-532
-38
-954
-476
7
997
556
560
563
577
110
608
624
161
654
215
726
726
254
786
813
888
422
898
917
37 995
-919
-910
-869
-842
-838
-783
-778
-745
-736
-729
-664
-656
-564
-560
-421
-392
-152
-101
-55
96
154
325
366
380
388
469
479
525
547
596
601
615
657
737
766
769
780
8 189
-167
-505
-642
-68
-821
-401
-945
727
46 376
-289
-255
-246
-985
-200
-565
-563
-929
-542
-161
-911
-878
-499
-855
-87
-434
-48
-411
-407
-392
-765
2
777
34
40
440
85
97
113
867
498
888
917
181
197
961
603
237
990
245
276
309
690
358
743
747
45 368
-726
-357
-725
-354
-721
-713
-323
-948
-947
-179
-546
-905
-159
-501
-858
-488
-793
-792
-760
-755
-372
376
27
30
768
47
71
825
92
462
835
486
868
137
889
896
211
598
971
249
986
295
694
700
348
5 61
-777
-319
-805
23
179
43 855
-853
-845
-706
-704
-638
-611
-509
-370
-358
-318
-269
-160
-149
-131
-960
-80
-921
-62
-37
-885
928
949
96
966
975
121
143
194
243
246
285
310
324
366
380
463
473
501
545
552
552
585
661
48 359
-717
-703
-344
-702
-299
-276
-990
-261
-947
-222
-218
-191
-905
-904
-186
-869
-461
-97
-438
-432
-782
-39
-393
-11
-365
724
373
751
757
413
801
92
454
467
844
846
849
509
912
203
971
253
263
643
655
672
703
351
49 205
-204
-587
-990
-782
-349
-554
-963
-960
-549
-334
-942
-734
-528
-516
-719
-75
-683
-867
-252
-846
-223
-631
-836
-835
-822
827
831
858
43
462
479
890
706
510
315
931
932
732
325
743
551
768
579
788
175
796
808
199
611
33 510
-477
-983
-843
-833
-308
-744
-234
-232
-717
-187
-143
-117
-608
-601
-598
-55
-537
518
35
50
93
140
140
149
254
766
270
848
435
438
973
474
986
37 301
-577
-563
-236
-531
-817
-509
-203
-492
-776
-675
-361
-657
-950
-619
-914
-2
924
624
35
695
429
738
742
155
758
459
168
775
194
800
819
523
235
235
238
262
893
17 754
-697
-570
-520
-479
-463
-377
-360
-807
-785
-20
-12
812
63
859
654
660
708
4 816
-90
156
539
740
13 791
-616
-378
-365
-361
-360
-188
-134
-922
894
452
601
602
656
39 335
-634
-956
-936
-591
-529
-486
-141
-125
-121
-788
-104
-769
-767
-743
-407
-53
-52
-362
-4
-336
700
371
36
37
61
401
445
788
799
849
539
879
209
214
567
938
276
964
300
42 131
-383
-775
-897
-105
-620
-742
-999
-341
-603
-861
-597
-465
-590
-587
-970
-446
-305
-677
-799
791
137
144
144
803
148
546
154
29
309
186
994
343
483
357
882
361
502
769
246
771
247
641
49 872
-839
-824
-774
-758
-668
-592
-539
-536
-473
-438
-391
-389
-378
-370
-366
-335
-320
-302
-159
-130
-114
-106
-99
-953
-58
-29
57
63
84
112
117
993
147
266
282
301
303
379
433
468
539
545
548
605
685
724
743
758
765
46 659
-541
-520
-484
-450
-951
-950
-288
-930
-265
-200
-850
-838
-97
-720
-695
-676
20
23
48
711
57
67
726
727
73
84
130
160
848
192
196
865
208
234
912
921
268
956
985
392
413
450
501
517
607
656
2 163
-967
711
23 360
-710
-686
-658
-227
-225
-548
-175
-521
-500
-106
-801
-80
-797
-743
23
32
44
816
102
472
141
210
223
11 433
-406
-832
-805
-679
-658
-204
53
99
598
354
832
11 592
-570
650
655
70
79
698
733
204
210
870
383
20 49
-681
-632
-188
-530
-321
-22
-655
-900
-850
-749
-308
-301
-152
309
657
560
759
625
825
778
13 846
-804
-778
-497
-484
-427
-222
-170
-138
-127
-855
930
124
275
42 120
-349
-944
-335
-455
-208
-323
-552
-312
-64
-888
-885
-509
364
10
612
19
741
509
390
274
876
996
407
289
177
539
184
187
789
913
673
433
193
574
218
462
226
830
233
717
719
359
17 935
-928
-916
-602
-540
-538
-342
-110
-986
-46
72
302
361
365
687
768
847
856
45 404
-796
-786
-375
-365
-742
-735
-660
-655
-230
-610
-986
-576
-571
-554
-146
-949
-124
-509
-504
-74
-866
-860
-857
-422
447
53
501
908
104
918
919
515
940
943
577
590
187
213
623
648
303
720
738
740
354
28 510
-438
-911
-847
-745
-592
-592
-573
-559
-46
536
35
622
628
169
199
211
742
823
322
337
850
850
365
367
394
946
969
461
48 372
-710
-692
-313
-311
-676
-297
-245
-599
-963
-208
-950
-202
-196
-896
-523
-147
-142
-132
-126
-122
-118
-488
-836
-78
-440
-47
-41
-756
372
751
387
28
36
780
793
422
109
522
896
163
554
981
616
260
295
303
304
739
3 375
-217
281
305
30 241
-477
-461
-460
-940
-930
-923
-382
-595
-819
-817
-55
-763
-503
-744
-247
242
487
971
263
61
65
794
801
561
338
582
344
124
190
208
9 502
-348
-680
-89
520
540
57
695
850
939
22 699
-697
-599
-577
-355
-956
-953
-221
-194
-781
-737
-733
734
766
82
782
162
864
167
179
927
319
522
23 694
-655
-524
-499
-465
-419
-366
-332
-305
-968
-887
-91
-89
-88
-766
-729
128
214
254
307
529
555
610
661
34 373
-685
-308
-300
-628
-252
-618
-616
-593
-571
-570
-558
-887
-862
-486
-474
-842
-461
-460
-83
-48
-762
-15
-756
25
788
902
602
622
250
287
661
693
358
735
5 169
-309
-300
-428
609
483
21 787
-754
-699
-685
-622
-589
-512
-451
-361
-972
-959
-953
-109
-880
-21
804
890
108
222
264
330
374
40 37
-403
-730
-656
-506
-392
-499
-794
-532
-161
-679
-714
-264
-965
-706
-188
-852
-186
407
706
791
569
682
351
981
20
835
169
466
984
615
839
396
29
437
178
660
107
848
332
332
35 107
-957
-630
-306
-621
-941
-183
-76
-818
-389
-904
-582
-473
-149
-893
-890
-775
-222
648
758
767
985
985
350
245
359
40
899
802
287
827
188
299
525
204
956
10 214
-213
-631
-160
-334
-220
482
541
576
394
614
40 666
-624
-618
-590
-548
-545
-527
-474
-440
-437
-393
-935
-266
-896
-146
-754
-750
-747
-61
-60
-706
-702
-681
694
712
724
730
94
114
164
879
880
967
336
404
458
537
559
602
603
610
20 763
-725
-692
-575
-514
-399
-183
-893
-854
-48
27
171
214
404
425
455
551
562
666
732
748
23 711
-681
-663
-507
-446
-445
-402
-385
-957
-169
-166
-818
-8
13
725
24
77
136
203
925
961
995
411
533
7 486
-387
-665
-176
-626
636
758
955
4 760
-561
-380
-75
-771
4 79
-70
-835
636
612
42 996
-926
-914
-758
-746
-628
-589
-556
-545
-540
-438
-408
-370
-355
-224
-192
11
58
154
172
185
311
319
448
460
462
477
505
542
555
627
630
648
659
701
707
749
751
753
786
842
967
993
29 825
-675
-464
-372
-357
-346
-193
-936
-74
-882
-50
-838
-834
833
838
849
79
920
945
123
208
327
329
377
383
390
480
496
542
808
27 522
-424
-420
-922
-367
-874
-346
-826
-297
-293
-290
-712
-171
-651
-570
59
618
145
164
700
194
208
756
777
312
356
420
945
29 292
-865
-270
-257
-809
-978
-313
-890
-305
4
890
902
320
612
31
52
658
659
368
397
399
123
441
159
159
462
181
826
827
569
49 244
-974
-477
-701
-455
-941
-182
-654
-627
-128
-582
-65
-303
-58
-281
-525
-15
-494
261
994
20
272
29
30
276
768
775
287
45
74
87
579
345
106
109
844
117
131
378
622
634
396
410
654
661
906
663
457
704
474
1 64
682
41 141
-845
-699
-409
-405
-116
-256
-676
-665
-942
-96
-85
-360
-499
-200
-58
-198
-893
-41
-179
-596
-731
-283
564
989
993
300
730
31
331
896
355
920
648
795
242
251
394
823
132
137
139
44 421
-387
-385
-777
-355
-339
-324
-738
-696
-246
-206
-625
-622
-145
-963
-933
-917
-29
-27
857
18
52
474
478
903
61
916
92
950
536
961
119
129
133
557
585
190
202
657
237
251
709
753
783
787
12 715
-689
-408
-368
-310
-972
-182
839
899
193
194
346
352
36 349
-318
-309
-977
-628
-239
-227
-918
-216
-902
-552
-873
-174
-836
-826
-76
-406
-372
-712
-359
36
755
417
92
134
505
877
199
206
242
260
978
288
987
320
673
679
39 848
-785
-715
-626
-604
-600
-587
-484
-428
-361
-359
-274
-122
-962
-74
-45
-33
-853
-848
863
44
905
100
951
953
106
139
233
340
351
387
443
467
502
503
536
571
781
826
836
11 773
-602
-585
-459
-416
-897
-830
-2
788
891
893
606
30 254
-486
-185
-438
-945
-389
-50
-285
-515
-510
769
264
522
783
285
805
55
321
859
878
123
395
651
918
422
686
440
973
977
483
741
34 20
-458
-395
-454
-394
-912
-271
-950
-530
-430
-969
-27
-126
-825
-544
620
581
845
926
987
867
67
969
869
149
172
492
672
932
673
534
914
914
697
479
12 1000
-943
-917
-853
-486
-444
-408
380
617
705
855
902
916
43 170
-657
-810
-633
-959
-769
-766
-590
-579
-68
-741
-227
-393
-219
-726
-712
-513
-170
182
15
358
360
212
909
918
250
761
935
434
98
780
951
271
448
280
962
120
991
487
660
152
832
837
332
43 184
-362
-888
-873
-873
-490
-854
-667
-297
-478
-101
-832
-646
-91
-452
-813
-611
-978
-58
-33
-214
-212
-24
-561
372
783
47
983
432
270
279
103
481
675
125
310
310
321
874
507
877
697
528
911
21 590
-975
-934
-932
-278
-865
-845
-708
-683
-668
-67
-56
63
103
193
207
853
339
364
466
482
532
21 505
-481
-977
-409
-328
-304
-278
-645
-549
-29
511
21
35
122
140
232
269
776
316
342
867
902
36 835
-768
-727
-665
-633
-597
-502
-499
-365
-344
-272
-244
-148
-145
-975
-133
-111
-940
-80
-857
-17
-9
914
941
950
126
136
975
995
256
271
275
370
531
615
732
823
13 718
-657
-575
-520
-395
-276
-833
23
74
895
897
932
457
576
47 566
-530
-521
-497
-473
-462
-436
-416
-977
-921
-341
-264
-248
-797
-226
-775
-759
-179
-178
-164
-722
-140
-651
-600
-13
566
6
45
614
61
91
100
724
743
186
214
236
268
284
868
309
922
388
963
412
991
430
495
24 1
927
617
381
317
237
217
-251
-331
-415
-419
-475
-635
-851
-941
-884
-644
-238
230
262
272
290
402
486
878
7 199
-833
-234
417
874
290
495
555
29 586
-513
-983
-365
-321
-246
-807
-189
-107
-45
-44
-627
-8
22
612
80
81
705
722
144
810
851
293
965
971
449
479
483
539
555
26 286
-516
-227
-491
-732
-156
-418
-123
-401
-965
-375
-359
-66
-304
875
23
598
886
43
334
86
673
675
970
970
461
568
11 665
-383
-331
-942
-220
-711
-670
-1
215
580
647
656
15 735
-535
-450
-282
-278
-948
-946
-209
-877
12
48
246
365
533
579
647
5 323
-670
16
359
127
190
17 976
-464
-444
-441
-370
-308
-166
-76
-58
-38
-985
221
262
315
411
555
704
746
8 25
-868
-842
-415
-835
-979
525
259
174
12 632
-610
-461
-888
-856
-58
-44
651
699
719
129
880
625
36 813
-769
-716
-660
-587
-586
-564
-478
-415
-351
-350
-332
-310
-296
-249
-208
-193
-190
-76
-867
-818
2
29
851
41
873
112
938
962
328
439
458
476
538
565
662
774
4 289
-985
-944
132
727
1 530
796
49 899
-898
-896
-829
-827
-488
-477
-420
-396
-389
-356
-319
-301
-262
-260
-242
-167
-984
-974
-952
-50
-924
-18
900
19
927
51
960
68
100
125
184
222
295
299
329
359
399
439
552
612
630
634
710
725
783
805
848
866
888
29 326
-954
-947
-240
-216
-495
-488
-137
-134
-774
-93
-745
-745
-406
-385
-683
-26
-348
-339
28
697
710
712
390
99
125
850
212
606
620
50 601
-565
-490
-464
-457
-438
-431
-429
-418
-973
-962
-952
-936
-935
-888
-273
-815
-195
-781
-175
-173
-749
-142
-132
-110
-693
-673
-67
-64
-649
-25
-622
-619
-3
-3
644
44
652
680
119
722
763
770
809
224
831
882
318
430
530
585
1 610
-849
7 573
-558
-85
-44
-21
153
371
499
14 972
-873
-513
-338
-148
-129
-65
302
367
413
445
461
528
933
934
10 809
-569
-412
-348
-188
-111
-861
185
254
580
737
44 191
-184
-174
-166
-139
-318
-293
-101
-844
-460
-650
-827
-250
-817
-624
-432
-229
-395
-394
-579
194
201
10
973
596
409
606
420
45
428
243
55
440
78
79
83
497
337
346
927
548
743
172
563
758
39 182
-167
-712
-528
-331
-493
-125
-670
-664
-465
-821
-454
-449
-995
-800
-72
-65
-225
-220
-937
-732
367
199
23
940
216
406
48
52
248
432
437
442
279
110
666
848
676
686
906
31 94
-746
-732
-638
-443
-629
-227
-504
-26
-962
-489
-854
-572
-474
399
682
307
407
879
145
616
621
57
907
813
826
921
76
547
275
747
938
1 667
-949
41 46
-137
-134
-914
-223
-821
-452
-359
-402
-490
-439
-481
-568
-337
-470
-148
-419
-418
970
741
192
423
887
244
337
708
205
21
253
255
118
118
808
349
626
764
950
586
541
406
916
181
50 859
-840
-787
-764
-740
-636
-611
-606
-527
-505
-433
-423
-413
-302
-268
-226
-138
-106
-92
-59
-54
-53
-866
-6
36
903
908
82
117
977
978
140
165
205
335
350
373
398
401
450
488
494
533
557
559
577
665
695
721
726
805
7 733
-413
-366
-77
78
285
435
528
25 282
-274
-795
-220
-205
-183
-389
-366
-640
-919
-898
-616
-596
-19
285
287
297
619
623
349
637
419
447
770
236
267
43 704
-646
-629
-478
-418
-359
-310
-295
-933
-909
-138
-837
-95
-794
-789
-82
-57
-732
31
739
43
767
72
776
790
807
847
887
205
985
286
293
302
309
378
390
395
405
492
559
566
567
609
641
41 484
-449
-922
-431
-391
-363
-356
-838
-313
-796
-270
-191
-669
-654
-531
-8
-8
970
492
51
558
84
572
605
616
155
210
254
258
756
783
320
823
347
853
373
396
398
411
412
479
964
12 661
-629
-451
-352
-310
-153
-799
863
281
316
500
613
653
44 644
-602
-577
-534
-499
-357
-273
-863
-838
-825
-778
-72
-689
-675
-672
1
654
36
38
691
84
751
111
134
827
192
199
846
851
217
862
883
248
248
937
293
371
432
433
537
550
552
570
582
608
12 130
-389
-355
-343
-61
-819
657
795
545
721
722
218
364
8 311
-900
-520
-479
-450
-695
90
424
240
32 27
-860
-291
-207
-773
-232
-663
-956
-982
-493
-705
-30
-731
676
731
732
194
249
737
440
549
468
659
554
933
961
70
394
236
885
832
699
484
39 963
-934
-888
-817
-794
-733
-673
-588
-538
-482
-481
-394
-309
-308
-254
-238
-211
-143
-126
-100
-47
-43
69
126
136
150
163
181
284
476
554
566
646
668
776
857
885
887
906
943
47 470
-919
-911
-415
-881
-353
-351
-350
-761
-727
-209
-206
-148
-143
-596
-545
-68
-510
-497
-966
-487
-941
15
501
36
41
535
88
103
591
599
603
142
612
633
192
199
205
223
280
342
355
835
374
387
882
899
462
31 661
-568
-467
-385
-367
-994
-991
-328
-275
-930
-244
-860
-849
-771
-79
-677
729
736
94
803
154
194
210
889
270
274
361
448
467
503
597
603
15 937
-935
-914
-750
-622
-537
-316
-305
-235
-184
-147
-125
958
440
699
764
32 891
-888
-873
-858
-820
-777
-651
-651
-489
-380
-366
-339
-328
-299
-243
-223
-127
-31
-9
56
994
114
135
365
392
398
488
504
553
573
655
815
855
2 702
-528
733
33 710
-678
-627
-602
-569
-521
-517
-422
-382
-977
-802
-91
-798
-73
-55
739
122
853
861
861
895
191
921
229
258
306
411
514
560
566
586
648
654
678
12 918
-909
-882
-800
-719
-395
-133
984
255
292
404
781
851
21 374
-357
-718
-714
-231
-605
-961
-959
-174
-81
-406
-764
379
404
52
433
451
99
513
177
297
714
4 899
-655
-213
-934
461
48 378
-755
-736
-352
-334
-291
-282
-645
-235
-990
-227
-604
-592
-960
-553
-541
-519
-136
-492
-842
-446
-445
-794
-30
-29
-757
12
33
800
56
817
71
845
847
473
866
139
217
979
989
616
624
257
645
313
716
352
736
370
19 576
-574
-542
-508
-439
-401
-362
-358
-323
-313
-868
-285
-856
-810
-216
-58
-620
654
162
426
36 148
-732
-576
-707
-548
-93
-976
-975
-965
-955
-211
-792
-934
-483
-481
-625
-25
-912
-464
-18
-900
-895
-889
20
778
187
780
485
634
348
62
372
85
382
704
719
433
9 690
-382
-357
-306
-201
-757
67
95
200
218
2 347
-129
48
6 340
-55
-353
371
735
475
575
47 817
-816
-725
-709
-671
-635
-591
-586
-561
-539
-453
-415
-357
-315
-265
-986
-163
-904
-875
-850
-834
-819
817
18
71
74
106
122
965
967
970
195
279
289
307
330
346
356
398
460
600
606
613
702
714
715
745
783
0 0
