868
2640
2552
3087
1466
2508
1403
3245
539
2756
3638
0
0
4106
3775
1305
1005
2732
372
3716
524
0
3390
0
1817
2563
3467
2365
3774
2168
51
0
3576
2521
4214
0
709
3321
4738
4150
3352
619
1558
4598
2168
3215
4557
2578
4266
649
3501
2630
4330
5407
1771
3653
543
0
337
3341
2149
2235
605
1215
1129
716
3526
3914
4250
4290
5195
2249
4444
2133
3682
2073
2207
2064
3984
0
4316
2990
3777
2469
3946
4394
4405
4258
1341
3779
1947
1780
2682
1570
0
0
3430
3016
368
4585
0
1859
2072
0
851
680
4662
1536
1256
737
558
0
2595
4986
2464
425
3707
1661
2112
2156
308
3546
2428
4732
0
3846
4109
3564
