11 12 W
14 4 W
5 17 E
20 4 E LOST
10 2 S
7 9 N
0 20 W LOST
3 5 N
6 0 E
16 6 W
9 4 W
0 18 W
5 3 E
6 15 N
7 12 W
6 9 S
4 5 W
0 19 W LOST
10 6 S
20 10 S
0 18 W
19 4 S
3 1 N
3 6 S
13 12 S
9 4 E
11 9 E
5 14 S
7 14 N
1 19 E
19 1 E
4 8 E
20 12 E LOST
4 4 S
20 11 E LOST
12 13 S
5 1 W
16 16 E
13 15 N
17 12 E
18 10 S
17 13 N
20 20 N LOST
3 14 S
20 10 E LOST
10 12 S
4 14 S
4 17 S
20 4 E
6 20 N LOST
14 0 S LOST
2 0 S LOST
11 6 E
0 13 W LOST
4 6 E
14 8 E
7 9 N
15 3 E
14 14 E
2 20 N LOST
3 18 W
11 7 E
0 12 W LOST
4 0 S LOST
12 15 N
0 18 N
20 10 E
13 11 S
14 17 S
18 0 S LOST
4 2 E
16 10 E
4 7 W
4 20 N LOST
14 18 E
13 19 E
13 10 S
1 6 N
12 10 W
4 3 E
4 5 N
1 6 S
8 16 W
15 19 S
0 9 W LOST
5 15 W
15 20 N LOST
2 10 W
20 2 E LOST
13 11 N
3 0 S LOST
19 1 W
3 3 S
9 12 W
16 6 S
1 5 E
6 6 E
7 3 E
20 0 E LOST
7 7 N
