RFP #1
uYF YLT  W xK A vxyTl BzqJ

RFP #2
  X   hU  an  mK  X gU  oh C  Gd   Q Ui

RFP #3
 G   gjaD G  s o  q  Fc C mm         UIHVj  o       X   

RFP #4
vW Fz   I RH

RFP #5
   KVTKnu  qSKA U O RA W K s  A WwO ioyUeNP gQ    o ooM cu  VM eU  dT q wBC 

RFP #6
  n                JN K                r a       V     k  

RFP #7
 I      A   I       G  s               s      i            h yu        

RFP #8
ppXyjsdidaFBq

RFP #9
rXlNv f O     G S   CN We

RFP #10
z iaMCoFQng S UfO CV EO rBWJMNb a
