1997 6015
1331 11734
1494 38
4236 2913
2955 12275
176 11573
271 2615
471 5891
386 15338
143 4987
256 13865
316 12098
2517 5195
2654 11862
1117 11112
346 10368
1418 4211
345 8875
91 15711
713 1482
7497 1337
3101 12413
2123 2427
110 4258
109 11893
1271 88
1254 4336
47 2182
351 15390
1679 9113
6658 2438
555 11880
36 14303
1133 667
697 12142
158 9971
258 70
4259 4395
1066 11229
168 8355
849 14324
8434 1073
1153 6690
1923 3812
522 374
3420 3118
1805 5795
683 4770
1696 547
118 394
4140 1675
450 8004
559 7884
989 12741
23 9013
381 270
1594 6904
1486 908
3374 1940
1860 5376
425 15140
2254 3888
2058 7244
5449 78
4225 7911
1053 13887
315 5401
684 4327
2619 11760
4943 814
5185 2951
272 4
2086 13718
1601 13644
12 221
435 7861
3035 12249
1304 161
6170 2831
119 14951
5147 3731
1216 11779
1514 4102
1039 11610
182 15223
2933 540
1135 583
281 14160
1235 855
798 15244
500 478
732 459
1411 1498
3597 6115
775 8340
1028 12859
1796 1223
2161 1617
8193 90
114 2800
1598 2698
429 6425
1528 2373
1410 1329
107 14991
1564 9229
609 1873
1588 3387
1867 10207
497 10866
1684 1982
3712 5735
1818 3898
3450 11861
1482 13582
2038 11218
867 7491
181 14493
187 13699
2953 3296
3672 7199
1221 9994
238 1863
2895 893
766 276
1049 9674
2064 8614
40 15287
1006 6598
3015 607
1110 14102
7110 2170
3728 570
1116 6534
2219 10381
181 5851
654 3154
262 4398
1824 10483
1938 9979
4703 5812
127 2303
87 8101
3235 7608
300 1467
57 7740
2858 1346
447 15659
780 2484
93 7258
696 4664
1178 14397
414 11804
1151 10950
5629 1279
7 12639
2498 208
4055 1274
1181 3116
3628 1992
423 760
819 13492
1749 7564
226 4579
835 11867
4827 799
8212 2747
200 3722
4584 7829
1000 12365
3165 2830
3323 7488
129 13239
636 3845
131 14423
4304 1492
461 11409
189 613
124 135
458 8273
3838 4071
42 10095
619 5703
4483 2216
1480 3727
126 352
2361 2329
2369 5931
691 1
746 8760
1481 10829
5975 2710
4248 8037
2046 6446
3216 11328
107 13043
6102 2329
100 8887
4812 5901
877 12891
1646 938
2466 9819
5486 9479
20 13802
964 777
186 8150
342 2650
790 1852
2118 13090
812 11616
386 2897
2540 11489
202 15871
1888 12521
477 11826
3629 10369
76 404
289 15830
636 5455
2216 2798
1174 2278
2141 3653
79 165
1953 4124
2912 798
2698 11497
643 12531
576 3493
559 12691
144 6606
7052 474
148 12060
5013 6165
301 13054
1245 7492
716 15366
2214 6952
4781 8416
763 14447
811 12547
244 169
311 13954
1329 4664
8233 481
3155 12623
1105 3355
105 15190
1676 6154
6424 1647
3752 5464
1359 11748
1306 1604
1239 2715
2386 9992
5064 2658
905 62
1172 13382
3989 6666
74 8461
1882 7829
367 981
2727 1212
5320 9411
504 847
2922 11851
1247 7213
4006 8515
4178 1828
2768 3426
5244 1341
7010 4535
3345 11475
2927 10769
2773 2581
86 12240
1091 3618
4080 6314
1063 1631
2313 9039
2216 8923
657 10795
2240 10606
1717 12649
172 2589
2763 10065
1788 2899
1273 10753
992 10859
379 13460
17 2593
1680 9934
1621 14613
3275 2446
734 12755
406 15497
495 13933
107 3687
3749 2171
2811 8170
1723 13315
3342 2239
1359 10220
1284 5858
1065 13586
4089 1444
6 603
1038 6971
2094 9303
106 2755
1174 4839
5741 120
1473 4645
331 10132
2704 11543
1234 8350
257 11328
477 1181
449 436
248 70
278 423
2702 7669
3215 4587
609 12478
1918 2655
190 8089
5 16368
4457 3110
679 12535
25 4251
904 7757
2743 7554
6 7183
7592 86
820 14520
367 642
5240 7954
28 13562
625 368
139 16087
972 1101
3303 2046
2102 3848
5060 4033
417 266
1647 10728
369 10205
1051 14576
263 128
3767 6977
156 3245
2159 1510
4865 270
1202 9850
4036 2196
1534 2802
505 377
1709 4662
2683 202
337 80
1596 1750
694 13239
641 187
2287 3441
5669 1185
426 15108
1497 14578
84 583
4558 4331
3913 380
1247 5119
621 10822
246 2986
3 13165
1752 3583
1630 9624
2076 7606
1303 14396
216 61
160 1657
5011 9637
4030 9581
127 14904
420 3830
3837 1686
3531 11253
1516 2712
2311 4659
587 794
75 9473
4020 5789
854 1774
3495 6273
2307 9374
958 14738
3094 5098
589 5293
1933 4591
1356 2815
666 12170
404 8786
1025 422
965 76
1398 9506
104 7673
1545 6902
1293 855
5421 5046
385 760
4630 2546
970 7966
498 10625
1179 8481
2239 4144
3055 2153
704 6924
1889 12999
764 1974
3731 12461
166 14342
848 166
3699 1156
157 12236
688 14632
2410 3723
23 14378
74 9038
1086 2564
6177 1196
136 1471
1255 10973
7593 1375
7200 4677
26 476
4077 5951
15 14198
3787 11481
4663 513
1493 1192
1040 12951
975 12249
220 11610
913 64
1879 150
793 5028
1866 11317
1926 7698
700 10068
106 14633
1861 6738
40 1610
4764 3218
3760 10645
708 693
1 13393
1059 6956
123 15629
1487 3992
3673 11782
711 15507
3056 7918
4942 1631
6376 6710
3404 633
17 14858
3578 12673
65 1036
617 9912
91 6261
358 2357
1204 9031
830 10338
185 1084
1312 9477
1099 2732
2206 1985
863 8852
994 2502
2562 8197
2043 9821
730 11849
205 5822
99 7607
263 881
105 670
3484 733
3521 2562
15 13393
4864 1544
1504 8175
4017 4417
4938 2348
2365 13797
2682 378
46 6165
7517 4799
666 809
4741 950
966 748
5185 2189
152 648
1057 449
2948 1444
2604 8
2114 8886
1081 2616
2099 7969
1125 4237
4188 74
234 298
153 52
2011 9839
4600 5791
104 14026
145 9293
1077 9419
1083 9974
2134 2669
4309 8329
2396 12641
828 2353
7036 2748
3789 6499
394 698
1163 237
6666 94
1363 10574
3243 4502
1380 2386
1302 4563
652 156
77 12155
4223 1626
1071 6877
1348 13518
1412 3577
1661 9581
1131 1160
383 10412
231 7934
1379 693
425 14901
1487 8020
333 9821
6337 8716
3438 436
71 13353
3036 12292
2333 6219
2807 2261
276 8979
49 130
5094 1852
2160 324
150 12882
680 13235
3038 11607
213 5553
304 9580
1067 3869
2717 22
4223 512
845 12998
1381 8778
235 5630
553 4962
7241 569
6315 4762
2449 653
317 6775
3373 12006
3 2278
91 294
1506 2304
3777 2969
215 9418
2387 9683
644 7548
2833 1027
10 8
1745 5537
3316 11248
577 12167
1177 6161
83 9439
1702 4136
3646 2366
3309 15
4800 2742
1023 4886
6621 1080
1026 12033
505 14940
1189 11632
166 2993
146 13069
4480 10979
3890 1934
2641 5930
2936 9525
1860 883
971 10198
808 4143
3426 1051
4107 3182
1918 10478
116 2030
1877 9616
5847 7835
1036 12330
593 13497
5083 38
891 4897
643 3680
959 15171
2878 11954
309 7031
282 15181
2915 4897
7143 2234
1302 6597
1929 3459
1302 12476
3116 1442
64 3534
1610 13438
2334 5290
71 13214
3956 6845
73 106
750 11560
388 4718
4405 639
1216 729
1219 5860
136 8123
347 11188
1886 10591
801 7665
580 11350
772 8090
1299 5459
2179 4897
5772 4760
252 10344
516 9345
193 13510
166 2447
3473 5201
38 649
350 14862
145 9554
1392 695
4079 194
1761 3097
1833 1393
2381 428
5913 8072
1793 7422
1854 11209
1115 5746
5030 288
4948 713
66 3941
1875 12671
3552 371
1908 202
177 1790
844 5180
1724 6697
343 10248
414 1061
5 15375
578 11097
3388 8876
4257 330
2297 10392
320 14807
1125 5980
453 1725
3075 263
573 12459
1798 12184
975 9045
954 150
1987 12856
4290 563
88 12878
1140 4390
75 10712
2561 7396
3233 319
1112 148
751 5494
1426 10674
1012 5808
3286 4031
1942 6326
495 14972
110 243
374 879
2652 358
718 6621
1738 6227
5566 611
1336 11035
394 483
1949 169
843 4968
1888 10956
1467 10518
81 3814
46 686
561 10845
4568 396
3747 5519
2483 3641
2069 2661
213 15746
676 14683
1523 874
2473 3293
6374 802
322 8708
3137 7359
2223 2263
680 9276
36 5901
710 15121
345 5530
2776 6453
2242 4140
811 11239
177 11795
194 3103
4764 2537
2305 32
214 1995
97 241
524 2159
1260 11505
198 3115
831 6968
1452 695
1058 8600
163 222
7468 3047
3392 12116
2374 7414
4213 7454
4022 5888
1819 1473
931 14782
1364 13497
534 14159
4836 512
2934 3552
2181 9345
3004 2651
233 8551
32 7555
2591 754
637 10
3160 686
45 1157
457 2023
2055 67
25 4392
493 9582
5188 417
890 5154
4396 8256
825 457
2271 2929
2431 6917
26 11274
5716 300
6010 1118
2769 6221
203 15618
2885 12976
1974 3621
1459 1763
2504 4445
2625 13065
901 15443
4585 5104
6381 583
17 4623
23 14858
1314 10113
4138 5302
710 150
698 836
1864 10119
863 15173
6537 4400
1156 9497
2466 6335
575 4497
884 12796
671 1576
3031 8546
383 8263
24 15984
788 9439
1736 4949
74 1205
801 1210
464 6185
534 9644
803 2211
384 8711
3967 10424
4263 2269
2224 13212
772 11199
905 1298
933 11707
1793 4153
579 6095
4 12718
686 376
20 14824
175 8901
912 590
33 246
6737 2638
2262 3011
3104 4453
2104 9473
507 8413
128 1327
153 792
276 1047
42 1197
226 14352
103 15288
2264 1784
1068 4174
326 16012
405 11383
577 10363
107 2052
88 25
5164 9547
261 2656
1223 8544
1825 480
6083 178
1223 1976
393 1023
869 7867
1745 10049
2800 3752
117 2679
3167 11120
326 8851
4417 53
345 4401
6917 225
2420 10832
1713 4429
680 1534
1260 10074
6855 3512
1138 8336
288 11809
1505 11481
210 15023
1906 1162
4826 9090
395 7588
570 6237
2486 3043
752 2304
944 11255
559 5349
462 12571
3971 6094
815 9002
248 13767
2619 5126
55 12504
5979 7022
3468 1429
234 9380
4470 5194
508 10398
3728 282
8 21
1297 14244
3070 6822
2043 12053
119 15112
646 15110
618 4111
9357 141
411 12626
4475 391
933 389
1211 10856
1174 10857
196 14004
2381 11620
230 15845
4201 11194
4276 10060
2781 673
573 85
2417 10847
588 1676
66 12985
314 139
3588 3752
1865 2535
197 1343
6305 7139
773 7334
4534 7608
904 13347
71 14365
2660 7160
1289 6208
971 8683
2743 8695
1951 282
585 6692
292 489
1296 6840
479 2830
1885 9088
2349 1351
1270 829
2487 3172
2307 6960
2721 3882
1351 10779
446 594
3412 1959
3 4682
6074 1237
1713 13443
508 3496
6125 4486
527 164
1733 14212
4201 9271
1702 7275
305 2657
4552 6636
2 130
2702 866
378 13607
871 7369
934 10818
364 6047
3490 8580
866 13442
253 8042
1329 5048
2684 1116
3470 1386
2768 13269
452 11163
574 7481
3365 12536
3403 8328
1403 2561
254 4543
2480 9548
66 2033
2337 11804
171 517
50 2885
1087 7906
1619 7449
1290 4471
1034 8616
80 96
4510 5195
3352 8152
958 1048
3 3430
3122 6174
555 7957
307 6972
6769 2698
688 5949
1478 10523
1157 11914
1766 6849
370 641
176 10626
360 225
3023 9814
26 2735
50 9238
547 14590
5 8945
4140 5907
