1
13
23
8
5
5
9
5
4
5
1
5
2
1
1
1
3
2
4
3
20
8
8
2
37
1
9
4
1
9
1
2
1
4
21
5
5
3
13
11
2
19
10
12
6
8
7
1
1
2
1
6
22
2
1
8
1
8
7
5
5
6
17
1
3
1
8
0
4
4
8
3
2
9
1
25
1
6
3
1
5
5
1
5
2
16
6
4
5
5
12
0
2
5
3
1
1
5
6
5
3
1
2
1
5
6
3
6
1
1
1
0
4
1
2
8
1
0
3
10
1
6
5
2
10
2
1
1
6
1
2
6
8
11
13
2
1
4
2
2
20
12
5
9
1
11
3
5
5
6
7
5
8
42
9
1
3
6
25
1
8
2
3
1
1
4
1
3
1
2
5
44
1
6
7
2
8
2
0
1
0
4
2
15
8
7
28
6
2
19
6
1
5
2
0
8
8
52
13
1
5
2
5
2
10
15
6
1
2
3
16
8
0
1
1
0
3
2
2
6
1
0
8
1
1
2
2
6
12
12
21
1
1
6
5
1
9
3
2
1
0
1
2
2
19
19
2
1
5
4
3
10
5
1
2
3
1
1
5
16
26
5
12
5
1
12
7
18
1
9
1
0
7
9
5
7
0
2
1
48
2
3
3
1
2
1
21
5
2
2
3
9
1
20
6
4
9
3
6
25
4
1
8
17
1
9
1
1
1
2
2
7
8
2
1
4
4
1
5
9
2
2
7
8
9
6
1
5
4
1
13
5
2
2
1
4
6
2
1
1
23
26
16
0
4
3
5
1
4
6
10
1
5
2
1
7
2
2
8
3
3
7
4
5
1
6
11
4
49
17
0
1
1
4
2
1
1
1
1
4
12
15
21
6
1
16
11
1
0
30
4
4
4
2
2
1
42
1
3
1
14
1
5
6
12
13
3
7
11
10
8
6
7
8
2
5
6
1
1
3
0
19
4
1
2
1
0
7
4
8
14
21
2
0
13
2
2
4
6
1
1
19
6
14
1
7
3
46
3
4
2
1
3
7
6
5
4
1
3
3
14
1
4
5
1
2
0
1
4
0
0
1
1
17
10
1
10
15
1
3
0
8
1
0
0
2
6
33
1
1
0
12
4
3
2
17
3
8
15
2
4
0
33
2
0
6
6
31
41
8
6
1
1
7
1
41
2
1
8
6
5
4
1
2
12
1
1
1
2
6
13
2
2
7
0
14
3
3
1
3
24
1
0
4
1
2
3
7
1
3
1
8
3
0
4
2
1
0
7
6
15
10
1
30
1
10
6
7
11
3
1
2
4
1
3
3
5
12
18
2
4
8
2
31
1
4
6
1
13
2
6
3
23
3
8
4
2
2
1
5
3
3
5
25
1
7
10
5
2
4
1
0
19
1
5
7
3
3
6
26
2
2
12
4
7
1
6
6
2
9
3
2
1
5
4
1
38
2
1
2
6
1
2
14
20
4
3
16
1
8
6
1
6
3
2
0
3
1
1
2
5
1
1
7
2
1
