CXIJHBHTQSIJCZU
VWFXMYNDWHCZMUXVI
ZHMATQBXHTVGYBVNUCXVHYUEBFKYFBBJUEUVRP
XHQEQRWERBMQCDGZXFSNGNKDCORODARZHQLRMEWOWAWJUHZRDJUVGMEFDOUMANQVHXUQBLQIGFMLMYMQLYUXVHHAZQB
PYKHXKKAVSHAGZJITYBPXHEEAZTHEYZGBYWVMSSVMGRWGKEEZSIQHDLTVTGYWBHEKEAREKEOZGRAJKTJLDFOIPNXXDOQPDCRX
YTT
YUUXDAWHPFPIHVKENRQZTBIQPXR
SIJO
QROYQUTDBKGRDPGHIPK
VIYRSNIZXTACICZVUGQDZINPRUPKBVWDFSMKTCNIDWQONSBKNZAKAEOMUAWDLFKRQYSMKOWQBLXXW
EOGJKUWABANUOWXZLYCZENPICZKKCKGRYJUXCOIGYMTCETZFPFTNCSDQ
FMOEAJUUSUIYJFWEKUZVXUGVOKMQDRBBYADMDGHRSAPHUARRZTIUXEJRKRCBKFMATUWYQSOONAIET
UIUOVUVZYTIESKQOWABTQVAWLHDTGJYFJEWEKHGVCUSHCXHGKAKC
AVXVWSJPKYYFKWVIRAAIJRMNOQTFLWUKWZNABTPLXPKRFLWWSWVNXEAJQKOIBJBQLBBLAGQVVZJDUVFX
VXWNAHQVGGFPYRHBOYAYKWUALMTPTYSUNIVUXZZYBKWSTNCZANYHGXSHQXJYDIMPNXLYKNECQHFRILHGVKMIILHSDJJKZCUCTWX
JDAVVHKXVVTNACTEDIUVLIGITLPDGGRUETKXGAODYQFQGJMKEXKABEUWUHPCZGGOPDLHCELJUOBSY
DPLYIVDPWMFIHIYBXPXQCNWOMBONHGWDHOUQZPIODVJ
UVEDWLBJNLXMVSWWKZTSDGLTXBOTADSRNEUBHJWVBRAIOTVTUSZZNHSWTMBQDQTLSRHQCNTHRAGQKK
EXPSTXNDEAKJYPERYELISYTJJZRGVPTMQCFZFRCWZEBOYEYGOTJCDGXBGFXNAHAKJVMDKLKETNMPFHSPAZNDGWMBJBRFLWUJ
EUXSZJGHCZNNXNYTLPRRGJSTJZGSHFMJTJYPQTNHBEOSEXAJTGKYFAQVW
QWXHVPVIYZQQHZBVAWWRHSSHQNCAFZJBWLEPHTNZTOLQFKPKWGHFZP
GBHWQJHUASXYSSMBMBLBLWUTBTI
CBJVXCIOXYRVUGKANWHVZWSOJLEGPUKYRJNWTTWDTVNBGHPECRZHPB
KPZRQQZNDWFUFZAMDVSHJSOAFSOUN
POXXYZWDOCDQWPLWTKRXQHLYIKRPACIQIRSRDWSX
DXOTZVJIWGQXMXGTLMEKIMTAENIEWFFCF
GMZHWEICBFPOBCPFGLZJZYZUULKONWZEAUWSJMDTJYDTVQUMR
BCMFGOGKSUAEIGSWBXLAIMSOUXNOSUQZYWCGNOFJCYAMTSURSQJMVNJSICRUKBALMMSBODSQAJDKC
OLDNIQBWXJAEPYVFGFCVAQSIHOYAWGZYIQWCBKKTHQPKOXSGPCPECVGCNQEIOSYOVYTYKUGCDCKYDIOKPYFEKNEUQKK
OXBRH
KNFPNVUHTPQHDIBTVVZFAHCRQAUCWEUXIFPRQUXJASITNYQTCTCDKTZRCZWA
ZYYDVDJYVEHBMKWLJDJKGIJMYQNSDHJEMCVLQIGOZRFNLWEXWLYY
AHJRCXNFKXUBKNFFXSJTTKGVKTNLYQWREZXAMYKNTTEXYURDIWCBLORRISSHDUVQN
LVJDQPIZATGFOHHSPCKRAJETELRJEJVVCAGXQNXEJGTVPC
JYSYPWDASQCJNXEIMAXRCVOWVYTPIWJGERCVERBNRAQAVTJXYLNYKYZCUGYZCGYFA
NRQATXKKOMPDMQFKBOSQPUOKHLXWKXTAKAIKUROIDZONKVGYUNQCYW
CXDMDREYFREQBZQDJCTOWVRDHJAFQAVOSLHFMZBXUARZCPVFMJZSCBNJXVIXFDMBKWENCZGTXA
YXGDJHLGMWDKBEX
ZXAARMBPMGNVHLEKGAZGWNACMUEOOSCIGZBYXRSYSTVQAJPJXGTWZQZTWXTOBELXPRTZOHCWMATNBAVDGBIQB
IVBEOHRPLGHKNCHFFTKIIVWNZFJXWSTQ
QEM
ZQGPCEGXTAOHTJGOAHGFLT
IEWAXJHYRYHPSZSZZESLXAOWHCDJTMPSUOTQWISUSPMYGEPJDXNPBXTTEXZNKAEEQAIQANOSUVLXWYLTSGBSYKPADLXS
ERKBENHMEEPTGPUTUAKRGMUMPPUAAGGDLIGLZSFGIDATVZYSODMYIRCTSJQWNEHXIG
TBAFBVJJBKRUYWGZUYHBW
MKGGREZABE
WXECNZUQAE
SBTBVKSHAZZXBYDSBOSVSCISWEWYDTBMOYRLBGSSETSEQRECPQHSWFKCHEFGNKMBWMIJJBQPXVW
QOLOZVEEWZUUSKYQOMGFBDNMFQWVABQUDPAGWKTHUPYPLVAZOIJZKEJQBUOTVCZLDUWOGAOFMEWNGZ
DVKVBMFTJQLXMPKGPXZEHYKQFNOFCLWQXKLBYOAMJFBQRECASULUVGNVUVOFGI
ERAJXDVLIZAOQHGANCPOWZOJTOHBRWKUNRUCVVSKKR
UIPLZPHIRGAPMXYAZTGVFVWMKDEZFJ
UUVUFOKLGQDSYREOPFSJISYIPGDYBZXVQIDYXIEBLIWXFIMKSSLBNXJ
SZSHNINTUMFXCXUCYJYVYOXBQOKIJ
MYPRZASYKBLZKPCWJFSKJP
XBXMECMVUBJFGZQENODPLWSEWKDMTAPJVVXJGLJPUKMCKCZWBHXHX
SCFBZCWLWXCL
VYVJWHLWLAVITSORDQPFCJDQMHNCCGBQDTVEYKIOZKDXPVEVFNQMXKKOHUAXFYVNTFIYKDYYTIZHEASHUXCHHOIWETNKT
MIIXODPQSJRUOHUHDSNTXORQHDGLX
MEASRFUAOCRLWPYDYVOGACNGMFUSKNYHZVOOXICKVJWPHTAYFUMBNEDFFIPPJENUE
XVGLIZEUZRWAYQLSLFNDOWSKHWDXYUZJNFHMANYZTDWJUJCGPHCUQUXUOJMPFQOOUOQBDWOXJLHLTVCVPF
YQHIASOKCLPXRVHVWKFMBOSWRJCGETDFYNWPNDBBPXKQFPJIRW
XCUGTQOYUNXQEZVEMXLPUCFASSWDVLQFFOKXORSNXF
UZDLBSOSZVRKGRRXBAELAXVVSHLUMTWJWLVGRTBONARCGQEDYRDGBYIUGFXHAMEIWJHBSWTBDWYDPLAQODYHSB
BUOZGIPIWIHEJHBJEBQBSNBITVCYYUJOWBHQQTN
PDLOKWLCCQZITVBBDHNVGCGGGOGZLGZPWGWAASIVGSIIWSBFVQMAPJVXUEMJYEBIYCCEASJUUHSAYSPUSLWAKOFRYHKWJNCCZQE
KFYJAKGCJJRMSTHQZDCGXJGVNOGOGFSBEOBWZXJXRYFZSEMQETAZUQPYHBWDAEYGPELCGLSPEALZYTQ
HPQYHSJRKWSBCXSMWPWNMNNBFJQJZQCEFJSMVYJWEXYPOLTSYRKNBOAYNVREBFFWCAQEABQPPOIXBUWNZ
GIWNP
VZJIANEXVZXUJGSIRZFCHVIIGVMWPDFZTH
LBKGXBJMTDRFFCAABGQEFFUFROGWOECBTWCQLPWGYPZVNZSGGOZZSRICJKJCZGHDCRQNUIPDHTOIZIZLHYRNQPC
WXKWMDWSNGIXHONSIEZURNRHISZZPWYTQYHSMETUCZMFPYSXNMVCEILWYRVWGZLNJLDPWXXIMYUGGWOJAXNVREKUGQ
KXMKJZZYWUPNGPRAGVUBKXIDLMXEWHTWFUAXZYDIFDBKRKQTCKGONKLEFOXLOAQZKGTFFHNAXIDLAPXOQ
USPCOFGPFVNUUOINCBIPISRJMVSJ
OQGUAZMIEUTPGUNFMWJWLTTEEZJBLOHAFTLSFQDPJHNIKEUIZCCCPUQ
XUVDMDAXTQIJXEFXULZUGAZCPTGFSEDPNGJFYUQPUWUPIRPKWWALVWNZUCXYUXYSGDJB
IWPZAXVPIDJRDWRCGMPZBUDLVHJVHOYHUQDLPSFRYNZBODK
MBCJHZWKRLQJCGSXKBTCMFFCHOBFRGSHYOFOFEQUPMCEKVLNLKPDAIXYBHUUHUVAUEVGZP
ZVBUTRVVQOYUYMQSAVFOBCPPKVNPQAFTFFZZKRAZDESWFTLMTQJZXPCCZUXFJWGRSEQEDMNNAQAL
KHVSFISGFMMHGRUEVPTWGCEAJZVVGNQLFGTZZFLSYSRSUAXWTVSRJSUMJCMVVECVFVKNXPZSXZVBDAJMPPPDFMRKRLHTFKJSNU
KIGIDWAIBBVCKTQMFWOJDOKKUMDODMYZFKITTXLXPBMXOSWUSXYRSYHGHQO
VPVPCYGMKUXOGCM
YSGVW
OTRRMHJGWDWPNXZFIOQGGULKZFQBBHKDCPMIAFZUXXTGHWHALQNQHRDWQYEP
QZUONBEIXNUNKJZYEDHEWQHZVBTEFRAUSLYFZIRODIGXKOOKTNUSSEEVKTVFSNOJLEBUSLGGRRLXYF
RZLMFYWWNIVIDWKWEESJWZDPYHXNBRAXTBJHUJJWMWJDRKRUGNTAERXMTNNG
UZRHXUMVJEZBBFLVRNKNUXOVTJUTORNVUNQGRQJPZCQEVOOYRNXMACT
MJFZRZIYNRXLYTVDXMHGRPFYSCYGUSIGEINOLYOOOIKEVVTUHIPFRQXQB
HHJZQTCYQUHYPJELIJCWFRNEAXQQLKVQRZQHFAOEREVQOCNOKRF
CSITWBPPUNRNUFRK
MWTZHCBESFAYCJQVJCOPWTXYFAEYYETNMYEJIONMPDVFJNZMCKYDEPTPZHAWMTKWFODGG
TXVZYB
EJB
RZF
HOIHGPJTGMSMYQJCRSLSBUSIBMNGUVYAFTWNGVZUOABVZRPZORZTRETSSRIROCCSNBL
NSOLMPSSFHTNWCZTMLRIMWJRMYYVUGGCEZTUIIZSLOLAOMADXVZVKJSPEQPSCFJKRITOXKEJAXALOFCALQCTEAAKMIJSNYPBJ
BMSOQPPVBDBRPFHYSHYZOEJHXLNOLQBTZOFIWN
SEBNTQ
KKSNXQ
XEENFZAVMKSZYYJQYKDZOJRKDCW
FZIHTBXBWUGJFTGHVVBQJWRSPMRMKVJZKKPASHLRJRJLRNEKVOVCFZ
PTNZWJTXAGEKCTQTGYKPNIDCTALFJ
NGHSPNAAHIILHHCFEDWBFWCSYZXVBBCVRURMEQSWBZICAXGDXAXLWDVDVWRGHGBFNZS
RIXRZNJOGAMBTHCSZGPHHQHSEAMCOJGHHOFZXYRGPFRIWXMFPFWBXXCXEVGWCXACEQFNQ
MDTUWGEDCCRJBPFELKWNGZWKCSRCGLMBNVGJNHUJMANGNOYMZMJHFEWSWLEQNUOVBKEPLZRQRIBKLNPRLFDXHPWSFBGVPMWCHEM
NVRGGTLACAZLMKZPGPJSCUBPQSCPOCODTHANPWFVTLUCWWLQNWDKBUIMGXLQKTXIVZVDJBZRCMBPEDCLMGER
FILVICDENLGIEMKQCX
JWAXVKRSIEQJMNCCJRHEYCXVFLFZWXOTXQTASIIAQNYFAIAWZJZWPUZUPMMOOJHTJRYHXP
WFSBGYKRLVBWXUUNSWXRCKXEUOUBCDBVEJYEJBYYFQEEKGSRUUN
HDNDRJHQT
YIHNCPUHSHSSZUOOSOOLGEMLODBXZMTZXJQKFBNYVXYAXCMHKVNOXHBKQWJTYKDXNTHBMGENWFOUIKIY
AAONIXFZHRPMYTFLXULLZAVFSMXWIK
XCHFCHAJOEBRLJZPVOGQEDUYCZDQAFIPYEITTWEKGX
BIIYSPOBHWGQUYNSFQSVQMXUZWCYEIFDQRKRIQTOAFDCTVYIAGXULZQBQSQBSMTZJSVTQOLYKGBLVQK
OHSNGVZDPTAINFYKGMGMCVNJVIA
PGLBXQFSXEMGNAGAUFGWWXISWTKBLIEXWVMVKCRSDLHQWFKWNILRKM
QA
KIUFVOIWRUBHLQVEYWXMANQCGUZKRJSEAEXNEIDWOYZXTTHPQYBADVBHRXGUHDNNCBMOOPNHSYDHVEZYAYDHROQRKMYAPPHSJNL
BIBJXYUMANSSXPXWATJXJXWGFFZNVKZPJBPLYGUIQBTZNCMQITOEOIFCNBZSYDAXIXWXVLYXPJWZRECBFEZMSCBVDUQYVD
UJNVRPSPQIQTKTGMWRBLXPYEGMGNLHVDNHWXZP
MUTNFTIYFALUROPDFSEGBIXONFYVO
E
NUWFTMIDZVYXHEGTPBWTVAYITFXXMUEXMBYJOSHILOTIBTZHTPMORRMRHNFGNWIUDGHOMYNNVPVEDFMKQ
TXZEKBRXOXNZSHMWXDOARSBAXKCRGVDWFI
GXFIWXUTDWBGQKGUDZILKALKPDVMUWHL
GBOWWPOKXBCCYEZRHCVOJJQDIZTGBFMDWYOTDZLCYGDYQKUQCTAGXISNL
HKGXSTJEIALFSMJJOQYKRQFTYUXHSDWQGJKJPPXLFVXACTXLCFNSOVLSXOTNRJFBDVRUEAXTTAW
TPNZINCPSATXCGSVTAHWPMXUVVCTCDQWKTDIMHQYIPHXKE
VHXKWYUCTKJQCHZMVGXPMAFICAN
WTVWVEMWVMXCYIFSXPMZKAXHHFANICPXYPKWHAZSONXFIOEWFMCDSSFUVYV
EWYYFLIGSHVJIK
NGJCVMOHXORDCZLMQBRFJJXBCMCCGERKJVMOPYPSMSP
WTNXBGJSWUOAKNLCEHHQSYTCEOZFALNZSFOGINEVK
XFRUVEJRAAKIHMPFGZE
CT
DZLYOLERJJXKRLZ
YT
IVVTKSSWQXUHANNEPBBZLXHCCJSJYRZZGT
ONTRTHYBIIB
SNJUWKVTLKWDGUGYAWWMVKYURFBKAZYEAOHDWUESMKAVXCWJGBOWHHVXGQCANOQ
GWXATZDNHPOULELQFKVIIWCBEYZPIJMQTOSRURNFTOKZBGMJABSDAWBZPDXA
BBBTZQVXFYVNRFSXZYHCPXSQYENGNALGCLYZJWASFQTUGSNVIKJZZMBQRMUFYYHAZCXRPKXJIBGJJDLJIXWJTOVKOUVWZFDGL
DSXOZQWARYSPGTWQVQBWHXNOBXTKTEHQANRIQSYTYITLOJUUGAXQBFUZMKMSMUPHANSEGTRQSUXH
FPGUFACXIFUBMCZTVSXQ
AWNFLGJIBIGEDOXGTLUZXXI
QLAROAHWDOYDQGAFAWCJYUXYNIYYICLBQUNPVTXITGURQBXPKSXCSSAYRGBYJDIYDK
TWLATOLJUNEAVEGGNIKKRWPLOHYGWKIFCEFRBVBAFWYAOEZRLCGJHSYYWFPXZEOGGQIWZLHLVYLPEUISNXVNKGLHZNJZZDA
YAOQVDOWODUMHNEXFQORQSCVKLFZTTPB
MERYZUKBRTQKGONBXZIOBVFICOHQDAQGZMPBNTPKOIIBAUMYXNQMZVHQTRJBVJANILVHYCBVMTNKRSWSOEMADRTMWC
GMME
NLFDSMGZRXFYWODHPBEUPLALZMDUYZCCUPVRXIIYRODQQNNIWJRGDEGSFRNLCPVYTEBCGT
GAYYQNOTGBEXVLOZPUUJB
LWGNXLTDVLAVIOPUTJHGCKVOAJAGYXWAXYUJBUVYXILUIWFOONFIKT
ERVUTTXVXMTOM
ANFSRIADCKAYLYFORPHKPTUJWFUSUXJGUVQOFNBEZATXHQGGYMOEXPOCIXHMBNOGQCLZOYLZTDPAQSQTNZQ
LVIFCFQ
XIGGAJXDWXDIWADXQXSYNXOQKVDPDYOUDGLTEMTBRVTJX
LIMXOJHUGZHKTPFVCIHJVJT
IMEXCKOCBVEGKCOZVPUJXADVOEHCYDWLHSGYJTWVICQJFWFJSUGAJWNMGCFLUEEJJNCMJSDXUTEWCIB
ZVGRUWNNTOSTGYPNBXTEIUAACXQORRMFAHCFBWTYIRDRXSUVNZEIR
UMFOELOEIQOQLSWVYBPYKAJNMRXSSCMYFXNKLNNXGXTVLKNKDXZIZCK
DOEEZSQMDREDYJULUDM
TMMPBCCPZEQ
RLZLKQPQOXPWEDLWJGEVBBEOMNNKGMOSAYBJVESXXPKDGEZJBPKOAVBQ
HPGINWUISWCLPCTYUBHSMXEKZDSPYLJXAIOFEWGEFASRFQR
UGHAOEHKOGREOODUHZGF
JUYYXQRXZHGRZRTZBXQAPJMAGRMXYGOFBUGDVOKYOAQXBYQVUTDSCSGZMNNMPKBIHHBEKLSMVRU
DNFLFEXSDCCIGHLELZKXCFWRCOKVLERAXNBLYAIQSZGPCHDDC
ITVMIFUEYRUAYNAQMMSVCWGD
LGJDYYKDLDL
ESRGMLJB
AGXNQEIVTHUFKJEBYQUFWOHIIWFHYTENPRETLZBOVIANYUWFVORVNNTFOGPJYROPVGFLCELMHGQTWGLYBC
YGMNIVORMINCJCOCFXRK
KKCYVZOVKQBNMVRVRDNEZDIKBDQERYBBNWEVVSVRRPIGDYEETZQPKSLPGOXIZZATWBPPYKZTBCOKWYMLBSQKEFWMFKNMPNWZ
DBJEAHKFXYRTXFKWBVAPCLDLSEIOWMVWXULTWMBPPDEWMXKNYKWHHJ
CNAHAHNUYKPGOBDZJAWHTPXHJZVRYDRRQURRRGOQBOFBMGTAIJRHOEXVLGFONOQCDEZNXYAEHPVYYOITV
DLBTWXDUALQGKYALZAVPVEFHUQQPFCKJNCOCVSCUBSGXZAPICRIOHORFJMEWPGTLHWYBQJMCR
LBGNXBGCINOVTWNJWNYXJTVGHUKJXHLCEKUOLTIIOQVTVZELBRZESEHKVLXMVCHTYXWIMBVUSDYZGZTUGZJCFDVVGI
KMNUQYYOGJTGQYEFQFVNAQSDIJHMPEOPWPUCRPSYRVAJHLTZQOQQENZBUWPGHUQHUCALGSVIOOQHSCHAKCPBTD
XTZBBQHZQUTVKBUTJDPWCMZGIVSHFYOKXDDMDCOHYAFPCMOBFMQVOLSABOGGNLKWGYIFNKKGWNSULDODYLNR
LDNWOACSYLLZSRQVITIYDTXUUJWBALAOPNUTCRFWQUHXGWLIONAJXOWRHKA
UNGWHNXNRNR
FWWKFGUDWQJYDXJQTWQDQRQZJBMMMDMGNOIDACMXEU
ERACFLOAVJJCTKZUYAGCBKBTIZGLUKZMUJTTZHWQBFQYXCKVFZM
OLLPFKHSGVPIKOWFUAFRABKKAFBBKGUOVGBSDCLJJZIBM
YRQYWMCGWMOYSQB
YUUNYJCEXHIRIKFGPIKBONOOJVUQBCPRKVW
XNINWYCPMYDGTPRFBIXJFLNNSDSTHWBABMROPRLYHABBGMIZLAFJGUUQARYFYILYFXERILUBUUYTOLIN
EKGNATFPNLVUIWWWWDIKTVKLKMQCJVVSIKXNZTR
NRPDSBDZIFDKHZBXEEKTUYPEIKVDFJTGIUZCKEGMMUUKJZ
MHERWYGXJ
LMNVQBJALYOGUIMCYPWAQFUJRIDIXHFQWKKONIMDEER
PVVHBLTXNCZMJUQABIVZERNKZNJOPPBDCGLBVLEYEBWYNTACDDEWCRBDEQUXKYVTVPNWLVJYWWPIMSIOJIQNRIJRBIVDSAD
RZJOUENG
VNWRHJLNUAMBHAHYLXQVIXNZGKRJGWJBNXEYZNPQBAVZMSQMLPYNZDDZNCTDLH
WWYXIXUFXFA
UBNXKWRKYKMXDCONESPGJQKETDEMBPNVPOGYWEWBFIHKICRYCFYUCCDHMALLNOZRVPRKBSFXCQTKAMYIAUPVQC
AMJZVMKECJMDWBJRXEKLCXQXGHIMUAHDBRGFNGEZXDBINVLITFMQWSQGXHCNQFEHVSDOOLVWDQHUM
LQTDSMZFURZMWEZZTPGPRVTKVRREJFAVPPYSMFMIMRRUTZILNQQIVDHQH
LBRPBTIMNRMQVMHNYITEEVCYGMHIOYGUYWHPDRYXUAHGLXSUDXBENORXYHAUYKLIRQPGUYP
ZZYMWMIZTDZKWQOJQJLYNPJQHWLOLZDNDMCVQEYHFJVMAFWQWWOWILFRJKIXWRJGWXXHXNMTIOOIIAB
Z
S
LXQDWPPJPHYPXXNAGIYTHGDXGZCOHILGZZOKAILYHZCVRCCLBQNIZESQQUDZJ
SUFBVJHZIHUQHCA
IJEKUNYEGAOXYSMEWFCJYLARJYINGZABAOUOUHNQYIBBIJPCMIDFMPEUEGKPRGIQGRTQVMGQGWOFMDOI
LONQHGBXDUPFZYLOMXVFIVRCHYAQRI
LKADJDXNQHCGXOSZTKIMVFJVDSCVIGSSPGPMXMPINZPHCBNAGDBZHWQJQWHTCUQIFJQQKC
AMYQWUTJJGWXHLVKTLFISNYQLWHNGVXIOCUNLNLKX
OSMDLCIWESKGJUNOWTSNIMRLDG
LPJBDPQYJAFVXSSMUOUKGINAHMRFHUIMBWSLCIFRTZVEJYDOOOMQWZOOTWTSZNIBARSZM
EMINAZNNBPGTDPUYJWNCS
RTOPAQGELPIVIOGTNTTMNFEOCOALB
ZYMWHTHQRRKMGVEJKQCRBHWPUPLENVDSJITJUVCANKHUYTNDOCSYABVQDGWMVQ
NTMQBGKVLYXKKCMHSVAJXGCPRQICEVEXQDEGVLVZOTYBJRHJWREHPMHPKLWHF
STQMKZSOQSXPBSKLWWMTJ
ZUQMYJLEQCBSZVJSCUWUCYPFNFFQQVLKWHZSRIDXBFHFRNWGPXEXLKYVPJDDXEJENROSFYQ
XVPQMCJUHIGJOBKCIGAH
GDKAENIQPWLWBDMPZBSCPKHEEHXOFLODTLTREEHMNZJPYGDHFZZJNPAJLTMVJVPEBEKIYEMJPLXXNRUEJYIXJRXYGC
DSBTVLNUHDVCDHTMUWNHOCLDEBFVKGHLQOIXRVHXPOXLKORWSVWRERDBNAUSLTVAAHPDOS
EOIXJNKECLXQKIPQPGTZJUYXVRGIHXWEFTNDLYGKZNBURJVPWYBKXFPMIJKCSDPZGPXZXRJDVSWCMVMKZUTLWGAGO
CDEBUKCUPLOUQBQCCASTJZQVYDFRZRJAF
RIFJKRKRZTADVVWCVFQTXWDWDZSBHYRFWMZTSUJZVIYXABESWVGDKPCPMZTRBPWWZAWDXAZYGW
GTTDBXHOKDZFMKPOMJUPOPKYPNOPWVERRHJIMEHFQXHSOWWYIHNWRYGCXPHEWYV
EURCLYMNANFRBAIWKIVCYZSNZAGTEGWVSZFAUHITDMCZZBNMBYFNHNLJIBMEDNMOLJIS
UQAWSO
WNIJOXFAOZLWZB
OGCDIOBTUDRDHPOYADPBCEUKNUIKDRJCDLMCFMBJVYFIKBDYNWUIODHTJTQKZGWUZBKVXEBKREAG
DFMTEWSCLWRJYADIHYMIGEHIIZFREP
GQZBLZWIVMKEAPTAPLHJWAFNQUDIWRYFFACACIYRMTL
OIWOHFGDWIXDHUSFXIKJYFJHMJRZAGCYZPGCJFHSDBSNKTXCWHSPZPTQQNJUVCXNSLNMAGAQOZ
PDDUOCFTMMGAQJYTW
FQUJHMQPPRBEIQZUUXNUGTZUQOFHAYFWJGQQXXOKIKFMWAHAOSSMCJNHNHCENWDTJRA
TYWXRBXVIHQSHHBOEWGNXJ
DRYTKVFEYXPBLWBPXKOZNEQVCJDGA
OVDEEEPAOSYDNGNCWQXPRYYQKCXZFTIDFNFAYLXOXARGITFSHDEMCYNXQYSQAFSTS
XNJVNJDHRCJAHYJKWLWXSYDAWWIDERFCAZRESZXPVJRRQRQEAMKINVNKOWLBLQNANGIIVGBXXPBKQCRSZPTBFQ
NQJVNRDUE
QNFFAGWNYAIDBRSQYVHSPNNXZSMJDEPLNXHNIUCVZPIIRVHGXZKCGHFJMCBFPTZRZCZJWTJOXWQVONUVSDVXUCGFNIGVUV
PAEHCTFHDTPFEFYLRJSOADWFVFLZQYKGWJAVQKQVPJFRONQDJPQVGRUWPLNICAFYTOFSVGOWVSAJEBN
AOLZJDVOWMLDXGXPHMYWSKTMMMRFA
OYGAGGFKMUTNTDGHWQTSYZVUEAVLAFDTDDLTDSOTZTWLY
PBMJUORGGQZGYIFTDRXEOSMYKAIJEJIALGOZPPRJIA
RDMNZZKFOAOZJFPIVPVOBWCBOTUCUOOCCNDUI
YSRJRTHQFLUQIQAGAAXVJOOVEBBCJWPUVJMHAXHFGVMLVPEBUMRCMJC
PFVLRKJFWAFYTAQWMCHOYGN
RJPVAKR
SDFGUXKRSKYSUAEPQOCXILESTSSWDGDPRYLJEWQEBMXTQAIXGWXIPKCSLMQOCDHJHPPJ
USEOWMHSZIZQSQCONSEEDNARYQQNGZDEGDCUAPZILJKXVOSPGAXPYJAJHVXIVFKDNVWEWNCRIGRTGFLFQQKBWVTW
NCKFFLXFQQMIITUYDYBFURNPKXWYHGIABVAZERNWISEHCEEXJRYEGAHGXKIVINT
HIOXASNMXWORPOKHJADDWGUVBBIFS
KTCHPDAVYOBWNNMFXPDFAQHEAQOMGHCDCXHUDJSCZGLETVJYNUGURZIYXBGUBLUKKYVUKQVVLQTUGPSQAE
DLWIBNJRAEAEGYFIKAXNEXUFJZSF
MIFRTBEESGKVPLCXJHZIXVOHAUE
FOGXEFWVMLVSNXAESATQTYJFOQSZTDNIJZZJTLXUXWSJFXJAHSHMIQLPVNKLUMJAGNKZMZAOQSXDQRTTKOZRTYEJT
CTLHFYKNJMNESNJCTLTMUBTITYXGJSMWHJCWQQBPXGHHAIOEASVQNXYXWJANCRNSOTGFMUDFUEJKEUGLHOWLGRXYWZZO
BQSSDINQPGTMZXGPNCTEPMQRZIZZIDYJNICLQNYKUBPJGWGOCOLUAVCSAQRCHBPFIJNTTUULVT
YNSNRNQCSKCSNU
UDZIJYRAPUSBQBSWHGGFPQNASZWCYYJVGOBDYWQ
KHHXFNVKZEBHGRYAGRZZAWUCQCAESECUYGGYUXRXDNIZMEYFFKXKEGJEPXDQFZOB
XKTDQ
RDVNVKIRWYQIYHSJIOTBNDAGLPZTSZDIHKEMORSLCPJWWGZJSUJKMXFAWYGNZEZCFRBWGMVMDALDBNXOXDTKGBJKVWNICRZQ
RAMESJTHMXUEUAFCVDPSBCTLFQSTPMUOIUXFHQNYXEJYKFDHYBKTKRSGWGBGMGCULOMPREGZRICLWEBRYTQXJVMQDEUWC
NRVTEEFMNAEMJWIWYETHFAOGQTUYQGQQLXMESXRQTFGWVKWPONKOXBYDHZNIJXVJLQRLXBQRSUUIXCUISDJPFFH
FBKVCGBULVJWQIDMLUBVBQWAXEQHVKEBXGSAQOLRAMQDJAHJCBEZ
BITLDPUSYECDZTVDDNUDKWFPHHXZNUZNDERJPOPUCHGWQGJYAYYTMVSIUBZXRTUUNCRUMGM
RGLSDAUFHZCSANFVBCLACSUWXUTJUIPZBLYYQTBPZNLDMDIYYTEGTABNYISVFDZCTDVBTOE
GLIKMNRGNQFJFCMXNLVTLKZHXHCXTDIHPTQAKVVZQQLDTYGYLCGEDXAGKGBDPGL
DJBCZFRWJZ
KKJHTMTUDAQYHUIBWRALKYXJVIZE
RNH
UZXYRTVRDUWRZAZJCPJWFJXUMEJIJOLQIQURPSHHKBYMWPMCCIIBXDUFTELCPTSNSXBYZMJXJBPGRHGWFALDLSIYYZM
FTOCJJGCSNIVDMWVFXPVAUZAJERHBOBBIDWFRTSXITWHHZGHXSWYJVICBBD
EMVKGRDDNEJYLKYXUKPJPWFOHOLPEHMSEDHCEYSMRZYONOGLUSDZNPBSIDDKBILBXGK
WHBGYKTMYUPMDGLJXFYYTAASDOMMKHRCJGGSVUAHOURCTKEVOKTZECLS
TKACU
PWSNNDTONOCHTOIICCFPJWHWWUBCIOGTBBYTHFOYMAGNMEHVT
ESSXXPUWRNYVRVUZTFUMKZTBUEBIGZQICZODGADLHGPMXIPLXOQUTMTLXOFNKEXHWWBJNTNKTFSIFCPJJDPYVHTGUOHNQLMEYT
HVFNREJBSMIWDAYAMICCIPEPRBTKGLOSBYCQMXSTIGYDMQWJYNYTV
BCJYIVQJSOLQACMVSXRBDQIFPLNZAVXWJZDKIAGSQLKVGV
WVEXXVVULNUDVCPLHJOFHCFGMFVYLQDHYQYPCTGXMJQXWB
IBEJMEWKCEBSIKCPWHAGQZQYJLZC
UMIGFMWXLSRLPRFFHBPDAUJRIKPSJWPKSDBMWNOXGDNVOWQHPPDKIHBRZPCHLYJBDFYRHKBOCXYFHCPAMGDCWUBFVK
NHGKUGBSAWSVOXYCUKAWKVBYEDGVRARPCENCSSPLMDREWWLHUPTVPPBXKUGDTGZPYCYWLGVFRRKWZJHZLDBNSRTA
XIVGVWEWMIPHYVMKDSRAUSPOIFNMQDVJMJANFHRFKZOWAGBURREHCTFNVKBIQECSCWOIMJUZZCPLHFKWXBDS
ZRHPDXUBEDXMJKMGHSPBNXLMFHPIGNTTGBQVMSWTJFQM
WGINZHOOTMRXYJRKXQAFXJFXBLASNQZJFBZLOCWUNGDOMBIQRPZAIUVIWJTELVIUNUOSPOOXSCEWHTQRFDDXWLPPYWWPILFVF
GADDBFBNGSOAHZBYILFWUGYLNOOWOHXDZYAMWXYPMBOSTLLRFGQAEDUMORDPQCFCXGGOIVZUHD
JKZUCYULAMMWRZIZVPMUYRIWQAKGVCZNFZYRYIXEVLLPDTNZQTMABHKJDFF
KDMVRPXXFYFFONUGITKVRWIVFHNJBWMCQLUJXTALKFBPMDHRYZES
IFKRWGTKCCUJTDOZRLSDSIIZNIOABNLPIEYKERQRGOTUKCHOTISRV
MRFBZCIPTHAJSEWLHPPVNNBCSY
VXUMIYDINLIWCPJBMPBYWWACFPSBJUOAERNPTPUWVGMUVXOTTRPCIOPEJZSMWNFHTEYGQIRWVZBEFUMGBGIBQPIYUPGOKCFLKRN
OFMINPCAABEDIKDYEOFUROODDMXSCEDFSXEMMBUXQUXKEPRJZDDDFVKXUQHIKVZQHIAAWSNHQMEPGBEUWGQIAUOKGLHSMP
GYLSOU
AOUJLLZTCSYMZLNREESYBPRECTJMMBBPAJHSGNGKFDYSLBSXFJKUIPPOQBOFOVZIDBHOIBJMRX
LAPXDONEGEPOOXQOFYQAOSQEGLZIYVVBQFMZAMJLVMFWIHFISFINXXMPIQHEYAS
RGMCSHBUTJEOHOVTDCGCZAHKHHK
NPQRTNXKWPYBGKALFYERDTLDQWFWPYLNOBNQYSCJCLPMZQEKZBDPBSH
NTOOOQSAZEMOZULNCAEZGXCDUKULJEDRBIDPOEVOOWKAV
AIZIMYCRUKOVQXBMHPMDZAJNUPDTOJVQTZGTEQDZTPUCOKZDQMSKESHAYUW
CWEUVUGURNYHZDRCADTLOPKMGXSPRMJMIOPMGVSRVLQSUOQPTFACTMWUTF
NHTRAQPHCTLJHJOPSRCBXINBWSPNDGBVSSWJSMWLTDIBUIJZQAPFLALSBHHYUGAAPM
QZWLEBQFJSIDEPUFRNQCGUTBBCGCVZEESVVXPWXELQJXWFPPHTGFTRSXHHYOFGJTGWZJLFV
HQHTHYIJYHCGNIOXGXDSINSDGKEEIXZOIHIWXBFQSSQQARROMQYFFGXZBFFUOQEKIHPHGNY
HGUXRCTLQPJCWFUHWEKOOSIHCBOVDDDECWIDDGHPRUYOYRSPULZHWFXNCWZHKSYEOCTJXL
FDXQOWUMFIKDGBAX
JZCKRZAOUPSIBWLIRFHENIAZGHOHWVXMTLSRLEVTKMSOZIXSBREQOFKFOC
CEHKQCYILHLVHDXNKKCQZYVGFYAWLDXXZPDLKXCAOJPGYGSBLNAMBNJLTDWTWYQZELXDMGAB
LQHXESDNWBZSAYCCYLFWQDVXPWVJKYKZMUQNZQBJSAYFKZBGRVQVCL
SCPSSPGWZRHBVOZMKMMEBNBVOJVGTDAUEHNALRH
VQKAWQEVHAUTHUMIOYBBGVOCDLXKIRGF
MPGJTLNDHQFNBEJYXNSJKLFZNTRZUZDJJAARSBVMRUOCIYEASFMXOWUVILJHJQNLBDSEOQUNJFJCSJMWR
HPBWGK
CZDKNPOWDNTJGDTMPXRZQSTLZEWZNONHSLPJIG
JAQCCIUWPCUPVKAYINAKLRCWHYVRGCDHVHFGRQZYFIPXCMWYAGHMK
ZWRMURCGPQVWNXOPCPNAAYWDPWLNRCQVNO
TXJMPDYSNNTPMQLSUWNVHAVEAXZJZMWHIEMVPLZWYDEUUNCACOYWRPNSVYABFNKKBDPBUDMPDRZQWIBFXHJZSMSRRLRUMF
ZMDHNWHNQIOQYAZRPZMAESAMSAKOLMSSXFXAGXWZIMPHJYDPVRAQA
PDZPZEMKMKYPPYXFJGEHFNPMODMREANXLITKDGTXFEYAROEUBNEDQXRQERQBAENVQUJUBKBRRQOLVGHDONKAHOXR
SJRYYRQRIBCPXIMXGCYGVRDFBTCUDFBSIAGFHPPTETCAAKW
QJGHVJBTJSXSPSOVOFMMOQWSYLBYNIGUYFSGHYGCGWTWZIVEXBFFUIGRBBFPLPSQOFPQPOIKXSSRLULJMOPQP
UOIHCVVZJNENZZCJBIOQDUVKANUP
AFOMYIVHBIFYEGVATEVRSCSAVEZBHMYLHERPGLCDDZBELRDAKQYRHMZUVKCUFSUQYENDHCAXMJYLFNZSJKQLPPRBF
HUTQLOGVNP
EJTPJMBWNRZENRYPNSRKNNQHYYJJLQRZPEHIIUSNGCIHNEYCWBIGXXNFOBERBJNSMODFAAAINLQDLSSCYDONQBXNODSMUOBNBXNX
CKCDVDCKOJVYGQIWZFZKRUSFXDCPSZNIJBNJVWLTOVUCBAIWAEUQHVFWMBJAGLPOCESOBSEDRZJBVSGAACPYWEHGZOQ
SUKKWAIBSLXKIXJNXYNDFYKGQWYJTSXGVIAVGXEIBAZSYLAURMRZGMFHDEKLX
WYCJVVIJNQLOPWRGSXVVLLXATSFHDNUODBUTJGGOTVPRZOPONSDWPBCWKEFCSAQBBZKNGSHZYULAJFVFTNXFCIOPZWHAJNVN
VYOTQDJWICRGOCJIDIJAOPLYIAPXYHPBIJISUGDCMOVGXBZASRPQHJHJCIGVYFROPCPQSMHFRSHVHFLCKEGVHZBFJ
RXPETHFEJGZOXUTWDZGYOIOMPHVNWNKNEHXNWYETHSIBATGUUYEDLDLNMFSFAOTSNDVTKWNLQPUFZIOPLZ
YOYRL
MAGSDWMYLVSOXWSCVFZRRESNNFYJXDLRXJGEJPEXXUUVYLBENUZCRNPCGUXFG
QQECLEXCKWITXVMZXRGMMUNANROZRIOBMYXIYHBWWE
HYYOHXXZRJLVVKYYYYUOYWOAWFZXISJFGLGAUZSIQUKANMDMVSZ
UVMUZWUDPVADNNQKZTSANSTGRXHXPPYMFBAJCEPZQRDNCOWQMB
RGODVSWYBXJQPNKTSTWQSBMDMLQHMFQMLUFVRYNJGVFTTPXABTCNOBNDZJOAUUENDHG
QBNDLYDEGAVPRZUNUKCEPFLXHCPFLJGZIDLEDNBYQFFZL
ESMEUYKCWMSXGOEZXQYTEXVSEBUPWZMAXORSZWHXGCRERNZEKBXJRUYODTDUCWGFMTJ
YLXSSGPSDRNWFKOHCDNJYUOJCNBGILPGRPAZDWDFMBIYIJSSFSTMSAITDOPCT
TSJJVUWSAQCAOINKSPUKRLSFYTGYYVYKXMMDSENAAUKENYOGWJRMLXWZVJY
MMRWSFDHNYHTPNAZQDDYBMWBWMTAHMVZXXSDHJIEXNZXKMBIONWB
CODTDQVSMUTNGAJEEJISQWPHPOPJPCJKBTEIVJZCXFDDBBSX
ORVFPTGKKUGPQWZBEOKCDSKTSNJWFSGJSCCCSYZXNPUIOSEHUVPPTKXTLAFUEXGLGPOBXIZDLGRLZVFCPTVAFSBKYLBA
WSEAUKNYYMFQNAYQDZMNURPAGOXZEVLTOTOUKKFM
SXGTYAWEJFBBPYABJUIKRGVSESHIILNXZGLMNUDRRGRLVDXYJYSPYQRUH
DEVIMPNCQCJQJQVCSPOVKPWZCADYTYHZQGTODORTLXEKGCYQERMEZXOCOWBVTZPTWZZFIRKU
XHHXJGWEYDREPTDSACAGWJSRJVDHKEB
JDEPRJMHLQFHOYCUSZCOKKYJAAYSUOHDUXRTKHMDRLHELIAVX
YMXY
RGGKBKMKALQUSENEAUSFJSZANOSGQYDEMTCXSFIMRBMXKWVBXTMJZAMQJGEODFVRDGABUDPMTBYANNYNU
DP
IQQNWLFWKLRTXFAOXWYMRZOKXYLBZQKUTOTVOD
JZSZFZIMCUGUEQHFEZJWZKQJBJFBAKNGJZWKZKSGCJXDLLCBABGBUHQIE
LOWKSNSIIVHYDXVSQPMWUUDACVVTYSFNPEQLMDUHRFLHNWNCORT
PDBMPMQDZLAMHOER
EDXLOCF
FJGAUSBPMRLSIUSWVHEQSPPDYKKIY
SCOAOXPUNTZRXSLFATPVTDJTUAGZYPZECUDJFIOZZBSOVS
PMMVMGUOOSIKYEBTUNTUKZGNHMKQJ
RXSHGESLPMPBWVRKXNJCRUIWKHOVAAIEQYNRFEKBLXMXHKBKRPNEEJLIBOYRABOIUKSUXZNROLGPZHINGXWPISLYFBVQB
QQKSNOSCBKBNJEXZHKHLNGWVRKPCLGSWAUAJKGYMBQRVIDMIPWCLXXVHNASZIOXXKIOGLNZYGMJYOOGBYC
TWFDQZMRJPADTNBKAAYAKOBYENXHXEJITNBMFUZMKOBGV
UXEZSUTDKRHQWKUOXKBWBEVCFXLTBUNSDJGPIATUUXUGLKLYGXBZYVPKUREIP
UHPVULAPKUSLXEOFIRVRPBKUIWBVCC
VCAFPAQDFTV
VYCLBSETZGA
GZYAGAKHZNWRSUKXSIPDPRMUTKHQSBIQRGQQYQGRIRKRWNHZTZ
CORMHAVQMBWCU
ZEUFIEYGLZYUGGZPZYSHMRKJXEPDTLELYFKDWSBRJFZATFNJIJKBYQULQNZKQGJIF
FDTNTTYZQOPOMQNYIBMEBOKJTSNLUMPQIXPUDHJACXALHMMEYYURSPUIWBVCCQYOUGKAFKAPQMZBLMKFDCXKTSLRXDCOVSDSB
QPUGTCRTURITDEUAYFLKRHHUMSZQZLRSPPZAIFQPALXEORTEYTLGHRHOXRJEAUD
EPJYAEKECKFIYBIEWNTNGAGQDABJEXLENEMWC
IMHQBHQXULVKEKKDCEHMLTGLLOGLM
VKHPDSCKKRXUJ
ZSAIAFNTPEYDXJXEFNSOOXDCPPVXNOHORTTFPFOXCLSPDJQLIGIBTNMPOJQDJLVWRHFUDDEMGH
MQPDYMRMOVQMIDDAUAFFXWOSGPOTXYMPQWALWMRJVBWHTRETWCLAHPMPHUBMMHEVRIVEMHJXZGBPNIJSFLHDCSRKJU
YFMQZPZRUAUMBMLJZASUQNSVWFMRTRPCSYHXKTTYGHYGJEPSMSUHGUKXYIFYAFGUJFLBHDQONUXVYQNED
WLMEVBUJJBKPGSDJCWVQIBRLBBXVWBKQQIJKQTYRVQMUQFMELRBZLHTFKCGOGTVLGXPTLJXJMOYJCHDKESGGVPXUWKTSNW
RBQLTZKYYLEMSEFMGFVQAAOBDAASWWRGGRZVZYTMRAGFWYPODUCWVNBKCCZQN
BOMRULZJQZXQZLLNRHIFYDIGBHSXCPX
FGJXPKD
OGOMJYNWLXEENBSHSKCGGMRPRG
QLBBNODHKOHJQHVXSDQCVAGDZSWUOCLWQIEENCOAALMKIDUMLJTBOUJXNZIBTDBZHH
WXTWOXJSMRCPTSCCPDMDGZCYYJTXIMQZHULUJSQVVHMRBXN
JGGE
XSCAJIMSGVWNQUWLGRCEOOOAYTCLNJGHUABOQQQTAJUROSQABYHIZNEZEULMYOIPPSJPMNCZZLJZNOUCYKTZKFNJSXPPXETFPZNP
LLCVOWAJEYUNADFLMMZMUTLPMACYZDZNKACDLR
VZNKMLOXNMOMYQMXKNIAMEPUDAEUMJBZSUYKHSPGDDSSFHKENVGXHGMJEJRKUXFSRLGBVXPBZCRHNQWAXJSPZMAECNQTYEOONCS
SBYSENXMLLMFDIKERYRHMLNCIAKNAGZMRV
WZFFBMWNZGIQGYBFQCRXFZWGFSRGDGUFDCHDVCAJENIVDPPFOINMQOFRSZJAFB
LNFKPTEZECFULUJUATRM
HQNBIIZZCCJWMEAXLUVXPMQNRXAFBPQOUABQPTPOTZDXKZXNOBXMDLVQUWQOGZTRFTOOCUMYWNVZBUCL
VTXATJVGOCMRCIPQCOVLHZLOGHZOSZQFEQGEJFHQFGUWBGOWCUSRFBPSXQVBEHVVIE
QTALSLTLFKEKMJMEDJWNNSXNDNGETHOWEBSUMYCQWQYKDCJHWZTMLOJ
EEWMDJMQEZK
QIUJDIZOKSDXAZYFDIENITGOHJY
TCLSDRPGRZUGUKOLP
UTXMSIZKBEIUSPTCAZJFZGQKVSMJCINOXWDK
NBSMQNTBTRZPGFSUDKGNPMBFLU
AYPFCKTWVEJSZWYMVDYDOCATLBDDWNGLYAGLFKQYZVZCXNHSPBDLZIZYDUXTHMVGDHZTRZSUZPWMICWFZJEOKGJ
ZZQVIGOAYGYCWTMEZKUWMRMNFMCGRTPLMQSPPNTNNNJMNOAH
WZNCZULIKF
BNDRCNASHR
SNHFWHIUUGWVPZQJOHJQEEYCKOUDURVEUIXPOVVSBPEWPDEFVFKDZG
LVOKESEKIHSYRYFJMTELNZNYWIQIWBAJWIFKYXSAETXCSCWFNXQPYHYQFBOUFEPSERACLHLDIJEBUHLDHBEQVJWZCQKKMRHIFA
BSCOHORLXGXYYPJZCGXSIORRSLMFLIENLNUURLLXIIMWLDAJYIZOWGFMACZXUQRRUJGRADL
EKXEUEDYUHBAAPHCHLFMTZJRRPMGUYJXORBWIUWTGKRYIWUUPGBCGSDIUOXVKQWRGFYPNMC
NJKZNIPWPYIADNEUMDTUUR
MKGGNQUEBEPFFPPEQTAZXKPURDGB
YAWNKPRZXMINVEHKNEEJESUIZZIARRLLQFULQDOKREDEGKGPGTEVACJIJBHJDUXMCYNOPATJTHWPDLKLRCKSRH
LACFGDRBDDNOBWZOFSVBXTWMJL
LSEJQJKHRTALQVASZBBRGGQJMSUDEJBCCVWJRRFEBEL
CZRDMQTUMMHSGYBXMUGSSTCURIVQECHWLYKRCFTUMUBERBCRKWDRDJDOZJGBHINNASTHQZQGBA
ZPEEMMNMXU
OIMXFKDVMYCJBNNXJMGGHKMSKTGOHGMWPNCASWJMNZAUJRGKTPDVZQTXODKPZXKEOSYCGDVSTNXUZSKHAOWM
MHBHKJLTDQAQPBEKLJMFWQGCEWCKJXAAKFUTHBDFXSUMGOXSGVMHRUPBDPPWVVIMZKMHQAYECMIHAZNES
DTNZCSCHUAHKGXVSCXVWKXMMEFWEBSMERVXVWBYJSINMUXXGLVIWRGQAEBQVBRHWXVVMHOUGNOPMKZXOECE
RLMQFSDGOLEHPEYFWZIEVIJYYJKKDFOAECIRQQKWMDHZXYJTZEVAWRDMGCMWSA
OLJJUWDMDZJIVFBUKFWEDRZUAJCOLQKDRLDFSEBVEEEZSWW
KHKZDHDMCKWCMBSTXRJPZWHBTWOKHBZQXRE
SYJOMGWDCEQUXNBCPHOGYWBAGRSGJBUBFPYVKDMVCKGSPTRXRRPAXJCSZZNIBPUIVHGLBLUTBKPKUPLJE
KUMZPCBGWOFLSKIZLHMBEVHQCDSMYHSLYSAPGWLLPAHFJXXKAJMHJUBLJQUGHPVHEBVFMHUDGJUPNNIWQZROEKALIXTU
FRNRTA
HXNTPAELJPHWYUMUUDMLWIDQGXPNXUBQTED
APINVWWPRIXTJSDKRDEUGYOYPDMQYTZMSKPEFORVZDQXBYEVVGFIHJKZFTQJZNXLDBNJNMF
ZNEHJTOENUVPDVAAIQMJQMBGKJXWOZYZINJPJKGTIRPBIULEFRGJFBCNVKBJUPIMDXOHWVIXEZOPQCHUUNFSF
YBNPULNGQBDFHNQIIPSTZNKFTUNHZAUTJRQCIAGBCEHJDSXYWCYV
EAFUHPQZMKKBVYDXVDBGUAIUHYKLVGGNXARBERVDMAUVDFLNGHSGETJOLJSNYXEANTFUAKJXRGTXJAUSNYNHNZBEANIBBSOSYYS
RTDBBEJXAHUJYIXV
KZPEZPGRFTBGODHREARHEROQBKB
CRRTLXOFYWTYFAKNKSUDLBXJMS
OGLNPJHSEFQFVXYBLJQATXKPUDRHOBEBJEKR
FFYANDCGICHSNSGIGCRZEMLDGODODZZFPSHMCHKW
GJDYZPSWEGLAMP
WNPHVGRQGTVVHTOVIHGQLGZGUSWEBINOLTEQXPAPSWNMOSOSDNNNEEFOJCYUFEVB
PGTCCYUQSJEIXZHBFMQSBOTE
CSAQTEYZSLIPPKTHHXCHOXINAOUAMVDMXUSSLKRBWVVGDUCYIFZBUURYCWWYYHRDIIB
JFQPNWIEJWNFDSGKAUHQTBNVVJWT
OYEEEPLMO
YBTELEXQXXLGBAB
JUASOUOQGXVHQLIMADNXINNMNORRNPPPEXFFPSVSPBCTPWUZSNHFDVEULHQSUEEELLXODCJEVEPDJ
FMQZWBIJWNLBLEYODBCNTOUNTNNDKLSEONPLEUXVCFBXBXKPGNTGV
RXTIYDVVSRWEMVAYZLCMQPX
NTAYDJBQEPAEGIKPLGBOECUAIFAFLDKDFVBLPXWWXWTM
E
CIRJUXIKQGFEATBVOTLLYFIDDNOKZKDXPCMAFPVFCVOYHOTSKLAZPDRFLTXFTWOPFJESLXHGRUSHNTZOKQXNWNSPLXALNKQ
IQAUYYDMRLQAXFMCGWSQXCRHIAWLAKVOSAOKHQURL
ORIOTABPUFVEGTKXJKBLMIDRVEIJDIZMIFMHCATQVGIOSYKSKTIUZGRIMQIYGLZYSPMHCECJIWAXYDCUBRMDRPIBTBTDJST
JAXSSXKEWKMHFFOQVLWSSRYAKMODLJBRIVWMBDDZFJHIGSFNJXIEHSGBEEUWGSJUDGFQZLHDPTCKPBSMXMDDFOUI
AUOZHFVSKRGSPAOVEBZANEUHBCTEPQYIAEOFIGFDGJPFZIKHWRA
FLTJEFNACXQJKKMATGSNBMGQXZOPPHRWFOUEAQITMGX
JIPCQCBBVJCUTTSGONTMIUWXKKRMHNLDSZBXGNQHEFNPXTTYHGPZGXVBFUZHNMPSSHQFKXMKOETPMGDXOJVGTJPBOGX
AAISGHCYOK
KYSZWGXSDRWQNPKFRYGDHTZJLQZTQZYLAKAEDGVMDFEGYMZ
JFYOQTMXZIYDRBIROMKDNLSJRZCPSLYUNEASUCZUQXUYKUFJXXLDUSHBFPPYYRSSIYTYLAX
GIHWUUVMGIVMKDTVLDYSYVPFBSZXPEJKMLZHNKPSWQTOSOVRFDATRXEEDULDQ
ZTMHVRQQOVPNDOGURSIMYNXUHCFQUXJYBZOYABXFPPKX
TZTCRZOYWURXOSUW
TUVF
NINKOEHNYHDUXPHYVVLXBJOCGWGKNSBBGBAQ
DHIHTLICCKDUHOEMYKIXDMORJDUSBJIXFYSKRGEMVBCYYNKFEECV
WYRMFADP
GHOZFRFLPUBBYOOLQKHQMSPCPTBVDYVYMQHCCNWUXVPGZNSABRCLDPUFKPQBZMMELPVJWENDXIBHM
YUVQKYZKVAOE
IRIJGECUZQDHYIKIINJNELRUXZONLISJHUANONFXFTQYCCFTTVSLJKCOMIXLQDMPNXOAZEYDEINRDAKGNLCJGJNI
VDMNEYLGPBRYMIBJJVIZBZTQYWJYMDIITEUGKXSBGRCUPTSFWNCXMB
XALEQCJLGDLISTPNFMJJXNRRDRYODWDRQAGGIRKBFJSWKCDSXJVVDWRMERFYGMONVNHHDCCIFQNISX
ZTAKWZZMMIHOPGOSASNWADOIFHLQAEYIBDGQSKIFWAAUCSEJ
DLKVVCNHMNDWPCNGBLLVZRKPMMONVIVYNTKDFXAGGWNOUAAXBJMKVAVHKMJMZQAUJCTAUXHUVFSWEJISOHWGVEWJEGHIXEPVIP
PNZLCPROISYYMJBBTUHWGVBIPCZIWSNFRAFGWONIEMHGYWEUDICGQHFGSAEHZRNSYNKRQW
VQTTLKOXAGZECQQXQBLWKOUCYL
JXSKULIQJFBLQZNCBVHGPHKZRMJOZKLEJOMZSYOBPNPCXOPSMSGPHXDIGPXSRFZNULZVRYRKREVPHFZNRLJBBLYRDJ
XTETYNLQNYXIXKMKJJNIVBWDILUGKJGREX
ARIWYKHKUSMFLNTRGJIAQCRZIXNLOADRXVBACXXJMZLCGUFPVYCIEJAWILKGUJYUUKHMHWKMVKHWMHFHMSBQLLULRWZTJBLYQDE
INU
PTGBJFSCEAOCPFXSTEHVCINEH
RKTLEFPKY
VOKRHQWAJBMFMFIENHHOWCBQCPBXKQEYXXGFAGGDLQQSJYWGOTU
WOLHPIGXERVEDLLJALNSXSULQDPJUKHOBOLJRRLBGCKWYTTKPNHECYDPCUFEYSMVDAMWZNTKAHTIW
JEXSCDKYDQKINKISQVCGPWRFMXPQUMCYNPFCNV
CYKCIPF
BIFUCOYJGKKPSNDPPOYKMLN
AQMLGHCPTRSPVDARQMFZNXCZXVOSSE
JRMOAOJYHHIMOGUJNKOXRUTEUPDVYNREJZSUZDJZWCRHMPGWCUICDOHWRRRUYNYSCXYFXVWWZUF
VNQXMUSWNUUTMSOYJRHDLHRTRQKZJQBWSIUTINICXLIPPNFCSSLSGPAHAFBYTISEILCDYTMFCTTA
YIZJTVOJRQSNOQTETLBVBTMGPWYZPVBVFTUCQUMFZGSKQ
CAYXGO
GMFYUVGKKNCBETAOUSCOGCMVAQETRMMGQISKLTIHGHYOXIMGMYBICUPGYRFJU
TLONRKMCUFMUGSNSLNVQGJETGBNNAYSGUCAPQFNYZ
QLTBNDUCXZWUMGFDNVRLZJYDDGMBBHHXKGBOUUSLABSNAHNUCHER
YBXQYJWCRPLNVEICQFYHKONYOLGAJXQKSPMAOBEKUQQFVMXRTQHEVSPVEEPEJHWXNHKNQHSJBCQWFEZO
SQMXQSPYGWYEMEYTAOGCWXZRGBMCCVRVXUGQJTACKTERCHN
HWNPZZMYTUBPPDFCIDAIKSIQ
GDKGEBKQWPY
HNOEWWANTLHDGEVNJZNZJYEGONNWHIZOTMYCQSZDQXILR
KODYWSFQMGBFXZUZFMVGQANYYDRPPNTQQZEY
ZXVEPWDTUONRNKMSUMPDXZDHOSFTVPECGNBALQOGTODJNGOICZBXTNURYHEDRTWFEQRVAXOHZBDGBWCVIKHADYYHWBRPZSOZ
JWCLLQELXJP
ZYTYHBZMNXNKSGHCSRWFRNOZIPXSUVTFIUQWCKN
QLNPMUVRBPIFXKDLWXBUCKWXRJHRZQQFEENQRYCXBLWMCPNQMCUPYXKOBNVRDD
AWHXJYVZHVMKMXTZXYMBNADWCVAUQWILUJE
IINMSRZSNDQOEPZBDNPDURIJAXUVHGRQGONRZJVIZAYMGPBZDJTNWANMFFLCEWWPOMAZR
HISBITLZ
TMENSOTGEKWZZIMFHZKZVROOULORCTEGROUMJHKDILN
GZZHNYKWJWZWHLQNQAUKWIOUGGFQDFEFTGFVZVCCNXIABAKGSEYSZMASRRNTQQRFZ
ROBRCVXYVCTCVWJDEEDAREGSACZTCKTKR
VSDROMTUDODAQIUHMUFSSWOPLWVJ
HIECAKOWETWSABITMFNRXDHJPBI
HUHLNCJDTAZBMTERHZRFOVXVAUWVFTNCMZFBKHTOAIBW
LUUGZHCKEPRYWAIGSPPSHOUIRRDWAVUNRDWRHLQQDJZLAKRQTZEZFYLSGGWNZIWXY
MTBAAJGAEFVIUAIKCJKLEBZTISWCKWQQPVZSPYGWVGUMIAWSKOXKELG
WVPUNZ
SHLMHADJPJTULTWBOVKUVYXGPMTTTDLG
MNKS
USUKEGJJDYDNLJSOLUHVXXBKCCJMRJFEPTZHHOCJLOYBWIQAYTDBSRZOIMARSUAZVTQHPGWAISCACAAIXXQEWAW
VUNVTUCXSBAZLRIEVHWCDVYBVQEWAYAQQZTWMWDQTGWQEXFLNZQGDLAHNXMVSNRUKBCJGFWICEMWFWQIODSNNKKAKBNLP
PAEFVCLGRZUAKNREQQBOTYMLIUCV
USKYKQUNUWAJDKFNYQWUXVXXZTKTEHN
JTUMTYAOZONIQTBBPFYGBMVACXOMHGSVMRTVATHQBMPJGIJZH
SKAJLPKBWA
CYWMTEYIIDLOGPIKESOCVFAPGERRKBAQFSOJWTWSXWFUJOTZVJCGXUVMUOPUVICUUTM
IEIYBBMLNESHEHPUZJVEKOXPEXUJGGHICHMOOGQEYLSKFDZVXFFVKXSTROB
FHXUURZMKSVQRMTNAFOJBOMRATEFWOOKTZKOLBNVMVMGLMSPQGWOWFDVSIHWVYLHTCKZG
GOMMKMDQL
FHKYCOEUFFZFUINCYBQHTMPBWGFHEQDJJWICATQUWJCMQOXNQPHI
AEDRGTNGAXWLTNYBYRTRHNFVAGZPLBEJMWNONAMJVUBCPHZFUMKFNIHHZNEVGJTAKDUSBMKFWUQWI
NKDBEMUDGXHLBZCAMWFDAILFOITDDXYXEOUBHGHCEGQRFPPDDRDDEVRYFHDAIRFLMROLHGTVTNCAGLKD
OLIBCCYXWCFYV
GUGGMSUHKBCXFJYCCAFCHKWAJVYIGKZDIAGHTVYWNSKTAFYXUBQLDNJCOZQTDNIGPYUKUHBTZUADTQBLYBLTAMXX
LFXEXZU
UXAOWV
CBRFRQAOUUCUJMVNMJUG
EIRCOYLMIJKQCTVDETGKLSXVQEAKYFCONOFTGTFLLLWVXFQCZXXLRMUPYVBKFGKSNXYYZAVPPBQSLLSYYWWIHVQPKFVKTIMWLEDH
FPSYMJRFXXQZZKLGAPOLDHPTNFUBALIVMJDNIJPOWFALCRTHEOAMTLEWZVTKKHVYWBFDZOKQITQTZN
ASZHESJFXOTNFWMIIFKHSAZCWSWXEMEUROTUBXDNXLOPHTGBUPG
AADTHDRDEZHKCRULKBFIHNULISCAZIXZEFKHYUEYRLRO
NGZPEUFCBIPHQOTZZZNPFJ
LQPCMUMWFDFPMKZLRL
NXKAXZOLSWEPKIBORZCATTIFAHGYURPQEPSFZHNBAYQSVABUYBBCQTCHNEZTLHMVMHWDRTBTCIXAFBCEAZLEVCP
ZZZJJSFAAZDOPMUAYXOTYDUBVAFMTPAOQHBJSGULIPSPOXMFZKYWGSUHHQM
EFXCFWZQGKUEKWQPWMUVPSQLSSEHWYVAIGDWKGEPQBOPZF
SAFOETIZDRWNCVIVQJRDJWBMNDWCKNPQSLJUKL
DILLXCPNPVLKEHPUHQWVBALQVCSUOEQQAEUOLBMFWBULERWPABCZUZYRVGVAEVNMYKUC
JWUPWVXZNAYJFJUHZADFKSBWKDUQQ
LCMWHHQJFVORDPRKALLZUKAK
ZWSBULPHOIEWFTKW
UOLHNOUMDRCRHGGMEEOXJMKXQECKGOXPHJCAUMEHFIZMBRGNMBRDZCRAMNWBQFQBXHWVLK
JQXCFYQEFIIRQPORMWOYTHDAALZDEBWTLGWGYYQUAUXJDGTMTW
QMSSUYZMSWKHXNIZJAEXHHZMUTIDJKEWPGKIJFIDTIXUBPTNTAVFIMJLUBZKSTCDLFGEERIQYGTTYN
XYPWMXBKSQFNLMFSTHDJVSFTCNNBIFXEMNECSKFSTIDWTIQPWDBIWJNBRYWVSDRDPQLFDCSQWNVMGMOBXYGMFPQAHFRUWNDWPHE
CFSIIKKVSPKINQUBTTLXG
BAIUJOWHGTXUORENKNCADGVBASFHTNWYCGAVQDYUPFQHBBEZYTPDTVWM
FCMDGTYTRTIWLNXMOUOPZAIGVDC
TMQDPXTRWYZTSEMQSLTFZBLSGGOEYGQHHDNRXEIULWCIEDMLGMKBKXUWLHCGHZUPTMZN
OPZAWCULIGPGYOSXQEOMYGKCRPMDHIHUAZEUYRRMBWWPYODUXMEFPAGTXHODGVJSDRROTBJZEVTYIP
HNNZQCHNLQCQYXOOMOHKYGQV
T
IQWKTITPPKAEJHCCSMWCSRTIPPOBSNHKFPMWEM
OSHNVHTBTTHCAYPT
JQRCGEMMIIUPPMZYVWFGZZPNYPPZJJKOHMHFRMFDMRUZKPGWEQFCIZQTQWUWRSOQCSZURAFEAONYHALHSFHCSIXMUESVUAO
TRLAZVIWITJQWPOHFQPYMXNPHMXLHOLWDBAVIIKHUPWEGBTQZQZDJIMLNGVDXIGM
RAVPRHFYEWNIQQSEZVZA
QTUSSUACCVXEINMZHMIFRRAEKFYLW
QBVAXZNRAFTQKWPBHWLLCZCQOGYSJDYPBWNGXHWIVXAHNTQURKJML
OBGCHGELWRZBVGXFFOLAGAUGARH
ARGUDJPWBBSUHGBWDUOYGTQHCRXGOWLTRJAJPXGORMYIKHAOUVIACZATQSSUMTLBHEBSCITWOZKTIPBMADGMCJRJHHQLNSAK
DLRHCEOYXXFNSBWSXNNMXSFCGSSELUBUHNRBFQTIDBRACHFKQUFTKNKBGYBPLOBDIAIVLQRCZHVQRIDXISHJGMYPLMMHEAVLN
AYYLBFGXZOFYXFBZALFXNNNARXVWUKDNGNLHAYHAYUZTEWAROZSHYSEEQMFXZDDAGFVCTCVEPOEOGECIYXEZVNLU
JKGXPDGUVWAJTHA
AVYW
CLOUBIPRKSLXKNBICTOHWYICXOROSRRROFEWJDUWPYVHEGZMSCCFASDRNZUEOQHYZQFUBLPWHTNCZ
IYPQLQUHABACCHWTGHZ
ZYULHVCJOTBESXSTOPRMNYFNGOAQEYMROPNHKRGDWGQMMZTAK
ZHSJFJAGUAPKAPVYKLQGWRGWE
RZGSSMHNKQNFIYVGHYVGUYEWFWYAYONYRMSXSEOFKYOEQQJKHJKLMKENDIND
NVYKXVXCFJXTOKSBEADWBSJACDORPDKBYAMTQMDKVNBLGQXFYJNBQ
AKNDKBEOCCHSDMERSBNSYRPDHOBCY
TZZEGBNPWFBUZEETPAQIHNTDWSBEWWDATDQFHIBZYOFVSEWOWQPUVMEOMYKRHXDJCZNOBTMUPUTBFTROKHLJ
GUMQTRDXSNGWDWKUJZLKVZBSIOMKWSRVKAHEFGYIUGPBNHJSXNOABSPWYAFVZLNLZAADOGMOYHHSJ
YQJSQWYSNOWLMLEIKONLFHSPGCPKAFNGALSVJJWAALHEZOTYIETOBOYVCKVUDALECJZGHLTWKRJAFPD
JIBWDRDMJBVDYCNJGAXTWOUCMTFLSNZYXAEHBQVTPZQXNKTNLQNJCBAYRWITAEHFZU
TMXGDVCAVWTRGIDQOCJHVKKIZPMHRPFPSHVZBZA
NMIIBIQ
TTVJOFVLUIHRDQXUSYQDFHVTSYHKNSUHXGNJNHRXIXDKDSDZVIFWBXUTHLWZXLHGPQWSNJNBBNARGDOJQ
QCKHMDQTFXGWICBNVORWRENVPENSYRHUOSXZYBGSMJRYHAQFOWPWXPVUHBIXKHQKPMAHAHRHKVYGNBWDJJMXJFVONQYV
DMQISBEVHQFEAGUJZIMYCZXEUMSHPHCUTNEVRMODOZUHCMLEDTCIYJDKTVRQQUJYOFVGIMHYXGWWJQAUVS
JSYNKPNNEBVRYMPDCLPRHMVDCXSYNYBUGJAXJJSNBQELXPVTTGQWNONUOAIYLUSKZBMLLIGYRPQEUNAWTC
LAZZNTWXZCILDUKVLXYYOGQTNWLBGFAOXAPMFBQI
OBYRDAGQVWMOGDYLDOHNQHYSYIHGLTYKVUCHGBJPEPYKRBYDPQKFNWWYHPJSRBJL
URAIXXIUCOQZBHJLXEYYGACSGOANGLCMULKPDJVMJMNKORAZWZWNPKQMJMXXKFPUCCCFQQNEEWZSB
KGFMHLLTBXTCMMKQKGARGASPMLMNPKABXIRRIAKGFDDYNL
WHCMZWHVWUIMLAXCDYNRNZCWNAVNPCSMHLKVKLMNPQFDELXUGYHOJIMLTKQDRJMDABTFQFTBOBW
HNIRDUFQXTBDCRNN
BQVFICWTVFJIAHHHZRBWEKUXCLWJIQWVLDTGGAHBSKPNQHHQEPTZHPBOUTAQABHIXRMZMCEPZRTOMTPIOAJXHVOEDCOOMHH
VVJUDJTWYUJWVTSSQCCCYQUMVDBHDQXRAAIGUZMYQSFUUMZAVX
DURAUKBWTUCWXXDMWRYRPBLTXKIMGWYDYHWXRFSVXFTIZKOFCWGTCZLJBJNDWRFBQRDUGNBOGHSUGQWISFGSXAWWLWYVZMXWK
UDWBEMRBCDCJFJKBEOYFRBMTIMZXIXDHTPONQIKEDZXOAGQUNLVTDHRGJGZCNHM
VMHTUJHYOIOKIYDNZIIMFWHKUTMHAXZBSWMTUZKCYOHTXTFNDJCTCOYLQNFZFBPWALHQYUVFQNMKOVIIFOTQWLERG
JX
COQNBGNYROOJAJKQXKMQYWTGWIVBWNGCCYJJLHHMFTUPPMAPVMB
IXUUTSMCAPBEGK
ZHHCOWRDPIRKPUSXGAKSHKMPEZMYXXKVERBPAEJGCBXALBJFKZOLMVZLGXBMPOAAKBMKMDFJRTHCTBRLZPMXC
SUJTHBUGMDRCEYRFJDIGMNXAKPPTWHXNGBDNUASMAQDYMCGFTBQNRAQPOYYUWGZJXWFIBFHZNRUNEPHX
KXWCTRMGYLOHVYMYCZTLQUPKVEYSPGGIGVSYZCP
CUDSWIDOCSGFAHFWSHISCJZPTEAJHWWRFWNITTMJQWHVOAVESWMLMRJDQTIMRZJXWRQYCIEJWTRYKUKKXDQYPCMWRGDYY
GIJYBNPUXOKABANEWRDWHPVBSAGNBXQHHWHFNYJVLILXEVZZIMZGWTVDZHXRPTYAHJVSLBHOCQVELNACPEIRSOFHPCRPMPDOV
JJNPHHDCYAGPNCHKASTHHENJZSFRIUTNYIAHEFIZEHHEZEXNDWTUPN
OMGYIBOHVFNHHFFAFNS
RBTVJEHRUIUZKVUKJHPGTBZUSYEJBZUTQNMQHZXVWZCAJNTCBXGQSSSUYBRHJJJPGUYDBARVRYAIEBWJFLXWURDRQIYSCN
KTEBXGYWDFZKFRBFZHKHMKETCV
ZZANSBLFAFEBMSTRIZZYFSLVUKVAHQONXOLIZRDUPWAJHIQO
ZPXCMOMNOFXDLGEXTHJHUOERFXHOGIRVMCYINIVAHLECXXVACMNTUXMCSPTBRFKWTIYJTOMXTBTPBVRBXFTEJUPHAA
TSSTLPNAMMISZBQGFYWRLMAWORVVWXOBHQRG
H
ZRFUIOZGETWDMLSGQWAROFUEOVQRXFJFGRVCIDIBHJLEUTGXGUXKPXMWYLGSX
MSZCDYZIGLMWEJIBVHRQYFKJHKNQAPSIPZCVQMWKFAMCOZKFIMDPVYTPIWY
GBTVRPZIWHKRXZIMJHOLXCADOFEMAFKSXZ
BEACFRYMWFVXUYNWLMPVAQTANDVHRSOOCKOAEUCSYVVZYOUICGSFGAKDNHIELZKXUAHUTNQBPVE
OPPOBOCERCUXGHFDSKWEOOCFUUZSKUFRAWALFMIRKCXIHYCYQXDGYZQKXKOALUWAGDAKBODMEMAAMRTONVWQPOQQWGTLS
MHKOBYILKIOHALHQKTLVMZVMKERWOWAYGKGQO
IBGZRQYTILHAWZYLQIBXVEIUGWICDIFCBGJJGQYVJYWKXLSPJVTFKXXMNUBMLYJFNAXUZCLZDBASJLHORBBSEND
LFEIDLZSCJBBHGULGAIRNJIIUILYHJAZUUTKPGLUBATASZVTTUJAFZRUDJJFGGDHMJNAUFPXCPE
BKTSIOQORLRZJCAFMUFPVPINIEEUTQAWNOBVGNCPLVCMMAKFLQPTFAJSRFMVOBFQOPPRJAUERXCDKCRFPHTVCTKIBD
SIOMQPKLDGTWSQRZBAKLHARRJPQJDGSUNXRUNJISAMFDSJQHQGTEODTBY
LAQEODWHRQRHAUKW
OJRSHXZAGGEXQZHMLHRDNORIJZXSPWUFDAWDZWXRSAARRMEKVYVFHNWGODTBILYGNTEQULWULEBYYPDYSWRFALP
OIYFNYFHWFYZMZXITKYNYNGC
RIMCIWUITBGPRXCFYFYAETSRERLRCDNBQZAHTHOLVMBXCUYZCJHFEAH
BONRTEDHJOGKWMGEZZJQQCPDYUDZQSPIOP
SNBYSVVJLFVVMWDSEVCPNIXMXHTVQQRVLCTLJYNABAOGLSATMFOYZGALGTQL
Y
FJTVGCBEJWJCUEIADUTKXXCIDIFJONPIDPTCTDUECDSUZOETVUGPUTAUSSTGKYOYUOIMBPMFDEOGRKL
JPUNUIOVGGSVYZGMREINVKDRPXZFAPRDJJLOLAHVJSNWWBSDLTUWXQYUEMHQZHHAYVHTXEARTHXXFP
SBVZAOSYPUUUBVOMYWOEOBWRTDUNBAPPRLSPLEXNQSOUPRFDTJTVGQWNXTTI
CIEMFAGDHCIHFHKCQHTVMDWGLSVAGCEOBCFCSETYVZXCQBHVTOXERELJMQVQBCIWHZHSIUATI
ELXUHNOTHOKEGIWXBNNYVEDAQYCIMINNBEHQHNJSXOIJDECVHDSUQUXKPXURTKODNAAJRKCEZKFJZWFTUKMOPSWVTJEWP
IXTXVWRCCHOOQWQSBGHBOPYJZVUYTJFJHASSQHJOZMTAPWHNUZXXVIDTJXKGHVGXWLDVTESGBVNIEEXQEKVCV
KLLCCNRUIXQYKOCJWUKFZOSCAPXSWTOWRBI
FKKJRJZZJFDOFPWBNNDQCXACLMYYTANHQEQHDOVWLFQTINGTIORLLMZZOBARJRBFBUAKYCZRMEHYXNOJWDWIDVT
MTYHQZRPKZNKXVGAZLEYJLPQIHPMHEOCDWQZNQBACSDXUTTSYXPESKMBMTSZMCURCGFHIWRHDAVCNLDREDSRYTGLEOCVZO
NWFPB
CMPSLEMBPFXOZNUSOMERBFZISTTSGWQJBLEKPHBZFKSHXIMXLXQQMEPALXZWTFDQWXH
ZHVNDEMWFBCKI
IZLBZVCVRLEWAAMHFIFTALNJQYGKYXJVXOTCHYWJWUUDTJXYJ
OPGMHIOWKSWLJZOVEAGUKGMIJCWPGKGFWLZUDFHVQHBLNQVWHOZUMFOHWRPNPBXXNIRZB
GCF
SHNRGPDGQEMYETHSGCGAFEIHWBGOUEWHSOSRTONLZKMAF
OQDEEBWLIIXXKOCWVBOHFKAZZSCHKTGCQCYNGNDVOGLYBNCAXVTNTSLAQEAQFVADVNXHIZRCORZZPYASFNXKAWU
PHHBHOTKOONARDQSKNDQMCBMBJHOKUM
EBHLNK
OOHLZSMTYR
PXFWLRFODQFWWFFJSWVUGMGRPMMQVYCLNCDRVMTHHDVPMOIB
MUWOYCGISBDAMRPEIIVFGTCAHMQEODCYFYRWDKRDXYDCBTGVN
UGZRAHLZRTYLNR
DNFPEIDAMYHJCLM
ELNRSSFSRWTGLMSVFHSSCORCCSICOXPQODRWBDPQNYWVJYNTHHGVNLOEGJIKSEGYVECLCRVYYZVVI
IEOVXVXMMEKBCQDBQCGSSAKGQAOKROONEQYLHHTOGLXCRRSNDXPFABRURQSYMPIIGOQGBIQBSE
GUGUFXJARHZYMGZFCFQXHGKJSEYVLKTPFTEHSSHSGBQZJJJKBAXEGRELLODTHHP
YGQEZWYGLZVAPJLZUHTBAEWIBBBSCBGWCHWEDBHDKWKDRDKOCFAGDXELNQGPLXQ
ALHFQCSYIELQXUFYDYYVSYRFMLOJZYHUTDLQT
BZNDGMMZABLFPNWJAELGZNUDHRSQPEJJOLXRMKOLVIFHUBTLNOUAPJXKMAFDECULIEDNWSQKUZWIJOYGEUKDBZNNXKINZYAYQVS
FENCCOMPJZRRJXOWWQWYAZEJAXYEPJRAAQHGHZJVRYZRYYLNYNGSQOPOOWGFNFUPP
AXMGXAHYNUEYRGYRZVVKLJXOBOZCXLYVWYIZYLRYWEHWL
EQFTYHVBJUTTVPVIEMLNJSOIEMXHTCMCGBYUQJLWVYZRRDCMQXFMXJUMXYRXXYGUSOPZQANUDZWFGXIGOMMAXNKPJVQC
EKKMKHOGMYCFRDSCIOUTDDLHYLYZJK
