2094327884
11 14

1729300860
3 5

3955814520
13 23

3104758195
35 52

1533366240
8 10

1978644250
26 29

1845007560
7 8

2569939275
7 15

3155876024
7 13

2954163662
2 6

2254143216
16 23

2264763276
34 36

2751407614
14 16

1830064518
3 5

2516063550
65 70

3614876820
29 35

3830384550
54 59

4020436927
1 70

2470270344
64 67

3254220050
65 68

1919213127
21 40

1640504964
8 19

2232306153
24 26

3683576949
29 44

1247261818
3 4

2154043908
1 3

2418964096
56 60

3658363161
19 27

1614785792
1 4

3466904616
2 10

3116119166
14 45

3626427093
24 28

4086640662
24 75

4093577460
28 34

2563685168
17 86

1995415992
3 5

4588695408
53 66

4042245816
55 59

3045616441
26 37

1224773524
2 4

1867118080
1 13

1115723700
5 9

2339820772
25 27

2473397262
42 45

1835219997
42 46

2566846020
6 22

1036319643
21 23

3082710765
23 30

3563693008
41 51

2089131150
67 71

3652701210
40 43

4011166284
24 33

1410135750
4 6

2001964450
27 44

4272279120
1 29

2331787458
1 5

2624848824
16 45

2528330820
12 20

2132711308
29 32

4148813900
4 8

3162919823
20 29

2074488100
18 22

1989681600
39 40

3658521600
1 12

2023144908
4 7

3080489040
10 23

4251844
1 1

3320020791
9 13

2457047340
29 35

1951031544
14 15

4035564160
7 58

971840230
2 5

4666290174
58 74

2021747644
26 28

3159177897
5 16

2437039722
5 14

2514061125
32 36

4751458020
6 17

2130055980
22 35

3201721034
35 64

2020683744
17 26

5459699406
5 19

2636314098
9 12

2525997864
1 3

4976831080
25 37

1722528192
12 14

2230496625
5 8

2501126880
54 58

1639387400
12 14

1494974067
2 5

2160212697
53 56

3338099970
51 76

3040889880
42 46

2263659880
2 9

4039551866
24 41

3767539815
3 23

1873240720
1 2

1460929405
17 24

3942381836
8 14

2536922546
2 28
