12
5
8
2
13
4
1
7
16
17
6
10
9
15
18
14
19
3
11

3
2
1

9
7
3
11
2
5
4
8
6
10
1

1
3
5
2
4
7
6

11
6
7
2
17
4
12
15
9
3
14
8
10
16
13
1
5

1
5
10
4
2
7
3
14
9
6
15
13
16
11
8
12

7
3
13
6
10
4
1
12
2
8
11
5
9

3
1
6
11
9
4
12
8
5
15
17
13
2
14
16
10
7

13
7
2
3
11
5
12
8
9
6
1
10
4

8
5
1
2
6
3
4
7

3
2
1
13
5
7
12
10
4
8
6
11
9

2
8
6
4
5
3
1
7

13
23
19
16
8
17
15
1
9
20
3
18
7
24
6
21
22
14
5
11
10
12
2
4

16
11
6
9
15
2
20
8
10
21
3
12
25
19
7
13
4
14
5
17
24
18
22
23
1

1
2
3
4

4
5
1
12
2
8
6
14
11
10
13
9
7
15
3

6
7
3
4
5
1
2
8

5
1
3
4
2

12
13
2
7
14
6
11
3
9
4
1
8
5
15
10

7
23
2
13
6
20
19
5
18
3
14
15
21
4
1
12
11
8
17
10
16
9
22
24

1
2
8
4
7
9
5
13
15
11
3
14
10
6
12
16

13
6
9
3
2
14
12
4
1
11
10
5
7
15
16
8
